[0.122s] Invoking command in '/home/bur/ros2_ws/build/zed_multi_camera': CMAKE_PREFIX_PATH=/home/bur/ros2_ws/install/zed_wrapper:/home/bur/ros2_ws/install/zed_components:/home/bur/ros2_ws/install/zed_interfaces:/home/bur/ros2_ws/install/zed_ros2:/opt/ros/humble LD_LIBRARY_PATH=/home/bur/ros2_ws/install/zed_components/lib:/home/bur/ros2_ws/install/zed_interfaces/lib:/opt/ros/humble/opt/rviz_ogre_vendor/lib:/opt/ros/humble/lib/aarch64-linux-gnu:/opt/ros/humble/lib:/usr/local/cuda-11.4/lib64 /usr/bin/cmake /home/bur/ros2_ws/src/zed-ros2-examples/tutorials/zed_multi_camera -DCMAKE_BUILD_TYPE=Release -DAMENT_CMAKE_SYMLINK_INSTALL=1 -DCMAKE_INSTALL_PREFIX=/home/bur/ros2_ws/install/zed_multi_camera
[0.316s] -- The C compiler identification is GNU 9.4.0
[0.437s] -- The CXX compiler identification is GNU 9.4.0
[0.450s] -- Check for working C compiler: /usr/bin/cc
[0.727s] -- Check for working C compiler: /usr/bin/cc -- works
[0.729s] -- Detecting C compiler ABI info
[1.046s] -- Detecting C compiler ABI info - done
[1.067s] -- Detecting C compile features
[1.077s] -- Detecting C compile features - done
[1.088s] -- Check for working CXX compiler: /usr/bin/c++
[1.488s] -- Check for working CXX compiler: /usr/bin/c++ -- works
[1.490s] -- Detecting CXX compiler ABI info
[1.850s] -- Detecting CXX compiler ABI info - done
[1.874s] -- Detecting CXX compile features
[1.875s] -- Detecting CXX compile features - done
[1.880s] -- Found ament_cmake_auto: 1.3.6 (/opt/ros/humble/share/ament_cmake_auto/cmake)
[2.403s] -- Found Python3: /usr/bin/python3.9 (found version "3.9.5") found components: Interpreter 
[2.593s] -- Override CMake install command with custom implementation using symlinks instead of copying resources
[2.925s] -- Found ament_lint_auto: 0.12.9 (/opt/ros/humble/share/ament_lint_auto/cmake)
[3.003s] -- Added test 'copyright' to check source files copyright and LICENSE
[3.007s] -- Added test 'flake8' to check Python code syntax and style conventions
[3.009s] -- Added test 'lint_cmake' to check CMake code style
[3.010s] -- Added test 'pep257' to check Python code against some of the docstring style conventions in PEP 257
[3.025s] -- Added test 'xmllint' to check XML markup files
[3.031s] -- Configuring done
[3.061s] -- Generating done
[3.063s] -- Build files have been written to: /home/bur/ros2_ws/build/zed_multi_camera
[3.081s] Invoked command in '/home/bur/ros2_ws/build/zed_multi_camera' returned '0': CMAKE_PREFIX_PATH=/home/bur/ros2_ws/install/zed_wrapper:/home/bur/ros2_ws/install/zed_components:/home/bur/ros2_ws/install/zed_interfaces:/home/bur/ros2_ws/install/zed_ros2:/opt/ros/humble LD_LIBRARY_PATH=/home/bur/ros2_ws/install/zed_components/lib:/home/bur/ros2_ws/install/zed_interfaces/lib:/opt/ros/humble/opt/rviz_ogre_vendor/lib:/opt/ros/humble/lib/aarch64-linux-gnu:/opt/ros/humble/lib:/usr/local/cuda-11.4/lib64 /usr/bin/cmake /home/bur/ros2_ws/src/zed-ros2-examples/tutorials/zed_multi_camera -DCMAKE_BUILD_TYPE=Release -DAMENT_CMAKE_SYMLINK_INSTALL=1 -DCMAKE_INSTALL_PREFIX=/home/bur/ros2_ws/install/zed_multi_camera
[3.083s] Invoking command in '/home/bur/ros2_ws/build/zed_multi_camera': CMAKE_PREFIX_PATH=/home/bur/ros2_ws/install/zed_wrapper:/home/bur/ros2_ws/install/zed_components:/home/bur/ros2_ws/install/zed_interfaces:/home/bur/ros2_ws/install/zed_ros2:/opt/ros/humble LD_LIBRARY_PATH=/home/bur/ros2_ws/install/zed_components/lib:/home/bur/ros2_ws/install/zed_interfaces/lib:/opt/ros/humble/opt/rviz_ogre_vendor/lib:/opt/ros/humble/lib/aarch64-linux-gnu:/opt/ros/humble/lib:/usr/local/cuda-11.4/lib64 /usr/bin/cmake --build /home/bur/ros2_ws/build/zed_multi_camera -- -j6 -l6
[3.228s] Invoked command in '/home/bur/ros2_ws/build/zed_multi_camera' returned '0': CMAKE_PREFIX_PATH=/home/bur/ros2_ws/install/zed_wrapper:/home/bur/ros2_ws/install/zed_components:/home/bur/ros2_ws/install/zed_interfaces:/home/bur/ros2_ws/install/zed_ros2:/opt/ros/humble LD_LIBRARY_PATH=/home/bur/ros2_ws/install/zed_components/lib:/home/bur/ros2_ws/install/zed_interfaces/lib:/opt/ros/humble/opt/rviz_ogre_vendor/lib:/opt/ros/humble/lib/aarch64-linux-gnu:/opt/ros/humble/lib:/usr/local/cuda-11.4/lib64 /usr/bin/cmake --build /home/bur/ros2_ws/build/zed_multi_camera -- -j6 -l6
[3.358s] Invoking command in '/home/bur/ros2_ws/build/zed_multi_camera': CMAKE_PREFIX_PATH=/home/bur/ros2_ws/install/zed_wrapper:/home/bur/ros2_ws/install/zed_components:/home/bur/ros2_ws/install/zed_interfaces:/home/bur/ros2_ws/install/zed_ros2:/opt/ros/humble LD_LIBRARY_PATH=/home/bur/ros2_ws/install/zed_components/lib:/home/bur/ros2_ws/install/zed_interfaces/lib:/opt/ros/humble/opt/rviz_ogre_vendor/lib:/opt/ros/humble/lib/aarch64-linux-gnu:/opt/ros/humble/lib:/usr/local/cuda-11.4/lib64 /usr/bin/cmake --install /home/bur/ros2_ws/build/zed_multi_camera
[3.390s] -- Install configuration: "Release"
[3.391s] -- Execute custom install script
[3.415s] -- Symlinking: /home/bur/ros2_ws/install/zed_multi_camera/share/zed_multi_camera/launch/zed_multi_camera.launch.py
[3.455s] -- Symlinking: /home/bur/ros2_ws/install/zed_multi_camera/share/zed_multi_camera/urdf/urdf.urdf
[3.497s] -- Symlinking: /home/bur/ros2_ws/install/zed_multi_camera/share/zed_multi_camera/urdf/zed_multi.urdf.xacro
[3.546s] -- Symlinking: /home/bur/ros2_ws/install/zed_multi_camera/share/ament_index/resource_index/package_run_dependencies/zed_multi_camera
[3.596s] -- Symlinking: /home/bur/ros2_ws/install/zed_multi_camera/share/ament_index/resource_index/parent_prefix_path/zed_multi_camera
[3.627s] -- Symlinking: /home/bur/ros2_ws/install/zed_multi_camera/share/zed_multi_camera/environment/ament_prefix_path.sh
[3.657s] -- Symlinking: /home/bur/ros2_ws/install/zed_multi_camera/share/zed_multi_camera/environment/ament_prefix_path.dsv
[3.698s] -- Symlinking: /home/bur/ros2_ws/install/zed_multi_camera/share/zed_multi_camera/environment/path.sh
[3.722s] -- Symlinking: /home/bur/ros2_ws/install/zed_multi_camera/share/zed_multi_camera/environment/path.dsv
[3.745s] -- Symlinking: /home/bur/ros2_ws/install/zed_multi_camera/share/zed_multi_camera/local_setup.bash
[3.786s] -- Symlinking: /home/bur/ros2_ws/install/zed_multi_camera/share/zed_multi_camera/local_setup.sh
[3.823s] -- Symlinking: /home/bur/ros2_ws/install/zed_multi_camera/share/zed_multi_camera/local_setup.zsh
[3.863s] -- Symlinking: /home/bur/ros2_ws/install/zed_multi_camera/share/zed_multi_camera/local_setup.dsv
[3.911s] -- Symlinking: /home/bur/ros2_ws/install/zed_multi_camera/share/zed_multi_camera/package.dsv
[3.953s] -- Symlinking: /home/bur/ros2_ws/install/zed_multi_camera/share/ament_index/resource_index/packages/zed_multi_camera
[3.984s] -- Symlinking: /home/bur/ros2_ws/install/zed_multi_camera/share/zed_multi_camera/cmake/zed_multi_cameraConfig.cmake
[4.014s] -- Symlinking: /home/bur/ros2_ws/install/zed_multi_camera/share/zed_multi_camera/cmake/zed_multi_cameraConfig-version.cmake
[4.050s] -- Symlinking: /home/bur/ros2_ws/install/zed_multi_camera/share/zed_multi_camera/package.xml
[4.095s] Invoked command in '/home/bur/ros2_ws/build/zed_multi_camera' returned '0': CMAKE_PREFIX_PATH=/home/bur/ros2_ws/install/zed_wrapper:/home/bur/ros2_ws/install/zed_components:/home/bur/ros2_ws/install/zed_interfaces:/home/bur/ros2_ws/install/zed_ros2:/opt/ros/humble LD_LIBRARY_PATH=/home/bur/ros2_ws/install/zed_components/lib:/home/bur/ros2_ws/install/zed_interfaces/lib:/opt/ros/humble/opt/rviz_ogre_vendor/lib:/opt/ros/humble/lib/aarch64-linux-gnu:/opt/ros/humble/lib:/usr/local/cuda-11.4/lib64 /usr/bin/cmake --install /home/bur/ros2_ws/build/zed_multi_camera
