[0.211s] Invoking command in '/home/nakul/Desktop/bur/ros2_ws/src/2023-2024/state-estimation/build/state-estimation': /usr/bin/cmake --build /home/nakul/Desktop/bur/ros2_ws/src/2023-2024/state-estimation/build/state-estimation -- -j8 -l8
[0.287s] [ 40%] Built target ESKF
[0.308s] [35m[1mScanning dependencies of target state-estimation[0m
[0.359s] [ 80%] [32mBuilding CXX object CMakeFiles/state-estimation.dir/src/Node.cpp.o[0m
[0.359s] [ 80%] [32mBuilding CXX object CMakeFiles/state-estimation.dir/src/eskf.cpp.o[0m
[0.367s] [01m[K/home/nakul/Desktop/bur/ros2_ws/src/2023-2024/state-estimation/src/eskf.cpp:1:10:[m[K [01;31m[Kfatal error: [m[Keskf/Node.hpp: No such file or directory
[0.367s]     1 | #include [01;31m[K<eskf/Node.hpp>[m[K
[0.368s]       |          [01;31m[K^~~~~~~~~~~~~~~[m[K
[0.368s] compilation terminated.
[0.368s] make[2]: *** [CMakeFiles/state-estimation.dir/build.make:63: CMakeFiles/state-estimation.dir/src/eskf.cpp.o] Error 1
[0.368s] make[2]: *** Waiting for unfinished jobs....
[0.504s] In file included from [01m[K/home/nakul/Desktop/bur/ros2_ws/src/2023-2024/state-estimation/src/Node.cpp:1[m[K:
[0.504s] [01m[K/home/nakul/Desktop/bur/ros2_ws/src/2023-2024/state-estimation/include/eskf/Node.hpp:5:10:[m[K [01;31m[Kfatal error: [m[Ksensor_msgs/Imu.h: No such file or directory
[0.504s]     5 | #include [01;31m[K<sensor_msgs/Imu.h>[m[K
[0.505s]       |          [01;31m[K^~~~~~~~~~~~~~~~~~~[m[K
[0.505s] compilation terminated.
[0.507s] make[2]: *** [CMakeFiles/state-estimation.dir/build.make:76: CMakeFiles/state-estimation.dir/src/Node.cpp.o] Error 1
[0.507s] make[1]: *** [CMakeFiles/Makefile2:80: CMakeFiles/state-estimation.dir/all] Error 2
[0.508s] make: *** [Makefile:141: all] Error 2
[0.511s] Invoked command in '/home/nakul/Desktop/bur/ros2_ws/src/2023-2024/state-estimation/build/state-estimation' returned '2': /usr/bin/cmake --build /home/nakul/Desktop/bur/ros2_ws/src/2023-2024/state-estimation/build/state-estimation -- -j8 -l8
