[0.207s] Invoking command in '/home/nakul/Desktop/bur/ros2_ws/src/2023-2024/state-estimation/build/state-estimation': /usr/bin/cmake --build /home/nakul/Desktop/bur/ros2_ws/src/2023-2024/state-estimation/build/state-estimation -- -j8 -l8
[0.283s] [ 40%] Built target ESKF
[0.304s] [35m[1mScanning dependencies of target state-estimation[0m
[0.392s] [ 60%] [32mBuilding CXX object CMakeFiles/state-estimation.dir/src/eskf.cpp.o[0m
[0.392s] [ 80%] [32mBuilding CXX object CMakeFiles/state-estimation.dir/src/Node.cpp.o[0m
[0.528s] In file included from [01m[K/home/nakul/Desktop/bur/ros2_ws/src/2023-2024/state-estimation/src/Node.cpp:1[m[K:
[0.528s] [01m[K/home/nakul/Desktop/bur/ros2_ws/src/2023-2024/state-estimation/include/eskf/Node.hpp:5:10:[m[K [01;31m[Kfatal error: [m[Ksensor_msgs/Imu.h: No such file or directory
[0.528s]     5 | #include [01;31m[K"sensor_msgs/Imu.h"[m[K
[0.528s]       |          [01;31m[K^~~~~~~~~~~~~~~~~~~[m[K
[0.529s] compilation terminated.
[0.529s] In file included from [01m[K/home/nakul/Desktop/bur/ros2_ws/src/2023-2024/state-estimation/src/eskf.cpp:1[m[K:
[0.529s] [01m[K/home/nakul/Desktop/bur/ros2_ws/src/2023-2024/state-estimation/include/eskf/Node.hpp:5:10:[m[K [01;31m[Kfatal error: [m[Ksensor_msgs/Imu.h: No such file or directory
[0.529s]     5 | #include [01;31m[K"sensor_msgs/Imu.h"[m[K
[0.529s]       |          [01;31m[K^~~~~~~~~~~~~~~~~~~[m[K
[0.529s] compilation terminated.
[0.538s] make[2]: *** [CMakeFiles/state-estimation.dir/build.make:63: CMakeFiles/state-estimation.dir/src/eskf.cpp.o] Error 1
[0.538s] make[2]: *** Waiting for unfinished jobs....
[0.538s] make[2]: *** [CMakeFiles/state-estimation.dir/build.make:76: CMakeFiles/state-estimation.dir/src/Node.cpp.o] Error 1
[0.538s] make[1]: *** [CMakeFiles/Makefile2:80: CMakeFiles/state-estimation.dir/all] Error 2
[0.539s] make: *** [Makefile:141: all] Error 2
[0.542s] Invoked command in '/home/nakul/Desktop/bur/ros2_ws/src/2023-2024/state-estimation/build/state-estimation' returned '2': /usr/bin/cmake --build /home/nakul/Desktop/bur/ros2_ws/src/2023-2024/state-estimation/build/state-estimation -- -j8 -l8
