[0.027s] Invoking command in '/home/bur/ros2_ws/build/zed_components': CMAKE_PREFIX_PATH=${CMAKE_PREFIX_PATH}:/opt/ros/humble LD_LIBRARY_PATH=/home/bur/ros2_ws/install/zed_interfaces/lib:/opt/ros/humble/opt/rviz_ogre_vendor/lib:/opt/ros/humble/lib/aarch64-linux-gnu:/opt/ros/humble/lib:/usr/local/cuda-11.4/lib64 PYTHONPATH=/home/bur/ros2_ws/install/zed_interfaces/lib/python3.9/site-packages:${PYTHONPATH} /usr/bin/cmake /home/bur/ros2_ws/src/zed-ros2-wrapper/zed_components -DCMAKE_BUILD_TYPE=Release -DAMENT_CMAKE_SYMLINK_INSTALL=1 -DCMAKE_INSTALL_PREFIX=/home/bur/ros2_ws/install/zed_components
[0.118s] -- Found CUDA: /usr/local/cuda-11.4 (found suitable version "11.4", minimum required is "11.4") 
[0.157s] -- Found CUDA: /usr/local/cuda-11.4 (found version "11.4") 
[0.159s] -- Found ament_cmake_auto: 1.3.6 (/opt/ros/humble/share/ament_cmake_auto/cmake)
[0.568s] -- Override CMake install command with custom implementation using symlinks instead of copying resources
[0.838s] -- Found rosidl_generator_c: 3.1.5 (/opt/ros/humble/share/rosidl_generator_c/cmake)
[0.843s] -- Found rosidl_adapter: 3.1.5 (/opt/ros/humble/share/rosidl_adapter/cmake)
[0.856s] -- Found rosidl_generator_cpp: 3.1.5 (/opt/ros/humble/share/rosidl_generator_cpp/cmake)
[0.883s] -- Using all available rosidl_typesupport_c: rosidl_typesupport_fastrtps_c;rosidl_typesupport_introspection_c
[0.920s] -- Using all available rosidl_typesupport_cpp: rosidl_typesupport_fastrtps_cpp;rosidl_typesupport_introspection_cpp
[1.573s] -- Found rmw_implementation_cmake: 6.1.1 (/opt/ros/humble/share/rmw_implementation_cmake/cmake)
[1.576s] -- Found rmw_fastrtps_cpp: 6.2.5 (/opt/ros/humble/share/rmw_fastrtps_cpp/cmake)
[1.828s] -- Using RMW implementation 'rmw_fastrtps_cpp' as default
[3.860s] -- Found eigen3_cmake_module: 0.1.1 (/opt/ros/humble/share/eigen3_cmake_module/cmake)
[3.862s] -- Ensuring Eigen3 include directory is part of orocos-kdl CMake target
[4.423s] CMake Error at CMakeLists.txt:140 (find_package):
[4.423s]   By not providing "Findrobot_localization.cmake" in CMAKE_MODULE_PATH this
[4.423s]   project has asked CMake to find a package configuration file provided by
[4.424s]   "robot_localization", but CMake did not find one.
[4.424s] 
[4.424s]   Could not find a package configuration file provided by
[4.424s]   "robot_localization" with any of the following names:
[4.424s] 
[4.424s]     robot_localizationConfig.cmake
[4.424s]     robot_localization-config.cmake
[4.424s] 
[4.424s]   Add the installation prefix of "robot_localization" to CMAKE_PREFIX_PATH or
[4.425s]   set "robot_localization_DIR" to a directory containing one of the above
[4.425s]   files.  If "robot_localization" provides a separate development package or
[4.425s]   SDK, be sure it has been installed.
[4.425s] 
[4.425s] 
[4.430s] -- Configuring incomplete, errors occurred!
[4.431s] See also "/home/bur/ros2_ws/build/zed_components/CMakeFiles/CMakeOutput.log".
[4.431s] See also "/home/bur/ros2_ws/build/zed_components/CMakeFiles/CMakeError.log".
[4.457s] Invoked command in '/home/bur/ros2_ws/build/zed_components' returned '1': CMAKE_PREFIX_PATH=${CMAKE_PREFIX_PATH}:/opt/ros/humble LD_LIBRARY_PATH=/home/bur/ros2_ws/install/zed_interfaces/lib:/opt/ros/humble/opt/rviz_ogre_vendor/lib:/opt/ros/humble/lib/aarch64-linux-gnu:/opt/ros/humble/lib:/usr/local/cuda-11.4/lib64 PYTHONPATH=/home/bur/ros2_ws/install/zed_interfaces/lib/python3.9/site-packages:${PYTHONPATH} /usr/bin/cmake /home/bur/ros2_ws/src/zed-ros2-wrapper/zed_components -DCMAKE_BUILD_TYPE=Release -DAMENT_CMAKE_SYMLINK_INSTALL=1 -DCMAKE_INSTALL_PREFIX=/home/bur/ros2_ws/install/zed_components
