[0.073s] Invoking command in '/home/bur/ros2_ws/build/zed_tutorial_pos_tracking': CMAKE_PREFIX_PATH=${CMAKE_PREFIX_PATH}:/opt/ros/humble /usr/bin/cmake /home/bur/ros2_ws/src/zed-ros2-examples/tutorials/zed_pose_tutorial -DCMAKE_BUILD_TYPE=Release -DAMENT_CMAKE_SYMLINK_INSTALL=1 -DCMAKE_INSTALL_PREFIX=/home/bur/ros2_ws/install/zed_tutorial_pos_tracking
[0.234s] -- The C compiler identification is GNU 9.4.0
[0.443s] -- The CXX compiler identification is GNU 9.4.0
[0.452s] -- Check for working C compiler: /usr/bin/cc
[0.623s] -- Check for working C compiler: /usr/bin/cc -- works
[0.625s] -- Detecting C compiler ABI info
[0.869s] -- Detecting C compiler ABI info - done
[0.895s] -- Detecting C compile features
[0.895s] -- Detecting C compile features - done
[0.901s] -- Check for working CXX compiler: /usr/bin/c++
[1.106s] -- Check for working CXX compiler: /usr/bin/c++ -- works
[1.108s] -- Detecting CXX compiler ABI info
[1.347s] -- Detecting CXX compiler ABI info - done
[1.369s] -- Detecting CXX compile features
[1.369s] -- Detecting CXX compile features - done
[1.373s] -- Found ament_cmake_auto: 1.3.6 (/opt/ros/humble/share/ament_cmake_auto/cmake)
[1.759s] -- Found Python3: /usr/bin/python3.9 (found version "3.9.5") found components: Interpreter 
[1.935s] -- Override CMake install command with custom implementation using symlinks instead of copying resources
[2.337s] -- Found rosidl_generator_c: 3.1.5 (/opt/ros/humble/share/rosidl_generator_c/cmake)
[2.350s] -- Found rosidl_adapter: 3.1.5 (/opt/ros/humble/share/rosidl_adapter/cmake)
[2.370s] -- Found rosidl_generator_cpp: 3.1.5 (/opt/ros/humble/share/rosidl_generator_cpp/cmake)
[2.407s] -- Using all available rosidl_typesupport_c: rosidl_typesupport_fastrtps_c;rosidl_typesupport_introspection_c
[2.456s] -- Using all available rosidl_typesupport_cpp: rosidl_typesupport_fastrtps_cpp;rosidl_typesupport_introspection_cpp
[2.628s] -- Found rmw_implementation_cmake: 6.1.1 (/opt/ros/humble/share/rmw_implementation_cmake/cmake)
[2.634s] -- Found rmw_fastrtps_cpp: 6.2.5 (/opt/ros/humble/share/rmw_fastrtps_cpp/cmake)
[2.917s] -- Found OpenSSL: /usr/lib/aarch64-linux-gnu/libcrypto.so (found version "1.1.1f")  
[2.989s] -- Found FastRTPS: /opt/ros/humble/include  
[3.106s] -- Using RMW implementation 'rmw_fastrtps_cpp' as default
[3.128s] -- Looking for pthread.h
[3.324s] -- Looking for pthread.h - found
[3.325s] -- Performing Test CMAKE_HAVE_LIBC_PTHREAD
[3.525s] -- Performing Test CMAKE_HAVE_LIBC_PTHREAD - Failed
[3.528s] -- Looking for pthread_create in pthreads
[3.677s] -- Looking for pthread_create in pthreads - not found
[3.677s] -- Looking for pthread_create in pthread
[3.866s] -- Looking for pthread_create in pthread - found
[3.869s] -- Found Threads: TRUE  
[5.414s] -- Found ament_lint_auto: 0.12.9 (/opt/ros/humble/share/ament_lint_auto/cmake)
[5.485s] -- Added test 'copyright' to check source files copyright and LICENSE
[5.488s] -- Added test 'cppcheck' to perform static code analysis on C / C++ code
[5.489s] -- Configured cppcheck include dirs: 
[5.489s] -- Configured cppcheck exclude dirs and/or files: 
[5.491s] -- Added test 'cpplint' to check C / C++ code against the Google style
[5.491s] -- Configured cpplint exclude dirs and/or files: 
[5.493s] -- Added test 'lint_cmake' to check CMake code style
[5.495s] -- Added test 'uncrustify' to check C / C++ code style
[5.495s] -- Configured uncrustify additional arguments: 
[5.496s] -- Added test 'xmllint' to check XML markup files
[5.509s] -- Configuring done
[5.539s] -- Generating done
[5.544s] -- Build files have been written to: /home/bur/ros2_ws/build/zed_tutorial_pos_tracking
[5.588s] Invoked command in '/home/bur/ros2_ws/build/zed_tutorial_pos_tracking' returned '0': CMAKE_PREFIX_PATH=${CMAKE_PREFIX_PATH}:/opt/ros/humble /usr/bin/cmake /home/bur/ros2_ws/src/zed-ros2-examples/tutorials/zed_pose_tutorial -DCMAKE_BUILD_TYPE=Release -DAMENT_CMAKE_SYMLINK_INSTALL=1 -DCMAKE_INSTALL_PREFIX=/home/bur/ros2_ws/install/zed_tutorial_pos_tracking
[5.590s] Invoking command in '/home/bur/ros2_ws/build/zed_tutorial_pos_tracking': CMAKE_PREFIX_PATH=${CMAKE_PREFIX_PATH}:/opt/ros/humble /usr/bin/cmake --build /home/bur/ros2_ws/build/zed_tutorial_pos_tracking -- -j6 -l6
[5.776s] [35m[1mScanning dependencies of target zed_tutorial_pos_tracking[0m
[5.920s] [ 50%] [32mBuilding CXX object CMakeFiles/zed_tutorial_pos_tracking.dir/src/zed_tutorial_pos_tracking.cpp.o[0m
[75.133s] [100%] [32m[1mLinking CXX executable zed_tutorial_pos_tracking[0m
[75.981s] [100%] Built target zed_tutorial_pos_tracking
[76.024s] Invoked command in '/home/bur/ros2_ws/build/zed_tutorial_pos_tracking' returned '0': CMAKE_PREFIX_PATH=${CMAKE_PREFIX_PATH}:/opt/ros/humble /usr/bin/cmake --build /home/bur/ros2_ws/build/zed_tutorial_pos_tracking -- -j6 -l6
[76.116s] Invoking command in '/home/bur/ros2_ws/build/zed_tutorial_pos_tracking': CMAKE_PREFIX_PATH=${CMAKE_PREFIX_PATH}:/opt/ros/humble /usr/bin/cmake --install /home/bur/ros2_ws/build/zed_tutorial_pos_tracking
[76.154s] -- Install configuration: "Release"
[76.157s] -- Execute custom install script
[76.159s] -- Symlinking: /home/bur/ros2_ws/install/zed_tutorial_pos_tracking/lib/zed_tutorial_pos_tracking/zed_tutorial_pos_tracking
[76.205s] -- Symlinking: /home/bur/ros2_ws/install/zed_tutorial_pos_tracking/share/ament_index/resource_index/package_run_dependencies/zed_tutorial_pos_tracking
[76.235s] -- Symlinking: /home/bur/ros2_ws/install/zed_tutorial_pos_tracking/share/ament_index/resource_index/parent_prefix_path/zed_tutorial_pos_tracking
[76.261s] -- Symlinking: /home/bur/ros2_ws/install/zed_tutorial_pos_tracking/share/zed_tutorial_pos_tracking/environment/ament_prefix_path.sh
[76.321s] -- Symlinking: /home/bur/ros2_ws/install/zed_tutorial_pos_tracking/share/zed_tutorial_pos_tracking/environment/ament_prefix_path.dsv
[76.342s] -- Symlinking: /home/bur/ros2_ws/install/zed_tutorial_pos_tracking/share/zed_tutorial_pos_tracking/environment/path.sh
[76.377s] -- Symlinking: /home/bur/ros2_ws/install/zed_tutorial_pos_tracking/share/zed_tutorial_pos_tracking/environment/path.dsv
[76.459s] -- Symlinking: /home/bur/ros2_ws/install/zed_tutorial_pos_tracking/share/zed_tutorial_pos_tracking/local_setup.bash
[76.487s] -- Symlinking: /home/bur/ros2_ws/install/zed_tutorial_pos_tracking/share/zed_tutorial_pos_tracking/local_setup.sh
[76.535s] -- Symlinking: /home/bur/ros2_ws/install/zed_tutorial_pos_tracking/share/zed_tutorial_pos_tracking/local_setup.zsh
[76.581s] -- Symlinking: /home/bur/ros2_ws/install/zed_tutorial_pos_tracking/share/zed_tutorial_pos_tracking/local_setup.dsv
[76.631s] -- Symlinking: /home/bur/ros2_ws/install/zed_tutorial_pos_tracking/share/zed_tutorial_pos_tracking/package.dsv
[76.676s] -- Symlinking: /home/bur/ros2_ws/install/zed_tutorial_pos_tracking/share/ament_index/resource_index/packages/zed_tutorial_pos_tracking
[76.724s] -- Symlinking: /home/bur/ros2_ws/install/zed_tutorial_pos_tracking/share/zed_tutorial_pos_tracking/cmake/zed_tutorial_pos_trackingConfig.cmake
[76.765s] -- Symlinking: /home/bur/ros2_ws/install/zed_tutorial_pos_tracking/share/zed_tutorial_pos_tracking/cmake/zed_tutorial_pos_trackingConfig-version.cmake
[76.793s] -- Symlinking: /home/bur/ros2_ws/install/zed_tutorial_pos_tracking/share/zed_tutorial_pos_tracking/package.xml
[76.855s] Invoked command in '/home/bur/ros2_ws/build/zed_tutorial_pos_tracking' returned '0': CMAKE_PREFIX_PATH=${CMAKE_PREFIX_PATH}:/opt/ros/humble /usr/bin/cmake --install /home/bur/ros2_ws/build/zed_tutorial_pos_tracking
