[0.093s] Invoking command in '/home/bur/ros2_ws/build/zed_tutorial_video': CMAKE_PREFIX_PATH=${CMAKE_PREFIX_PATH}:/opt/ros/humble /usr/bin/cmake --build /home/bur/ros2_ws/build/zed_tutorial_video -- -j6 -l6
[0.465s] [100%] Built target zed_tutorial_video
[0.576s] Invoked command in '/home/bur/ros2_ws/build/zed_tutorial_video' returned '0': CMAKE_PREFIX_PATH=${CMAKE_PREFIX_PATH}:/opt/ros/humble /usr/bin/cmake --build /home/bur/ros2_ws/build/zed_tutorial_video -- -j6 -l6
[0.715s] Invoking command in '/home/bur/ros2_ws/build/zed_tutorial_video': CMAKE_PREFIX_PATH=${CMAKE_PREFIX_PATH}:/opt/ros/humble /usr/bin/cmake --install /home/bur/ros2_ws/build/zed_tutorial_video
[0.788s] -- Install configuration: "Release"
[0.789s] -- Execute custom install script
[0.789s] -- Up-to-date symlink: /home/bur/ros2_ws/install/zed_tutorial_video/lib/zed_tutorial_video/zed_tutorial_video
[0.789s] -- Up-to-date symlink: /home/bur/ros2_ws/install/zed_tutorial_video/share/ament_index/resource_index/package_run_dependencies/zed_tutorial_video
[0.789s] -- Up-to-date symlink: /home/bur/ros2_ws/install/zed_tutorial_video/share/ament_index/resource_index/parent_prefix_path/zed_tutorial_video
[0.789s] -- Up-to-date symlink: /home/bur/ros2_ws/install/zed_tutorial_video/share/zed_tutorial_video/environment/ament_prefix_path.sh
[0.789s] -- Up-to-date symlink: /home/bur/ros2_ws/install/zed_tutorial_video/share/zed_tutorial_video/environment/ament_prefix_path.dsv
[0.789s] -- Up-to-date symlink: /home/bur/ros2_ws/install/zed_tutorial_video/share/zed_tutorial_video/environment/path.sh
[0.790s] -- Up-to-date symlink: /home/bur/ros2_ws/install/zed_tutorial_video/share/zed_tutorial_video/environment/path.dsv
[0.790s] -- Up-to-date symlink: /home/bur/ros2_ws/install/zed_tutorial_video/share/zed_tutorial_video/local_setup.bash
[0.790s] -- Up-to-date symlink: /home/bur/ros2_ws/install/zed_tutorial_video/share/zed_tutorial_video/local_setup.sh
[0.791s] -- Up-to-date symlink: /home/bur/ros2_ws/install/zed_tutorial_video/share/zed_tutorial_video/local_setup.zsh
[0.791s] -- Up-to-date symlink: /home/bur/ros2_ws/install/zed_tutorial_video/share/zed_tutorial_video/local_setup.dsv
[0.791s] -- Symlinking: /home/bur/ros2_ws/install/zed_tutorial_video/share/zed_tutorial_video/package.dsv
[0.840s] -- Up-to-date symlink: /home/bur/ros2_ws/install/zed_tutorial_video/share/ament_index/resource_index/packages/zed_tutorial_video
[0.840s] -- Up-to-date symlink: /home/bur/ros2_ws/install/zed_tutorial_video/share/zed_tutorial_video/cmake/zed_tutorial_videoConfig.cmake
[0.840s] -- Up-to-date symlink: /home/bur/ros2_ws/install/zed_tutorial_video/share/zed_tutorial_video/cmake/zed_tutorial_videoConfig-version.cmake
[0.840s] -- Up-to-date symlink: /home/bur/ros2_ws/install/zed_tutorial_video/share/zed_tutorial_video/package.xml
[0.879s] Invoked command in '/home/bur/ros2_ws/build/zed_tutorial_video' returned '0': CMAKE_PREFIX_PATH=${CMAKE_PREFIX_PATH}:/opt/ros/humble /usr/bin/cmake --install /home/bur/ros2_ws/build/zed_tutorial_video
