[2.800s] DEBUG:colcon:Command line arguments: ['/usr/bin/colcon', 'build', '--symlink-install']
[2.800s] DEBUG:colcon:Parsed command line arguments: Namespace(allow_overriding=[], ament_cmake_args=None, base_paths=['.'], build_base='build', catkin_cmake_args=None, catkin_skip_building_tests=False, cmake_args=None, cmake_clean_cache=False, cmake_clean_first=False, cmake_force_configure=False, cmake_target=None, cmake_target_skip_unavailable=False, continue_on_error=False, event_handlers=None, executor='parallel', ignore_user_meta=False, install_base='install', log_base=None, log_level=None, main=<bound method BuildVerb.main of <colcon_core.verb.build.BuildVerb object at 0x7f8f09711f70>>, merge_install=False, metas=['./colcon.meta'], packages_above=None, packages_above_and_dependencies=None, packages_above_depth=None, packages_end=None, packages_ignore=None, packages_ignore_regex=None, packages_select=None, packages_select_build_failed=False, packages_select_by_dep=None, packages_select_regex=None, packages_select_test_failures=False, packages_skip=None, packages_skip_build_finished=False, packages_skip_by_dep=None, packages_skip_regex=None, packages_skip_test_passed=False, packages_skip_up_to=None, packages_start=None, packages_up_to=None, packages_up_to_regex=None, parallel_workers=8, paths=None, symlink_install=True, test_result_base=None, verb_extension=<colcon_core.verb.build.BuildVerb object at 0x7f8f09711f70>, verb_name='build', verb_parser=<colcon_defaults.argument_parser.defaults.DefaultArgumentsDecorator object at 0x7f8f096eeb80>)
[2.927s] Level 1:colcon.colcon_core.package_discovery:discover_packages(colcon_meta) check parameters
[2.927s] Level 1:colcon.colcon_core.package_discovery:discover_packages(recursive) check parameters
[2.927s] Level 1:colcon.colcon_core.package_discovery:discover_packages(ignore) check parameters
[2.927s] Level 1:colcon.colcon_core.package_discovery:discover_packages(path) check parameters
[2.927s] Level 1:colcon.colcon_core.package_discovery:discover_packages(colcon_meta) discover
[2.927s] Level 1:colcon.colcon_core.package_discovery:discover_packages(recursive) discover
[2.927s] INFO:colcon.colcon_core.package_discovery:Crawling recursively for packages in '/home/nakul/Desktop/bur/ros2_ws/src/2023-2024/state-estimation'
[2.928s] Level 1:colcon.colcon_core.package_identification:_identify(.) by extensions ['ignore', 'ignore_ament_install']
[2.928s] Level 1:colcon.colcon_core.package_identification:_identify(.) by extension 'ignore'
[2.928s] Level 1:colcon.colcon_core.package_identification:_identify(.) by extension 'ignore_ament_install'
[2.928s] Level 1:colcon.colcon_core.package_identification:_identify(.) by extensions ['colcon_pkg']
[2.928s] Level 1:colcon.colcon_core.package_identification:_identify(.) by extension 'colcon_pkg'
[2.928s] Level 1:colcon.colcon_core.package_identification:_identify(.) by extensions ['colcon_meta']
[2.928s] Level 1:colcon.colcon_core.package_identification:_identify(.) by extension 'colcon_meta'
[2.928s] Level 1:colcon.colcon_core.package_identification:_identify(.) by extensions ['ros']
[2.928s] Level 1:colcon.colcon_core.package_identification:_identify(.) by extension 'ros'
[2.943s] DEBUG:colcon.colcon_core.package_identification:Failed to parse potential ROS package manifest in'.': Error(s) in package './package.xml':
Error(s):
- The manifest of package "eskf" (with format version 1) must not contain the following tags: member_of_group, exec_depend
- Either update to a newer format or replace <exec_depend> tags with <run_depend> tags.
[2.943s] Level 1:colcon.colcon_core.package_identification:_identify(.) by extensions ['cmake', 'python']
[2.943s] Level 1:colcon.colcon_core.package_identification:_identify(.) by extension 'cmake'
[2.948s] Level 1:colcon.colcon_core.package_identification:_identify(.) by extension 'python'
[2.948s] DEBUG:colcon.colcon_core.package_identification:Package '.' with type 'cmake' and name 'state-estimation'
[2.948s] Level 1:colcon.colcon_core.package_discovery:discover_packages(recursive) using defaults
[2.948s] Level 1:colcon.colcon_core.package_discovery:discover_packages(ignore) discover
[2.948s] Level 1:colcon.colcon_core.package_discovery:discover_packages(ignore) using defaults
[2.948s] Level 1:colcon.colcon_core.package_discovery:discover_packages(path) discover
[2.948s] Level 1:colcon.colcon_core.package_discovery:discover_packages(path) using defaults
[3.200s] Level 1:colcon.colcon_core.package_discovery:discover_packages(prefix_path) check parameters
[3.200s] Level 1:colcon.colcon_core.package_discovery:discover_packages(prefix_path) discover
[3.295s] DEBUG:colcon.colcon_installed_package_information.package_discovery:Found 0 installed packages in /home/nakul/Desktop/bur/ros2_ws/install
[3.342s] DEBUG:colcon.colcon_installed_package_information.package_discovery:Found 263 installed packages in /opt/ros/foxy
[3.344s] Level 1:colcon.colcon_core.package_discovery:discover_packages(prefix_path) using defaults
[3.531s] Level 5:colcon.colcon_core.verb:set package 'state-estimation' build argument 'cmake_args' from command line to 'None'
[3.532s] Level 5:colcon.colcon_core.verb:set package 'state-estimation' build argument 'cmake_target' from command line to 'None'
[3.532s] Level 5:colcon.colcon_core.verb:set package 'state-estimation' build argument 'cmake_target_skip_unavailable' from command line to 'False'
[3.532s] Level 5:colcon.colcon_core.verb:set package 'state-estimation' build argument 'cmake_clean_cache' from command line to 'False'
[3.532s] Level 5:colcon.colcon_core.verb:set package 'state-estimation' build argument 'cmake_clean_first' from command line to 'False'
[3.532s] Level 5:colcon.colcon_core.verb:set package 'state-estimation' build argument 'cmake_force_configure' from command line to 'False'
[3.532s] Level 5:colcon.colcon_core.verb:set package 'state-estimation' build argument 'ament_cmake_args' from command line to 'None'
[3.532s] Level 5:colcon.colcon_core.verb:set package 'state-estimation' build argument 'catkin_cmake_args' from command line to 'None'
[3.532s] Level 5:colcon.colcon_core.verb:set package 'state-estimation' build argument 'catkin_skip_building_tests' from command line to 'False'
[3.532s] DEBUG:colcon.colcon_core.verb:Building package 'state-estimation' with the following arguments: {'ament_cmake_args': None, 'build_base': '/home/nakul/Desktop/bur/ros2_ws/src/2023-2024/state-estimation/build/state-estimation', 'catkin_cmake_args': None, 'catkin_skip_building_tests': False, 'cmake_args': None, 'cmake_clean_cache': False, 'cmake_clean_first': False, 'cmake_force_configure': False, 'cmake_target': None, 'cmake_target_skip_unavailable': False, 'install_base': '/home/nakul/Desktop/bur/ros2_ws/src/2023-2024/state-estimation/install/state-estimation', 'merge_install': False, 'path': '/home/nakul/Desktop/bur/ros2_ws/src/2023-2024/state-estimation', 'symlink_install': True, 'test_result_base': None}
[3.578s] INFO:colcon.colcon_core.executor:Executing jobs using 'parallel' executor
[3.626s] DEBUG:colcon.colcon_parallel_executor.executor.parallel:run_until_complete
[3.626s] INFO:colcon.colcon_cmake.task.cmake.build:Building CMake package in '/home/nakul/Desktop/bur/ros2_ws/src/2023-2024/state-estimation'
[3.675s] INFO:colcon.colcon_core.plugin_system:Skipping extension 'colcon_core.shell.bat': Not used on non-Windows systems
[3.675s] INFO:colcon.colcon_core.shell:Skip shell extension 'powershell' for command environment: Not usable outside of PowerShell
[3.675s] DEBUG:colcon.colcon_core.shell:Skip shell extension 'dsv' for command environment
[3.830s] DEBUG:colcon.colcon_core.event_handler.log_command:Invoking command in '/home/nakul/Desktop/bur/ros2_ws/src/2023-2024/state-estimation/build/state-estimation': /usr/bin/cmake /home/nakul/Desktop/bur/ros2_ws/src/2023-2024/state-estimation -DCMAKE_INSTALL_PREFIX=/home/nakul/Desktop/bur/ros2_ws/src/2023-2024/state-estimation/install/state-estimation
[6.593s] DEBUG:colcon.colcon_core.event_handler.log_command:Invoked command in '/home/nakul/Desktop/bur/ros2_ws/src/2023-2024/state-estimation/build/state-estimation' returned '1': /usr/bin/cmake /home/nakul/Desktop/bur/ros2_ws/src/2023-2024/state-estimation -DCMAKE_INSTALL_PREFIX=/home/nakul/Desktop/bur/ros2_ws/src/2023-2024/state-estimation/install/state-estimation
[6.603s] DEBUG:colcon.colcon_parallel_executor.executor.parallel:closing loop
[6.603s] DEBUG:colcon.colcon_parallel_executor.executor.parallel:loop closed
[6.603s] DEBUG:colcon.colcon_parallel_executor.executor.parallel:run_until_complete finished with '1'
[6.603s] DEBUG:colcon.colcon_core.event_reactor:joining thread
[6.672s] INFO:colcon.colcon_core.plugin_system:Skipping extension 'colcon_notification.desktop_notification.terminal_notifier': Not used on non-Darwin systems
[6.672s] INFO:colcon.colcon_core.plugin_system:Skipping extension 'colcon_notification.desktop_notification.win32': Not used on non-Windows systems
[6.672s] INFO:colcon.colcon_notification.desktop_notification:Sending desktop notification using 'notify2'
[6.697s] DEBUG:colcon.colcon_core.event_reactor:joined thread
[6.752s] INFO:colcon.colcon_core.shell:Creating prefix script '/home/nakul/Desktop/bur/ros2_ws/src/2023-2024/state-estimation/install/local_setup.ps1'
[6.753s] INFO:colcon.colcon_core.shell:Creating prefix util module '/home/nakul/Desktop/bur/ros2_ws/src/2023-2024/state-estimation/install/_local_setup_util_ps1.py'
[6.754s] INFO:colcon.colcon_core.shell:Creating prefix chain script '/home/nakul/Desktop/bur/ros2_ws/src/2023-2024/state-estimation/install/setup.ps1'
[6.803s] INFO:colcon.colcon_core.shell:Creating prefix script '/home/nakul/Desktop/bur/ros2_ws/src/2023-2024/state-estimation/install/local_setup.sh'
[6.804s] INFO:colcon.colcon_core.shell:Creating prefix util module '/home/nakul/Desktop/bur/ros2_ws/src/2023-2024/state-estimation/install/_local_setup_util_sh.py'
[6.805s] INFO:colcon.colcon_core.shell:Creating prefix chain script '/home/nakul/Desktop/bur/ros2_ws/src/2023-2024/state-estimation/install/setup.sh'
[6.853s] INFO:colcon.colcon_core.shell:Creating prefix script '/home/nakul/Desktop/bur/ros2_ws/src/2023-2024/state-estimation/install/local_setup.bash'
[6.854s] INFO:colcon.colcon_core.shell:Creating prefix chain script '/home/nakul/Desktop/bur/ros2_ws/src/2023-2024/state-estimation/install/setup.bash'
[6.903s] INFO:colcon.colcon_core.shell:Creating prefix script '/home/nakul/Desktop/bur/ros2_ws/src/2023-2024/state-estimation/install/local_setup.zsh'
[6.904s] INFO:colcon.colcon_core.shell:Creating prefix chain script '/home/nakul/Desktop/bur/ros2_ws/src/2023-2024/state-estimation/install/setup.zsh'
