-- Found CUDA: /usr/local/cuda-11.4 (found suitable version "11.4", minimum required is "11.4") 
-- Found CUDA: /usr/local/cuda-11.4 (found version "11.4") 
-- Found ament_cmake_auto: 1.3.6 (/opt/ros/humble/share/ament_cmake_auto/cmake)
-- Override CMake install command with custom implementation using symlinks instead of copying resources
-- Found rosidl_generator_c: 3.1.5 (/opt/ros/humble/share/rosidl_generator_c/cmake)
-- Found rosidl_adapter: 3.1.5 (/opt/ros/humble/share/rosidl_adapter/cmake)
-- Found rosidl_generator_cpp: 3.1.5 (/opt/ros/humble/share/rosidl_generator_cpp/cmake)
-- Using all available rosidl_typesupport_c: rosidl_typesupport_fastrtps_c;rosidl_typesupport_introspection_c
-- Using all available rosidl_typesupport_cpp: rosidl_typesupport_fastrtps_cpp;rosidl_typesupport_introspection_cpp
-- Found rmw_implementation_cmake: 6.1.1 (/opt/ros/humble/share/rmw_implementation_cmake/cmake)
-- Found rmw_fastrtps_cpp: 6.2.5 (/opt/ros/humble/share/rmw_fastrtps_cpp/cmake)
-- Using RMW implementation 'rmw_fastrtps_cpp' as default
-- Found eigen3_cmake_module: 0.1.1 (/opt/ros/humble/share/eigen3_cmake_module/cmake)
-- Ensuring Eigen3 include directory is part of orocos-kdl CMake target
-- Found ament_lint_auto: 0.12.9 (/opt/ros/humble/share/ament_lint_auto/cmake)
-- Added test 'copyright' to check source files copyright and LICENSE
-- Added test 'cppcheck' to perform static code analysis on C / C++ code
-- Configured cppcheck include dirs: /home/bur/ros2_ws/src/zed-ros2-wrapper/zed_components/src/include;/home/bur/ros2_ws/src/zed-ros2-wrapper/zed_components/src/zed_camera/include;/home/bur/ros2_ws/src/zed-ros2-wrapper/zed_components/src/tools/include
-- Configured cppcheck exclude dirs and/or files: 
-- Added test 'lint_cmake' to check CMake code style
-- Added test 'uncrustify' to check C / C++ code style
-- Configured uncrustify additional arguments: 
-- Added test 'xmllint' to check XML markup files
-- Configuring done
-- Generating done
-- Build files have been written to: /home/bur/ros2_ws/build/zed_components
[35m[1mScanning dependencies of target zed_camera_component[0m
[ 50%] [32mBuilding CXX object CMakeFiles/zed_camera_component.dir/src/tools/src/sl_tools.cpp.o[0m
[ 50%] [32mBuilding CXX object CMakeFiles/zed_camera_component.dir/src/tools/src/sl_win_avg.cpp.o[0m
[ 75%] [32mBuilding CXX object CMakeFiles/zed_camera_component.dir/src/zed_camera/src/zed_camera_component.cpp.o[0m
In file included from [01m[K/home/bur/ros2_ws/src/zed-ros2-wrapper/zed_components/src/zed_camera/include/zed_camera_component.hpp:19[m[K,
                 from [01m[K/home/bur/ros2_ws/src/zed-ros2-wrapper/zed_components/src/zed_camera/src/zed_camera_component.cpp:22[m[K:
[01m[K/usr/local/zed/include/sl/Fusion.hpp:68:64:[m[K [01;36m[Knote: [m[K#pragma message: ~ FUSION SDK is distributed in Early Access ~
   68 | #pragma message("~ FUSION SDK is distributed in Early Access ~"[01;36m[K)[m[K
      |                                                                [01;36m[K^[m[K
[100%] [32m[1mLinking CXX shared library libzed_camera_component.so[0m
[100%] Built target zed_camera_component
-- Install configuration: "Release"
-- Execute custom install script
-- Symlinking: /home/bur/ros2_ws/install/zed_components/lib/libzed_camera_component.so
-- Symlinking: /home/bur/ros2_ws/install/zed_components/include/zed_components//cost_traversability.hpp
-- Symlinking: /home/bur/ros2_ws/install/zed_components/include/zed_components//sl_types.hpp
-- Symlinking: /home/bur/ros2_ws/install/zed_components/include/zed_components//zed_camera_component.hpp
-- Symlinking: /home/bur/ros2_ws/install/zed_components/include/zed_components//sl_logging.hpp
-- Symlinking: /home/bur/ros2_ws/install/zed_components/include/zed_components//sl_tools.hpp
-- Symlinking: /home/bur/ros2_ws/install/zed_components/include/zed_components//sl_win_avg.hpp
-- Symlinking: /home/bur/ros2_ws/install/zed_components/include/zed_components//visibility_control.hpp
-- Symlinking: /home/bur/ros2_ws/install/zed_components/share/zed_components/environment/library_path.sh
-- Symlinking: /home/bur/ros2_ws/install/zed_components/share/zed_components/environment/library_path.dsv
-- Symlinking: /home/bur/ros2_ws/install/zed_components/share/ament_index/resource_index/package_run_dependencies/zed_components
-- Symlinking: /home/bur/ros2_ws/install/zed_components/share/ament_index/resource_index/parent_prefix_path/zed_components
-- Symlinking: /home/bur/ros2_ws/install/zed_components/share/zed_components/environment/ament_prefix_path.sh
-- Symlinking: /home/bur/ros2_ws/install/zed_components/share/zed_components/environment/ament_prefix_path.dsv
-- Symlinking: /home/bur/ros2_ws/install/zed_components/share/zed_components/environment/path.sh
-- Symlinking: /home/bur/ros2_ws/install/zed_components/share/zed_components/environment/path.dsv
-- Symlinking: /home/bur/ros2_ws/install/zed_components/share/zed_components/local_setup.bash
-- Symlinking: /home/bur/ros2_ws/install/zed_components/share/zed_components/local_setup.sh
-- Symlinking: /home/bur/ros2_ws/install/zed_components/share/zed_components/local_setup.zsh
-- Symlinking: /home/bur/ros2_ws/install/zed_components/share/zed_components/local_setup.dsv
-- Symlinking: /home/bur/ros2_ws/install/zed_components/share/zed_components/package.dsv
-- Symlinking: /home/bur/ros2_ws/install/zed_components/share/ament_index/resource_index/packages/zed_components
-- Symlinking: /home/bur/ros2_ws/install/zed_components/share/ament_index/resource_index/rclcpp_components/zed_components
-- Symlinking: /home/bur/ros2_ws/install/zed_components/share/zed_components/cmake/ament_cmake_export_include_directories-extras.cmake
-- Symlinking: /home/bur/ros2_ws/install/zed_components/share/zed_components/cmake/ament_cmake_export_libraries-extras.cmake
-- Symlinking: /home/bur/ros2_ws/install/zed_components/share/zed_components/cmake/ament_cmake_export_dependencies-extras.cmake
-- Symlinking: /home/bur/ros2_ws/install/zed_components/share/zed_components/cmake/zed_componentsConfig.cmake
-- Symlinking: /home/bur/ros2_ws/install/zed_components/share/zed_components/cmake/zed_componentsConfig-version.cmake
-- Symlinking: /home/bur/ros2_ws/install/zed_components/share/zed_components/package.xml
