[0.027s] Invoking command in '/home/bur/ros2_ws/build/zed_components': CMAKE_PREFIX_PATH=${CMAKE_PREFIX_PATH}:/opt/ros/humble LD_LIBRARY_PATH=/home/bur/ros2_ws/install/zed_interfaces/lib:/opt/ros/humble/opt/rviz_ogre_vendor/lib:/opt/ros/humble/lib/aarch64-linux-gnu:/opt/ros/humble/lib:/usr/local/cuda-11.4/lib64 PYTHONPATH=/home/bur/ros2_ws/install/zed_interfaces/lib/python3.9/site-packages:${PYTHONPATH} /usr/bin/cmake /home/bur/ros2_ws/src/zed-ros2-wrapper/zed_components -DCMAKE_BUILD_TYPE=Release -DAMENT_CMAKE_SYMLINK_INSTALL=1 -DCMAKE_INSTALL_PREFIX=/home/bur/ros2_ws/install/zed_components
[0.115s] -- Found CUDA: /usr/local/cuda-11.4 (found suitable version "11.4", minimum required is "11.4") 
[0.156s] -- Found CUDA: /usr/local/cuda-11.4 (found version "11.4") 
[0.158s] -- Found ament_cmake_auto: 1.3.6 (/opt/ros/humble/share/ament_cmake_auto/cmake)
[0.566s] -- Override CMake install command with custom implementation using symlinks instead of copying resources
[0.842s] -- Found rosidl_generator_c: 3.1.5 (/opt/ros/humble/share/rosidl_generator_c/cmake)
[0.847s] -- Found rosidl_adapter: 3.1.5 (/opt/ros/humble/share/rosidl_adapter/cmake)
[0.861s] -- Found rosidl_generator_cpp: 3.1.5 (/opt/ros/humble/share/rosidl_generator_cpp/cmake)
[0.887s] -- Using all available rosidl_typesupport_c: rosidl_typesupport_fastrtps_c;rosidl_typesupport_introspection_c
[0.925s] -- Using all available rosidl_typesupport_cpp: rosidl_typesupport_fastrtps_cpp;rosidl_typesupport_introspection_cpp
[1.583s] -- Found rmw_implementation_cmake: 6.1.1 (/opt/ros/humble/share/rmw_implementation_cmake/cmake)
[1.586s] -- Found rmw_fastrtps_cpp: 6.2.5 (/opt/ros/humble/share/rmw_fastrtps_cpp/cmake)
[1.840s] -- Using RMW implementation 'rmw_fastrtps_cpp' as default
[3.906s] -- Found eigen3_cmake_module: 0.1.1 (/opt/ros/humble/share/eigen3_cmake_module/cmake)
[3.909s] -- Ensuring Eigen3 include directory is part of orocos-kdl CMake target
[4.750s] -- Found ament_lint_auto: 0.12.9 (/opt/ros/humble/share/ament_lint_auto/cmake)
[4.804s] -- Added test 'copyright' to check source files copyright and LICENSE
[4.807s] -- Added test 'cppcheck' to perform static code analysis on C / C++ code
[4.809s] -- Configured cppcheck include dirs: /home/bur/ros2_ws/src/zed-ros2-wrapper/zed_components/src/include;/home/bur/ros2_ws/src/zed-ros2-wrapper/zed_components/src/zed_camera/include;/home/bur/ros2_ws/src/zed-ros2-wrapper/zed_components/src/tools/include
[4.809s] -- Configured cppcheck exclude dirs and/or files: 
[4.810s] -- Added test 'lint_cmake' to check CMake code style
[4.813s] -- Added test 'uncrustify' to check C / C++ code style
[4.813s] -- Configured uncrustify additional arguments: 
[4.814s] -- Added test 'xmllint' to check XML markup files
[4.831s] -- Configuring done
[4.901s] -- Generating done
[4.905s] -- Build files have been written to: /home/bur/ros2_ws/build/zed_components
[4.934s] Invoked command in '/home/bur/ros2_ws/build/zed_components' returned '0': CMAKE_PREFIX_PATH=${CMAKE_PREFIX_PATH}:/opt/ros/humble LD_LIBRARY_PATH=/home/bur/ros2_ws/install/zed_interfaces/lib:/opt/ros/humble/opt/rviz_ogre_vendor/lib:/opt/ros/humble/lib/aarch64-linux-gnu:/opt/ros/humble/lib:/usr/local/cuda-11.4/lib64 PYTHONPATH=/home/bur/ros2_ws/install/zed_interfaces/lib/python3.9/site-packages:${PYTHONPATH} /usr/bin/cmake /home/bur/ros2_ws/src/zed-ros2-wrapper/zed_components -DCMAKE_BUILD_TYPE=Release -DAMENT_CMAKE_SYMLINK_INSTALL=1 -DCMAKE_INSTALL_PREFIX=/home/bur/ros2_ws/install/zed_components
[4.941s] Invoking command in '/home/bur/ros2_ws/build/zed_components': CMAKE_PREFIX_PATH=${CMAKE_PREFIX_PATH}:/opt/ros/humble LD_LIBRARY_PATH=/home/bur/ros2_ws/install/zed_interfaces/lib:/opt/ros/humble/opt/rviz_ogre_vendor/lib:/opt/ros/humble/lib/aarch64-linux-gnu:/opt/ros/humble/lib:/usr/local/cuda-11.4/lib64 PYTHONPATH=/home/bur/ros2_ws/install/zed_interfaces/lib/python3.9/site-packages:${PYTHONPATH} /usr/bin/cmake --build /home/bur/ros2_ws/build/zed_components -- -j6 -l6
[5.031s] [35m[1mScanning dependencies of target zed_camera_component[0m
[5.278s] [ 50%] [32mBuilding CXX object CMakeFiles/zed_camera_component.dir/src/tools/src/sl_tools.cpp.o[0m
[5.278s] [ 50%] [32mBuilding CXX object CMakeFiles/zed_camera_component.dir/src/tools/src/sl_win_avg.cpp.o[0m
[5.295s] [ 75%] [32mBuilding CXX object CMakeFiles/zed_camera_component.dir/src/zed_camera/src/zed_camera_component.cpp.o[0m
[7.956s] In file included from [01m[K/home/bur/ros2_ws/src/zed-ros2-wrapper/zed_components/src/zed_camera/include/zed_camera_component.hpp:19[m[K,
[7.957s]                  from [01m[K/home/bur/ros2_ws/src/zed-ros2-wrapper/zed_components/src/zed_camera/src/zed_camera_component.cpp:22[m[K:
[7.957s] [01m[K/usr/local/zed/include/sl/Fusion.hpp:68:64:[m[K [01;36m[Knote: [m[K#pragma message: ~ FUSION SDK is distributed in Early Access ~
[7.957s]    68 | #pragma message("~ FUSION SDK is distributed in Early Access ~"[01;36m[K)[m[K
[7.957s]       |                                                                [01;36m[K^[m[K
[171.056s] [100%] [32m[1mLinking CXX shared library libzed_camera_component.so[0m
[172.510s] [100%] Built target zed_camera_component
[172.536s] Invoked command in '/home/bur/ros2_ws/build/zed_components' returned '0': CMAKE_PREFIX_PATH=${CMAKE_PREFIX_PATH}:/opt/ros/humble LD_LIBRARY_PATH=/home/bur/ros2_ws/install/zed_interfaces/lib:/opt/ros/humble/opt/rviz_ogre_vendor/lib:/opt/ros/humble/lib/aarch64-linux-gnu:/opt/ros/humble/lib:/usr/local/cuda-11.4/lib64 PYTHONPATH=/home/bur/ros2_ws/install/zed_interfaces/lib/python3.9/site-packages:${PYTHONPATH} /usr/bin/cmake --build /home/bur/ros2_ws/build/zed_components -- -j6 -l6
[172.598s] Invoking command in '/home/bur/ros2_ws/build/zed_components': CMAKE_PREFIX_PATH=${CMAKE_PREFIX_PATH}:/opt/ros/humble LD_LIBRARY_PATH=/home/bur/ros2_ws/install/zed_interfaces/lib:/opt/ros/humble/opt/rviz_ogre_vendor/lib:/opt/ros/humble/lib/aarch64-linux-gnu:/opt/ros/humble/lib:/usr/local/cuda-11.4/lib64 PYTHONPATH=/home/bur/ros2_ws/install/zed_interfaces/lib/python3.9/site-packages:${PYTHONPATH} /usr/bin/cmake --install /home/bur/ros2_ws/build/zed_components
[172.616s] -- Install configuration: "Release"
[172.617s] -- Execute custom install script
[172.618s] -- Symlinking: /home/bur/ros2_ws/install/zed_components/lib/libzed_camera_component.so
[172.638s] -- Symlinking: /home/bur/ros2_ws/install/zed_components/include/zed_components//cost_traversability.hpp
[172.656s] -- Symlinking: /home/bur/ros2_ws/install/zed_components/include/zed_components//sl_types.hpp
[172.675s] -- Symlinking: /home/bur/ros2_ws/install/zed_components/include/zed_components//zed_camera_component.hpp
[172.693s] -- Symlinking: /home/bur/ros2_ws/install/zed_components/include/zed_components//sl_logging.hpp
[172.712s] -- Symlinking: /home/bur/ros2_ws/install/zed_components/include/zed_components//sl_tools.hpp
[172.730s] -- Symlinking: /home/bur/ros2_ws/install/zed_components/include/zed_components//sl_win_avg.hpp
[172.749s] -- Symlinking: /home/bur/ros2_ws/install/zed_components/include/zed_components//visibility_control.hpp
[172.767s] -- Symlinking: /home/bur/ros2_ws/install/zed_components/share/zed_components/environment/library_path.sh
[172.786s] -- Symlinking: /home/bur/ros2_ws/install/zed_components/share/zed_components/environment/library_path.dsv
[172.804s] -- Symlinking: /home/bur/ros2_ws/install/zed_components/share/ament_index/resource_index/package_run_dependencies/zed_components
[172.823s] -- Symlinking: /home/bur/ros2_ws/install/zed_components/share/ament_index/resource_index/parent_prefix_path/zed_components
[172.843s] -- Symlinking: /home/bur/ros2_ws/install/zed_components/share/zed_components/environment/ament_prefix_path.sh
[172.860s] -- Symlinking: /home/bur/ros2_ws/install/zed_components/share/zed_components/environment/ament_prefix_path.dsv
[172.879s] -- Symlinking: /home/bur/ros2_ws/install/zed_components/share/zed_components/environment/path.sh
[172.898s] -- Symlinking: /home/bur/ros2_ws/install/zed_components/share/zed_components/environment/path.dsv
[172.915s] -- Symlinking: /home/bur/ros2_ws/install/zed_components/share/zed_components/local_setup.bash
[172.935s] -- Symlinking: /home/bur/ros2_ws/install/zed_components/share/zed_components/local_setup.sh
[172.955s] -- Symlinking: /home/bur/ros2_ws/install/zed_components/share/zed_components/local_setup.zsh
[172.973s] -- Symlinking: /home/bur/ros2_ws/install/zed_components/share/zed_components/local_setup.dsv
[172.991s] -- Symlinking: /home/bur/ros2_ws/install/zed_components/share/zed_components/package.dsv
[173.010s] -- Symlinking: /home/bur/ros2_ws/install/zed_components/share/ament_index/resource_index/packages/zed_components
[173.028s] -- Symlinking: /home/bur/ros2_ws/install/zed_components/share/ament_index/resource_index/rclcpp_components/zed_components
[173.047s] -- Symlinking: /home/bur/ros2_ws/install/zed_components/share/zed_components/cmake/ament_cmake_export_include_directories-extras.cmake
[173.068s] -- Symlinking: /home/bur/ros2_ws/install/zed_components/share/zed_components/cmake/ament_cmake_export_libraries-extras.cmake
[173.086s] -- Symlinking: /home/bur/ros2_ws/install/zed_components/share/zed_components/cmake/ament_cmake_export_dependencies-extras.cmake
[173.105s] -- Symlinking: /home/bur/ros2_ws/install/zed_components/share/zed_components/cmake/zed_componentsConfig.cmake
[173.125s] -- Symlinking: /home/bur/ros2_ws/install/zed_components/share/zed_components/cmake/zed_componentsConfig-version.cmake
[173.144s] -- Symlinking: /home/bur/ros2_ws/install/zed_components/share/zed_components/package.xml
[173.169s] Invoked command in '/home/bur/ros2_ws/build/zed_components' returned '0': CMAKE_PREFIX_PATH=${CMAKE_PREFIX_PATH}:/opt/ros/humble LD_LIBRARY_PATH=/home/bur/ros2_ws/install/zed_interfaces/lib:/opt/ros/humble/opt/rviz_ogre_vendor/lib:/opt/ros/humble/lib/aarch64-linux-gnu:/opt/ros/humble/lib:/usr/local/cuda-11.4/lib64 PYTHONPATH=/home/bur/ros2_ws/install/zed_interfaces/lib/python3.9/site-packages:${PYTHONPATH} /usr/bin/cmake --install /home/bur/ros2_ws/build/zed_components
