[0.102s] Invoking command in '/home/bur/ros2_ws/build/zed_display_rviz2': CMAKE_PREFIX_PATH=/home/bur/ros2_ws/install/zed_wrapper:/home/bur/ros2_ws/install/zed_components:/home/bur/ros2_ws/install/zed_interfaces:/home/bur/ros2_ws/install/zed_ros2:/opt/ros/humble LD_LIBRARY_PATH=/home/bur/ros2_ws/install/zed_components/lib:/home/bur/ros2_ws/install/zed_interfaces/lib:/opt/ros/humble/opt/rviz_ogre_vendor/lib:/opt/ros/humble/lib/aarch64-linux-gnu:/opt/ros/humble/lib:/usr/local/cuda-11.4/lib64 /usr/bin/cmake /home/bur/ros2_ws/src/zed-ros2-examples/zed_display_rviz2 -DCMAKE_BUILD_TYPE=Release -DAMENT_CMAKE_SYMLINK_INSTALL=1 -DCMAKE_INSTALL_PREFIX=/home/bur/ros2_ws/install/zed_display_rviz2
[0.628s] -- The C compiler identification is GNU 9.4.0
[0.632s] -- The CXX compiler identification is GNU 9.4.0
[0.655s] -- Check for working C compiler: /usr/bin/cc
[0.975s] -- Check for working C compiler: /usr/bin/cc -- works
[0.977s] -- Detecting C compiler ABI info
[1.243s] -- Detecting C compiler ABI info - done
[1.273s] -- Detecting C compile features
[1.273s] -- Detecting C compile features - done
[1.280s] -- Check for working CXX compiler: /usr/bin/c++
[1.587s] -- Check for working CXX compiler: /usr/bin/c++ -- works
[1.587s] -- Detecting CXX compiler ABI info
[1.913s] -- Detecting CXX compiler ABI info - done
[1.947s] -- Detecting CXX compile features
[1.949s] -- Detecting CXX compile features - done
[1.958s] -- Found ament_cmake_auto: 1.3.6 (/opt/ros/humble/share/ament_cmake_auto/cmake)
[2.545s] -- Found Python3: /usr/bin/python3.9 (found version "3.9.5") found components: Interpreter 
[2.719s] -- Override CMake install command with custom implementation using symlinks instead of copying resources
[3.083s] -- Found ament_lint_auto: 0.12.9 (/opt/ros/humble/share/ament_lint_auto/cmake)
[3.161s] -- Added test 'copyright' to check source files copyright and LICENSE
[3.168s] -- Added test 'flake8' to check Python code syntax and style conventions
[3.171s] -- Added test 'lint_cmake' to check CMake code style
[3.175s] -- Added test 'pep257' to check Python code against some of the docstring style conventions in PEP 257
[3.179s] -- Added test 'xmllint' to check XML markup files
[3.188s] -- Configuring done
[3.196s] -- Generating done
[3.199s] -- Build files have been written to: /home/bur/ros2_ws/build/zed_display_rviz2
[3.218s] Invoked command in '/home/bur/ros2_ws/build/zed_display_rviz2' returned '0': CMAKE_PREFIX_PATH=/home/bur/ros2_ws/install/zed_wrapper:/home/bur/ros2_ws/install/zed_components:/home/bur/ros2_ws/install/zed_interfaces:/home/bur/ros2_ws/install/zed_ros2:/opt/ros/humble LD_LIBRARY_PATH=/home/bur/ros2_ws/install/zed_components/lib:/home/bur/ros2_ws/install/zed_interfaces/lib:/opt/ros/humble/opt/rviz_ogre_vendor/lib:/opt/ros/humble/lib/aarch64-linux-gnu:/opt/ros/humble/lib:/usr/local/cuda-11.4/lib64 /usr/bin/cmake /home/bur/ros2_ws/src/zed-ros2-examples/zed_display_rviz2 -DCMAKE_BUILD_TYPE=Release -DAMENT_CMAKE_SYMLINK_INSTALL=1 -DCMAKE_INSTALL_PREFIX=/home/bur/ros2_ws/install/zed_display_rviz2
[3.220s] Invoking command in '/home/bur/ros2_ws/build/zed_display_rviz2': CMAKE_PREFIX_PATH=/home/bur/ros2_ws/install/zed_wrapper:/home/bur/ros2_ws/install/zed_components:/home/bur/ros2_ws/install/zed_interfaces:/home/bur/ros2_ws/install/zed_ros2:/opt/ros/humble LD_LIBRARY_PATH=/home/bur/ros2_ws/install/zed_components/lib:/home/bur/ros2_ws/install/zed_interfaces/lib:/opt/ros/humble/opt/rviz_ogre_vendor/lib:/opt/ros/humble/lib/aarch64-linux-gnu:/opt/ros/humble/lib:/usr/local/cuda-11.4/lib64 /usr/bin/cmake --build /home/bur/ros2_ws/build/zed_display_rviz2 -- -j6 -l6
[3.417s] Invoked command in '/home/bur/ros2_ws/build/zed_display_rviz2' returned '0': CMAKE_PREFIX_PATH=/home/bur/ros2_ws/install/zed_wrapper:/home/bur/ros2_ws/install/zed_components:/home/bur/ros2_ws/install/zed_interfaces:/home/bur/ros2_ws/install/zed_ros2:/opt/ros/humble LD_LIBRARY_PATH=/home/bur/ros2_ws/install/zed_components/lib:/home/bur/ros2_ws/install/zed_interfaces/lib:/opt/ros/humble/opt/rviz_ogre_vendor/lib:/opt/ros/humble/lib/aarch64-linux-gnu:/opt/ros/humble/lib:/usr/local/cuda-11.4/lib64 /usr/bin/cmake --build /home/bur/ros2_ws/build/zed_display_rviz2 -- -j6 -l6
[3.588s] Invoking command in '/home/bur/ros2_ws/build/zed_display_rviz2': CMAKE_PREFIX_PATH=/home/bur/ros2_ws/install/zed_wrapper:/home/bur/ros2_ws/install/zed_components:/home/bur/ros2_ws/install/zed_interfaces:/home/bur/ros2_ws/install/zed_ros2:/opt/ros/humble LD_LIBRARY_PATH=/home/bur/ros2_ws/install/zed_components/lib:/home/bur/ros2_ws/install/zed_interfaces/lib:/opt/ros/humble/opt/rviz_ogre_vendor/lib:/opt/ros/humble/lib/aarch64-linux-gnu:/opt/ros/humble/lib:/usr/local/cuda-11.4/lib64 /usr/bin/cmake --install /home/bur/ros2_ws/build/zed_display_rviz2
[3.796s] -- Install configuration: "Release"
[3.796s] -- Execute custom install script
[3.796s] -- Symlinking: /home/bur/ros2_ws/install/zed_display_rviz2/share/zed_display_rviz2/launch/display_zed_cam.launch.py
[3.797s] -- Symlinking: /home/bur/ros2_ws/install/zed_display_rviz2/share/zed_display_rviz2/launch/obsolete/display_zed.launch.py
[3.797s] -- Symlinking: /home/bur/ros2_ws/install/zed_display_rviz2/share/zed_display_rviz2/launch/obsolete/display_zed2.launch.py
[3.848s] -- Symlinking: /home/bur/ros2_ws/install/zed_display_rviz2/share/zed_display_rviz2/launch/obsolete/display_zed2i.launch.py
[3.883s] -- Symlinking: /home/bur/ros2_ws/install/zed_display_rviz2/share/zed_display_rviz2/launch/obsolete/display_zedm.launch.py
[3.915s] -- Symlinking: /home/bur/ros2_ws/install/zed_display_rviz2/share/zed_display_rviz2/launch/obsolete/display_zedx.launch.py
[3.941s] -- Symlinking: /home/bur/ros2_ws/install/zed_display_rviz2/share/zed_display_rviz2/launch/obsolete/display_zedxm.launch.py
[3.984s] -- Symlinking: /home/bur/ros2_ws/install/zed_display_rviz2/share/zed_display_rviz2/rviz2/zed.rviz
[4.030s] -- Symlinking: /home/bur/ros2_ws/install/zed_display_rviz2/share/zed_display_rviz2/rviz2/zed2.rviz
[4.079s] -- Symlinking: /home/bur/ros2_ws/install/zed_display_rviz2/share/zed_display_rviz2/rviz2/zed2i.rviz
[4.108s] -- Symlinking: /home/bur/ros2_ws/install/zed_display_rviz2/share/zed_display_rviz2/rviz2/zedm.rviz
[4.154s] -- Symlinking: /home/bur/ros2_ws/install/zed_display_rviz2/share/zed_display_rviz2/rviz2/zedx.rviz
[4.204s] -- Symlinking: /home/bur/ros2_ws/install/zed_display_rviz2/share/zed_display_rviz2/rviz2/zedxm.rviz
[4.238s] -- Symlinking: /home/bur/ros2_ws/install/zed_display_rviz2/share/ament_index/resource_index/package_run_dependencies/zed_display_rviz2
[4.272s] -- Symlinking: /home/bur/ros2_ws/install/zed_display_rviz2/share/ament_index/resource_index/parent_prefix_path/zed_display_rviz2
[4.306s] -- Symlinking: /home/bur/ros2_ws/install/zed_display_rviz2/share/zed_display_rviz2/environment/ament_prefix_path.sh
[4.338s] -- Symlinking: /home/bur/ros2_ws/install/zed_display_rviz2/share/zed_display_rviz2/environment/ament_prefix_path.dsv
[4.379s] -- Symlinking: /home/bur/ros2_ws/install/zed_display_rviz2/share/zed_display_rviz2/environment/path.sh
[4.413s] -- Symlinking: /home/bur/ros2_ws/install/zed_display_rviz2/share/zed_display_rviz2/environment/path.dsv
[4.447s] -- Symlinking: /home/bur/ros2_ws/install/zed_display_rviz2/share/zed_display_rviz2/local_setup.bash
[4.478s] -- Symlinking: /home/bur/ros2_ws/install/zed_display_rviz2/share/zed_display_rviz2/local_setup.sh
[4.509s] -- Symlinking: /home/bur/ros2_ws/install/zed_display_rviz2/share/zed_display_rviz2/local_setup.zsh
[4.544s] -- Symlinking: /home/bur/ros2_ws/install/zed_display_rviz2/share/zed_display_rviz2/local_setup.dsv
[4.602s] -- Symlinking: /home/bur/ros2_ws/install/zed_display_rviz2/share/zed_display_rviz2/package.dsv
[4.630s] -- Symlinking: /home/bur/ros2_ws/install/zed_display_rviz2/share/ament_index/resource_index/packages/zed_display_rviz2
[4.670s] -- Symlinking: /home/bur/ros2_ws/install/zed_display_rviz2/share/zed_display_rviz2/cmake/zed_display_rviz2Config.cmake
[4.713s] -- Symlinking: /home/bur/ros2_ws/install/zed_display_rviz2/share/zed_display_rviz2/cmake/zed_display_rviz2Config-version.cmake
[4.769s] -- Symlinking: /home/bur/ros2_ws/install/zed_display_rviz2/share/zed_display_rviz2/package.xml
[4.810s] Invoked command in '/home/bur/ros2_ws/build/zed_display_rviz2' returned '0': CMAKE_PREFIX_PATH=/home/bur/ros2_ws/install/zed_wrapper:/home/bur/ros2_ws/install/zed_components:/home/bur/ros2_ws/install/zed_interfaces:/home/bur/ros2_ws/install/zed_ros2:/opt/ros/humble LD_LIBRARY_PATH=/home/bur/ros2_ws/install/zed_components/lib:/home/bur/ros2_ws/install/zed_interfaces/lib:/opt/ros/humble/opt/rviz_ogre_vendor/lib:/opt/ros/humble/lib/aarch64-linux-gnu:/opt/ros/humble/lib:/usr/local/cuda-11.4/lib64 /usr/bin/cmake --install /home/bur/ros2_ws/build/zed_display_rviz2
