[0.055s] Invoking command in '/home/bur/ros2_ws/build/zed_wrapper': CMAKE_PREFIX_PATH=/home/bur/ros2_ws/install/zed_components:/home/bur/ros2_ws/install/zed_interfaces:/home/bur/ros2_ws/install/zed_ros2:/home/bur/ros2_ws/install/zed_wrapper:/opt/ros/humble LD_LIBRARY_PATH=/home/bur/ros2_ws/install/zed_components/lib:/home/bur/ros2_ws/install/zed_interfaces/lib:/opt/ros/humble/opt/rviz_ogre_vendor/lib:/opt/ros/humble/lib/aarch64-linux-gnu:/opt/ros/humble/lib:/usr/local/cuda-11.4/lib64 /usr/bin/cmake --build /home/bur/ros2_ws/build/zed_wrapper -- -j6 -l6
[0.786s] [100%] Built target zed_wrapper
[0.823s] Invoked command in '/home/bur/ros2_ws/build/zed_wrapper' returned '0': CMAKE_PREFIX_PATH=/home/bur/ros2_ws/install/zed_components:/home/bur/ros2_ws/install/zed_interfaces:/home/bur/ros2_ws/install/zed_ros2:/home/bur/ros2_ws/install/zed_wrapper:/opt/ros/humble LD_LIBRARY_PATH=/home/bur/ros2_ws/install/zed_components/lib:/home/bur/ros2_ws/install/zed_interfaces/lib:/opt/ros/humble/opt/rviz_ogre_vendor/lib:/opt/ros/humble/lib/aarch64-linux-gnu:/opt/ros/humble/lib:/usr/local/cuda-11.4/lib64 /usr/bin/cmake --build /home/bur/ros2_ws/build/zed_wrapper -- -j6 -l6
[0.951s] Invoking command in '/home/bur/ros2_ws/build/zed_wrapper': CMAKE_PREFIX_PATH=/home/bur/ros2_ws/install/zed_components:/home/bur/ros2_ws/install/zed_interfaces:/home/bur/ros2_ws/install/zed_ros2:/home/bur/ros2_ws/install/zed_wrapper:/opt/ros/humble LD_LIBRARY_PATH=/home/bur/ros2_ws/install/zed_components/lib:/home/bur/ros2_ws/install/zed_interfaces/lib:/opt/ros/humble/opt/rviz_ogre_vendor/lib:/opt/ros/humble/lib/aarch64-linux-gnu:/opt/ros/humble/lib:/usr/local/cuda-11.4/lib64 /usr/bin/cmake --install /home/bur/ros2_ws/build/zed_wrapper
[1.692s] -- Install configuration: "Release"
[1.700s] -- Execute custom install script
[1.701s] -- Up-to-date symlink: /home/bur/ros2_ws/install/zed_wrapper/lib/zed_wrapper/zed_wrapper
[1.701s] -- Up-to-date symlink: /home/bur/ros2_ws/install/zed_wrapper/share/zed_wrapper/config/common.yaml
[1.701s] -- Up-to-date symlink: /home/bur/ros2_ws/install/zed_wrapper/share/zed_wrapper/config/zed.yaml
[1.701s] -- Up-to-date symlink: /home/bur/ros2_ws/install/zed_wrapper/share/zed_wrapper/config/zed2.yaml
[1.701s] -- Up-to-date symlink: /home/bur/ros2_ws/install/zed_wrapper/share/zed_wrapper/config/zed2i.yaml
[1.701s] -- Up-to-date symlink: /home/bur/ros2_ws/install/zed_wrapper/share/zed_wrapper/config/zedm.yaml
[1.702s] -- Up-to-date symlink: /home/bur/ros2_ws/install/zed_wrapper/share/zed_wrapper/config/zedx.yaml
[1.702s] -- Up-to-date symlink: /home/bur/ros2_ws/install/zed_wrapper/share/zed_wrapper/config/zedxm.yaml
[1.702s] -- Up-to-date symlink: /home/bur/ros2_ws/install/zed_wrapper/share/zed_wrapper/urdf/include/materials.urdf.xacro
[1.702s] -- Up-to-date symlink: /home/bur/ros2_ws/install/zed_wrapper/share/zed_wrapper/urdf/zed_descr.urdf.xacro
[1.702s] -- Up-to-date symlink: /home/bur/ros2_ws/install/zed_wrapper/share/zed_wrapper/urdf/zed_macro.urdf.xacro
[1.702s] -- Up-to-date symlink: /home/bur/ros2_ws/install/zed_wrapper/share/zed_wrapper/launch/obsolete/zed.launch.py
[1.702s] -- Up-to-date symlink: /home/bur/ros2_ws/install/zed_wrapper/share/zed_wrapper/launch/obsolete/zed2.launch.py
[1.703s] -- Up-to-date symlink: /home/bur/ros2_ws/install/zed_wrapper/share/zed_wrapper/launch/obsolete/zed2i.launch.py
[1.703s] -- Up-to-date symlink: /home/bur/ros2_ws/install/zed_wrapper/share/zed_wrapper/launch/obsolete/zedm.launch.py
[1.703s] -- Up-to-date symlink: /home/bur/ros2_ws/install/zed_wrapper/share/zed_wrapper/launch/obsolete/zedx.launch.py
[1.703s] -- Up-to-date symlink: /home/bur/ros2_ws/install/zed_wrapper/share/zed_wrapper/launch/obsolete/zedxm.launch.py
[1.703s] -- Up-to-date symlink: /home/bur/ros2_ws/install/zed_wrapper/share/zed_wrapper/launch/zed_camera.launch.py
[1.703s] -- Up-to-date symlink: /home/bur/ros2_ws/install/zed_wrapper/share/ament_index/resource_index/package_run_dependencies/zed_wrapper
[1.703s] -- Up-to-date symlink: /home/bur/ros2_ws/install/zed_wrapper/share/ament_index/resource_index/parent_prefix_path/zed_wrapper
[1.704s] -- Up-to-date symlink: /home/bur/ros2_ws/install/zed_wrapper/share/zed_wrapper/environment/ament_prefix_path.sh
[1.704s] -- Up-to-date symlink: /home/bur/ros2_ws/install/zed_wrapper/share/zed_wrapper/environment/ament_prefix_path.dsv
[1.704s] -- Up-to-date symlink: /home/bur/ros2_ws/install/zed_wrapper/share/zed_wrapper/environment/path.sh
[1.704s] -- Up-to-date symlink: /home/bur/ros2_ws/install/zed_wrapper/share/zed_wrapper/environment/path.dsv
[1.704s] -- Up-to-date symlink: /home/bur/ros2_ws/install/zed_wrapper/share/zed_wrapper/local_setup.bash
[1.704s] -- Up-to-date symlink: /home/bur/ros2_ws/install/zed_wrapper/share/zed_wrapper/local_setup.sh
[1.704s] -- Up-to-date symlink: /home/bur/ros2_ws/install/zed_wrapper/share/zed_wrapper/local_setup.zsh
[1.704s] -- Up-to-date symlink: /home/bur/ros2_ws/install/zed_wrapper/share/zed_wrapper/local_setup.dsv
[1.704s] -- Symlinking: /home/bur/ros2_ws/install/zed_wrapper/share/zed_wrapper/package.dsv
[1.705s] -- Up-to-date symlink: /home/bur/ros2_ws/install/zed_wrapper/share/ament_index/resource_index/packages/zed_wrapper
[1.705s] -- Up-to-date symlink: /home/bur/ros2_ws/install/zed_wrapper/share/zed_wrapper/cmake/zed_wrapperConfig.cmake
[1.705s] -- Up-to-date symlink: /home/bur/ros2_ws/install/zed_wrapper/share/zed_wrapper/cmake/zed_wrapperConfig-version.cmake
[1.705s] -- Up-to-date symlink: /home/bur/ros2_ws/install/zed_wrapper/share/zed_wrapper/package.xml
[1.716s] Invoked command in '/home/bur/ros2_ws/build/zed_wrapper' returned '0': CMAKE_PREFIX_PATH=/home/bur/ros2_ws/install/zed_components:/home/bur/ros2_ws/install/zed_interfaces:/home/bur/ros2_ws/install/zed_ros2:/home/bur/ros2_ws/install/zed_wrapper:/opt/ros/humble LD_LIBRARY_PATH=/home/bur/ros2_ws/install/zed_components/lib:/home/bur/ros2_ws/install/zed_interfaces/lib:/opt/ros/humble/opt/rviz_ogre_vendor/lib:/opt/ros/humble/lib/aarch64-linux-gnu:/opt/ros/humble/lib:/usr/local/cuda-11.4/lib64 /usr/bin/cmake --install /home/bur/ros2_ws/build/zed_wrapper
