[0.132s] Invoking command in '/home/nakul/Desktop/bur/ros2_ws/src/2023-2024/state-estimation/build/state-estimation': /usr/bin/cmake --build /home/nakul/Desktop/bur/ros2_ws/src/2023-2024/state-estimation/build/state-estimation -- -j8 -l8
[0.203s] [ 40%] Built target ESKF
[0.222s] [35m[1mScanning dependencies of target state-estimation[0m
[0.261s] [ 60%] [32mBuilding CXX object CMakeFiles/state-estimation.dir/src/eskf.cpp.o[0m
[0.262s] [ 80%] [32mBuilding CXX object CMakeFiles/state-estimation.dir/src/Node.cpp.o[0m
[1.991s] [01m[K/home/nakul/Desktop/bur/ros2_ws/src/2023-2024/state-estimation/src/Node.cpp:[m[K In constructor ‘[01m[Keskf::Node::Node()[m[K’:
[1.991s] [01m[K/home/nakul/Desktop/bur/ros2_ws/src/2023-2024/state-estimation/src/Node.cpp:47:63:[m[K [01;31m[Kerror: [m[Kno matching function for call to ‘[01m[Keskf::Node::create_wall_timer(double, std::_Bind_helper<false, void (eskf::Node::*)(), eskf::Node*>::type)[m[K’
[1.991s]    47 |       (1.0/publish_rate), std::bind(&Node::publishState, this)[01;31m[K)[m[K;
[1.991s]       |                                                               [01;31m[K^[m[K
[1.992s] In file included from [01m[K/opt/ros/foxy/include/rclcpp/executors/single_threaded_executor.hpp:28[m[K,
[1.992s]                  from [01m[K/opt/ros/foxy/include/rclcpp/executors.hpp:22[m[K,
[1.992s]                  from [01m[K/opt/ros/foxy/include/rclcpp/rclcpp.hpp:146[m[K,
[1.992s]                  from [01m[K/home/nakul/Desktop/bur/ros2_ws/src/2023-2024/state-estimation/include/eskf/Node.hpp:5[m[K,
[1.992s]                  from [01m[K/home/nakul/Desktop/bur/ros2_ws/src/2023-2024/state-estimation/src/Node.cpp:1[m[K:
[1.992s] [01m[K/opt/ros/foxy/include/rclcpp/node.hpp:232:3:[m[K [01;36m[Knote: [m[Kcandidate: ‘[01m[Ktemplate<class DurationRepT, class DurationT, class CallbackT> typename rclcpp::WallTimer<CallbackT>::SharedPtr rclcpp::Node::create_wall_timer(std::chrono::duration<_Rep1, _Period1>, CallbackT, rclcpp::CallbackGroup::SharedPtr)[m[K’
[1.992s]   232 |   [01;36m[Kcreate_wall_timer[m[K(
[1.992s]       |   [01;36m[K^~~~~~~~~~~~~~~~~[m[K
[1.992s] [01m[K/opt/ros/foxy/include/rclcpp/node.hpp:232:3:[m[K [01;36m[Knote: [m[K  template argument deduction/substitution failed:
[1.993s] [01m[K/home/nakul/Desktop/bur/ros2_ws/src/2023-2024/state-estimation/src/Node.cpp:47:63:[m[K [01;36m[Knote: [m[K  mismatched types ‘[01m[Kstd::chrono::duration<_Rep1, _Period1>[m[K’ and ‘[01m[Kdouble[m[K’
[1.993s]    47 |       (1.0/publish_rate), std::bind(&Node::publishState, this)[01;36m[K)[m[K;
[1.993s]       |                                                               [01;36m[K^[m[K
[1.995s] [01m[K/home/nakul/Desktop/bur/ros2_ws/src/2023-2024/state-estimation/src/Node.cpp:[m[K In member function ‘[01m[Kvoid eskf::Node::inputCallback(sensor_msgs::msg::Imu_<std::allocator<void> >::SharedPtr)[m[K’:
[1.995s] [01m[K/home/nakul/Desktop/bur/ros2_ws/src/2023-2024/state-estimation/src/Node.cpp:57:68:[m[K [01;31m[Kerror: [m[Kno match for call to ‘[01m[K(rclcpp::Time) (std_msgs::msg::Header_<std::allocator<void> >::_stamp_type&, rcl_clock_type_t)[m[K’
[1.995s]    57 |     header_time = header_time(imuMsg->header.stamp, RCL_SYSTEM_TIME[01;31m[K)[m[K;
[1.995s]       |                                                                    [01;31m[K^[m[K
[1.997s] [01m[K/home/nakul/Desktop/bur/ros2_ws/src/2023-2024/state-estimation/src/Node.cpp:[m[K In member function ‘[01m[Kvoid eskf::Node::visionCallback(geometry_msgs::msg::PoseWithCovarianceStamped_<std::allocator<void> >::SharedPtr)[m[K’:
[1.997s] [01m[K/home/nakul/Desktop/bur/ros2_ws/src/2023-2024/state-estimation/src/Node.cpp:75:69:[m[K [01;31m[Kerror: [m[Kno match for call to ‘[01m[K(rclcpp::Time) (std_msgs::msg::Header_<std::allocator<void> >::_stamp_type&, rcl_clock_type_t)[m[K’
[1.998s]    75 |     header_time = header_time(poseMsg->header.stamp, RCL_SYSTEM_TIME[01;31m[K)[m[K;
[1.998s]       |                                                                     [01;31m[K^[m[K
[2.000s] [01m[K/home/nakul/Desktop/bur/ros2_ws/src/2023-2024/state-estimation/src/Node.cpp:[m[K In member function ‘[01m[Kvoid eskf::Node::gpsCallback(nav_msgs::msg::Odometry_<std::allocator<void> >::SharedPtr)[m[K’:
[2.000s] [01m[K/home/nakul/Desktop/bur/ros2_ws/src/2023-2024/state-estimation/src/Node.cpp:89:69:[m[K [01;31m[Kerror: [m[Kno match for call to ‘[01m[K(rclcpp::Time) (std_msgs::msg::Header_<std::allocator<void> >::_stamp_type&, rcl_clock_type_t)[m[K’
[2.000s]    89 |     header_time = header_time(odomMsg->header.stamp, RCL_SYSTEM_TIME[01;31m[K)[m[K;
[2.000s]       |                                                                     [01;31m[K^[m[K
[2.002s] [01m[K/home/nakul/Desktop/bur/ros2_ws/src/2023-2024/state-estimation/src/Node.cpp:[m[K In member function ‘[01m[Kvoid eskf::Node::magCallback(sensor_msgs::msg::MagneticField_<std::allocator<void> >::SharedPtr)[m[K’:
[2.002s] [01m[K/home/nakul/Desktop/bur/ros2_ws/src/2023-2024/state-estimation/src/Node.cpp:105:68:[m[K [01;31m[Kerror: [m[Kno match for call to ‘[01m[K(rclcpp::Time) (std_msgs::msg::Header_<std::allocator<void> >::_stamp_type&, rcl_clock_type_t)[m[K’
[2.002s]   105 |     header_time = header_time(magMsg->header.stamp, RCL_SYSTEM_TIME[01;31m[K)[m[K;
[2.002s]       |                                                                    [01;31m[K^[m[K
[2.005s] [01m[K/home/nakul/Desktop/bur/ros2_ws/src/2023-2024/state-estimation/src/Node.cpp:[m[K In member function ‘[01m[Kvoid eskf::Node::rangeFinderCallback(sensor_msgs::msg::Range_<std::allocator<void> >::SharedPtr)[m[K’:
[2.005s] [01m[K/home/nakul/Desktop/bur/ros2_ws/src/2023-2024/state-estimation/src/Node.cpp:118:70:[m[K [01;31m[Kerror: [m[Kno match for call to ‘[01m[K(rclcpp::Time) (std_msgs::msg::Header_<std::allocator<void> >::_stamp_type&, rcl_clock_type_t)[m[K’
[2.005s]   118 |     header_time = header_time(rangeMsg->header.stamp, RCL_SYSTEM_TIME[01;31m[K)[m[K;
[2.005s]       |                                                                      [01;31m[K^[m[K
[5.177s] make[2]: *** [CMakeFiles/state-estimation.dir/build.make:76: CMakeFiles/state-estimation.dir/src/Node.cpp.o] Error 1
[5.177s] make[1]: *** [CMakeFiles/Makefile2:80: CMakeFiles/state-estimation.dir/all] Error 2
[5.177s] make: *** [Makefile:141: all] Error 2
[5.180s] Invoked command in '/home/nakul/Desktop/bur/ros2_ws/src/2023-2024/state-estimation/build/state-estimation' returned '2': /usr/bin/cmake --build /home/nakul/Desktop/bur/ros2_ws/src/2023-2024/state-estimation/build/state-estimation -- -j8 -l8
