[1.743s] DEBUG:colcon:Command line arguments: ['/usr/bin/colcon', 'build', '--symlink-install']
[1.744s] DEBUG:colcon:Parsed command line arguments: Namespace(allow_overriding=[], ament_cmake_args=None, base_paths=['.'], build_base='build', catkin_cmake_args=None, catkin_skip_building_tests=False, cmake_args=None, cmake_clean_cache=False, cmake_clean_first=False, cmake_force_configure=False, cmake_target=None, cmake_target_skip_unavailable=False, continue_on_error=False, event_handlers=None, executor='parallel', ignore_user_meta=False, install_base='install', log_base=None, log_level=None, main=<bound method BuildVerb.main of <colcon_core.verb.build.BuildVerb object at 0x7f85151a9c70>>, merge_install=False, metas=['./colcon.meta'], packages_above=None, packages_above_and_dependencies=None, packages_above_depth=None, packages_end=None, packages_ignore=None, packages_ignore_regex=None, packages_select=None, packages_select_build_failed=False, packages_select_by_dep=None, packages_select_regex=None, packages_select_test_failures=False, packages_skip=None, packages_skip_build_finished=False, packages_skip_by_dep=None, packages_skip_regex=None, packages_skip_test_passed=False, packages_skip_up_to=None, packages_start=None, packages_up_to=None, packages_up_to_regex=None, parallel_workers=8, paths=None, symlink_install=True, test_result_base=None, verb_extension=<colcon_core.verb.build.BuildVerb object at 0x7f85151a9c70>, verb_name='build', verb_parser=<colcon_defaults.argument_parser.defaults.DefaultArgumentsDecorator object at 0x7f8515106040>)
[1.828s] Level 1:colcon.colcon_core.package_discovery:discover_packages(colcon_meta) check parameters
[1.828s] Level 1:colcon.colcon_core.package_discovery:discover_packages(recursive) check parameters
[1.828s] Level 1:colcon.colcon_core.package_discovery:discover_packages(ignore) check parameters
[1.828s] Level 1:colcon.colcon_core.package_discovery:discover_packages(path) check parameters
[1.828s] Level 1:colcon.colcon_core.package_discovery:discover_packages(colcon_meta) discover
[1.828s] Level 1:colcon.colcon_core.package_discovery:discover_packages(recursive) discover
[1.828s] INFO:colcon.colcon_core.package_discovery:Crawling recursively for packages in '/home/nakul/Desktop/bur/ros2_ws/src/2023-2024/state-estimation'
[1.828s] Level 1:colcon.colcon_core.package_identification:_identify(.) by extensions ['ignore', 'ignore_ament_install']
[1.828s] Level 1:colcon.colcon_core.package_identification:_identify(.) by extension 'ignore'
[1.828s] Level 1:colcon.colcon_core.package_identification:_identify(.) by extension 'ignore_ament_install'
[1.828s] Level 1:colcon.colcon_core.package_identification:_identify(.) by extensions ['colcon_pkg']
[1.828s] Level 1:colcon.colcon_core.package_identification:_identify(.) by extension 'colcon_pkg'
[1.829s] Level 1:colcon.colcon_core.package_identification:_identify(.) by extensions ['colcon_meta']
[1.829s] Level 1:colcon.colcon_core.package_identification:_identify(.) by extension 'colcon_meta'
[1.829s] Level 1:colcon.colcon_core.package_identification:_identify(.) by extensions ['ros']
[1.829s] Level 1:colcon.colcon_core.package_identification:_identify(.) by extension 'ros'
[1.839s] DEBUG:colcon.colcon_core.package_identification:Package '.' with type 'ros.catkin' and name 'state-estimation'
[1.839s] Level 1:colcon.colcon_core.package_discovery:discover_packages(recursive) using defaults
[1.839s] Level 1:colcon.colcon_core.package_discovery:discover_packages(ignore) discover
[1.839s] Level 1:colcon.colcon_core.package_discovery:discover_packages(ignore) using defaults
[1.839s] Level 1:colcon.colcon_core.package_discovery:discover_packages(path) discover
[1.839s] Level 1:colcon.colcon_core.package_discovery:discover_packages(path) using defaults
[1.999s] Level 1:colcon.colcon_core.package_discovery:discover_packages(prefix_path) check parameters
[1.999s] Level 1:colcon.colcon_core.package_discovery:discover_packages(prefix_path) discover
[2.059s] DEBUG:colcon.colcon_installed_package_information.package_discovery:Found 0 installed packages in /home/nakul/Desktop/bur/ros2_ws/install
[2.089s] DEBUG:colcon.colcon_installed_package_information.package_discovery:Found 263 installed packages in /opt/ros/foxy
[2.090s] Level 1:colcon.colcon_core.package_discovery:discover_packages(prefix_path) using defaults
[2.213s] Level 5:colcon.colcon_core.verb:set package 'state-estimation' build argument 'cmake_args' from command line to 'None'
[2.213s] Level 5:colcon.colcon_core.verb:set package 'state-estimation' build argument 'cmake_target' from command line to 'None'
[2.213s] Level 5:colcon.colcon_core.verb:set package 'state-estimation' build argument 'cmake_target_skip_unavailable' from command line to 'False'
[2.213s] Level 5:colcon.colcon_core.verb:set package 'state-estimation' build argument 'cmake_clean_cache' from command line to 'False'
[2.213s] Level 5:colcon.colcon_core.verb:set package 'state-estimation' build argument 'cmake_clean_first' from command line to 'False'
[2.213s] Level 5:colcon.colcon_core.verb:set package 'state-estimation' build argument 'cmake_force_configure' from command line to 'False'
[2.213s] Level 5:colcon.colcon_core.verb:set package 'state-estimation' build argument 'ament_cmake_args' from command line to 'None'
[2.213s] Level 5:colcon.colcon_core.verb:set package 'state-estimation' build argument 'catkin_cmake_args' from command line to 'None'
[2.213s] Level 5:colcon.colcon_core.verb:set package 'state-estimation' build argument 'catkin_skip_building_tests' from command line to 'False'
[2.213s] DEBUG:colcon.colcon_core.verb:Building package 'state-estimation' with the following arguments: {'ament_cmake_args': None, 'build_base': '/home/nakul/Desktop/bur/ros2_ws/src/2023-2024/state-estimation/build/state-estimation', 'catkin_cmake_args': None, 'catkin_skip_building_tests': False, 'cmake_args': None, 'cmake_clean_cache': False, 'cmake_clean_first': False, 'cmake_force_configure': False, 'cmake_target': None, 'cmake_target_skip_unavailable': False, 'install_base': '/home/nakul/Desktop/bur/ros2_ws/src/2023-2024/state-estimation/install/state-estimation', 'merge_install': False, 'path': '/home/nakul/Desktop/bur/ros2_ws/src/2023-2024/state-estimation', 'symlink_install': True, 'test_result_base': None}
[2.242s] INFO:colcon.colcon_core.executor:Executing jobs using 'parallel' executor
[2.273s] DEBUG:colcon.colcon_parallel_executor.executor.parallel:run_until_complete
[2.273s] INFO:colcon.colcon_ros.task.catkin.build:Building ROS package in '/home/nakul/Desktop/bur/ros2_ws/src/2023-2024/state-estimation' with build type 'catkin'
[2.273s] INFO:colcon.colcon_cmake.task.cmake.build:Building CMake package in '/home/nakul/Desktop/bur/ros2_ws/src/2023-2024/state-estimation'
[2.304s] INFO:colcon.colcon_core.plugin_system:Skipping extension 'colcon_core.shell.bat': Not used on non-Windows systems
[2.304s] INFO:colcon.colcon_core.shell:Skip shell extension 'powershell' for command environment: Not usable outside of PowerShell
[2.305s] DEBUG:colcon.colcon_core.shell:Skip shell extension 'dsv' for command environment
[2.407s] DEBUG:colcon.colcon_core.event_handler.log_command:Invoking command in '/home/nakul/Desktop/bur/ros2_ws/src/2023-2024/state-estimation/build/state-estimation': /usr/bin/cmake --build /home/nakul/Desktop/bur/ros2_ws/src/2023-2024/state-estimation/build/state-estimation -- -j8 -l8
[23.633s] DEBUG:colcon.colcon_core.event_handler.log_command:Invoked command in '/home/nakul/Desktop/bur/ros2_ws/src/2023-2024/state-estimation/build/state-estimation' returned '0': /usr/bin/cmake --build /home/nakul/Desktop/bur/ros2_ws/src/2023-2024/state-estimation/build/state-estimation -- -j8 -l8
[23.730s] DEBUG:colcon.colcon_core.event_handler.log_command:Invoking command in '/home/nakul/Desktop/bur/ros2_ws/src/2023-2024/state-estimation/build/state-estimation': /usr/bin/cmake --install /home/nakul/Desktop/bur/ros2_ws/src/2023-2024/state-estimation/build/state-estimation
[23.758s] DEBUG:colcon.colcon_core.event_handler.log_command:Invoked command in '/home/nakul/Desktop/bur/ros2_ws/src/2023-2024/state-estimation/build/state-estimation' returned '0': /usr/bin/cmake --install /home/nakul/Desktop/bur/ros2_ws/src/2023-2024/state-estimation/build/state-estimation
[23.786s] Level 1:colcon.colcon_core.shell:create_environment_hook('state-estimation', 'ros_package_path')
[23.823s] INFO:colcon.colcon_core.shell:Creating environment hook '/home/nakul/Desktop/bur/ros2_ws/src/2023-2024/state-estimation/install/state-estimation/share/state-estimation/hook/ros_package_path.ps1'
[23.824s] INFO:colcon.colcon_core.shell:Creating environment descriptor '/home/nakul/Desktop/bur/ros2_ws/src/2023-2024/state-estimation/install/state-estimation/share/state-estimation/hook/ros_package_path.dsv'
[23.824s] INFO:colcon.colcon_core.shell:Creating environment hook '/home/nakul/Desktop/bur/ros2_ws/src/2023-2024/state-estimation/install/state-estimation/share/state-estimation/hook/ros_package_path.sh'
[23.825s] Level 1:colcon.colcon_core.shell:create_environment_hook('state-estimation', 'pkg_config_path')
[23.855s] INFO:colcon.colcon_core.shell:Creating environment hook '/home/nakul/Desktop/bur/ros2_ws/src/2023-2024/state-estimation/install/state-estimation/share/state-estimation/hook/pkg_config_path.ps1'
[23.856s] INFO:colcon.colcon_core.shell:Creating environment descriptor '/home/nakul/Desktop/bur/ros2_ws/src/2023-2024/state-estimation/install/state-estimation/share/state-estimation/hook/pkg_config_path.dsv'
[23.856s] INFO:colcon.colcon_core.shell:Creating environment hook '/home/nakul/Desktop/bur/ros2_ws/src/2023-2024/state-estimation/install/state-estimation/share/state-estimation/hook/pkg_config_path.sh'
[23.860s] Level 1:colcon.colcon_core.shell:create_environment_hook('state-estimation', 'pkg_config_path_multiarch')
[23.905s] INFO:colcon.colcon_core.shell:Creating environment hook '/home/nakul/Desktop/bur/ros2_ws/src/2023-2024/state-estimation/install/state-estimation/share/state-estimation/hook/pkg_config_path_multiarch.ps1'
[23.906s] INFO:colcon.colcon_core.shell:Creating environment descriptor '/home/nakul/Desktop/bur/ros2_ws/src/2023-2024/state-estimation/install/state-estimation/share/state-estimation/hook/pkg_config_path_multiarch.dsv'
[23.906s] INFO:colcon.colcon_core.shell:Creating environment hook '/home/nakul/Desktop/bur/ros2_ws/src/2023-2024/state-estimation/install/state-estimation/share/state-estimation/hook/pkg_config_path_multiarch.sh'
[23.937s] Level 1:colcon.colcon_core.environment:create_environment_scripts_only(state-estimation)
[23.968s] Level 1:colcon.colcon_core.environment:checking '/home/nakul/Desktop/bur/ros2_ws/src/2023-2024/state-estimation/install/state-estimation' for CMake module files
[23.969s] Level 1:colcon.colcon_core.environment:checking '/home/nakul/Desktop/bur/ros2_ws/src/2023-2024/state-estimation/install/state-estimation' for CMake config files
[23.969s] Level 1:colcon.colcon_core.shell:create_environment_hook('state-estimation', 'cmake_prefix_path')
[23.999s] INFO:colcon.colcon_core.shell:Creating environment hook '/home/nakul/Desktop/bur/ros2_ws/src/2023-2024/state-estimation/install/state-estimation/share/state-estimation/hook/cmake_prefix_path.ps1'
[23.999s] INFO:colcon.colcon_core.shell:Creating environment descriptor '/home/nakul/Desktop/bur/ros2_ws/src/2023-2024/state-estimation/install/state-estimation/share/state-estimation/hook/cmake_prefix_path.dsv'
[24.000s] INFO:colcon.colcon_core.shell:Creating environment hook '/home/nakul/Desktop/bur/ros2_ws/src/2023-2024/state-estimation/install/state-estimation/share/state-estimation/hook/cmake_prefix_path.sh'
[24.000s] Level 1:colcon.colcon_core.environment:checking '/home/nakul/Desktop/bur/ros2_ws/src/2023-2024/state-estimation/install/state-estimation/lib'
[24.000s] Level 1:colcon.colcon_core.shell:create_environment_hook('state-estimation', 'ld_library_path_lib')
[24.030s] INFO:colcon.colcon_core.shell:Creating environment hook '/home/nakul/Desktop/bur/ros2_ws/src/2023-2024/state-estimation/install/state-estimation/share/state-estimation/hook/ld_library_path_lib.ps1'
[24.030s] INFO:colcon.colcon_core.shell:Creating environment descriptor '/home/nakul/Desktop/bur/ros2_ws/src/2023-2024/state-estimation/install/state-estimation/share/state-estimation/hook/ld_library_path_lib.dsv'
[24.031s] INFO:colcon.colcon_core.shell:Creating environment hook '/home/nakul/Desktop/bur/ros2_ws/src/2023-2024/state-estimation/install/state-estimation/share/state-estimation/hook/ld_library_path_lib.sh'
[24.031s] Level 1:colcon.colcon_core.environment:checking '/home/nakul/Desktop/bur/ros2_ws/src/2023-2024/state-estimation/install/state-estimation/bin'
[24.031s] Level 1:colcon.colcon_core.environment:checking '/home/nakul/Desktop/bur/ros2_ws/src/2023-2024/state-estimation/install/state-estimation/lib/pkgconfig/state-estimation.pc'
[24.031s] Level 1:colcon.colcon_core.environment:checking '/home/nakul/Desktop/bur/ros2_ws/src/2023-2024/state-estimation/install/state-estimation/lib/python3.8/site-packages'
[24.031s] Level 1:colcon.colcon_core.environment:checking '/home/nakul/Desktop/bur/ros2_ws/src/2023-2024/state-estimation/install/state-estimation/bin'
[24.061s] INFO:colcon.colcon_core.shell:Creating package script '/home/nakul/Desktop/bur/ros2_ws/src/2023-2024/state-estimation/install/state-estimation/share/state-estimation/package.ps1'
[24.062s] INFO:colcon.colcon_core.shell:Creating package descriptor '/home/nakul/Desktop/bur/ros2_ws/src/2023-2024/state-estimation/install/state-estimation/share/state-estimation/package.dsv'
[24.063s] INFO:colcon.colcon_core.shell:Creating package script '/home/nakul/Desktop/bur/ros2_ws/src/2023-2024/state-estimation/install/state-estimation/share/state-estimation/package.sh'
[24.063s] INFO:colcon.colcon_core.shell:Creating package script '/home/nakul/Desktop/bur/ros2_ws/src/2023-2024/state-estimation/install/state-estimation/share/state-estimation/package.bash'
[24.064s] INFO:colcon.colcon_core.shell:Creating package script '/home/nakul/Desktop/bur/ros2_ws/src/2023-2024/state-estimation/install/state-estimation/share/state-estimation/package.zsh'
[24.064s] Level 1:colcon.colcon_core.environment:create_file_with_runtime_dependencies(/home/nakul/Desktop/bur/ros2_ws/src/2023-2024/state-estimation/install/state-estimation/share/colcon-core/packages/state-estimation)
[24.064s] DEBUG:colcon.colcon_parallel_executor.executor.parallel:closing loop
[24.065s] DEBUG:colcon.colcon_parallel_executor.executor.parallel:loop closed
[24.065s] DEBUG:colcon.colcon_parallel_executor.executor.parallel:run_until_complete finished with '0'
[24.065s] DEBUG:colcon.colcon_core.event_reactor:joining thread
[24.106s] INFO:colcon.colcon_core.plugin_system:Skipping extension 'colcon_notification.desktop_notification.terminal_notifier': Not used on non-Darwin systems
[24.106s] INFO:colcon.colcon_core.plugin_system:Skipping extension 'colcon_notification.desktop_notification.win32': Not used on non-Windows systems
[24.106s] INFO:colcon.colcon_notification.desktop_notification:Sending desktop notification using 'notify2'
[24.128s] DEBUG:colcon.colcon_core.event_reactor:joined thread
[24.164s] INFO:colcon.colcon_core.shell:Creating prefix script '/home/nakul/Desktop/bur/ros2_ws/src/2023-2024/state-estimation/install/local_setup.ps1'
[24.165s] INFO:colcon.colcon_core.shell:Creating prefix util module '/home/nakul/Desktop/bur/ros2_ws/src/2023-2024/state-estimation/install/_local_setup_util_ps1.py'
[24.166s] INFO:colcon.colcon_core.shell:Creating prefix chain script '/home/nakul/Desktop/bur/ros2_ws/src/2023-2024/state-estimation/install/setup.ps1'
[24.197s] INFO:colcon.colcon_core.shell:Creating prefix script '/home/nakul/Desktop/bur/ros2_ws/src/2023-2024/state-estimation/install/local_setup.sh'
[24.197s] INFO:colcon.colcon_core.shell:Creating prefix util module '/home/nakul/Desktop/bur/ros2_ws/src/2023-2024/state-estimation/install/_local_setup_util_sh.py'
[24.198s] INFO:colcon.colcon_core.shell:Creating prefix chain script '/home/nakul/Desktop/bur/ros2_ws/src/2023-2024/state-estimation/install/setup.sh'
[24.229s] INFO:colcon.colcon_core.shell:Creating prefix script '/home/nakul/Desktop/bur/ros2_ws/src/2023-2024/state-estimation/install/local_setup.bash'
[24.229s] INFO:colcon.colcon_core.shell:Creating prefix chain script '/home/nakul/Desktop/bur/ros2_ws/src/2023-2024/state-estimation/install/setup.bash'
[24.260s] INFO:colcon.colcon_core.shell:Creating prefix script '/home/nakul/Desktop/bur/ros2_ws/src/2023-2024/state-estimation/install/local_setup.zsh'
[24.261s] INFO:colcon.colcon_core.shell:Creating prefix chain script '/home/nakul/Desktop/bur/ros2_ws/src/2023-2024/state-estimation/install/setup.zsh'
