[2.816s] DEBUG:colcon:Command line arguments: ['/usr/bin/colcon', 'build', '--symlink-install']
[2.816s] DEBUG:colcon:Parsed command line arguments: Namespace(allow_overriding=[], ament_cmake_args=None, base_paths=['.'], build_base='build', catkin_cmake_args=None, catkin_skip_building_tests=False, cmake_args=None, cmake_clean_cache=False, cmake_clean_first=False, cmake_force_configure=False, cmake_target=None, cmake_target_skip_unavailable=False, continue_on_error=False, event_handlers=None, executor='parallel', ignore_user_meta=False, install_base='install', log_base=None, log_level=None, main=<bound method BuildVerb.main of <colcon_core.verb.build.BuildVerb object at 0x7ff8a313d910>>, merge_install=False, metas=['./colcon.meta'], packages_above=None, packages_above_and_dependencies=None, packages_above_depth=None, packages_end=None, packages_ignore=None, packages_ignore_regex=None, packages_select=None, packages_select_build_failed=False, packages_select_by_dep=None, packages_select_regex=None, packages_select_test_failures=False, packages_skip=None, packages_skip_build_finished=False, packages_skip_by_dep=None, packages_skip_regex=None, packages_skip_test_passed=False, packages_skip_up_to=None, packages_start=None, packages_up_to=None, packages_up_to_regex=None, parallel_workers=8, paths=None, symlink_install=True, test_result_base=None, verb_extension=<colcon_core.verb.build.BuildVerb object at 0x7ff8a313d910>, verb_name='build', verb_parser=<colcon_defaults.argument_parser.defaults.DefaultArgumentsDecorator object at 0x7ff8a2cdcfa0>)
[2.945s] Level 1:colcon.colcon_core.package_discovery:discover_packages(colcon_meta) check parameters
[2.945s] Level 1:colcon.colcon_core.package_discovery:discover_packages(recursive) check parameters
[2.945s] Level 1:colcon.colcon_core.package_discovery:discover_packages(ignore) check parameters
[2.945s] Level 1:colcon.colcon_core.package_discovery:discover_packages(path) check parameters
[2.946s] Level 1:colcon.colcon_core.package_discovery:discover_packages(colcon_meta) discover
[2.946s] Level 1:colcon.colcon_core.package_discovery:discover_packages(recursive) discover
[2.946s] INFO:colcon.colcon_core.package_discovery:Crawling recursively for packages in '/home/nakul/Desktop/bur/ros2_ws/src/2023-2024/state-estimation'
[2.946s] Level 1:colcon.colcon_core.package_identification:_identify(.) by extensions ['ignore', 'ignore_ament_install']
[2.946s] Level 1:colcon.colcon_core.package_identification:_identify(.) by extension 'ignore'
[2.946s] Level 1:colcon.colcon_core.package_identification:_identify(.) by extension 'ignore_ament_install'
[2.946s] Level 1:colcon.colcon_core.package_identification:_identify(.) by extensions ['colcon_pkg']
[2.946s] Level 1:colcon.colcon_core.package_identification:_identify(.) by extension 'colcon_pkg'
[2.946s] Level 1:colcon.colcon_core.package_identification:_identify(.) by extensions ['colcon_meta']
[2.946s] Level 1:colcon.colcon_core.package_identification:_identify(.) by extension 'colcon_meta'
[2.946s] Level 1:colcon.colcon_core.package_identification:_identify(.) by extensions ['ros']
[2.946s] Level 1:colcon.colcon_core.package_identification:_identify(.) by extension 'ros'
[2.962s] DEBUG:colcon.colcon_core.package_identification:Failed to parse potential ROS package manifest in'.': Error(s) in package './package.xml':
Error(s):
- The manifest of package "eskf" (with format version 1) must not contain the following tags: exec_depend, member_of_group
- Either update to a newer format or replace <exec_depend> tags with <run_depend> tags.
[2.962s] Level 1:colcon.colcon_core.package_identification:_identify(.) by extensions ['cmake', 'python']
[2.962s] Level 1:colcon.colcon_core.package_identification:_identify(.) by extension 'cmake'
[2.966s] Level 1:colcon.colcon_core.package_identification:_identify(.) by extension 'python'
[2.966s] DEBUG:colcon.colcon_core.package_identification:Package '.' with type 'cmake' and name 'eskf'
[2.966s] Level 1:colcon.colcon_core.package_discovery:discover_packages(recursive) using defaults
[2.967s] Level 1:colcon.colcon_core.package_discovery:discover_packages(ignore) discover
[2.967s] Level 1:colcon.colcon_core.package_discovery:discover_packages(ignore) using defaults
[2.967s] Level 1:colcon.colcon_core.package_discovery:discover_packages(path) discover
[2.967s] Level 1:colcon.colcon_core.package_discovery:discover_packages(path) using defaults
[3.222s] Level 1:colcon.colcon_core.package_discovery:discover_packages(prefix_path) check parameters
[3.222s] Level 1:colcon.colcon_core.package_discovery:discover_packages(prefix_path) discover
[3.318s] DEBUG:colcon.colcon_installed_package_information.package_discovery:Found 0 installed packages in /home/nakul/Desktop/bur/ros2_ws/install
[3.367s] DEBUG:colcon.colcon_installed_package_information.package_discovery:Found 263 installed packages in /opt/ros/foxy
[3.369s] Level 1:colcon.colcon_core.package_discovery:discover_packages(prefix_path) using defaults
[3.558s] Level 5:colcon.colcon_core.verb:set package 'eskf' build argument 'cmake_args' from command line to 'None'
[3.558s] Level 5:colcon.colcon_core.verb:set package 'eskf' build argument 'cmake_target' from command line to 'None'
[3.559s] Level 5:colcon.colcon_core.verb:set package 'eskf' build argument 'cmake_target_skip_unavailable' from command line to 'False'
[3.559s] Level 5:colcon.colcon_core.verb:set package 'eskf' build argument 'cmake_clean_cache' from command line to 'False'
[3.559s] Level 5:colcon.colcon_core.verb:set package 'eskf' build argument 'cmake_clean_first' from command line to 'False'
[3.559s] Level 5:colcon.colcon_core.verb:set package 'eskf' build argument 'cmake_force_configure' from command line to 'False'
[3.559s] Level 5:colcon.colcon_core.verb:set package 'eskf' build argument 'ament_cmake_args' from command line to 'None'
[3.559s] Level 5:colcon.colcon_core.verb:set package 'eskf' build argument 'catkin_cmake_args' from command line to 'None'
[3.559s] Level 5:colcon.colcon_core.verb:set package 'eskf' build argument 'catkin_skip_building_tests' from command line to 'False'
[3.559s] DEBUG:colcon.colcon_core.verb:Building package 'eskf' with the following arguments: {'ament_cmake_args': None, 'build_base': '/home/nakul/Desktop/bur/ros2_ws/src/2023-2024/state-estimation/build/eskf', 'catkin_cmake_args': None, 'catkin_skip_building_tests': False, 'cmake_args': None, 'cmake_clean_cache': False, 'cmake_clean_first': False, 'cmake_force_configure': False, 'cmake_target': None, 'cmake_target_skip_unavailable': False, 'install_base': '/home/nakul/Desktop/bur/ros2_ws/src/2023-2024/state-estimation/install/eskf', 'merge_install': False, 'path': '/home/nakul/Desktop/bur/ros2_ws/src/2023-2024/state-estimation', 'symlink_install': True, 'test_result_base': None}
[3.605s] INFO:colcon.colcon_core.executor:Executing jobs using 'parallel' executor
[3.652s] DEBUG:colcon.colcon_parallel_executor.executor.parallel:run_until_complete
[3.653s] INFO:colcon.colcon_cmake.task.cmake.build:Building CMake package in '/home/nakul/Desktop/bur/ros2_ws/src/2023-2024/state-estimation'
[3.702s] INFO:colcon.colcon_core.plugin_system:Skipping extension 'colcon_core.shell.bat': Not used on non-Windows systems
[3.702s] INFO:colcon.colcon_core.shell:Skip shell extension 'powershell' for command environment: Not usable outside of PowerShell
[3.702s] DEBUG:colcon.colcon_core.shell:Skip shell extension 'dsv' for command environment
[3.859s] DEBUG:colcon.colcon_core.event_handler.log_command:Invoking command in '/home/nakul/Desktop/bur/ros2_ws/src/2023-2024/state-estimation/build/eskf': /usr/bin/cmake /home/nakul/Desktop/bur/ros2_ws/src/2023-2024/state-estimation -DCMAKE_INSTALL_PREFIX=/home/nakul/Desktop/bur/ros2_ws/src/2023-2024/state-estimation/install/eskf
[5.399s] DEBUG:colcon.colcon_core.event_handler.log_command:Invoked command in '/home/nakul/Desktop/bur/ros2_ws/src/2023-2024/state-estimation/build/eskf' returned '1': /usr/bin/cmake /home/nakul/Desktop/bur/ros2_ws/src/2023-2024/state-estimation -DCMAKE_INSTALL_PREFIX=/home/nakul/Desktop/bur/ros2_ws/src/2023-2024/state-estimation/install/eskf
[5.410s] DEBUG:colcon.colcon_parallel_executor.executor.parallel:closing loop
[5.411s] DEBUG:colcon.colcon_parallel_executor.executor.parallel:loop closed
[5.411s] DEBUG:colcon.colcon_parallel_executor.executor.parallel:run_until_complete finished with '1'
[5.411s] DEBUG:colcon.colcon_core.event_reactor:joining thread
[5.471s] INFO:colcon.colcon_core.plugin_system:Skipping extension 'colcon_notification.desktop_notification.terminal_notifier': Not used on non-Darwin systems
[5.471s] INFO:colcon.colcon_core.plugin_system:Skipping extension 'colcon_notification.desktop_notification.win32': Not used on non-Windows systems
[5.471s] INFO:colcon.colcon_notification.desktop_notification:Sending desktop notification using 'notify2'
[5.493s] DEBUG:colcon.colcon_core.event_reactor:joined thread
[5.548s] INFO:colcon.colcon_core.shell:Creating prefix script '/home/nakul/Desktop/bur/ros2_ws/src/2023-2024/state-estimation/install/local_setup.ps1'
[5.550s] INFO:colcon.colcon_core.shell:Creating prefix util module '/home/nakul/Desktop/bur/ros2_ws/src/2023-2024/state-estimation/install/_local_setup_util_ps1.py'
[5.551s] INFO:colcon.colcon_core.shell:Creating prefix chain script '/home/nakul/Desktop/bur/ros2_ws/src/2023-2024/state-estimation/install/setup.ps1'
[5.600s] INFO:colcon.colcon_core.shell:Creating prefix script '/home/nakul/Desktop/bur/ros2_ws/src/2023-2024/state-estimation/install/local_setup.sh'
[5.601s] INFO:colcon.colcon_core.shell:Creating prefix util module '/home/nakul/Desktop/bur/ros2_ws/src/2023-2024/state-estimation/install/_local_setup_util_sh.py'
[5.602s] INFO:colcon.colcon_core.shell:Creating prefix chain script '/home/nakul/Desktop/bur/ros2_ws/src/2023-2024/state-estimation/install/setup.sh'
[5.651s] INFO:colcon.colcon_core.shell:Creating prefix script '/home/nakul/Desktop/bur/ros2_ws/src/2023-2024/state-estimation/install/local_setup.bash'
[5.651s] INFO:colcon.colcon_core.shell:Creating prefix chain script '/home/nakul/Desktop/bur/ros2_ws/src/2023-2024/state-estimation/install/setup.bash'
[5.700s] INFO:colcon.colcon_core.shell:Creating prefix script '/home/nakul/Desktop/bur/ros2_ws/src/2023-2024/state-estimation/install/local_setup.zsh'
[5.701s] INFO:colcon.colcon_core.shell:Creating prefix chain script '/home/nakul/Desktop/bur/ros2_ws/src/2023-2024/state-estimation/install/setup.zsh'
