
****************************************************************
****************************************************************
**                                                            **
**                                                            **
**        CCC     OO      SSS    M    M     OO      SSS       **
**       C       O  O    S       MM  MM    O  O    S          **
**       C       O  O     SS     M MM M    O  O     SS        **
**       C       O  O       S    M    M    O  O       S       **
**        CCC     OO     SSS     M    M     OO     SSS        **
**                                                            **
**                                                            **
**                   Simulations  V2022-PR1                   **
**                 Simulation Premium Package                 **
**           Distributed By: SOLIDWORKS Corporation           **
**               6320 Canoga Avenue, Suite 300                **
**               Woodland Hills, California 91367             **
**               Telephone Number (818)673-2200               **
**         Copyright 1988-2018 SOLIDWORKS Corporation         **
**                                                            **
****************************************************************
****************************************************************

Problem name: C:\Users\Scotty\Documents\Allison Arm\Tr
Date        : 08/07/2023     Time:   19:02:34


 SYSTEM OF UNITS:
 International System of Units, SI, is used for all input/output data.
 Common Quantities:
 Length:meter, Mass:kilogram, Time:second, Temperature:kelvin
 Force:newton, Pressure also stress:pascal, Energy:joule, Power:watt

 NUMBER OF PHYSICAL CORES USED TO RUN SIMULATION:  8


       L I N E A R    S T A T I C    A N A L Y S I S
----------------------------------------------------------------


     Time at the start of step-by-step solution . . =    0.0000    
     Time at the end of step-by-step solution . . . =    1.0000    
     Time step increment  . . . . . . . . . . . . . =   0.10000E-01
     Total number of solution steps . . . . . . . . =     100
     Total number of equations  . . . . . . . . . . =     46315


     Force Control information :

     Iterative technique used:  Regular Newton-Raphson
     Stiffness matrix reformation interval          =     101
     Number of steps between equilibrium iterations =     101



     P R I N T  -  P L O T    O P T I O N S :


     Flag for printing of displacements . . . . . . =    0
           EQ. 0 ; suppress printing
           EQ. N ; print at every N time steps


     Deformed shape plots at steps
              First time step Last time step      Increment 
                            1          10000              1



     T I M E    C U R V E S :

     (Defining forces, pressures, & nodal temperatures)


     Curve number . . . . . . . . . . . . . . . . . =       1
     Number of points . . . . . . . . . . . . . . . =       2

                Time           Value

              0.0000          0.0000    
              1.0000          1.0000    


     Available memory(GB) . . . . . . . . . . . . . =    7.64

 T O T A L   R U N   T I M E   (Sec) . . . . . . . . . . =    0.1




     Available memory(GB) . . . . . . . . . . . . . =    7.64
 


 C O N T R O L  I N F O R M A T I O N                  
     Number of Nodal points  . . . . . . . . . . (NUMNP)   =  15955
     Number of Pseudo nodes  . . . . . . . . . . (NUMPS)   =      0
     Number of Element groups  . . . . . . . . . (NUMEG)   =      1
 

    N o n l i n e a r   S t a t i c   A n a l y s i s 


  T O T A L  S Y S T E M  D A T A                        
     Number of Equations . . . . . . . . . . . . . .(NEQ)  =     46315
     Number of Matrix Elements . . . . . . . . . . .(NWK)  =   1991705
     Maximum half bandwidth . . . . . . . . . . . . (MK )  =      2047
     Number of Elements. . . . . . . . . . . . . . .(NUME) =      7869
     Number of Pseudo Elements . . . . . . . . . . .(NUMP) =         0
 
     Minimum allowable time step size . . . . . .  (DTMIN) = 0.10E-07
     Maximum allowable time step size . . . . . .  (DTMAX) = 0.10E+00
     Maximum number of step size adjustments  . . . . . .  = 5




 SOLVER TYPE: 
 ------------ 
      Intel Direct Sparse Solver


 NONLINEAR BEHAVIOR: 
 ------------------- 
      Nonlinear
      - Small Strain Theory
      - Large Displacement


 SURFACE-TO-SURFACE CONTACT: 
 --------------------------- 
      Total Number of Potential Source Nodes . . . . . . . . =    1547
      Total Number of Potential DOFs . . . . . . . . . . . . =    1547
      Total Number of Potential Contact Elements . . . . . . =    2564
 


     Penalty value is raised to  0.39948E+13

   TIME STEP =        1 TIME =   0.1000E-01
   **************************************************

   FORCES ON THE ACTIVE CONTACT ELEMENT(S)
   ELEMENT   NODE               FX           FY           FZ       NORMAL FORCE
    8451    15530       13   0.1821E-13   0.1010E-15   0.6474E-12   0.6476E-12
    8451    15493       13  -0.1327E-13  -0.7364E-16  -0.4718E-12   0.4719E-12
    8451    15531       13   0.1247E-13   0.6920E-16   0.4433E-12   0.4435E-12
    8451    15805       13  -0.1340E-12  -0.7437E-15  -0.4765E-11   0.4767E-11
    8451    15807       13  -0.3777E-13  -0.2096E-15  -0.1343E-11   0.1343E-11
    8451    15806       13  -0.2067E-13  -0.1147E-15  -0.7350E-12   0.7353E-12
    8452    15530       13   0.3014E-14   0.3358E-17   0.7219E-15   0.3099E-14
    8452    15493       13   0.2778E-14   0.9701E-17   0.6759E-15   0.2859E-14
    8452    15531       13  -0.2841E-14  -0.8632E-17  -0.6891E-15   0.2923E-14
    8452    15805       13  -0.3499E-14  -0.6424E-17  -0.8420E-15   0.3598E-14
    8452    15807       13  -0.1917E-13  -0.1140E-15  -0.4738E-14   0.1975E-13
    8452    15806       13  -0.3337E-13   0.1409E-17  -0.7933E-14   0.3430E-13
    8453    15530       13   0.1259E-11   0.9088E-14   0.3550E-12   0.1309E-11
    8453    15493       13   0.9981E-12   0.7202E-14   0.2807E-12   0.1037E-11
    8453    15531       13   0.1717E-11   0.1240E-13   0.4447E-12   0.1773E-11
    8453    15805       13  -0.1060E-10  -0.7662E-13  -0.2737E-11   0.1095E-10
    8453    15807       13  -0.5190E-11  -0.3741E-13  -0.1572E-11   0.5423E-11
    8453    15806       13  -0.4338E-11  -0.3131E-13  -0.1192E-11   0.4499E-11
    8454    15494       17   0.1863E-12  -0.3495E-17  -0.2613E-12   0.3209E-12
    8454    15493       17  -0.1912E-13   0.1273E-18   0.2645E-13   0.3264E-13
    8454    15523       17  -0.8628E-14   0.2743E-18   0.1229E-13   0.1502E-13
    8454    15811       17   0.8209E-13  -0.4885E-18  -0.1134E-12   0.1400E-12
    8454    15812       17   0.3120E-14  -0.3583E-19  -0.4340E-14   0.5345E-14
    8454    15673       17   0.3270E-13  -0.1145E-17  -0.4676E-13   0.5706E-13
    8455    15494        9   0.4640E-14   0.1004E-15   0.1593E-12   0.1593E-12
    8455    15493        9  -0.1401E-13  -0.3030E-15  -0.4808E-12   0.4810E-12
    8455    15523        9   0.1009E-13   0.2182E-15   0.3462E-12   0.3464E-12
    8455    15811        9  -0.1279E-13  -0.2767E-15  -0.4390E-12   0.4392E-12
    8455    15812        9  -0.7641E-13  -0.1653E-14  -0.2623E-11   0.2624E-11
    8455    15673        9  -0.6979E-14  -0.1510E-15  -0.2396E-12   0.2397E-12
    8456    15494       17  -0.1706E-11   0.1779E-15   0.4620E-12   0.1768E-11
    8456    15493       17  -0.1538E-11   0.1603E-15   0.4164E-12   0.1593E-11
    8456    15523       17   0.1535E-11  -0.1600E-15  -0.4156E-12   0.1590E-11
    8456    15811       17   0.2131E-11  -0.2222E-15  -0.5771E-12   0.2208E-11
    8456    15812       17   0.7566E-11  -0.7889E-15  -0.2049E-11   0.7838E-11
    8456    15673       17   0.1028E-10  -0.1072E-14  -0.2784E-11   0.1065E-10
    8457    15494       17  -0.1709E-12   0.2064E-16   0.2646E-12   0.3150E-12
    8457    15493       17  -0.2183E-12   0.2836E-16   0.3404E-12   0.4043E-12
    8457    15523       17  -0.1066E-12   0.2040E-16   0.1772E-12   0.2068E-12
    8457    15811       17   0.5215E-12  -0.7496E-16  -0.8260E-12   0.9769E-12
    8457    15812       17   0.9193E-12  -0.1509E-15  -0.1496E-11   0.1756E-11
    8457    15673       17   0.1865E-11  -0.2521E-15  -0.2919E-11   0.3464E-11
    8458    15531       13  -0.4575E-13   0.1687E-16  -0.1085E-13   0.4702E-13
    8458    15493       13   0.1074E-12  -0.3962E-16   0.2548E-13   0.1104E-12
    8458    15494       13   0.1165E-12  -0.4295E-16   0.2763E-13   0.1197E-12
    8458    15807       13  -0.4425E-12   0.1632E-15  -0.1050E-12   0.4548E-12
    8458    15811       13  -0.1849E-12   0.6819E-16  -0.4386E-13   0.1900E-12
    8458    15675       13  -0.6890E-12   0.2541E-15  -0.1634E-12   0.7081E-12
    8460    15531       11   0.2040E-15   0.4075E-17   0.4888E-14   0.4892E-14
    8460    15493       11   0.1159E-15   0.2327E-17   0.2853E-14   0.2855E-14
    8460    15494       11  -0.1411E-15  -0.2802E-17  -0.3277E-14   0.3280E-14
    8460    15807       11  -0.2062E-15  -0.4143E-17  -0.5093E-14   0.5097E-14
    8460    15811       11  -0.2873E-15  -0.5767E-17  -0.7066E-14   0.7072E-14
    8460    15675       11  -0.2216E-14  -0.4423E-16  -0.5286E-13   0.5291E-13
    8461    15531       11   0.5463E-14   0.1182E-15   0.1875E-12   0.1876E-12
    8461    15493       11   0.9746E-14   0.2108E-15   0.3346E-12   0.3347E-12
    8461    15494       11   0.1012E-13   0.2188E-15   0.3472E-12   0.3474E-12
    8461    15807       11  -0.4717E-13  -0.1020E-14  -0.1619E-11   0.1620E-11
    8461    15811       11  -0.2724E-13  -0.5894E-15  -0.9352E-12   0.9356E-12
    8461    15675       11  -0.4301E-13  -0.9304E-15  -0.1476E-11   0.1477E-11
    8463    15547        6   0.4246E-14  -0.2025E-15  -0.7692E-13   0.7704E-13
    8463    15540        6  -0.1108E-12   0.5282E-14   0.2007E-11   0.2010E-11
    8463    15546        6   0.1037E-13  -0.4943E-15  -0.1878E-12   0.1881E-12
    8463    15820        6  -0.1613E-13   0.7692E-15   0.2922E-12   0.2927E-12
    8463    15816        6  -0.4479E-13   0.2136E-14   0.8114E-12   0.8126E-12
    8463    15821        6  -0.1440E-14   0.6866E-16   0.2608E-13   0.2612E-13
    8465    15547       15  -0.5512E-12   0.1565E-14  -0.9271E-12   0.1079E-11
    8465    15540       15  -0.1708E-12   0.4807E-15  -0.2887E-12   0.3354E-12
    8465    15546       15  -0.4662E-12   0.1319E-14  -0.7855E-12   0.9134E-12
    8465    15820       15   0.1628E-11  -0.4582E-14   0.2750E-11   0.3196E-11
    8465    15816       15   0.4029E-11  -0.1143E-13   0.6779E-11   0.7886E-11
    8465    15821       15   0.1213E-11  -0.3433E-14   0.2044E-11   0.2377E-11
    8466    15547       15   0.1686E-12   0.5855E-15   0.7458E-13   0.1843E-12
    8466    15546       15  -0.1018E-12  -0.3535E-15  -0.4503E-13   0.1113E-12
    8466    15523       15  -0.2132E-13  -0.7406E-16  -0.9434E-14   0.2331E-13
    8466    15821       15   0.8924E-12   0.3100E-14   0.3949E-12   0.9759E-12
    8466    15818       15   0.3129E-13   0.1087E-15   0.1384E-13   0.3422E-13
    8466    15819       15   0.5612E-13   0.1949E-15   0.2483E-13   0.6137E-13
    8468    15547       12  -0.4451E-12   0.4641E-16   0.1205E-12   0.4611E-12
    8468    15546       12  -0.3992E-12   0.4163E-16   0.1081E-12   0.4136E-12
    8468    15523       12   0.2145E-12  -0.2237E-16  -0.5809E-13   0.2223E-12
    8468    15821       12   0.6700E-12  -0.6986E-16  -0.1814E-12   0.6941E-12
    8468    15818       12   0.1513E-11  -0.1578E-15  -0.4098E-12   0.1568E-11
    8468    15819       12   0.2507E-11  -0.2614E-15  -0.6788E-12   0.2597E-11
    8534    15541       16  -0.7209E-11  -0.5527E-13   0.8255E-11   0.1096E-10
    8534    15530       16   0.7678E-11   0.6258E-13  -0.9884E-11   0.1252E-10
    8534    15531       16   0.6158E-11   0.4745E-13  -0.7120E-11   0.9414E-11
    8534    15880       16  -0.5071E-10  -0.4204E-12   0.6739E-10   0.8433E-10
    8534    15806       16  -0.8761E-11  -0.7064E-13   0.1105E-10   0.1410E-10
    8534    15881       16  -0.2512E-10  -0.1780E-12   0.2446E-10   0.3506E-10
    8537    15541       16   0.4831E-14   0.2314E-16  -0.1623E-14   0.5096E-14
    8537    15530       16   0.1349E-13   0.6498E-16  -0.4567E-14   0.1425E-13
    8537    15531       16   0.9679E-14   0.4675E-16  -0.3289E-14   0.1022E-13
    8537    15880       16  -0.3057E-13  -0.1473E-15   0.1036E-13   0.3227E-13
    8537    15806       16  -0.2846E-13  -0.1371E-15   0.9635E-14   0.3005E-13
    8537    15881       16  -0.1912E-12  -0.9142E-15   0.6408E-13   0.2016E-12
    8538    15541       16  -0.7539E-11   0.2561E-13   0.1109E-10   0.1341E-10
    8538    15531       16   0.6645E-12  -0.2149E-14  -0.9761E-12   0.1181E-11
    8538    15540       16   0.5782E-12  -0.1889E-14  -0.8496E-12   0.1028E-11
    8538    15881       16  -0.3218E-11   0.9682E-14   0.4721E-11   0.5713E-11
    8538    15678       16  -0.2321E-12   0.6424E-15   0.3399E-12   0.4115E-12
    8538    15883       16  -0.2237E-11   0.7422E-14   0.3288E-11   0.3976E-11
    8539    15541       10   0.3468E-11  -0.1279E-14   0.8226E-12   0.3564E-11
    8539    15531       10  -0.2709E-11   0.9990E-15  -0.6426E-12   0.2784E-11
    8539    15540       10   0.3336E-11  -0.1230E-14   0.7914E-12   0.3429E-11
    8539    15881       10  -0.1658E-10   0.6114E-14  -0.3933E-11   0.1704E-10
    8539    15678       10  -0.1456E-10   0.5369E-14  -0.3454E-11   0.1496E-10
    8539    15883       10  -0.4841E-11   0.1785E-14  -0.1148E-11   0.4976E-11
    8540    15541        6   0.2226E-13  -0.2233E-16  -0.3390E-13   0.4056E-13
    8540    15531        6   0.4379E-13  -0.3191E-16  -0.6695E-13   0.8000E-13
    8540    15540        6  -0.3013E-13   0.1397E-16   0.4624E-13   0.5519E-13
    8540    15881        6  -0.4081E-13   0.4191E-16   0.6213E-13   0.7433E-13
    8540    15678        6  -0.6319E-12   0.4569E-15   0.9661E-12   0.1154E-11
    8540    15883        6  -0.5197E-13   0.5180E-16   0.7915E-13   0.9469E-13
    8541    15541       16   0.1631E-11  -0.5554E-14  -0.2399E-11   0.2901E-11
    8541    15531       16   0.5557E-12  -0.1892E-14  -0.8172E-12   0.9883E-12
    8541    15540       16   0.1468E-11  -0.4998E-14  -0.2159E-11   0.2611E-11
    8541    15881       16  -0.5994E-11   0.2041E-13   0.8814E-11   0.1066E-10
    8541    15678       16  -0.9738E-11   0.3315E-13   0.1432E-10   0.1732E-10
    8541    15883       16  -0.3753E-11   0.1278E-13   0.5519E-11   0.6674E-11
    8543    15547       16   0.1874E-12   0.1170E-13  -0.2447E-11   0.2454E-11
    8543    15541       16  -0.6118E-12  -0.5403E-13   0.1114E-10   0.1116E-10
    8543    15540       16   0.3459E-12   0.3085E-13  -0.6368E-11   0.6377E-11
    8543    15882       16  -0.1336E-11  -0.3599E-13   0.7973E-11   0.8084E-11
    8543    15883       16  -0.2486E-11  -0.2348E-12   0.4835E-10   0.4841E-10
    8543    15820       16  -0.2180E-12  -0.1628E-13   0.3389E-11   0.3396E-11
    8544    15547        6   0.4645E-13  -0.2215E-14  -0.8416E-12   0.8429E-12
    8544    15541        6   0.6331E-13  -0.3019E-14  -0.1147E-11   0.1149E-11
    8544    15540        6  -0.7399E-12   0.3528E-13   0.1340E-10   0.1343E-10
    8544    15882        6  -0.1347E-13   0.6424E-15   0.2441E-12   0.2444E-12
    8544    15883        6  -0.2667E-12   0.1272E-13   0.4832E-11   0.4839E-11
    8544    15820        6  -0.1830E-12   0.8727E-14   0.3316E-11   0.3321E-11
    8545    15547       15   0.6295E-12  -0.3570E-15  -0.1296E-11   0.1441E-11
    8545    15541       15   0.1627E-11  -0.4420E-14  -0.2626E-11   0.3089E-11
    8545    15540       15   0.1840E-11  -0.5447E-14  -0.2872E-11   0.3411E-11
    8545    15882       15  -0.1128E-10   0.3454E-13   0.1738E-10   0.2072E-10
    8545    15883       15  -0.4283E-11  -0.9443E-14   0.1128E-10   0.1206E-10
    8545    15820       15  -0.6381E-11   0.1777E-13   0.1020E-10   0.1203E-10
    8551    15548       16   0.2262E-12   0.2017E-14  -0.3382E-12   0.4069E-12
    8551    15541       16  -0.2582E-12  -0.2280E-14   0.3802E-12   0.4596E-12
    8551    15547       16   0.3905E-12   0.3467E-14  -0.5798E-12   0.6990E-12
    8551    15887       16  -0.5585E-12  -0.4981E-14   0.8351E-12   0.1005E-11
    8551    15882       16  -0.4391E-11  -0.3892E-13   0.6503E-11   0.7847E-11
    8551    15888       16  -0.4066E-12  -0.3627E-14   0.6083E-12   0.7316E-12
    8553    15548       16  -0.4395E-13   0.7140E-15  -0.6986E-12   0.7000E-12
    8553    15541       16  -0.1342E-13   0.2180E-15  -0.2133E-12   0.2137E-12
    8553    15547       16  -0.4365E-13   0.7090E-15  -0.6937E-12   0.6951E-12
    8553    15887       16   0.1734E-12  -0.2816E-14   0.2756E-11   0.2761E-11
    8553    15882       16   0.1819E-12  -0.2955E-14   0.2891E-11   0.2897E-11
    8553    15888       16   0.1037E-12  -0.1684E-14   0.1648E-11   0.1651E-11
    8562    15523        9   0.3623E-13  -0.2960E-17  -0.9881E-14   0.3755E-13
    8562    15493        9  -0.4489E-13   0.3315E-17   0.1227E-13   0.4654E-13
    8562    15528        9  -0.4454E-13   0.3807E-17   0.1213E-13   0.4616E-13
    8562    15812        9   0.3650E-12  -0.2191E-16  -0.1002E-12   0.3785E-12
    8562    15862        9   0.5952E-13  -0.4681E-17  -0.1625E-13   0.6170E-13
    8562    15894        9   0.3773E-12  -0.3732E-16  -0.1023E-12   0.3909E-12
    8563    15523        9  -0.3685E-12   0.0000E+00   0.9354E-12   0.1005E-11
    8563    15493        9   0.4367E-12   0.0000E+00  -0.1301E-11   0.1373E-11
    8563    15528        9  -0.1918E-12   0.0000E+00   0.1038E-11   0.1056E-11
    8563    15812        9   0.2913E-11   0.0000E+00  -0.5166E-11   0.5931E-11
    8563    15862        9   0.5820E-12   0.0000E+00  -0.6919E-11   0.6944E-11
    8563    15894        9   0.2956E-12   0.0000E+00  -0.1111E-11   0.1149E-11
    8564    15523        9  -0.7196E-14   0.0000E+00   0.1645E-14   0.7382E-14
    8564    15493        9  -0.1306E-13   0.0000E+00   0.2909E-14   0.1338E-13
    8564    15528        9   0.8930E-14   0.0000E+00  -0.1933E-14   0.9137E-14
    8564    15812        9   0.1298E-13   0.0000E+00  -0.2974E-14   0.1331E-13
    8564    15862        9   0.1561E-12   0.0000E+00  -0.3470E-13   0.1599E-12
    8564    15894        9   0.1742E-13   0.0000E+00  -0.3980E-14   0.1787E-13
    8565    15523        9  -0.7617E-12   0.0000E+00   0.2131E-12   0.7909E-12
    8565    15493        9  -0.4686E-12   0.0000E+00   0.1311E-12   0.4866E-12
    8565    15528        9  -0.7062E-12   0.0000E+00   0.1976E-12   0.7333E-12
    8565    15812        9   0.3427E-11   0.0000E+00  -0.9589E-12   0.3558E-11
    8565    15862        9   0.4110E-11   0.0000E+00  -0.1150E-11   0.4267E-11
    8565    15894        9   0.2114E-11   0.0000E+00  -0.5915E-12   0.2195E-11
    8566    15547       15   0.6269E-13   0.2011E-16   0.1121E-12   0.1284E-12
    8566    15523       15  -0.1179E-12  -0.3782E-16  -0.2108E-12   0.2415E-12
    8566    15528       15  -0.1502E-12  -0.4818E-16  -0.2685E-12   0.3076E-12
    8566    15819       15   0.3375E-12   0.1082E-15   0.6032E-12   0.6912E-12
    8566    15894       15   0.2144E-12   0.6877E-16   0.3833E-12   0.4392E-12
    8566    15895       15   0.1237E-11   0.3969E-15   0.2212E-11   0.2534E-11
    8567    15547        2  -0.2086E-12   0.1765E-14  -0.6709E-13   0.2191E-12
    8567    15523        2   0.1932E-11  -0.1634E-13   0.6213E-12   0.2029E-11
    8567    15528        2  -0.7177E-12   0.6072E-14  -0.2308E-12   0.7539E-12
    8567    15819        2   0.6440E-12  -0.5448E-14   0.2071E-12   0.6765E-12
    8567    15894        2   0.4196E-11  -0.3550E-13   0.1350E-11   0.4408E-11
    8567    15895        2   0.2251E-12  -0.1904E-14   0.7239E-13   0.2364E-12
    8568    15547        1  -0.1154E-13   0.0000E+00  -0.4671E-14   0.1245E-13
    8568    15523        1  -0.3973E-13   0.0000E+00  -0.1609E-13   0.4286E-13
    8568    15528        1   0.1283E-12   0.0000E+00   0.5197E-13   0.1385E-12
    8568    15819        1   0.1019E-13   0.0000E+00   0.4126E-14   0.1099E-13
    8568    15894        1   0.2046E-12   0.0000E+00   0.8287E-13   0.2208E-12
    8568    15895        1   0.3796E-13   0.0000E+00   0.1537E-13   0.4096E-13
    8569    15547        2  -0.5754E-13   0.2494E-15  -0.2085E-13   0.6120E-13
    8569    15523        2  -0.3094E-13   0.1181E-15  -0.1137E-13   0.3296E-13
    8569    15528        2  -0.3130E-13   0.1516E-15  -0.1118E-13   0.3324E-13
    8569    15819        2   0.1255E-12  -0.5487E-15   0.4544E-13   0.1335E-12
    8569    15894        2   0.7854E-12  -0.3402E-14   0.2845E-12   0.8353E-12
    8569    15895        2   0.1254E-12  -0.5390E-15   0.4548E-13   0.1334E-12
    8627    15495       17  -0.1070E-11   0.0000E+00   0.1468E-11   0.1816E-11
    8627    15494       17   0.5974E-11   0.0000E+00  -0.8196E-11   0.1014E-10
    8627    15526       17  -0.5066E-12   0.0000E+00   0.6951E-12   0.8601E-12
    8627    15914       17   0.5084E-11   0.0000E+00  -0.6976E-11   0.8632E-11
    8627    15823       17   0.1833E-11   0.0000E+00  -0.2515E-11   0.3112E-11
    8627    15787       17   0.3165E-12   0.0000E+00  -0.4342E-12   0.5373E-12
    8631    15533       17   0.5392E-14   0.0000E+00   0.3814E-13   0.3851E-13
    8631    15494       17  -0.9569E-14   0.0000E+00  -0.6768E-13   0.6835E-13
    8631    15495       17   0.1750E-14   0.0000E+00   0.1238E-13   0.1250E-13
    8631    15814       17  -0.3779E-13   0.0000E+00  -0.2673E-12   0.2699E-12
    8631    15914       17  -0.4945E-14   0.0000E+00  -0.3497E-13   0.3532E-13
    8631    15911       17  -0.2388E-14   0.0000E+00  -0.1689E-13   0.1706E-13
    8638    15526       17   0.7482E-13   0.2158E-16  -0.4762E-13   0.8869E-13
    8638    15494       17  -0.1128E-12  -0.3605E-16   0.6528E-13   0.1303E-12
    8638    15523       17  -0.6619E-13  -0.2210E-16   0.3702E-13   0.7584E-13
    8638    15823       17   0.1337E-11   0.4265E-15  -0.7740E-12   0.1545E-11
    8638    15673       17   0.1178E-12   0.4029E-16  -0.6368E-13   0.1339E-12
    8638    15928       17   0.1834E-12   0.5340E-16  -0.1216E-12   0.2201E-12
    8639    15526       17  -0.8805E-11   0.0000E+00   0.1406E-10   0.1659E-10
    8639    15494       17   0.7346E-11   0.0000E+00  -0.1210E-10   0.1415E-10
    8639    15523       17  -0.7203E-11   0.0000E+00   0.1099E-10   0.1314E-10
    8639    15823       17   0.5674E-10   0.0000E+00  -0.9230E-10   0.1083E-09
    8639    15673       17   0.2653E-10   0.0000E+00  -0.3966E-10   0.4772E-10
    8639    15928       17   0.1105E-10   0.0000E+00  -0.1688E-10   0.2018E-10
    8640    15526       17  -0.1465E-12   0.4787E-16   0.1493E-12   0.2092E-12
    8640    15494       17  -0.1111E-12   0.7845E-16   0.6691E-13   0.1297E-12
    8640    15523       17   0.2574E-12  -0.4761E-16  -0.2977E-12   0.3936E-12
    8640    15823       17   0.1289E-12  -0.8700E-16  -0.8502E-13   0.1544E-12
    8640    15673       17   0.9583E-12  -0.9231E-15  -0.3596E-12   0.1024E-11
    8640    15928       17   0.8806E-12  -0.1199E-15  -0.1038E-11   0.1361E-11
    8641    15526       17  -0.6515E-11  -0.2929E-14   0.2421E-11   0.6950E-11
    8641    15494       17  -0.4276E-11  -0.1945E-14   0.1538E-11   0.4544E-11
    8641    15523       17  -0.7252E-11  -0.3377E-14   0.2434E-11   0.7649E-11
    8641    15823       17   0.3902E-10   0.1838E-13  -0.1263E-10   0.4101E-10
    8641    15673       17   0.3006E-10   0.1277E-13  -0.1282E-10   0.3267E-10
    8641    15928       17   0.1970E-10   0.8989E-14  -0.7023E-11   0.2092E-10
    8643    15546       12  -0.1078E-14  -0.1794E-17  -0.3898E-15   0.1146E-14
    8643    15526       12   0.2120E-13   0.3528E-16   0.7665E-14   0.2254E-13
    8643    15523       12  -0.6791E-14  -0.1130E-16  -0.2456E-14   0.7221E-14
    8643    15824       12   0.3397E-14   0.5653E-17   0.1228E-14   0.3613E-14
    8643    15928       12   0.3758E-13   0.6253E-16   0.1359E-13   0.3996E-13
    8643    15818       12   0.1011E-14   0.1682E-17   0.3655E-15   0.1075E-14
    8644    15546       12  -0.6644E-12   0.6927E-16   0.1799E-12   0.6883E-12
    8644    15526       12  -0.3775E-12   0.3936E-16   0.1022E-12   0.3911E-12
    8644    15523       12   0.5039E-12  -0.5254E-16  -0.1365E-12   0.5221E-12
    8644    15824       12   0.6522E-12  -0.6801E-16  -0.1766E-12   0.6757E-12
    8644    15928       12   0.9858E-12  -0.1028E-15  -0.2669E-12   0.1021E-11
    8644    15818       12   0.6272E-11  -0.6540E-15  -0.1698E-11   0.6498E-11
    8646    15531       11  -0.3270E-14   0.1206E-17  -0.7756E-15   0.3360E-14
    8646    15494       11   0.3430E-14  -0.1265E-17   0.8135E-15   0.3525E-14
    8646    15533       11   0.5723E-14  -0.2110E-17   0.1357E-14   0.5882E-14
    8646    15675       11  -0.8266E-14   0.3048E-17  -0.1961E-14   0.8495E-14
    8646    15814       11  -0.6331E-14   0.2335E-17  -0.1502E-14   0.6507E-14
    8646    15929       11  -0.7883E-13   0.2907E-16  -0.1870E-13   0.8101E-13
    8649    15531       11   0.3568E-13  -0.6701E-17   0.8489E-14   0.3668E-13
    8649    15494       11   0.2059E-13  -0.3868E-17   0.4900E-14   0.2117E-13
    8649    15533       11   0.4669E-13  -0.8769E-17   0.1111E-13   0.4799E-13
    8649    15675       11  -0.3162E-12   0.5939E-16  -0.7524E-13   0.3250E-12
    8649    15814       11  -0.1382E-12   0.2595E-16  -0.3288E-13   0.1421E-12
    8649    15929       11  -0.1081E-12   0.2030E-16  -0.2572E-13   0.1111E-12
    8650    15540        5  -0.1236E-10  -0.8078E-14   0.9439E-11   0.1555E-10
    8650    15531        5   0.9814E-11   0.1144E-13  -0.1185E-10   0.1538E-10
    8650    15533        5   0.7652E-11   0.1064E-13  -0.1072E-10   0.1317E-10
    8650    15678        5  -0.4820E-10  -0.5440E-13   0.5664E-10   0.7437E-10
    8650    15929        5  -0.1141E-10  -0.1662E-13   0.1665E-10   0.2018E-10
    8650    15813        5  -0.3157E-10  -0.4529E-13   0.4546E-10   0.5535E-10
    8651    15540       10   0.9025E-12   0.7184E-17  -0.3617E-12   0.9722E-12
    8651    15531       10  -0.6952E-11  -0.9910E-16   0.2876E-11   0.7523E-11
    8651    15533       10   0.2312E-11   0.3061E-16  -0.9517E-12   0.2500E-11
    8651    15678       10  -0.3021E-11   0.2096E-16   0.1116E-11   0.3220E-11
    8651    15929       10  -0.1334E-10  -0.1723E-15   0.5487E-11   0.1442E-10
    8651    15813       10  -0.9404E-12  -0.7938E-17   0.3777E-12   0.1013E-11
    8652    15540       10   0.5644E-14  -0.2447E-16  -0.2027E-14   0.5996E-14
    8652    15531       10   0.1495E-13  -0.6484E-16  -0.5370E-14   0.1589E-13
    8652    15533       10  -0.1391E-13   0.6032E-16   0.4996E-14   0.1478E-13
    8652    15678       10  -0.1006E-13   0.4362E-16   0.3613E-14   0.1069E-13
    8652    15929       10  -0.2148E-12   0.9311E-15   0.7712E-13   0.2282E-12
    8652    15813       10  -0.1316E-13   0.5704E-16   0.4724E-14   0.1398E-13
    8683    15548       15  -0.1533E-12   0.2490E-14  -0.2436E-11   0.2441E-11
    8683    15547       15   0.1687E-11  -0.2740E-13   0.2681E-10   0.2686E-10
    8683    15543       15  -0.3386E-12   0.5501E-14  -0.5382E-11   0.5393E-11
    8683    15888       15   0.5485E-12  -0.8910E-14   0.8718E-11   0.8735E-11
    8683    15934       15   0.1586E-11  -0.2576E-13   0.2521E-10   0.2526E-10
    8683    15886       15   0.1016E-12  -0.1650E-14   0.1614E-11   0.1618E-11
    8747    15540        8   0.6071E-14  -0.2321E-15  -0.2034E-14   0.6407E-14
    8747    15533        8  -0.5938E-14   0.2270E-15   0.1989E-14   0.6266E-14
    8747    15539        8   0.2054E-14  -0.7854E-16  -0.6882E-15   0.2168E-14
    8747    15813        8  -0.7779E-13   0.2974E-14   0.2606E-13   0.8209E-13
    8747    15913        8  -0.4871E-14   0.1862E-15   0.1632E-14   0.5140E-14
    8747    15950        8  -0.3592E-14   0.1373E-15   0.1203E-14   0.3791E-14
    8749    15540        5   0.3801E-13   0.9682E-16  -0.6368E-13   0.7416E-13
    8749    15533        5   0.1327E-12   0.4423E-15  -0.2284E-12   0.2641E-12
    8749    15539        5   0.1594E-12   0.5103E-15  -0.2731E-12   0.3163E-12
    8749    15813        5  -0.1775E-11  -0.5897E-14   0.3054E-11   0.3533E-11
    8749    15913        5  -0.3343E-12  -0.1058E-14   0.5721E-12   0.6626E-12
    8749    15950        5  -0.3748E-12  -0.1201E-14   0.6422E-12   0.7436E-12
    8750    15546       15   0.5796E-12   0.3988E-14   0.9011E-12   0.1071E-11
    8750    15540       15  -0.9727E-12  -0.6693E-14  -0.1512E-11   0.1798E-11
    8750    15539       15  -0.1037E-11  -0.7135E-14  -0.1612E-11   0.1917E-11
    8750    15816       15   0.3569E-11   0.2456E-13   0.5549E-11   0.6598E-11
    8750    15950       15   0.1563E-11   0.1076E-13   0.2431E-11   0.2890E-11
    8750    15930       15   0.4647E-11   0.3197E-13   0.7224E-11   0.8589E-11
    8751    15546        6   0.5802E-12   0.3319E-14  -0.1079E-11   0.1225E-11
    8751    15540        6  -0.6311E-12  -0.3610E-14   0.1174E-11   0.1333E-11
    8751    15539        6   0.2445E-12   0.1399E-14  -0.4548E-12   0.5164E-12
    8751    15816        6  -0.5545E-11  -0.3172E-13   0.1032E-10   0.1171E-10
    8751    15950        6  -0.6224E-12  -0.3560E-14   0.1158E-11   0.1315E-11
    8751    15930        6  -0.4037E-12  -0.2309E-14   0.7509E-12   0.8526E-12
    8753    15546        6   0.1175E-12   0.6721E-15  -0.2186E-12   0.2482E-12
    8753    15540        6   0.1259E-12   0.7205E-15  -0.2343E-12   0.2660E-12
    8753    15539        6   0.2190E-12   0.1253E-14  -0.4075E-12   0.4626E-12
    8753    15816        6  -0.2434E-11  -0.1392E-13   0.4527E-11   0.5140E-11
    8753    15950        6  -0.4864E-12  -0.2783E-14   0.9049E-12   0.1027E-11
    8753    15930        6  -0.5003E-12  -0.2862E-14   0.9306E-12   0.1057E-11
    8794    15007       22  -0.8186E-14  -0.6004E-14  -0.1878E-12   0.1881E-12
    8794    15006       22   0.2976E-14   0.1834E-14   0.5840E-13   0.5850E-13
    8794    15036       22   0.1675E-14   0.1241E-14   0.3922E-13   0.3928E-13
    8794    15254       22  -0.1403E-13  -0.8446E-14  -0.2694E-12   0.2699E-12
    8794    15255       22  -0.1738E-14  -0.1082E-14  -0.3482E-13   0.3488E-13
    8794    15243       22  -0.6363E-14  -0.4776E-14  -0.1513E-12   0.1515E-12
    8795    15007       22   0.9876E-14   0.1165E-13   0.3333E-12   0.3337E-12
    8795    15006       22  -0.3621E-13  -0.3275E-13  -0.9143E-12   0.9156E-12
    8795    15036       22   0.5563E-14   0.1004E-13   0.2835E-12   0.2837E-12
    8795    15254       22  -0.5970E-13  -0.5836E-13  -0.1696E-11   0.1698E-11
    8795    15255       22  -0.8103E-14  -0.4052E-13  -0.1120E-11   0.1120E-11
    8795    15243       22  -0.5913E-14  -0.1085E-13  -0.3126E-12   0.3129E-12
    8796    15007       32  -0.6019E-13   0.1166E-13   0.2543E-12   0.2616E-12
    8796    15006       32  -0.5637E-13   0.1070E-13   0.2325E-12   0.2395E-12
    8796    15036       32   0.1009E-12  -0.1764E-13  -0.3921E-12   0.4052E-12
    8796    15254       32   0.6826E-13  -0.1347E-13  -0.2916E-12   0.2998E-12
    8796    15255       32   0.2457E-12  -0.4636E-13  -0.1004E-11   0.1035E-11
    8796    15243       32   0.2822E-12  -0.5477E-13  -0.1199E-11   0.1233E-11
    8797    15007       22   0.3389E-14   0.5653E-14   0.1670E-12   0.1672E-12
    8797    15006       22   0.4999E-14   0.5591E-14   0.1682E-12   0.1683E-12
    8797    15036       22   0.6998E-14   0.8124E-14   0.2439E-12   0.2441E-12
    8797    15254       22  -0.3625E-13  -0.3994E-13  -0.1202E-11   0.1203E-11
    8797    15255       22  -0.1746E-13  -0.2385E-13  -0.7102E-12   0.7108E-12
    8797    15243       22  -0.1986E-13  -0.2420E-13  -0.7247E-12   0.7253E-12
    8799    15044       28   0.2164E-14   0.8685E-15   0.2821E-13   0.2831E-13
    8799    15006       28  -0.1303E-13  -0.5217E-14  -0.1695E-12   0.1701E-12
    8799    15007       28   0.4595E-14   0.1910E-14   0.6198E-13   0.6218E-13
    8799    15256       28  -0.7023E-14  -0.2788E-14  -0.9060E-13   0.9092E-13
    8799    15254       28  -0.2750E-13  -0.1158E-13  -0.3756E-12   0.3768E-12
    8799    15245       28  -0.2370E-14  -0.9759E-15  -0.3167E-13   0.3178E-13
    8800    15044       29   0.5725E-15   0.1899E-15   0.6747E-14   0.6774E-14
    8800    15006       29   0.1716E-14   0.5801E-15   0.2064E-13   0.2072E-13
    8800    15007       29  -0.6258E-14  -0.2039E-14  -0.7430E-13   0.7459E-13
    8800    15256       29  -0.5872E-15  -0.2000E-15  -0.6989E-14   0.7017E-14
    8800    15254       29  -0.1010E-13  -0.3469E-14  -0.1224E-12   0.1228E-12
    8800    15245       29  -0.1823E-14  -0.5990E-15  -0.2140E-13   0.2148E-13
    8801    15044       29   0.1409E-16   0.1467E-21   0.1996E-16   0.2443E-16
    8801    15006       29   0.2692E-16   0.2804E-21   0.3814E-16   0.4668E-16
    8801    15007       29   0.1782E-16   0.1856E-21   0.2524E-16   0.3090E-16
    8801    15256       29  -0.6862E-16  -0.7148E-21  -0.9722E-16   0.1190E-15
    8801    15254       29  -0.6265E-16  -0.6527E-21  -0.8877E-16   0.1087E-15
    8801    15245       29  -0.2083E-15  -0.2170E-20  -0.2951E-15   0.3612E-15
    8911    15008       31   0.3265E-14   0.1011E-14   0.3911E-13   0.3925E-13
    8911    15007       31  -0.1003E-13  -0.3107E-14  -0.1202E-12   0.1207E-12
    8911    15039       31   0.3933E-14   0.1218E-14   0.4710E-13   0.4728E-13
    8911    15377       31  -0.1290E-13  -0.3995E-14  -0.1545E-12   0.1551E-12
    8911    15379       31  -0.1872E-13  -0.5795E-14  -0.2242E-12   0.2250E-12
    8911    15378       31  -0.2957E-14  -0.9157E-15  -0.3542E-13   0.3556E-13
    8915    15045       29   0.1909E-17   0.5614E-20   0.1193E-17   0.2251E-17
    8915    15007       29  -0.4736E-16  -0.1393E-18  -0.2959E-16   0.5584E-16
    8915    15008       29   0.6388E-17   0.1878E-19   0.3990E-17   0.7532E-17
    8915    15380       29  -0.6913E-17  -0.2033E-19  -0.4318E-17   0.8151E-17
    8915    15377       29  -0.3017E-16  -0.8870E-19  -0.1884E-16   0.3557E-16
    8915    15373       29  -0.9527E-18  -0.2801E-20  -0.5951E-18   0.1123E-17
    8950    15058       21   0.8781E-17   0.9891E-19   0.7995E-17   0.1188E-16
    8950    15053       21  -0.9438E-17  -0.1063E-18  -0.8593E-17   0.1276E-16
    8950    15056       21  -0.3490E-17  -0.3931E-19  -0.3177E-17   0.4719E-17
    8950    15405       21   0.1190E-15   0.1341E-17   0.1084E-15   0.1610E-15
    8950    15403       21   0.6113E-17   0.6886E-19   0.5566E-17   0.8268E-17
    8950    15406       21   0.8401E-17   0.9463E-19   0.7649E-17   0.1136E-16
    8953    15058       21  -0.1859E-16  -0.3257E-18  -0.1233E-16   0.2230E-16
    8953    15053       21  -0.1088E-16  -0.1907E-18  -0.7216E-17   0.1306E-16
    8953    15056       21  -0.2477E-16  -0.4341E-18  -0.1643E-16   0.2972E-16
    8953    15405       21   0.1850E-15   0.3243E-17   0.1227E-15   0.2221E-15
    8953    15403       21   0.6700E-16   0.1174E-17   0.4443E-16   0.8040E-16
    8953    15406       21   0.5671E-16   0.9939E-18   0.3761E-16   0.6806E-16
    8954    15058       23   0.2416E-15  -0.1352E-22   0.1175E-16   0.2418E-15
    8954    15056       23  -0.1069E-15   0.5986E-23  -0.5201E-17   0.1071E-15
    8954    15039       23  -0.3225E-16   0.1806E-23  -0.1569E-17   0.3229E-16
    8954    15406       23   0.6448E-15  -0.3610E-22   0.3136E-16   0.6455E-15
    8954    15400       23   0.3765E-16  -0.2108E-23   0.1832E-17   0.3770E-16
    8954    15404       23   0.9729E-16  -0.5446E-23   0.4732E-17   0.9740E-16
    8956    15058       19  -0.2109E-16   0.4122E-23   0.5615E-17   0.2183E-16
    8956    15056       19  -0.7831E-17   0.1372E-23   0.1435E-17   0.7961E-17
    8956    15039       19   0.1910E-16  -0.3956E-23  -0.6003E-17   0.2002E-16
    8956    15406       19   0.1399E-16  -0.2429E-23  -0.2475E-17   0.1421E-16
    8956    15400       19   0.1844E-16  -0.3249E-23  -0.3458E-17   0.1876E-16
    8956    15404       19   0.2960E-15  -0.5696E-22  -0.7515E-16   0.3054E-15
    8957    15058       19  -0.1103E-16   0.1838E-24  -0.4948E-17   0.1209E-16
    8957    15056       19  -0.3809E-16   0.4598E-24  -0.1770E-16   0.4200E-16
    8957    15039       19  -0.3037E-16   0.3208E-24  -0.1428E-16   0.3356E-16
    8957    15406       19   0.9175E-16  -0.1080E-23   0.4275E-16   0.1012E-15
    8957    15400       19   0.8098E-16  -0.9911E-24   0.3759E-16   0.8928E-16
    8957    15404       19   0.3887E-15  -0.5190E-23   0.1789E-15   0.4279E-15
    8959    15039       31   0.3472E-14   0.1524E-14   0.5596E-13   0.5609E-13
    8959    15007       31  -0.2263E-13  -0.9788E-14  -0.3602E-12   0.3610E-12
    8959    15036       31   0.3411E-14   0.1907E-14   0.6812E-13   0.6824E-13
    8959    15379       31  -0.1580E-13  -0.6425E-14  -0.2383E-12   0.2390E-12
    8959    15243       31  -0.1231E-13  -0.8955E-14  -0.3123E-12   0.3126E-12
    8959    15409       31  -0.1658E-14  -0.9563E-15  -0.3405E-13   0.3411E-13
    8960    15039       31  -0.1674E-16   0.6243E-18   0.2602E-16   0.3095E-16
    8960    15007       31  -0.3497E-16   0.1538E-18   0.3393E-16   0.4873E-16
    8960    15036       31   0.5892E-16  -0.3439E-17  -0.1136E-15   0.1280E-15
    8960    15379       31   0.2209E-16  -0.5435E-18  -0.2936E-16   0.3675E-16
    8960    15243       31   0.3006E-15   0.2053E-17  -0.2317E-15   0.3795E-15
    8960    15409       31   0.1062E-15  -0.6823E-17  -0.2159E-15   0.2408E-15
    8961    15039       31  -0.8595E-14   0.3164E-14   0.2733E-13   0.2882E-13
    8961    15007       31  -0.6107E-14   0.2248E-14   0.1942E-13   0.2048E-13
    8961    15036       31  -0.9219E-14   0.3394E-14   0.2931E-13   0.3091E-13
    8961    15379       31   0.4026E-13  -0.1482E-13  -0.1280E-12   0.1350E-12
    8961    15243       31   0.3352E-13  -0.1234E-13  -0.1065E-12   0.1124E-12
    8961    15409       31   0.2872E-13  -0.1057E-13  -0.9131E-13   0.9630E-13
    8962    15058       23   0.1065E-15  -0.1738E-18   0.8159E-16   0.1342E-15
    8962    15039       23  -0.1209E-15   0.1972E-18  -0.9258E-16   0.1523E-15
    8962    15036       23  -0.6558E-16   0.1070E-18  -0.5022E-16   0.8260E-16
    8962    15404       23   0.1035E-14  -0.1689E-17   0.7929E-15   0.1304E-14
    8962    15409       23   0.1088E-15  -0.1774E-18   0.8329E-16   0.1370E-15
    8962    15247       23   0.1804E-15  -0.2943E-18   0.1381E-15   0.2272E-15
    8963    15058       19  -0.7483E-16   0.1107E-22   0.4714E-16   0.8844E-16
    8963    15039       19   0.5137E-16  -0.8396E-23  -0.3209E-16   0.6057E-16
    8963    15036       19  -0.4311E-16   0.5819E-23   0.2735E-16   0.5106E-16
    8963    15404       19   0.8087E-15  -0.1207E-21  -0.5091E-15   0.9556E-15
    8963    15409       19   0.1069E-15  -0.1446E-22  -0.6778E-16   0.1265E-15
    8963    15247       19   0.7700E-16  -0.1026E-22  -0.4889E-16   0.9121E-16
    8964    15058       23  -0.3773E-17  -0.4701E-19   0.2531E-17   0.4543E-17
    8964    15039       23  -0.6465E-17  -0.8055E-19   0.4337E-17   0.7786E-17
    8964    15036       23   0.4075E-17   0.5077E-19  -0.2734E-17   0.4907E-17
    8964    15404       23   0.6832E-17   0.8512E-19  -0.4583E-17   0.8227E-17
    8964    15409       23   0.7854E-16   0.9786E-18  -0.5269E-16   0.9458E-16
    8964    15247       23   0.9333E-17   0.1163E-18  -0.6261E-17   0.1124E-16
    8965    15058       23  -0.3255E-16   0.1247E-23   0.2173E-16   0.3913E-16
    8965    15039       23  -0.7406E-16   0.2837E-23   0.4943E-16   0.8904E-16
    8965    15036       23  -0.6074E-16   0.2327E-23   0.4054E-16   0.7303E-16
    8965    15404       23   0.2171E-15  -0.8314E-23  -0.1449E-15   0.2610E-15
    8965    15409       23   0.1762E-15  -0.6748E-23  -0.1176E-15   0.2118E-15
    8965    15247       23   0.4272E-15  -0.1636E-22  -0.2851E-15   0.5136E-15
    8966    15006      244   0.3257E-15   0.1602E-15  -0.1030E-14   0.1092E-14
    8966    15005      244  -0.1934E-16  -0.9515E-17   0.6116E-16   0.6485E-16
    8966    15041      244  -0.1850E-16  -0.9098E-17   0.5848E-16   0.6200E-16
    8966    15411      244   0.7910E-16   0.3891E-16  -0.2501E-15   0.2652E-15
    8966    15312      244   0.3943E-17   0.1939E-17  -0.1246E-16   0.1322E-16
    8966    15412      244   0.7404E-16   0.3642E-16  -0.2341E-15   0.2482E-15
    8972    15043      244   0.7767E-15  -0.4045E-19   0.4671E-15   0.9063E-15
    8972    15005      244   0.8823E-15  -0.3959E-19   0.5277E-15   0.1028E-14
    8972    15006      244  -0.5233E-14   0.2553E-18  -0.3139E-14   0.6102E-14
    8972    15413      244  -0.4359E-15   0.2112E-19  -0.2615E-15   0.5083E-15
    8972    15411      244  -0.3659E-14   0.1609E-18  -0.2187E-14   0.4263E-14
    8972    15414      244  -0.3081E-14   0.1633E-18  -0.1854E-14   0.3596E-14
    8994    15036       33   0.1303E-13  -0.1037E-14  -0.2752E-13   0.3046E-13
    8994    15006       33  -0.7944E-14   0.7692E-15   0.1890E-13   0.2052E-13
    8994    15041       33  -0.5781E-14   0.5564E-15   0.1368E-13   0.1486E-13
    8994    15255       33   0.4128E-13  -0.4283E-14  -0.1028E-12   0.1109E-12
    8994    15412       33   0.7403E-14  -0.7817E-15  -0.1860E-13   0.2004E-13
    8994    15427       33   0.2082E-13  -0.1941E-14  -0.4826E-13   0.5259E-13
    8995    15036       32  -0.1965E-14  -0.4327E-15   0.4938E-13   0.4942E-13
    8995    15006       32   0.7979E-14   0.8298E-15  -0.3229E-12   0.3230E-12
    8995    15041       32  -0.4286E-14  -0.1708E-14   0.4664E-13   0.4687E-13
    8995    15255       32   0.7978E-14   0.1184E-14  -0.2161E-12   0.2163E-12
    8995    15412       32   0.2026E-13   0.8386E-14  -0.2026E-12   0.2038E-12
    8995    15427       32   0.2330E-14   0.8818E-15  -0.2263E-13   0.2277E-13
    8996    15036       33  -0.1266E-16  -0.6228E-17   0.4003E-16   0.4244E-16
    8996    15006       33  -0.4597E-17  -0.2261E-17   0.1453E-16   0.1541E-16
    8996    15041       33   0.1509E-16   0.7423E-17  -0.4771E-16   0.5058E-16
    8996    15255       33   0.7589E-17   0.3733E-17  -0.2399E-16   0.2544E-16
    8996    15412       33   0.1150E-16   0.5655E-17  -0.3635E-16   0.3854E-16
    8996    15427       33   0.1303E-15   0.6408E-16  -0.4119E-15   0.4367E-15
    8997    15036       33  -0.3625E-13  -0.1849E-13   0.1233E-12   0.1298E-12
    8997    15006       33  -0.3133E-13  -0.1795E-13   0.1212E-12   0.1264E-12
    8997    15041       33  -0.2859E-13  -0.1917E-13   0.1276E-12   0.1321E-12
    8997    15255       33   0.1363E-12   0.1026E-12  -0.6866E-12   0.7075E-12
    8997    15412       33   0.1677E-12   0.8850E-13  -0.5897E-12   0.6194E-12
    8997    15427       33   0.1369E-12   0.7414E-13  -0.5013E-12   0.5250E-12
    9023    15059       34   0.1412E-18   0.3226E-21  -0.3002E-17   0.3005E-17
    9023    15054       34  -0.7739E-19  -0.1769E-21   0.1646E-17   0.1648E-17
    9023    15058       34   0.8332E-19   0.1904E-21  -0.1772E-17   0.1774E-17
    9023    15447       34  -0.2249E-17  -0.5140E-20   0.4782E-16   0.4787E-16
    9023    15253       34  -0.1954E-18  -0.4465E-21   0.4154E-17   0.4159E-17
    9023    15448       34  -0.1561E-18  -0.3569E-21   0.3320E-17   0.3324E-17
    9039    15043       28   0.4474E-16   0.3270E-16   0.9086E-15   0.9103E-15
    9039    15006       28  -0.7113E-15  -0.5199E-15  -0.1445E-13   0.1447E-13
    9039    15044       28   0.4135E-16   0.3022E-16   0.8398E-15   0.8413E-15
    9039    15414       28  -0.1831E-15  -0.1338E-15  -0.3720E-14   0.3726E-14
    9039    15256       28  -0.1675E-15  -0.1224E-15  -0.3403E-14   0.3409E-14
    9039    15450       28  -0.8492E-17  -0.6206E-17  -0.1725E-15   0.1728E-15
    9042    15054       27  -0.1673E-16  -0.1493E-18   0.1738E-16   0.2412E-16
    9042    15043       27   0.7898E-18   0.6864E-20  -0.8127E-18   0.1133E-17
    9042    15044       27   0.5118E-18   0.4670E-20  -0.5361E-18   0.7412E-18
    9042    15210       27  -0.3243E-17  -0.2815E-19   0.3336E-17   0.4652E-17
    9042    15450       27  -0.8468E-19  -0.7538E-21   0.8790E-19   0.1221E-18
    9042    15252       27  -0.2025E-17  -0.1851E-19   0.2123E-17   0.2934E-17
    9074    15054       34  -0.1353E-16  -0.5654E-19   0.4804E-16   0.4991E-16
    9074    15044       34   0.8991E-18   0.1314E-20  -0.4161E-17   0.4257E-17
    9074    15053       34   0.5452E-18   0.8338E-21  -0.2509E-17   0.2567E-17
    9074    15252       34  -0.3760E-17  -0.5254E-20   0.1750E-16   0.1790E-16
    9074    15410       34  -0.1584E-18  -0.4258E-22   0.8079E-18   0.8233E-18
    9074    15460       34  -0.2117E-17  -0.3320E-20   0.9707E-17   0.9935E-17
    9115    15062       34   0.4288E-15   0.2761E-16  -0.2758E-14   0.2791E-14
    9115    15054       34  -0.3917E-15  -0.2523E-16   0.2519E-14   0.2550E-14
    9115    15059       34   0.4359E-15   0.2807E-16  -0.2804E-14   0.2837E-14
    9115    15213       34  -0.1780E-14  -0.1146E-15   0.1145E-13   0.1159E-13
    9115    15447       34  -0.1986E-14  -0.1279E-15   0.1277E-13   0.1292E-13
    9115    15468       34  -0.5948E-15  -0.3831E-16   0.3826E-14   0.3872E-14
    9116    15062       18  -0.5832E-18   0.1223E-19  -0.1241E-17   0.1371E-17
    9116    15054       18  -0.1265E-18   0.2653E-20  -0.2692E-18   0.2975E-18
    9116    15059       18   0.1524E-17  -0.3195E-19   0.3242E-17   0.3582E-17
    9116    15213       18   0.1363E-18  -0.2858E-20   0.2901E-18   0.3205E-18
    9116    15447       18   0.3860E-18  -0.8092E-20   0.8212E-18   0.9075E-18
    9116    15468       18   0.3417E-17  -0.7164E-19   0.7270E-17   0.8034E-17
    9120    15062      229  -0.5049E-18  -0.9763E-25  -0.2915E-18   0.5830E-18
    9120    15059      229  -0.2020E-17  -0.3907E-24  -0.1166E-17   0.2333E-17
    9120    15041      229   0.1968E-17   0.3805E-24   0.1136E-17   0.2272E-17
    9120    15468      229   0.9176E-18   0.1774E-24   0.5298E-18   0.1060E-17
    9120    15467      229   0.3576E-16   0.6916E-23   0.2065E-16   0.4130E-16
    9120    15314      229   0.1141E-17   0.2207E-24   0.6589E-18   0.1318E-17
    9156    15059      229  -0.7281E-15  -0.1403E-21  -0.4204E-15   0.8407E-15
    9156    15036      229  -0.1358E-14  -0.2616E-21  -0.7839E-15   0.1568E-14
    9156    15041      229   0.2569E-14   0.4950E-21   0.1483E-14   0.2966E-14
    9156    15446      229   0.8837E-15   0.1703E-21   0.5102E-15   0.1020E-14
    9156    15427      229   0.7946E-14   0.1531E-20   0.4588E-14   0.9176E-14
    9156    15467      229   0.2414E-14   0.4653E-21   0.1394E-14   0.2788E-14
    9723      375      211   0.0000E+00   0.4615E-13   0.0000E+00   0.4615E-13
    9723       77      211   0.0000E+00  -0.1453E-12   0.0000E+00   0.1453E-12
    9723      311      211   0.0000E+00   0.7562E-14   0.0000E+00   0.7562E-14
    9723     1252      211   0.0000E+00  -0.2629E-12   0.0000E+00   0.2629E-12
    9723     1254      211   0.0000E+00  -0.2380E-13   0.0000E+00   0.2380E-13
    9723     1253      211   0.0000E+00  -0.7242E-14   0.0000E+00   0.7242E-14
    9763      634      205   0.0000E+00   0.3859E-14   0.0000E+00   0.3859E-14
    9763       77      205   0.0000E+00  -0.2390E-13   0.0000E+00   0.2390E-13
    9763       79      205   0.0000E+00   0.1661E-13   0.0000E+00   0.1661E-13
    9763     1975      205   0.0000E+00  -0.9602E-14   0.0000E+00   0.9602E-14
    9763     2138      205   0.0000E+00  -0.1722E-12   0.0000E+00   0.1722E-12
    9763     2137      205   0.0000E+00  -0.6257E-14   0.0000E+00   0.6257E-14
    9764      634      205   0.0000E+00   0.1823E-14   0.0000E+00   0.1823E-14
    9764       77      205   0.0000E+00   0.7596E-14   0.0000E+00   0.7596E-14
    9764       79      205   0.0000E+00  -0.1047E-13   0.0000E+00   0.1047E-13
    9764     1975      205   0.0000E+00  -0.3023E-14   0.0000E+00   0.3023E-14
    9764     2138      205   0.0000E+00  -0.8907E-13   0.0000E+00   0.8907E-13
    9764     2137      205   0.0000E+00  -0.4458E-14   0.0000E+00   0.4458E-14
    9765      634      205   0.0000E+00   0.9225E-16   0.0000E+00   0.9225E-16
    9765       77      205   0.0000E+00   0.4799E-16   0.0000E+00   0.4799E-16
    9765       79      205   0.0000E+00   0.4724E-16   0.0000E+00   0.4724E-16
    9765     1975      205   0.0000E+00  -0.1918E-15   0.0000E+00   0.1918E-15
    9765     2138      205   0.0000E+00  -0.2528E-14   0.0000E+00   0.2528E-14
    9765     2137      205   0.0000E+00  -0.1921E-15   0.0000E+00   0.1921E-15
    9823      635      209   0.0000E+00   0.1877E-13   0.0000E+00   0.1877E-13
    9823       79      209   0.0000E+00  -0.1391E-12   0.0000E+00   0.1391E-12
    9823      379      209   0.0000E+00   0.6995E-13   0.0000E+00   0.6995E-13
    9823     2910      209   0.0000E+00  -0.5365E-13   0.0000E+00   0.5365E-13
    9823     2911      209   0.0000E+00  -0.5225E-12   0.0000E+00   0.5225E-12
    9823     1425      209   0.0000E+00  -0.2452E-13   0.0000E+00   0.2452E-13
   10287      317      201   0.0000E+00  -0.9593E-14   0.0000E+00   0.9593E-14
   10287       94      201   0.0000E+00   0.1843E-12   0.0000E+00   0.1843E-12
   10287      405      201   0.0000E+00  -0.5858E-13   0.0000E+00   0.5858E-13
   10287     1284      201   0.0000E+00   0.3020E-13   0.0000E+00   0.3020E-13
   10287     1286      201   0.0000E+00   0.3338E-12   0.0000E+00   0.3338E-12
   10287     1285      201   0.0000E+00   0.9177E-14   0.0000E+00   0.9177E-14
   10327      409      202   0.0000E+00  -0.8488E-13   0.0000E+00   0.8488E-13
   10327       93      202   0.0000E+00   0.1526E-12   0.0000E+00   0.1526E-12
   10327      670      202   0.0000E+00  -0.2574E-13   0.0000E+00   0.2574E-13
   10327     2255      202   0.0000E+00   0.6593E-12   0.0000E+00   0.6593E-12
   10327     2257      202   0.0000E+00   0.7253E-13   0.0000E+00   0.7253E-13
   10327     2256      202   0.0000E+00   0.3523E-13   0.0000E+00   0.3523E-13
   10431      659      187   0.0000E+00  -0.1737E-15   0.0000E+00   0.1737E-15
   10431       98      187   0.0000E+00   0.1656E-13   0.0000E+00   0.1656E-13
   10431      410      187   0.0000E+00  -0.2698E-14   0.0000E+00   0.2698E-14
   10431     1745      187   0.0000E+00   0.6051E-15   0.0000E+00   0.6051E-15
   10431     2836      187   0.0000E+00   0.1274E-13   0.0000E+00   0.1274E-13
   10431     2842      187   0.0000E+00   0.9540E-16   0.0000E+00   0.9540E-16
   10707      667      197   0.0000E+00  -0.2963E-15   0.0000E+00   0.2963E-15
   10707       93      197   0.0000E+00   0.7969E-15   0.0000E+00   0.7969E-15
   10707       94      197   0.0000E+00  -0.8657E-15   0.0000E+00   0.8657E-15
   10707     3228      197   0.0000E+00   0.6873E-15   0.0000E+00   0.6873E-15
   10707     2253      197   0.0000E+00   0.1371E-13   0.0000E+00   0.1371E-13
   10707     4213      197   0.0000E+00   0.5319E-15   0.0000E+00   0.5319E-15
   10708      667      200   0.0000E+00  -0.3639E-14   0.0000E+00   0.3639E-14
   10708       93      200   0.0000E+00  -0.1484E-13   0.0000E+00   0.1484E-13
   10708       94      200   0.0000E+00   0.2182E-13   0.0000E+00   0.2182E-13
   10708     3228      200   0.0000E+00   0.5824E-14   0.0000E+00   0.5824E-14
   10708     2253      200   0.0000E+00   0.1471E-12   0.0000E+00   0.1471E-12
   10708     4213      200   0.0000E+00   0.9171E-14   0.0000E+00   0.9171E-14
   10709      667      197   0.0000E+00  -0.1952E-16   0.0000E+00   0.1952E-16
   10709       93      197   0.0000E+00  -0.1011E-16   0.0000E+00   0.1011E-16
   10709       94      197   0.0000E+00  -0.1012E-16   0.0000E+00   0.1012E-16
   10709     3228      197   0.0000E+00   0.4086E-16   0.0000E+00   0.4086E-16
   10709     2253      197   0.0000E+00   0.4750E-15   0.0000E+00   0.4750E-15
   10709     4213      197   0.0000E+00   0.4080E-16   0.0000E+00   0.4080E-16
   10914     8591      339  -0.6305E-15   0.0000E+00   0.1343E-13   0.1345E-13
   10914     8496      339   0.3580E-14   0.0000E+00  -0.7628E-13   0.7636E-13
   10914     8426      339   0.3879E-14   0.0000E+00  -0.8265E-13   0.8274E-13
   10914    10947      339  -0.9741E-14   0.0000E+00   0.2076E-12   0.2078E-12
   10914    10941      339  -0.6868E-14   0.0000E+00   0.1463E-12   0.1465E-12
   10914    11029      339  -0.2982E-13   0.0000E+00   0.6355E-12   0.6362E-12
   TOTAL                    -0.5885E-10  -0.1098E-11   0.2384E-09   0.1355E-08

   TOTAL NUMBER OF ACTIVE CONTACT ELEMENT(S) =    99


  **********************************************************************

  AUTOMATIC SETTING for STEP     2


          Starting Time=0.100000E-01     Time Inc.( 0)=0.200000E-01

  **********************************************************************
 

  AUTOMATIC RESET for STEP     2

     Automatic step adjustments are required since
     5 more iterations may be needed for convergence

  **********************************************************************

  AUTOMATIC RESET for STEP     2

     Automatic step adjustments are required since
     Exceed max. # of iterations[surface to surface].

          Starting Time=0.100000E-01     Time Inc.( 1)=0.500000E-02

  **********************************************************************
 

   TIME STEP =        2 TIME =   0.1500E-01
   **************************************************

   FORCES ON THE ACTIVE CONTACT ELEMENT(S)
   ELEMENT   NODE               FX           FY           FZ       NORMAL FORCE
    8451    15530       13   0.6217E-08   0.1514E-09   0.1624E-06   0.1626E-06
    8451    15493       13  -0.8603E-08  -0.2095E-09  -0.2248E-06   0.2249E-06
    8451    15531       13   0.1350E-07   0.3288E-09   0.3528E-06   0.3530E-06
    8451    15805       13  -0.1347E-07  -0.3280E-09  -0.3518E-06   0.3521E-06
    8451    15807       13  -0.3523E-06  -0.8582E-08  -0.9206E-05   0.9213E-05
    8451    15806       13  -0.1185E-07  -0.2887E-09  -0.3097E-06   0.3100E-06
    8452    15530       13   0.7446E-02   0.3981E-04   0.7484E-02   0.1056E-01
    8452    15493       13   0.6668E-02   0.3566E-04   0.6702E-02   0.9455E-02
    8452    15531       13  -0.4313E-01  -0.2306E-03  -0.4335E-01   0.6115E-01
    8452    15805       13  -0.3681E-02  -0.1968E-04  -0.3699E-02   0.5219E-02
    8452    15807       13  -0.2624E-01  -0.1403E-03  -0.2638E-01   0.3721E-01
    8452    15806       13  -0.3211E-01  -0.1717E-03  -0.3228E-01   0.4553E-01
    8457    15494       17   0.1049E-03   0.3974E-05   0.2380E-02   0.2383E-02
    8457    15493       17   0.1330E-03   0.5040E-05   0.3019E-02   0.3022E-02
    8457    15523       17   0.9832E-04   0.3724E-05   0.2231E-02   0.2233E-02
    8457    15811       17  -0.3625E-03  -0.1373E-04  -0.8225E-02   0.8233E-02
    8457    15812       17  -0.7637E-03  -0.2893E-04  -0.1733E-01   0.1735E-01
    8457    15673       17  -0.1198E-02  -0.4539E-04  -0.2719E-01   0.2721E-01
    8460    15531       11   0.6301E-04   0.2736E-05   0.1299E-02   0.1301E-02
    8460    15493       11   0.3613E-04   0.1551E-05   0.7520E-03   0.7529E-03
    8460    15494       11  -0.4815E-04  -0.2119E-05  -0.9826E-03   0.9838E-03
    8460    15807       11  -0.6261E-04  -0.2682E-05  -0.1305E-02   0.1306E-02
    8460    15811       11  -0.9404E-04  -0.4035E-05  -0.1958E-02   0.1960E-02
    8460    15675       11  -0.5754E-03  -0.2505E-04  -0.1185E-01   0.1186E-01
    8461    15531       11   0.3207E-02   0.1215E-03   0.7277E-01   0.7284E-01
    8461    15493       11   0.4741E-02   0.1796E-03   0.1076E+00   0.1077E+00
    8461    15494       11   0.4690E-02   0.1777E-03   0.1064E+00   0.1065E+00
    8461    15807       11  -0.2170E-01  -0.8219E-03  -0.4923E+00   0.4927E+00
    8461    15811       11  -0.1421E-01  -0.5382E-03  -0.3224E+00   0.3227E+00
    8461    15675       11  -0.2202E-01  -0.8342E-03  -0.4996E+00   0.5001E+00
    8465    15547       15  -0.1954E+00   0.2915E-02  -0.3416E+00   0.3936E+00
    8465    15540       15  -0.2293E+00   0.3345E-02  -0.3953E+00   0.4570E+00
    8465    15546       15  -0.1592E+00   0.2383E-02  -0.2789E+00   0.3212E+00
    8465    15820       15   0.7487E+00  -0.1110E-01   0.1303E+01   0.1503E+01
    8465    15816       15   0.8142E+00  -0.1233E-01   0.1436E+01   0.1651E+01
    8465    15821       15   0.9651E+00  -0.1418E-01   0.1671E+01   0.1930E+01
    8466    15547       15   0.5837E-03   0.9264E-06   0.2624E-03   0.6399E-03
    8466    15546       15  -0.4009E-03  -0.6363E-06  -0.1802E-03   0.4395E-03
    8466    15523       15  -0.1123E-03  -0.1782E-06  -0.5047E-04   0.1231E-03
    8466    15821       15   0.3955E-02   0.6277E-05   0.1778E-02   0.4336E-02
    8466    15818       15   0.1775E-03   0.2818E-06   0.7980E-04   0.1946E-03
    8466    15819       15   0.2848E-03   0.4520E-06   0.1280E-03   0.3122E-03
    8467    15547       15  -0.2249E+00  -0.5154E-03  -0.9289E-01   0.2433E+00
    8467    15546       15   0.9354E+00   0.2144E-02   0.3864E+00   0.1012E+01
    8467    15523       15  -0.1529E+00  -0.3505E-03  -0.6317E-01   0.1655E+00
    8467    15821       15   0.1118E+01   0.2563E-02   0.4619E+00   0.1210E+01
    8467    15818       15   0.5505E+00   0.1262E-02   0.2274E+00   0.5956E+00
    8467    15819       15   0.1235E+00   0.2831E-03   0.5102E-01   0.1336E+00
    8468    15547       12  -0.1353E+00  -0.2904E-03   0.3083E-01   0.1388E+00
    8468    15546       12  -0.1332E+00  -0.2858E-03   0.3034E-01   0.1366E+00
    8468    15523       12   0.2464E+00   0.5288E-03  -0.5614E-01   0.2527E+00
    8468    15821       12   0.1327E+00   0.2848E-03  -0.3024E-01   0.1361E+00
    8468    15818       12   0.7052E+00   0.1514E-02  -0.1607E+00   0.7233E+00
    8468    15819       12   0.7040E+00   0.1511E-02  -0.1604E+00   0.7221E+00
    8534    15541       16  -0.1949E-04  -0.2115E-06   0.8905E-05   0.2143E-04
    8534    15530       16   0.8928E-06   0.9687E-08  -0.4079E-06   0.9816E-06
    8534    15531       16   0.6316E-06   0.6853E-08  -0.2886E-06   0.6945E-06
    8534    15880       16  -0.3664E-05  -0.3975E-07   0.1674E-05   0.4028E-05
    8534    15806       16  -0.1030E-06  -0.1118E-08   0.4707E-07   0.1133E-06
    8534    15881       16  -0.2503E-05  -0.2715E-07   0.1144E-05   0.2752E-05
    8538    15541       16  -0.4186E-01  -0.4542E-03   0.1913E-01   0.4603E-01
    8538    15531       16   0.1207E-01   0.1309E-03  -0.5514E-02   0.1327E-01
    8538    15540       16   0.1712E-01   0.1858E-03  -0.7824E-02   0.1883E-01
    8538    15881       16  -0.3993E-01  -0.4333E-03   0.1825E-01   0.4391E-01
    8538    15678       16  -0.1362E-01  -0.1478E-03   0.6224E-02   0.1498E-01
    8538    15883       16  -0.1252E+00  -0.1358E-02   0.5721E-01   0.1377E+00
    8539    15541       10   0.3370E+00  -0.6867E-03   0.5917E-01   0.3422E+00
    8539    15531       10  -0.4547E+00   0.9264E-03  -0.7982E-01   0.4616E+00
    8539    15540       10   0.3566E+00  -0.7265E-03   0.6259E-01   0.3620E+00
    8539    15881       10  -0.1540E+01   0.3138E-02  -0.2703E+00   0.1563E+01
    8539    15678       10  -0.1741E+01   0.3547E-02  -0.3056E+00   0.1768E+01
    8539    15883       10  -0.4143E+00   0.8441E-03  -0.7273E-01   0.4206E+00
    8540    15541        6   0.8678E+00   0.1974E-02  -0.3920E+00   0.9522E+00
    8540    15531        6   0.1149E+01   0.2612E-02  -0.5188E+00   0.1260E+01
    8540    15540        6  -0.2757E+01  -0.6270E-02   0.1245E+01   0.3025E+01
    8540    15881        6  -0.9550E+00  -0.2172E-02   0.4314E+00   0.1048E+01
    8540    15678        6  -0.5411E+01  -0.1231E-01   0.2444E+01   0.5938E+01
    8540    15883        6  -0.3427E+01  -0.7795E-02   0.1548E+01   0.3760E+01
    8541    15541       16   0.1681E-02   0.7217E-05  -0.6861E-03   0.1816E-02
    8541    15531       16   0.2654E-02   0.1139E-04  -0.1083E-02   0.2867E-02
    8541    15540       16   0.1537E-02   0.6600E-05  -0.6274E-03   0.1660E-02
    8541    15881       16  -0.6429E-02  -0.2760E-04   0.2624E-02   0.6944E-02
    8541    15678       16  -0.6804E-02  -0.2921E-04   0.2777E-02   0.7348E-02
    8541    15883       16  -0.1853E-01  -0.7954E-04   0.7562E-02   0.2001E-01
    8542    15547       15   0.2693E-02  -0.2363E-02   0.1742E+00   0.1742E+00
    8542    15541       15  -0.2988E-02   0.2622E-02  -0.1933E+00   0.1933E+00
    8542    15540       15  -0.2978E-02   0.2613E-02  -0.1926E+00   0.1926E+00
    8542    15882       15   0.1265E-01  -0.1110E-01   0.8181E+00   0.8183E+00
    8542    15883       15   0.4231E-02  -0.3712E-02   0.2736E+00   0.2736E+00
    8542    15820       15   0.1370E-01  -0.1202E-01   0.8858E+00   0.8860E+00
    8562    15523        9   0.3160E+00  -0.3051E-03  -0.4148E+00   0.5215E+00
    8562    15493        9  -0.4591E-01   0.4432E-04   0.6026E-01   0.7576E-01
    8562    15528        9  -0.4746E-01   0.4582E-04   0.6230E-01   0.7832E-01
    8562    15812        9   0.1823E+00  -0.1760E-03  -0.2393E+00   0.3009E+00
    8562    15862        9   0.2253E-01  -0.2175E-04  -0.2957E-01   0.3718E-01
    8562    15894        9   0.2023E+00  -0.1953E-03  -0.2655E+00   0.3338E+00
    8566    15547       15   0.1465E+00  -0.2191E-02   0.6267E-01   0.1594E+00
    8566    15523       15  -0.3402E-01   0.5088E-03  -0.1455E-01   0.3701E-01
    8566    15528       15  -0.5099E-01   0.7625E-03  -0.2181E-01   0.5546E-01
    8566    15819       15   0.1144E+00  -0.1711E-02   0.4894E-01   0.1245E+00
    8566    15894       15   0.4192E-01  -0.6269E-03   0.1793E-01   0.4560E-01
    8566    15895       15   0.2954E+00  -0.4417E-02   0.1263E+00   0.3213E+00
    8569    15547       12  -0.3839E+00  -0.1349E-04   0.1018E+00   0.3972E+00
    8569    15523       12  -0.3108E+00  -0.1092E-04   0.8240E-01   0.3215E+00
    8569    15528       12  -0.4090E+00  -0.1438E-04   0.1084E+00   0.4231E+00
    8569    15819       12   0.1817E+01   0.6386E-04  -0.4817E+00   0.1879E+01
    8569    15894       12   0.1486E+01   0.5222E-04  -0.3939E+00   0.1537E+01
    8569    15895       12   0.1444E+01   0.5077E-04  -0.3830E+00   0.1494E+01
    8629    15495       17   0.1027E-03   0.1427E-06   0.6688E-03   0.6766E-03
    8629    15494       17   0.2689E-04   0.3736E-07   0.1751E-03   0.1771E-03
    8629    15526       17   0.8291E-04   0.1152E-06   0.5399E-03   0.5462E-03
    8629    15914       17  -0.2389E-03  -0.3320E-06  -0.1556E-02   0.1574E-02
    8629    15823       17  -0.1230E-02  -0.1710E-05  -0.8013E-02   0.8107E-02
    8629    15787       17  -0.2156E-03  -0.2995E-06  -0.1404E-02   0.1420E-02
    8631    15533       17   0.8672E-05   0.3959E-06   0.1661E-03   0.1663E-03
    8631    15494       17  -0.8384E-05  -0.3837E-06  -0.1608E-03   0.1611E-03
    8631    15495       17   0.3436E-05   0.1562E-06   0.6560E-04   0.6569E-04
    8631    15814       17  -0.9161E-04  -0.4187E-05  -0.1756E-02   0.1758E-02
    8631    15914       17  -0.8544E-05  -0.3882E-06  -0.1631E-03   0.1633E-03
    8631    15911       17  -0.5852E-05  -0.2659E-06  -0.1117E-03   0.1118E-03
    8638    15526       14   0.4856E-02  -0.4361E-05  -0.4737E-02   0.6784E-02
    8638    15494       14  -0.2513E-02   0.2257E-05   0.2452E-02   0.3511E-02
    8638    15523       14  -0.4509E-02   0.4050E-05   0.4399E-02   0.6300E-02
    8638    15823       14   0.6976E-02  -0.6266E-05  -0.6806E-02   0.9747E-02
    8638    15673       14   0.4034E-02  -0.3623E-05  -0.3935E-02   0.5635E-02
    8638    15928       14   0.3312E-01  -0.2974E-04  -0.3231E-01   0.4626E-01
    8639    15526       17   0.2006E-02   0.9177E-05   0.4679E-01   0.4683E-01
    8639    15494       17  -0.4348E-02  -0.1989E-04  -0.1014E+00   0.1015E+00
    8639    15523       17   0.2542E-02   0.1163E-04   0.5928E-01   0.5934E-01
    8639    15823       17  -0.1242E-01  -0.5683E-04  -0.2897E+00   0.2900E+00
    8639    15673       17  -0.1443E-01  -0.6599E-04  -0.3365E+00   0.3368E+00
    8639    15928       17  -0.2040E-02  -0.9329E-05  -0.4757E-01   0.4761E-01
    8640    15526       14  -0.1535E-01   0.4311E-05   0.1502E-01   0.2148E-01
    8640    15494       14  -0.6507E-02   0.1828E-05   0.6370E-02   0.9106E-02
    8640    15523       14   0.3784E-01  -0.1063E-04  -0.3705E-01   0.5296E-01
    8640    15823       14   0.7737E-02  -0.2173E-05  -0.7574E-02   0.1083E-01
    8640    15673       14   0.1990E-01  -0.5590E-05  -0.1948E-01   0.2785E-01
    8640    15928       14   0.9709E-01  -0.2727E-04  -0.9504E-01   0.1359E+00
    8641    15526       17  -0.7801E-02   0.7355E-05   0.1035E-01   0.1296E-01
    8641    15494       17  -0.1127E-01   0.1107E-04   0.1496E-01   0.1873E-01
    8641    15523       17  -0.5866E-02   0.6078E-05   0.7788E-02   0.9750E-02
    8641    15823       17   0.2714E-01  -0.2686E-04  -0.3602E-01   0.4510E-01
    8641    15673       17   0.2961E-01  -0.2869E-04  -0.3929E-01   0.4920E-01
    8641    15928       17   0.7178E-01  -0.7130E-04  -0.9528E-01   0.1193E+00
    8642    15546       12   0.2727E+00   0.7215E-03   0.1085E+00   0.2935E+00
    8642    15526       12  -0.2961E-01  -0.7946E-04  -0.1173E-01   0.3184E-01
    8642    15523       12  -0.2212E-01  -0.5766E-04  -0.8835E-02   0.2382E-01
    8642    15824       12   0.1244E+00   0.3344E-03   0.4924E-01   0.1338E+00
    8642    15928       12   0.7846E-02   0.2076E-04   0.3120E-02   0.8444E-02
    8642    15818       12   0.8790E-01   0.2287E-03   0.3513E-01   0.9466E-01
    8644    15546       12  -0.3850E-01  -0.1534E-03   0.8206E-02   0.3936E-01
    8644    15526       12  -0.2587E-01  -0.1073E-03   0.5481E-02   0.2644E-01
    8644    15523       12   0.2768E-01   0.1035E-03  -0.5954E-02   0.2831E-01
    8644    15824       12   0.4380E-01   0.1831E-03  -0.9268E-02   0.4477E-01
    8644    15928       12   0.7198E-01   0.2982E-03  -0.1525E-01   0.7358E-01
    8644    15818       12   0.2895E+00   0.1139E-02  -0.6182E-01   0.2960E+00
    8645    15546       12  -0.1824E+01  -0.1019E-01   0.3654E+00   0.1860E+01
    8645    15526       12  -0.1677E+01  -0.9367E-02   0.3359E+00   0.1710E+01
    8645    15523       12  -0.1780E+01  -0.9944E-02   0.3566E+00   0.1815E+01
    8645    15824       12   0.8405E+01   0.4695E-01  -0.1684E+01   0.8572E+01
    8645    15928       12   0.7131E+01   0.3984E-01  -0.1429E+01   0.7273E+01
    8645    15818       12   0.7844E+01   0.4382E-01  -0.1571E+01   0.8000E+01
    8646    15531       11  -0.1500E+01  -0.2107E-02  -0.1658E+01   0.2236E+01
    8646    15494       11   0.7005E+00   0.9843E-03   0.7745E+00   0.1044E+01
    8646    15533       11   0.6422E+00   0.9023E-03   0.7101E+00   0.9574E+00
    8646    15675       11  -0.3205E+01  -0.4503E-02  -0.3544E+01   0.4778E+01
    8646    15814       11  -0.7469E+00  -0.1049E-02  -0.8257E+00   0.1113E+01
    8646    15929       11  -0.2668E+01  -0.3748E-02  -0.2950E+01   0.3977E+01
    8647    15531       11   0.8717E-02   0.4065E-03   0.1694E+00   0.1696E+00
    8647    15494       11  -0.9417E-02  -0.4392E-03  -0.1830E+00   0.1832E+00
    8647    15533       11   0.8247E-02   0.3846E-03   0.1602E+00   0.1605E+00
    8647    15675       11  -0.4345E-01  -0.2027E-02  -0.8444E+00   0.8455E+00
    8647    15814       11  -0.3701E-01  -0.1726E-02  -0.7191E+00   0.7201E+00
    8647    15929       11  -0.1073E-01  -0.5005E-03  -0.2085E+00   0.2088E+00
    8648    15531        8   0.6930E-01  -0.1714E-02   0.7062E-01   0.9895E-01
    8648    15494        8   0.5295E-01  -0.1310E-02   0.5396E-01   0.7561E-01
    8648    15533        8  -0.8109E-01   0.2006E-02  -0.8264E-01   0.1158E+00
    8648    15675        8  -0.7570E-01   0.1872E-02  -0.7715E-01   0.1081E+00
    8648    15814        8  -0.1747E+00   0.4321E-02  -0.1780E+00   0.2495E+00
    8648    15929        8  -0.3829E+00   0.9471E-02  -0.3902E+00   0.5468E+00
    8649    15531       11   0.9918E-01   0.1394E-03   0.1097E+00   0.1479E+00
    8649    15494       11   0.1263E+00   0.1774E-03   0.1396E+00   0.1882E+00
    8649    15533       11   0.9813E-01   0.1379E-03   0.1085E+00   0.1463E+00
    8649    15675       11  -0.3986E+00  -0.5601E-03  -0.4407E+00   0.5943E+00
    8649    15814       11  -0.4097E+00  -0.5756E-03  -0.4530E+00   0.6108E+00
    8649    15929       11  -0.5969E+00  -0.8386E-03  -0.6599E+00   0.8898E+00
    8650    15540        5  -0.1990E+01  -0.4526E-02   0.8989E+00   0.2183E+01
    8650    15531        5   0.6590E+00   0.1499E-02  -0.2977E+00   0.7232E+00
    8650    15533        5   0.3831E+00   0.8712E-03  -0.1730E+00   0.4203E+00
    8650    15678        5  -0.3289E+01  -0.7481E-02   0.1486E+01   0.3609E+01
    8650    15929        5  -0.3506E+00  -0.7975E-03   0.1584E+00   0.3847E+00
    8650    15813        5  -0.1463E+01  -0.3327E-02   0.6607E+00   0.1605E+01
    8651    15540       10   0.1783E-01  -0.2662E-04   0.2502E-02   0.1801E-01
    8651    15531       10  -0.1748E-01   0.2834E-04  -0.2598E-02   0.1768E-01
    8651    15533       10   0.9349E-02  -0.1280E-04   0.1237E-02   0.9431E-02
    8651    15678       10  -0.1420E+00   0.2125E-03  -0.1996E-01   0.1434E+00
    8651    15929       10  -0.2528E-01   0.3467E-04  -0.3349E-02   0.2550E-01
    8651    15813       10  -0.1541E-01   0.2069E-04  -0.2013E-02   0.1554E-01
    8652    15540       10   0.4083E-01  -0.3607E-03   0.6446E-02   0.4133E-01
    8652    15531       10   0.3533E-01  -0.3119E-03   0.5601E-02   0.3577E-01
    8652    15533       10  -0.1573E-01   0.1394E-03  -0.2447E-02   0.1592E-01
    8652    15678       10  -0.6320E-01   0.5579E-03  -0.1003E-01   0.6399E-01
    8652    15929       10  -0.1090E+00   0.9618E-03  -0.1729E-01   0.1103E+00
    8652    15813       10  -0.2455E+00   0.2171E-02  -0.3857E-01   0.2486E+00
    8653    15540       10   0.3213E+00  -0.2824E-02   0.5226E-01   0.3255E+00
    8653    15531       10   0.3239E+00  -0.2846E-02   0.5268E-01   0.3281E+00
    8653    15533       10   0.3469E+00  -0.3048E-02   0.5642E-01   0.3514E+00
    8653    15678       10  -0.1607E+01   0.1413E-01  -0.2614E+00   0.1629E+01
    8653    15929       10  -0.1458E+01   0.1281E-01  -0.2372E+00   0.1477E+01
    8653    15813       10  -0.1488E+01   0.1308E-01  -0.2420E+00   0.1508E+01
    8658    15546       12   0.1311E+01   0.3761E-02   0.5089E+00   0.1407E+01
    8658    15544       12  -0.2887E+00  -0.8278E-03  -0.1120E+00   0.3097E+00
    8658    15526       12  -0.3214E+00  -0.9217E-03  -0.1247E+00   0.3448E+00
    8658    15931       12   0.1180E+01   0.3384E-02   0.4580E+00   0.1266E+01
    8658    15738       12   0.2118E+00   0.6072E-03   0.8217E-01   0.2271E+00
    8658    15824       12   0.1356E+01   0.3890E-02   0.5264E+00   0.1455E+01
    8678    15547       15   0.4916E+00  -0.1029E-01   0.3234E+00   0.5885E+00
    8678    15528       15  -0.1563E+00   0.3270E-02  -0.1028E+00   0.1871E+00
    8678    15543       15  -0.9988E-01   0.2090E-02  -0.6572E-01   0.1196E+00
    8678    15895       15   0.7823E+00  -0.1637E-01   0.5147E+00   0.9366E+00
    8678    15884       15   0.9034E-01  -0.1890E-02   0.5944E-01   0.1082E+00
    8678    15934       15   0.3659E+00  -0.7658E-02   0.2408E+00   0.4381E+00
    8750    15546       15   0.2588E-02  -0.2297E-05   0.4485E-02   0.5178E-02
    8750    15540       15  -0.3226E-02   0.4333E-05  -0.5852E-02   0.6682E-02
    8750    15539       15  -0.2940E-02   0.4608E-05  -0.5451E-02   0.6193E-02
    8750    15816       15   0.1602E-01  -0.1615E-04   0.2811E-01   0.3236E-01
    8750    15950       15   0.4331E-02  -0.7185E-05   0.8100E-02   0.9185E-02
    8750    15930       15   0.1153E-01  -0.2101E-04   0.2190E-01   0.2474E-01
    8751    15546        6   0.6239E-01   0.1137E-02  -0.1069E+00   0.1238E+00
    8751    15540        6  -0.1521E+00  -0.2772E-02   0.2607E+00   0.3018E+00
    8751    15539        6   0.5888E-01   0.1073E-02  -0.1009E+00   0.1168E+00
    8751    15816        6  -0.2760E+00  -0.5031E-02   0.4731E+00   0.5478E+00
    8751    15950        6  -0.2515E+00  -0.4584E-02   0.4311E+00   0.4991E+00
    8751    15930        6  -0.5566E-01  -0.1014E-02   0.9539E-01   0.1104E+00
    8753    15546        6   0.9435E-01   0.2407E-02  -0.2930E+00   0.3079E+00
    8753    15540        6   0.5943E-01   0.1615E-02  -0.2023E+00   0.2108E+00
    8753    15539        6   0.1085E+00   0.2857E-02  -0.3530E+00   0.3693E+00
    8753    15816        6  -0.4844E+00  -0.1286E-01   0.1594E+01   0.1666E+01
    8753    15950        6  -0.3644E+00  -0.9422E-02   0.1154E+01   0.1211E+01
    8753    15930        6  -0.3007E+00  -0.7981E-02   0.9892E+00   0.1034E+01
    8771    15060      244   0.9058E-01   0.5836E-04  -0.8728E-01   0.1258E+00
    8771    15043      244  -0.2894E+00  -0.1865E-03   0.2789E+00   0.4020E+00
    8771    15054      244   0.2631E+00   0.1695E-03  -0.2535E+00   0.3653E+00
    8771    15208      244  -0.2227E+00  -0.1435E-03   0.2146E+00   0.3092E+00
    8771    15210      244  -0.2877E+01  -0.1854E-02   0.2772E+01   0.3995E+01
    8771    15209      244  -0.1551E+00  -0.9994E-04   0.1495E+00   0.2154E+00
    8772    15060       27   0.2989E+00   0.7830E-02  -0.1494E+01   0.1523E+01
    8772    15043       27   0.2805E+00   0.5779E-02  -0.1142E+01   0.1175E+01
    8772    15054       27  -0.8856E+00  -0.3212E-01   0.5502E+01   0.5573E+01
    8772    15208       27  -0.2856E+00  -0.4597E-02   0.9992E+00   0.1039E+01
    8772    15210       27  -0.1695E+01  -0.2384E-01   0.5151E+01   0.5422E+01
    8772    15209       27  -0.1194E+01  -0.3524E-01   0.6622E+01   0.6729E+01
    8773    15060       27   0.1271E+00   0.1170E-03  -0.1295E+00   0.1815E+00
    8773    15043       27   0.9180E-01   0.8649E-04  -0.9417E-01   0.1315E+00
    8773    15054       27   0.4723E-01   0.4192E-04  -0.4757E-01   0.6703E-01
    8773    15208       27  -0.2742E+00  -0.2526E-03   0.2794E+00   0.3915E+00
    8773    15210       27  -0.1323E+01  -0.1183E-02   0.1339E+01   0.1882E+01
    8773    15209       27  -0.3022E+00  -0.2802E-03   0.3085E+00   0.4318E+00
    8776    15062       34   0.1826E+00  -0.1518E-02  -0.1942E+01   0.1951E+01
    8776    15060       34   0.2324E+00  -0.2950E-02  -0.2347E+01   0.2359E+01
    8776    15054       34  -0.1172E+01   0.2192E-01   0.1177E+02   0.1182E+02
    8776    15212       34  -0.1169E+00   0.4876E-03   0.1236E+01   0.1242E+01
    8776    15209       34  -0.1000E+01   0.1336E-01   0.1004E+02   0.1009E+02
    8776    15213       34  -0.7365E+00   0.6108E-02   0.7884E+01   0.7918E+01
    8794    15007       22   0.7587E-01  -0.1247E-01  -0.4339E+00   0.4406E+00
    8794    15006       22  -0.1091E+00   0.1862E-01   0.6484E+00   0.6578E+00
    8794    15036       22  -0.1297E+00   0.2162E-01   0.7503E+00   0.7617E+00
    8794    15254       22   0.4143E+00  -0.7364E-01  -0.2580E+01   0.2615E+01
    8794    15255       22   0.1809E+00  -0.3073E-01  -0.1068E+01   0.1084E+01
    8794    15243       22   0.7667E+00  -0.1222E+00  -0.4200E+01   0.4272E+01
    8795    15007       22  -0.4828E+00   0.9557E-01   0.2374E+01   0.2424E+01
    8795    15006       22   0.6520E+00  -0.1336E+00  -0.3332E+01   0.3397E+01
    8795    15036       22  -0.5874E+00   0.1145E+00   0.2839E+01   0.2901E+01
    8795    15254       22   0.1989E+01  -0.3999E+00  -0.9951E+01   0.1016E+02
    8795    15255       22   0.3304E+01  -0.6329E+00  -0.1566E+02   0.1602E+02
    8795    15243       22   0.6759E+00  -0.1306E+00  -0.3232E+01   0.3305E+01
    8796    15007       31  -0.2924E+00   0.4394E-01   0.1274E+01   0.1308E+01
    8796    15006       31  -0.3113E+00   0.4773E-01   0.1351E+01   0.1387E+01
    8796    15036       31   0.4340E+00  -0.6654E-01  -0.1883E+01   0.1934E+01
    8796    15254       31   0.3751E+00  -0.5668E-01  -0.1633E+01   0.1676E+01
    8796    15255       31   0.1384E+01  -0.2145E+00  -0.5991E+01   0.6153E+01
    8796    15243       31   0.1295E+01  -0.1927E+00  -0.5656E+01   0.5806E+01
    8797    15007       22  -0.1612E+01   0.3667E+00   0.1095E+02   0.1107E+02
    8797    15006       22  -0.1542E+01   0.3530E+00   0.1077E+02   0.1089E+02
    8797    15036       22  -0.7961E+00   0.2776E+00   0.9034E+01   0.9073E+01
    8797    15254       22   0.4133E+01  -0.1388E+01  -0.4495E+02   0.4516E+02
    8797    15255       22   0.7955E+01  -0.1762E+01  -0.5175E+02   0.5238E+02
    8797    15243       22   0.7197E+01  -0.1601E+01  -0.4903E+02   0.4958E+02
    8950    15058       21   0.9617E+00   0.1459E-01   0.7262E+00   0.1205E+01
    8950    15053       21  -0.2833E+00  -0.4428E-02  -0.2076E+00   0.3512E+00
    8950    15056       21  -0.3056E+00  -0.4840E-02  -0.2210E+00   0.3772E+00
    8950    15405       21   0.1240E+01   0.1931E-01   0.9116E+00   0.1539E+01
    8950    15403       21   0.2595E+00   0.4174E-02   0.1845E+00   0.3185E+00
    8950    15406       21   0.1312E+01   0.2080E-01   0.9479E+00   0.1619E+01
    8951    15058       21   0.1694E+00  -0.1092E-01  -0.1090E+01   0.1103E+01
    8951    15053       21  -0.7352E+00   0.4713E-01   0.4694E+01   0.4751E+01
    8951    15056       21   0.1312E+00  -0.8450E-02  -0.8434E+00   0.8536E+00
    8951    15405       21  -0.7803E+00   0.5076E-01   0.5089E+01   0.5149E+01
    8951    15403       21  -0.5183E+00   0.3332E-01   0.3323E+01   0.3363E+01
    8951    15406       21  -0.9166E-01   0.5958E-02   0.5971E+00   0.6041E+00
    8953    15058       21  -0.6776E-04  -0.1161E-05  -0.4476E-04   0.8122E-04
    8953    15053       21  -0.3858E-04  -0.6609E-06  -0.2548E-04   0.4624E-04
    8953    15056       21  -0.9339E-04  -0.1600E-05  -0.6169E-04   0.1119E-03
    8953    15405       21   0.8519E-03   0.1459E-04   0.5627E-03   0.1021E-02
    8953    15403       21   0.2346E-03   0.4018E-05   0.1550E-03   0.2812E-03
    8953    15406       21   0.2066E-03   0.3540E-05   0.1365E-03   0.2477E-03
    8959    15039       31  -0.4657E-02   0.6412E-03   0.2104E-01   0.2156E-01
    8959    15007       31   0.1080E-01  -0.1485E-02  -0.4867E-01   0.4988E-01
    8959    15036       31  -0.8355E-02   0.1154E-02   0.3792E-01   0.3885E-01
    8959    15379       31   0.1195E-01  -0.1645E-02  -0.5396E-01   0.5530E-01
    8959    15243       31   0.8948E-01  -0.1236E-01  -0.4066E+00   0.4165E+00
    8959    15409       31   0.7847E-02  -0.1081E-02  -0.3549E-01   0.3637E-01
    8966    15006       32  -0.1161E+01   0.8917E+00  -0.4055E+01   0.4311E+01
    8966    15005       32   0.4612E+00  -0.3499E+00   0.1201E+01   0.1333E+01
    8966    15041       32   0.3660E+00  -0.2802E+00   0.9561E+00   0.1061E+01
    8966    15411       32  -0.2131E+01   0.1615E+01  -0.5494E+01   0.6110E+01
    8966    15312       32  -0.3970E+00   0.3017E+00  -0.9542E+00   0.1077E+01
    8966    15412       32  -0.1477E+01   0.1131E+01  -0.3854E+01   0.4279E+01
    8994    15036       33   0.3141E+00  -0.4609E-01  -0.1162E+01   0.1204E+01
    8994    15006       33  -0.2398E+00   0.3584E-01   0.8995E+00   0.9316E+00
    8994    15041       33  -0.8060E-01   0.1232E-01   0.3077E+00   0.3183E+00
    8994    15255       33   0.2156E+01  -0.3268E+00  -0.8175E+01   0.8461E+01
    8994    15412       33   0.1291E+00  -0.1990E-01  -0.4959E+00   0.5128E+00
    8994    15427       33   0.2074E+00  -0.3157E-01  -0.7889E+00   0.8163E+00
    8995    15036       32  -0.9631E+00  -0.1416E+00   0.7283E+01   0.7347E+01
    8995    15006       32   0.1176E+01   0.9887E-01  -0.2820E+02   0.2823E+02
    8995    15041       32  -0.1010E+01  -0.3189E+00   0.6880E+01   0.6961E+01
    8995    15255       32   0.5420E+01   0.1080E+00  -0.3736E+02   0.3775E+02
    8995    15412       32   0.5227E+01   0.2036E+01  -0.3234E+02   0.3283E+02
    8995    15427       32   0.1169E+01   0.3083E+00  -0.5956E+01   0.6077E+01
    8997    15036       33  -0.3366E-01  -0.7909E-02   0.1301E+00   0.1346E+00
    8997    15006       33  -0.3691E-01  -0.9958E-02   0.1416E+00   0.1466E+00
    8997    15041       33  -0.5749E-01  -0.1233E-01   0.2231E+00   0.2308E+00
    8997    15255       33   0.5814E+00   0.1656E-01  -0.2346E+01   0.2417E+01
    8997    15412       33   0.1409E+00   0.3507E-01  -0.5428E+00   0.5619E+00
    8997    15427       33   0.1535E+00   0.4166E-01  -0.5884E+00   0.6095E+00
    9022    15059       18   0.1631E+00   0.3850E-03   0.1085E+00   0.1959E+00
    9022    15054       18  -0.1185E+00  -0.2653E-03  -0.7924E-01   0.1425E+00
    9022    15058       18  -0.6706E-01  -0.1408E-03  -0.4514E-01   0.8084E-01
    9022    15447       18   0.7267E+00   0.1636E-02   0.4858E+00   0.8742E+00
    9022    15253       18   0.9402E-01   0.1927E-03   0.6344E-01   0.1134E+00
    9022    15448       18   0.2086E+00   0.4401E-03   0.1403E+00   0.2514E+00
    9023    15059       34  -0.1017E+01  -0.1179E-01  -0.2515E+01   0.2713E+01
    9023    15054       34   0.1775E+01   0.1971E-01   0.4386E+01   0.4731E+01
    9023    15058       34  -0.1051E+01  -0.1120E-01  -0.2598E+01   0.2803E+01
    9023    15447       34   0.4651E+01   0.5624E-01   0.1150E+02   0.1240E+02
    9023    15253       34   0.5008E+01   0.5097E-01   0.1237E+02   0.1335E+02
    9023    15448       34   0.1183E+01   0.1315E-01   0.2923E+01   0.3154E+01
    9024    15059       21  -0.4207E-02  -0.7611E-06  -0.3051E-02   0.5197E-02
    9024    15054       21  -0.6057E-02  -0.4270E-06  -0.4405E-02   0.7490E-02
    9024    15058       21   0.3908E-02  -0.4629E-06   0.2857E-02   0.4841E-02
    9024    15447       21   0.7307E-02   0.1487E-05   0.5294E-02   0.9023E-02
    9024    15253       21   0.4804E-01   0.1852E-05   0.3497E-01   0.5942E-01
    9024    15448       21   0.1149E-01   0.2058E-05   0.8331E-02   0.1419E-01
    9025    15059       21  -0.1351E+00  -0.2251E-03  -0.1248E+00   0.1839E+00
    9025    15054       21  -0.1465E+00  -0.1836E-03  -0.1188E+00   0.1886E+00
    9025    15058       21  -0.1682E+00  -0.2354E-03  -0.1431E+00   0.2209E+00
    9025    15447       21   0.7723E+00   0.1027E-02   0.6425E+00   0.1005E+01
    9025    15253       21   0.6485E+00   0.1102E-02   0.6048E+00   0.8868E+00
    9025    15448       21   0.5851E+00   0.7870E-03   0.4892E+00   0.7627E+00
    9042    15054       27  -0.2489E+01  -0.2866E-01   0.5631E+01   0.6157E+01
    9042    15043       27   0.1041E+01   0.7437E-02  -0.1802E+01   0.2081E+01
    9042    15044       27   0.1073E+01   0.7305E-02  -0.1794E+01   0.2090E+01
    9042    15210       27  -0.5705E+01  -0.3369E-01   0.9065E+01   0.1071E+02
    9042    15450       27  -0.1065E+01  -0.5572E-02   0.1585E+01   0.1909E+01
    9042    15252       27  -0.5113E+01  -0.3458E-01   0.8463E+01   0.9887E+01
    9043    15054       28   0.6365E+00   0.4101E-03  -0.6133E+00   0.8839E+00
    9043    15043       28  -0.7680E+00  -0.4949E-03   0.7401E+00   0.1067E+01
    9043    15044       28   0.3613E+00   0.2328E-03  -0.3481E+00   0.5017E+00
    9043    15210       28  -0.4520E+01  -0.2912E-02   0.4355E+01   0.6277E+01
    9043    15450       28  -0.1062E+01  -0.6842E-03   0.1023E+01   0.1475E+01
    9043    15252       28  -0.5493E+00  -0.3539E-03   0.5293E+00   0.7628E+00
    9044    15054       25   0.1149E-01  -0.9314E-04  -0.1153E-01   0.1628E-01
    9044    15043       25   0.5890E-02  -0.4776E-04  -0.5911E-02   0.8345E-02
    9044    15044       25  -0.8164E-02   0.6619E-04   0.8193E-02   0.1157E-01
    9044    15210       25  -0.1071E-01   0.8681E-04   0.1075E-01   0.1517E-01
    9044    15450       25  -0.1397E-01   0.1132E-03   0.1402E-01   0.1979E-01
    9044    15252       25  -0.1509E+00   0.1223E-02   0.1514E+00   0.2138E+00
    9045    15054       27   0.7679E+00  -0.1765E-02  -0.7498E+00   0.1073E+01
    9045    15043       27   0.9106E+00  -0.2263E-02  -0.8898E+00   0.1273E+01
    9045    15044       27   0.1121E+01  -0.1537E-02  -0.1090E+01   0.1563E+01
    9045    15210       27  -0.6817E+01   0.6540E-02   0.6618E+01   0.9501E+01
    9045    15450       27  -0.3363E+01   0.7777E-02   0.3284E+01   0.4701E+01
    9045    15252       27  -0.4254E+01   0.1370E-01   0.4169E+01   0.5956E+01
    9074    15054       34  -0.1838E+00   0.5761E-02   0.1415E+01   0.1427E+01
    9074    15044       34   0.4421E-01  -0.1415E-02  -0.3441E+00   0.3469E+00
    9074    15053       34   0.6726E-01  -0.1793E-02  -0.4782E+00   0.4829E+00
    9074    15252       34  -0.1899E+00   0.6390E-02   0.1517E+01   0.1529E+01
    9074    15410       34  -0.3992E-01   0.1104E-02   0.2889E+00   0.2916E+00
    9074    15460       34  -0.4241E+00   0.1032E-01   0.2891E+01   0.2922E+01
    9075    15054       30   0.1221E+01  -0.6267E-02  -0.1166E+01   0.1689E+01
    9075    15044       30  -0.9989E+00   0.4627E-02   0.9386E+00   0.1371E+01
    9075    15053       30   0.1230E+01  -0.5746E-02  -0.1168E+01   0.1696E+01
    9075    15252       30  -0.6092E+01   0.3427E-01   0.5848E+01   0.8444E+01
    9075    15410       30  -0.5654E+01   0.2304E-01   0.5335E+01   0.7774E+01
    9075    15460       30  -0.1752E+01   0.8724E-02   0.1674E+01   0.2423E+01
    9076    15054       34   0.2873E+00  -0.2405E-03  -0.2969E+00   0.4131E+00
    9076    15044       34   0.3963E+00  -0.3239E-03  -0.4074E+00   0.5684E+00
    9076    15053       34  -0.3737E+00   0.3063E-03   0.3868E+00   0.5378E+00
    9076    15252       34  -0.4450E+00   0.3690E-03   0.4580E+00   0.6385E+00
    9076    15410       34  -0.2471E+01   0.1964E-02   0.2519E+01   0.3529E+01
    9076    15460       34  -0.9063E+00   0.7685E-03   0.9402E+00   0.1306E+01
    9077    15054       34   0.1496E+01  -0.6911E-02  -0.1612E+01   0.2200E+01
    9077    15044       34   0.1086E+01  -0.4970E-02  -0.1198E+01   0.1617E+01
    9077    15053       34   0.1441E+01  -0.8078E-02  -0.1539E+01   0.2108E+01
    9077    15252       34  -0.7532E+01   0.4358E-01   0.8022E+01   0.1100E+02
    9077    15410       34  -0.6901E+01   0.2859E-01   0.7422E+01   0.1013E+02
    9077    15460       34  -0.4766E+01   0.2298E-01   0.5223E+01   0.7071E+01
    9078    15058       21   0.6063E+00   0.7400E-02   0.6327E+00   0.8763E+00
    9078    15054       21  -0.2377E+00  -0.2526E-02  -0.3483E+00   0.4217E+00
    9078    15053       21  -0.2257E+00  -0.2446E-02  -0.3150E+00   0.3875E+00
    9078    15253       21   0.1181E+01   0.1232E-01   0.1806E+01   0.2158E+01
    9078    15460       21   0.2441E+00   0.2435E-02   0.3973E+00   0.4663E+00
    9078    15405       21   0.9634E+00   0.1051E-01   0.1313E+01   0.1629E+01
    9079    15058       34  -0.3125E+00  -0.2910E-02  -0.9619E+00   0.1011E+01
    9079    15054       34   0.3761E+00   0.5585E-02   0.1798E+01   0.1837E+01
    9079    15053       34  -0.1802E+00  -0.2975E-02  -0.9621E+00   0.9788E+00
    9079    15253       34   0.1723E+01   0.1462E-01   0.4850E+01   0.5147E+01
    9079    15460       34   0.3991E+00   0.1505E-01   0.4831E+01   0.4847E+01
    9079    15405       34   0.2969E+00   0.3019E-02   0.9986E+00   0.1042E+01
    9080    15058       34   0.7274E-01  -0.1009E-01  -0.1667E+01   0.1668E+01
    9080    15054       34   0.1122E+00  -0.9597E-02  -0.1624E+01   0.1628E+01
    9080    15053       34  -0.4361E+00   0.3767E-01   0.5313E+01   0.5331E+01
    9080    15253       34  -0.4885E-01   0.7241E-02   0.1395E+01   0.1396E+01
    9080    15460       34  -0.6105E+00   0.4345E-01   0.7424E+01   0.7449E+01
    9080    15405       34  -0.2269E+00   0.4412E-01   0.7375E+01   0.7379E+01
    9081    15058       34  -0.8477E+00  -0.5254E-02  -0.2811E+01   0.2936E+01
    9081    15054       34  -0.1026E+01  -0.5075E-02  -0.3181E+01   0.3342E+01
    9081    15053       34  -0.1151E+01  -0.6612E-02  -0.3498E+01   0.3682E+01
    9081    15253       34   0.4993E+01   0.2919E-01   0.1534E+02   0.1613E+02
    9081    15460       34   0.3744E+01   0.2273E-01   0.1238E+02   0.1294E+02
    9081    15405       34   0.4794E+01   0.2307E-01   0.1481E+02   0.1557E+02
    9115    15062       34  -0.5115E+00   0.9806E-02  -0.1242E+01   0.1343E+01
    9115    15054       34   0.4111E+00  -0.7528E-02   0.9799E+00   0.1063E+01
    9115    15059       34  -0.5169E+00   0.9500E-02  -0.1231E+01   0.1335E+01
    9115    15213       34   0.2186E+01  -0.4381E-01   0.5418E+01   0.5842E+01
    9115    15447       34   0.2504E+01  -0.4404E-01   0.5847E+01   0.6361E+01
    9115    15468       34   0.7569E+00  -0.1422E-01   0.1819E+01   0.1970E+01
    9116    15062       18  -0.5766E-01  -0.1673E-03  -0.3739E-01   0.6872E-01
    9116    15054       18  -0.7770E-01  -0.2255E-03  -0.5038E-01   0.9260E-01
    9116    15059       18   0.1263E+00   0.3664E-03   0.8189E-01   0.1505E+00
    9116    15213       18   0.6793E-01   0.1971E-03   0.4405E-01   0.8097E-01
    9116    15447       18   0.4008E+00   0.1163E-02   0.2599E+00   0.4777E+00
    9116    15468       18   0.2209E+00   0.6409E-03   0.1432E+00   0.2632E+00
    9117    15062       18  -0.1651E+01   0.9433E-02  -0.2583E+01   0.3066E+01
    9117    15054       18  -0.1287E+01   0.5796E-02  -0.1911E+01   0.2304E+01
    9117    15059       18  -0.1093E+01   0.6922E-02  -0.1751E+01   0.2065E+01
    9117    15213       18   0.4908E+01  -0.2807E-01   0.7672E+01   0.9108E+01
    9117    15447       18   0.7885E+01  -0.4656E-01   0.1244E+02   0.1473E+02
    9117    15468       18   0.5204E+01  -0.2663E-01   0.7934E+01   0.9488E+01
    9130    15053       34  -0.1658E+01  -0.2661E-02   0.1658E+01   0.2344E+01
    9130    15044       34   0.9645E+00   0.7474E-03  -0.9650E+00   0.1364E+01
    9130    15045       34   0.9197E+00   0.1290E-02  -0.9067E+00   0.1292E+01
    9130    15410       34  -0.4905E+01  -0.2360E-02   0.4926E+01   0.6952E+01
    9130    15470       34  -0.1091E+01  -0.9679E-03   0.1078E+01   0.1534E+01
    9130    15408       34  -0.3996E+01  -0.7367E-02   0.3907E+01   0.5588E+01
    9131    15053       30   0.1622E-01  -0.1200E-04  -0.1496E-01   0.2206E-01
    9131    15044       30  -0.9489E-02   0.7313E-05   0.8683E-02   0.1286E-01
    9131    15045       30   0.1079E-01  -0.7892E-05  -0.9964E-02   0.1469E-01
    9131    15410       30  -0.1633E+00   0.1184E-03   0.1513E+00   0.2227E+00
    9131    15470       30  -0.2762E-01   0.2030E-04   0.2548E-01   0.3757E-01
    9131    15408       30  -0.1946E-01   0.1416E-04   0.1799E-01   0.2650E-01
    9133    15053       30   0.2144E-01  -0.1372E-04  -0.2040E-01   0.2959E-01
    9133    15044       30   0.2744E-01  -0.1740E-04  -0.2618E-01   0.3792E-01
    9133    15045       30   0.3641E-01  -0.2321E-04  -0.3466E-01   0.5027E-01
    9133    15410       30  -0.2291E+00   0.1469E-03   0.2176E+00   0.3160E+00
    9133    15470       30  -0.9486E-01   0.6045E-04   0.9035E-01   0.1310E+00
    9133    15408       30  -0.1200E+00   0.7629E-04   0.1143E+00   0.1657E+00
    9146    15053       34  -0.7385E-01  -0.2933E-03   0.6841E-01   0.1007E+00
    9146    15045       34   0.2104E-01   0.8354E-04  -0.1949E-01   0.2867E-01
    9146    15052       34   0.8704E-02   0.3457E-04  -0.8063E-02   0.1187E-01
    9146    15408       34  -0.1043E+00  -0.4144E-03   0.9665E-01   0.1422E+00
    9146    15374       34  -0.7061E-02  -0.2804E-04   0.6541E-02   0.9625E-02
    9146    15472       34  -0.3041E-01  -0.1208E-03   0.2817E-01   0.4145E-01
    9151    15056       21   0.1953E-01  -0.1252E-02  -0.1257E+00   0.1272E+00
    9151    15053       21  -0.2386E+00   0.1530E-01   0.1537E+01   0.1555E+01
    9151    15052       21   0.1962E-01  -0.1258E-02  -0.1267E+00   0.1282E+00
    9151    15403       21  -0.8002E-01   0.5131E-02   0.5151E+00   0.5213E+00
    9151    15472       21  -0.8008E-01   0.5136E-02   0.5170E+00   0.5232E+00
    9151    15218       21  -0.5293E-02   0.3395E-03   0.3417E-01   0.3458E-01
    9616     8469       98   0.0000E+00  -0.1239E-03   0.0000E+00   0.1239E-03
    9616     8468       98   0.0000E+00  -0.1198E-03   0.0000E+00   0.1198E-03
    9616     8496       98   0.0000E+00   0.3519E-03   0.0000E+00   0.3519E-03
    9616     9829       98   0.0000E+00   0.9635E-04   0.0000E+00   0.9635E-04
    9616    10933       98   0.0000E+00   0.5225E-03   0.0000E+00   0.5225E-03
    9616     9064       98   0.0000E+00   0.5482E-03   0.0000E+00   0.5482E-03
    9621     8471       85   0.0000E+00  -0.6911E-04   0.0000E+00   0.6911E-04
    9621     8469       85   0.0000E+00  -0.5441E-04   0.0000E+00   0.5441E-04
    9621     8496       85   0.0000E+00  -0.1114E-03   0.0000E+00   0.1114E-03
    9621    10937       85   0.0000E+00   0.1241E-02   0.0000E+00   0.1241E-02
    9621     9064       85   0.0000E+00   0.2570E-03   0.0000E+00   0.2570E-03
    9621    10938       85   0.0000E+00   0.2462E-03   0.0000E+00   0.2462E-03
    9629     8496       88   0.0000E+00  -0.4736E-04   0.0000E+00   0.4736E-04
    9629     8468       88   0.0000E+00  -0.4350E-04   0.0000E+00   0.4350E-04
    9629     8495       88   0.0000E+00  -0.2703E-04   0.0000E+00   0.2703E-04
    9629    10933       88   0.0000E+00   0.1353E-03   0.0000E+00   0.1353E-03
    9629    10800       88   0.0000E+00   0.2184E-03   0.0000E+00   0.2184E-03
    9629    10664       88   0.0000E+00   0.1622E-03   0.0000E+00   0.1622E-03
    9666     8495       97   0.0000E+00   0.4660E-05   0.0000E+00   0.4660E-05
    9666     8468       97   0.0000E+00  -0.2998E-05   0.0000E+00   0.2998E-05
    9666     8711       97   0.0000E+00  -0.6098E-06   0.0000E+00   0.6098E-06
    9666    10800       97   0.0000E+00   0.2541E-04   0.0000E+00   0.2541E-04
    9666     9775       97   0.0000E+00   0.9229E-06   0.0000E+00   0.9229E-06
    9666    10304       97   0.0000E+00   0.1586E-05   0.0000E+00   0.1586E-05
    9667     8495       97   0.0000E+00  -0.2494E-05   0.0000E+00   0.2494E-05
    9667     8468       97   0.0000E+00   0.5921E-06   0.0000E+00   0.5921E-06
    9667     8711       97   0.0000E+00  -0.2800E-05   0.0000E+00   0.2800E-05
    9667    10800       97   0.0000E+00   0.6796E-05   0.0000E+00   0.6796E-05
    9667     9775       97   0.0000E+00   0.2211E-04   0.0000E+00   0.2211E-04
    9667    10304       97   0.0000E+00   0.4755E-05   0.0000E+00   0.4755E-05
   10869     8600      331  -0.3299E-11  -0.6145E-12   0.2972E-10   0.2991E-10
   10869     8427      331  -0.3800E-11  -0.7079E-12   0.3423E-10   0.3445E-10
   10869     8495      331  -0.6376E-11  -0.1188E-11   0.5745E-10   0.5781E-10
   10869    10670      331   0.6917E-10   0.1289E-10  -0.6231E-09   0.6271E-09
   10869    10666      331   0.1414E-10   0.2634E-11  -0.1274E-09   0.1282E-09
   10869    10671      331   0.1468E-10   0.2734E-11  -0.1322E-09   0.1331E-09
   TOTAL                     0.2249E+00  -0.2061E-02   0.2174E+00   0.9793E+03

   TOTAL NUMBER OF ACTIVE CONTACT ELEMENT(S) =    86


  **********************************************************************

  AUTOMATIC SETTING for STEP     3


          Starting Time=0.150000E-01     Time Inc.( 0)=0.750000E-02

  **********************************************************************
 

  AUTOMATIC RESET for STEP     3

     Automatic step adjustments are required since
     5 more iterations may be needed for convergence

  **********************************************************************


 NUMBER OF STEPS (INCREMENTS) & ITERATIONS: 
 ------------------------------------------ 
      Total Number of Steps . . . . . . . . .  =    3
      Total Number of Iterations . . . . . . . =   68


 T O T A L   R U N   T I M E   (Sec) . . . . . . . . . . =   57.6


