-- The C compiler identification is GNU 11.4.0
-- The CXX compiler identification is GNU 11.4.0
-- Detecting C compiler ABI info
-- Detecting C compiler ABI info - done
-- Check for working C compiler: /usr/bin/cc - skipped
-- Detecting C compile features
-- Detecting C compile features - done
-- Detecting CXX compiler ABI info
-- Detecting CXX compiler ABI info - done
-- Check for working CXX compiler: /usr/bin/c++ - skipped
-- Detecting CXX compile features
-- Detecting CXX compile features - done
-- Found ament_cmake: 1.3.7 (/opt/ros/humble/share/ament_cmake/cmake)
-- Found Python3: /usr/bin/python3.10 (found version "3.10.12") found components: Interpreter 
-- Found rclcpp: 16.0.8 (/opt/ros/humble/share/rclcpp/cmake)
-- Found rosidl_generator_c: 3.1.5 (/opt/ros/humble/share/rosidl_generator_c/cmake)
-- Found rosidl_adapter: 3.1.5 (/opt/ros/humble/share/rosidl_adapter/cmake)
-- Found rosidl_generator_cpp: 3.1.5 (/opt/ros/humble/share/rosidl_generator_cpp/cmake)
-- Using all available rosidl_typesupport_c: rosidl_typesupport_fastrtps_c;rosidl_typesupport_introspection_c
-- Using all available rosidl_typesupport_cpp: rosidl_typesupport_fastrtps_cpp;rosidl_typesupport_introspection_cpp
-- Found rmw_implementation_cmake: 6.1.1 (/opt/ros/humble/share/rmw_implementation_cmake/cmake)
-- Found rmw_fastrtps_cpp: 6.2.6 (/opt/ros/humble/share/rmw_fastrtps_cpp/cmake)
-- Found OpenSSL: /usr/lib/x86_64-linux-gnu/libcrypto.so (found version "3.0.2")  
-- Found FastRTPS: /opt/ros/humble/include  
-- Using RMW implementation 'rmw_fastrtps_cpp' as default
-- Looking for pthread.h
-- Looking for pthread.h - found
-- Performing Test CMAKE_HAVE_LIBC_PTHREAD
-- Performing Test CMAKE_HAVE_LIBC_PTHREAD - Success
-- Found Threads: TRUE  
-- Found geometry_msgs: 4.2.3 (/opt/ros/humble/share/geometry_msgs/cmake)
-- Found sensor_msgs: 4.2.3 (/opt/ros/humble/share/sensor_msgs/cmake)
-- Found tf2_ros: 0.25.5 (/opt/ros/humble/share/tf2_ros/cmake)
-- Found urdf: 2.6.0 (/opt/ros/humble/share/urdf/cmake)
-- Found kdl_parser: 2.6.4 (/opt/ros/humble/share/kdl_parser/cmake)
-- Found eigen3_cmake_module: 0.1.1 (/opt/ros/humble/share/eigen3_cmake_module/cmake)
-- Found Eigen3: TRUE (found version "3.4.0") 
-- Ensuring Eigen3 include directory is part of orocos-kdl CMake target
-- Found rclcpp_lifecycle: 16.0.8 (/opt/ros/humble/share/rclcpp_lifecycle/cmake)
-- Configuring done
-- Generating done
-- Build files have been written to: /home/grape/2023-2024/ros2_ws/build/thruster_manager
[ 28%] [32mBuilding CXX object CMakeFiles/thruster_manager.dir/src/thruster_manager.cpp.o[0m
[ 28%] [32mBuilding CXX object CMakeFiles/thruster_manager_node.dir/rclcpp_components/node_main_thruster_manager_node.cpp.o[0m
[ 42%] [32mBuilding CXX object CMakeFiles/thruster_manager.dir/src/thruster_manager_node.cpp.o[0m
[ 57%] [32m[1mLinking CXX executable thruster_manager_node[0m
[ 57%] Built target thruster_manager_node
[ 71%] [32m[1mLinking CXX shared library libthruster_manager.so[0m
[ 71%] Built target thruster_manager
[ 85%] [32mBuilding CXX object CMakeFiles/publish_wrenches.dir/src/publish_wrenches.cpp.o[0m
[100%] [32m[1mLinking CXX executable publish_wrenches[0m
[100%] Built target publish_wrenches
-- Install configuration: ""
-- Installing: /home/grape/2023-2024/ros2_ws/install/thruster_manager/share/thruster_manager/environment/library_path.sh
-- Installing: /home/grape/2023-2024/ros2_ws/install/thruster_manager/share/thruster_manager/environment/library_path.dsv
-- Installing: /home/grape/2023-2024/ros2_ws/install/thruster_manager/lib/thruster_manager/thruster_manager_node
-- Set runtime path of "/home/grape/2023-2024/ros2_ws/install/thruster_manager/lib/thruster_manager/thruster_manager_node" to ""
-- Installing: /home/grape/2023-2024/ros2_ws/install/thruster_manager/lib/libthruster_manager.so
-- Set runtime path of "/home/grape/2023-2024/ros2_ws/install/thruster_manager/lib/libthruster_manager.so" to ""
-- Installing: /home/grape/2023-2024/ros2_ws/install/thruster_manager/lib/thruster_manager/publish_wrenches
-- Set runtime path of "/home/grape/2023-2024/ros2_ws/install/thruster_manager/lib/thruster_manager/publish_wrenches" to ""
-- Installing: /home/grape/2023-2024/ros2_ws/install/thruster_manager/include
-- Installing: /home/grape/2023-2024/ros2_ws/install/thruster_manager/include/thruster_manager
-- Installing: /home/grape/2023-2024/ros2_ws/install/thruster_manager/include/thruster_manager/model_parser.h
-- Installing: /home/grape/2023-2024/ros2_ws/install/thruster_manager/include/thruster_manager/thruster_link.h
-- Installing: /home/grape/2023-2024/ros2_ws/install/thruster_manager/include/thruster_manager/thruster_manager.h
-- Installing: /home/grape/2023-2024/ros2_ws/install/thruster_manager/include/thruster_manager/thruster_manager_node.h
-- Up-to-date: /home/grape/2023-2024/ros2_ws/install/thruster_manager/include/thruster_manager
-- Installing: /home/grape/2023-2024/ros2_ws/install/thruster_manager/include/thruster_manager/thruster_manager
-- Installing: /home/grape/2023-2024/ros2_ws/install/thruster_manager/include/thruster_manager/thruster_manager/model_parser.h
-- Installing: /home/grape/2023-2024/ros2_ws/install/thruster_manager/include/thruster_manager/thruster_manager/thruster_link.h
-- Installing: /home/grape/2023-2024/ros2_ws/install/thruster_manager/include/thruster_manager/thruster_manager/thruster_manager.h
-- Installing: /home/grape/2023-2024/ros2_ws/install/thruster_manager/include/thruster_manager/thruster_manager/thruster_manager_node.h
-- Up-to-date: /home/grape/2023-2024/ros2_ws/install/thruster_manager/share/thruster_manager/environment/library_path.sh
-- Up-to-date: /home/grape/2023-2024/ros2_ws/install/thruster_manager/share/thruster_manager/environment/library_path.dsv
-- Installing: /home/grape/2023-2024/ros2_ws/install/thruster_manager/share/ament_index/resource_index/package_run_dependencies/thruster_manager
-- Installing: /home/grape/2023-2024/ros2_ws/install/thruster_manager/share/ament_index/resource_index/parent_prefix_path/thruster_manager
-- Installing: /home/grape/2023-2024/ros2_ws/install/thruster_manager/share/thruster_manager/environment/ament_prefix_path.sh
-- Installing: /home/grape/2023-2024/ros2_ws/install/thruster_manager/share/thruster_manager/environment/ament_prefix_path.dsv
-- Installing: /home/grape/2023-2024/ros2_ws/install/thruster_manager/share/thruster_manager/environment/path.sh
-- Installing: /home/grape/2023-2024/ros2_ws/install/thruster_manager/share/thruster_manager/environment/path.dsv
-- Installing: /home/grape/2023-2024/ros2_ws/install/thruster_manager/share/thruster_manager/local_setup.bash
-- Installing: /home/grape/2023-2024/ros2_ws/install/thruster_manager/share/thruster_manager/local_setup.sh
-- Installing: /home/grape/2023-2024/ros2_ws/install/thruster_manager/share/thruster_manager/local_setup.zsh
-- Installing: /home/grape/2023-2024/ros2_ws/install/thruster_manager/share/thruster_manager/local_setup.dsv
-- Installing: /home/grape/2023-2024/ros2_ws/install/thruster_manager/share/thruster_manager/package.dsv
-- Installing: /home/grape/2023-2024/ros2_ws/install/thruster_manager/share/ament_index/resource_index/packages/thruster_manager
-- Installing: /home/grape/2023-2024/ros2_ws/install/thruster_manager/share/ament_index/resource_index/rclcpp_components/thruster_manager
-- Installing: /home/grape/2023-2024/ros2_ws/install/thruster_manager/share/thruster_manager/cmake/ament_cmake_export_libraries-extras.cmake
-- Installing: /home/grape/2023-2024/ros2_ws/install/thruster_manager/share/thruster_manager/cmake/ament_cmake_export_include_directories-extras.cmake
-- Installing: /home/grape/2023-2024/ros2_ws/install/thruster_manager/share/thruster_manager/cmake/ament_cmake_export_dependencies-extras.cmake
-- Installing: /home/grape/2023-2024/ros2_ws/install/thruster_manager/share/thruster_manager/cmake/thruster_managerConfig.cmake
-- Installing: /home/grape/2023-2024/ros2_ws/install/thruster_manager/share/thruster_manager/cmake/thruster_managerConfig-version.cmake
-- Installing: /home/grape/2023-2024/ros2_ws/install/thruster_manager/share/thruster_manager/package.xml
