[0.189s] Invoking command in '/home/grape/2023-2024/ros2_ws/build/thruster_manager': CMAKE_PREFIX_PATH=${CMAKE_PREFIX_PATH}:/opt/ros/humble /usr/bin/cmake /home/grape/2023-2024/ros2_ws/src/thruster_manager -DCMAKE_INSTALL_PREFIX=/home/grape/2023-2024/ros2_ws/install/thruster_manager
[0.972s] -- The C compiler identification is GNU 11.4.0
[3.482s] -- The CXX compiler identification is GNU 11.4.0
[5.267s] -- Detecting C compiler ABI info
[5.761s] -- Detecting C compiler ABI info - done
[5.779s] -- Check for working C compiler: /usr/bin/cc - skipped
[5.793s] -- Detecting C compile features
[5.796s] -- Detecting C compile features - done
[5.805s] -- Detecting CXX compiler ABI info
[6.375s] -- Detecting CXX compiler ABI info - done
[6.394s] -- Check for working CXX compiler: /usr/bin/c++ - skipped
[6.394s] -- Detecting CXX compile features
[6.395s] -- Detecting CXX compile features - done
[6.442s] -- Found ament_cmake: 1.3.7 (/opt/ros/humble/share/ament_cmake/cmake)
[6.849s] -- Found Python3: /usr/bin/python3.10 (found version "3.10.12") found components: Interpreter 
[7.155s] -- Found rclcpp: 16.0.8 (/opt/ros/humble/share/rclcpp/cmake)
[7.586s] -- Found rosidl_generator_c: 3.1.5 (/opt/ros/humble/share/rosidl_generator_c/cmake)
[7.609s] -- Found rosidl_adapter: 3.1.5 (/opt/ros/humble/share/rosidl_adapter/cmake)
[7.646s] -- Found rosidl_generator_cpp: 3.1.5 (/opt/ros/humble/share/rosidl_generator_cpp/cmake)
[7.704s] -- Using all available rosidl_typesupport_c: rosidl_typesupport_fastrtps_c;rosidl_typesupport_introspection_c
[7.779s] -- Using all available rosidl_typesupport_cpp: rosidl_typesupport_fastrtps_cpp;rosidl_typesupport_introspection_cpp
[8.033s] -- Found rmw_implementation_cmake: 6.1.1 (/opt/ros/humble/share/rmw_implementation_cmake/cmake)
[8.046s] -- Found rmw_fastrtps_cpp: 6.2.6 (/opt/ros/humble/share/rmw_fastrtps_cpp/cmake)
[12.115s] -- Found OpenSSL: /usr/lib/x86_64-linux-gnu/libcrypto.so (found version "3.0.2")  
[18.164s] -- Found FastRTPS: /opt/ros/humble/include  
[28.079s] -- Using RMW implementation 'rmw_fastrtps_cpp' as default
[28.133s] -- Looking for pthread.h
[28.714s] -- Looking for pthread.h - found
[28.715s] -- Performing Test CMAKE_HAVE_LIBC_PTHREAD
[29.268s] -- Performing Test CMAKE_HAVE_LIBC_PTHREAD - Success
[29.270s] -- Found Threads: TRUE  
[29.787s] -- Found geometry_msgs: 4.2.3 (/opt/ros/humble/share/geometry_msgs/cmake)
[29.928s] -- Found sensor_msgs: 4.2.3 (/opt/ros/humble/share/sensor_msgs/cmake)
[30.155s] -- Found tf2_ros: 0.25.5 (/opt/ros/humble/share/tf2_ros/cmake)
[30.999s] -- Found urdf: 2.6.0 (/opt/ros/humble/share/urdf/cmake)
[35.930s] -- Found kdl_parser: 2.6.4 (/opt/ros/humble/share/kdl_parser/cmake)
[36.152s] -- Found eigen3_cmake_module: 0.1.1 (/opt/ros/humble/share/eigen3_cmake_module/cmake)
[36.157s] -- Found Eigen3: TRUE (found version "3.4.0") 
[36.157s] -- Ensuring Eigen3 include directory is part of orocos-kdl CMake target
[36.170s] -- Found rclcpp_lifecycle: 16.0.8 (/opt/ros/humble/share/rclcpp_lifecycle/cmake)
[36.437s] -- Configuring done
[36.495s] -- Generating done
[36.499s] -- Build files have been written to: /home/grape/2023-2024/ros2_ws/build/thruster_manager
[36.521s] Invoked command in '/home/grape/2023-2024/ros2_ws/build/thruster_manager' returned '0': CMAKE_PREFIX_PATH=${CMAKE_PREFIX_PATH}:/opt/ros/humble /usr/bin/cmake /home/grape/2023-2024/ros2_ws/src/thruster_manager -DCMAKE_INSTALL_PREFIX=/home/grape/2023-2024/ros2_ws/install/thruster_manager
[36.525s] Invoking command in '/home/grape/2023-2024/ros2_ws/build/thruster_manager': CMAKE_PREFIX_PATH=${CMAKE_PREFIX_PATH}:/opt/ros/humble /usr/bin/cmake --build /home/grape/2023-2024/ros2_ws/build/thruster_manager -- -j8 -l8
[36.626s] [ 28%] [32mBuilding CXX object CMakeFiles/thruster_manager.dir/src/thruster_manager.cpp.o[0m
[36.627s] [ 28%] [32mBuilding CXX object CMakeFiles/thruster_manager_node.dir/rclcpp_components/node_main_thruster_manager_node.cpp.o[0m
[36.627s] [ 42%] [32mBuilding CXX object CMakeFiles/thruster_manager.dir/src/thruster_manager_node.cpp.o[0m
[43.284s] [ 57%] [32m[1mLinking CXX executable thruster_manager_node[0m
[43.836s] [ 57%] Built target thruster_manager_node
[69.631s] [ 71%] [32m[1mLinking CXX shared library libthruster_manager.so[0m
[72.426s] [ 71%] Built target thruster_manager
[72.460s] [ 85%] [32mBuilding CXX object CMakeFiles/publish_wrenches.dir/src/publish_wrenches.cpp.o[0m
[91.647s] [100%] [32m[1mLinking CXX executable publish_wrenches[0m
[93.741s] [100%] Built target publish_wrenches
[93.758s] Invoked command in '/home/grape/2023-2024/ros2_ws/build/thruster_manager' returned '0': CMAKE_PREFIX_PATH=${CMAKE_PREFIX_PATH}:/opt/ros/humble /usr/bin/cmake --build /home/grape/2023-2024/ros2_ws/build/thruster_manager -- -j8 -l8
[93.846s] Invoking command in '/home/grape/2023-2024/ros2_ws/build/thruster_manager': CMAKE_PREFIX_PATH=${CMAKE_PREFIX_PATH}:/opt/ros/humble /usr/bin/cmake --install /home/grape/2023-2024/ros2_ws/build/thruster_manager
[93.860s] -- Install configuration: ""
[93.861s] -- Installing: /home/grape/2023-2024/ros2_ws/install/thruster_manager/share/thruster_manager/environment/library_path.sh
[93.862s] -- Installing: /home/grape/2023-2024/ros2_ws/install/thruster_manager/share/thruster_manager/environment/library_path.dsv
[93.863s] -- Installing: /home/grape/2023-2024/ros2_ws/install/thruster_manager/lib/thruster_manager/thruster_manager_node
[93.864s] -- Set runtime path of "/home/grape/2023-2024/ros2_ws/install/thruster_manager/lib/thruster_manager/thruster_manager_node" to ""
[93.864s] -- Installing: /home/grape/2023-2024/ros2_ws/install/thruster_manager/lib/libthruster_manager.so
[93.900s] -- Set runtime path of "/home/grape/2023-2024/ros2_ws/install/thruster_manager/lib/libthruster_manager.so" to ""
[93.900s] -- Installing: /home/grape/2023-2024/ros2_ws/install/thruster_manager/lib/thruster_manager/publish_wrenches
[93.914s] -- Set runtime path of "/home/grape/2023-2024/ros2_ws/install/thruster_manager/lib/thruster_manager/publish_wrenches" to ""
[93.915s] -- Installing: /home/grape/2023-2024/ros2_ws/install/thruster_manager/include
[93.915s] -- Installing: /home/grape/2023-2024/ros2_ws/install/thruster_manager/include/thruster_manager
[93.915s] -- Installing: /home/grape/2023-2024/ros2_ws/install/thruster_manager/include/thruster_manager/model_parser.h
[93.916s] -- Installing: /home/grape/2023-2024/ros2_ws/install/thruster_manager/include/thruster_manager/thruster_link.h
[93.917s] -- Installing: /home/grape/2023-2024/ros2_ws/install/thruster_manager/include/thruster_manager/thruster_manager.h
[93.917s] -- Installing: /home/grape/2023-2024/ros2_ws/install/thruster_manager/include/thruster_manager/thruster_manager_node.h
[93.918s] -- Up-to-date: /home/grape/2023-2024/ros2_ws/install/thruster_manager/include/thruster_manager
[93.918s] -- Installing: /home/grape/2023-2024/ros2_ws/install/thruster_manager/include/thruster_manager/thruster_manager
[93.919s] -- Installing: /home/grape/2023-2024/ros2_ws/install/thruster_manager/include/thruster_manager/thruster_manager/model_parser.h
[93.919s] -- Installing: /home/grape/2023-2024/ros2_ws/install/thruster_manager/include/thruster_manager/thruster_manager/thruster_link.h
[93.920s] -- Installing: /home/grape/2023-2024/ros2_ws/install/thruster_manager/include/thruster_manager/thruster_manager/thruster_manager.h
[93.921s] -- Installing: /home/grape/2023-2024/ros2_ws/install/thruster_manager/include/thruster_manager/thruster_manager/thruster_manager_node.h
[93.921s] -- Up-to-date: /home/grape/2023-2024/ros2_ws/install/thruster_manager/share/thruster_manager/environment/library_path.sh
[93.921s] -- Up-to-date: /home/grape/2023-2024/ros2_ws/install/thruster_manager/share/thruster_manager/environment/library_path.dsv
[93.922s] -- Installing: /home/grape/2023-2024/ros2_ws/install/thruster_manager/share/ament_index/resource_index/package_run_dependencies/thruster_manager
[93.922s] -- Installing: /home/grape/2023-2024/ros2_ws/install/thruster_manager/share/ament_index/resource_index/parent_prefix_path/thruster_manager
[93.922s] -- Installing: /home/grape/2023-2024/ros2_ws/install/thruster_manager/share/thruster_manager/environment/ament_prefix_path.sh
[93.923s] -- Installing: /home/grape/2023-2024/ros2_ws/install/thruster_manager/share/thruster_manager/environment/ament_prefix_path.dsv
[93.923s] -- Installing: /home/grape/2023-2024/ros2_ws/install/thruster_manager/share/thruster_manager/environment/path.sh
[93.924s] -- Installing: /home/grape/2023-2024/ros2_ws/install/thruster_manager/share/thruster_manager/environment/path.dsv
[93.924s] -- Installing: /home/grape/2023-2024/ros2_ws/install/thruster_manager/share/thruster_manager/local_setup.bash
[93.924s] -- Installing: /home/grape/2023-2024/ros2_ws/install/thruster_manager/share/thruster_manager/local_setup.sh
[93.925s] -- Installing: /home/grape/2023-2024/ros2_ws/install/thruster_manager/share/thruster_manager/local_setup.zsh
[93.925s] -- Installing: /home/grape/2023-2024/ros2_ws/install/thruster_manager/share/thruster_manager/local_setup.dsv
[93.925s] -- Installing: /home/grape/2023-2024/ros2_ws/install/thruster_manager/share/thruster_manager/package.dsv
[93.926s] -- Installing: /home/grape/2023-2024/ros2_ws/install/thruster_manager/share/ament_index/resource_index/packages/thruster_manager
[93.927s] -- Installing: /home/grape/2023-2024/ros2_ws/install/thruster_manager/share/ament_index/resource_index/rclcpp_components/thruster_manager
[93.927s] -- Installing: /home/grape/2023-2024/ros2_ws/install/thruster_manager/share/thruster_manager/cmake/ament_cmake_export_libraries-extras.cmake
[93.928s] -- Installing: /home/grape/2023-2024/ros2_ws/install/thruster_manager/share/thruster_manager/cmake/ament_cmake_export_include_directories-extras.cmake
[93.928s] -- Installing: /home/grape/2023-2024/ros2_ws/install/thruster_manager/share/thruster_manager/cmake/ament_cmake_export_dependencies-extras.cmake
[93.928s] -- Installing: /home/grape/2023-2024/ros2_ws/install/thruster_manager/share/thruster_manager/cmake/thruster_managerConfig.cmake
[93.928s] -- Installing: /home/grape/2023-2024/ros2_ws/install/thruster_manager/share/thruster_manager/cmake/thruster_managerConfig-version.cmake
[93.928s] -- Installing: /home/grape/2023-2024/ros2_ws/install/thruster_manager/share/thruster_manager/package.xml
[93.933s] Invoked command in '/home/grape/2023-2024/ros2_ws/build/thruster_manager' returned '0': CMAKE_PREFIX_PATH=${CMAKE_PREFIX_PATH}:/opt/ros/humble /usr/bin/cmake --install /home/grape/2023-2024/ros2_ws/build/thruster_manager
