[0.087s] Invoking command in '/home/bur/ros2_ws/build/zed_ros2': CMAKE_PREFIX_PATH=/home/bur/ros2_ws/install/zed_wrapper:/home/bur/ros2_ws/install/zed_components:/home/bur/ros2_ws/install/zed_interfaces:/home/bur/ros2_ws/install/zed_ros2:/opt/ros/humble LD_LIBRARY_PATH=/home/bur/ros2_ws/install/zed_components/lib:/home/bur/ros2_ws/install/zed_interfaces/lib:/opt/ros/humble/opt/rviz_ogre_vendor/lib:/opt/ros/humble/lib/aarch64-linux-gnu:/opt/ros/humble/lib:/usr/local/cuda-11.4/lib64 /usr/bin/cmake --build /home/bur/ros2_ws/build/zed_ros2 -- -j6 -l6
[1.426s] Invoked command in '/home/bur/ros2_ws/build/zed_ros2' returned '0': CMAKE_PREFIX_PATH=/home/bur/ros2_ws/install/zed_wrapper:/home/bur/ros2_ws/install/zed_components:/home/bur/ros2_ws/install/zed_interfaces:/home/bur/ros2_ws/install/zed_ros2:/opt/ros/humble LD_LIBRARY_PATH=/home/bur/ros2_ws/install/zed_components/lib:/home/bur/ros2_ws/install/zed_interfaces/lib:/opt/ros/humble/opt/rviz_ogre_vendor/lib:/opt/ros/humble/lib/aarch64-linux-gnu:/opt/ros/humble/lib:/usr/local/cuda-11.4/lib64 /usr/bin/cmake --build /home/bur/ros2_ws/build/zed_ros2 -- -j6 -l6
[1.597s] Invoking command in '/home/bur/ros2_ws/build/zed_ros2': CMAKE_PREFIX_PATH=/home/bur/ros2_ws/install/zed_wrapper:/home/bur/ros2_ws/install/zed_components:/home/bur/ros2_ws/install/zed_interfaces:/home/bur/ros2_ws/install/zed_ros2:/opt/ros/humble LD_LIBRARY_PATH=/home/bur/ros2_ws/install/zed_components/lib:/home/bur/ros2_ws/install/zed_interfaces/lib:/opt/ros/humble/opt/rviz_ogre_vendor/lib:/opt/ros/humble/lib/aarch64-linux-gnu:/opt/ros/humble/lib:/usr/local/cuda-11.4/lib64 /usr/bin/cmake --install /home/bur/ros2_ws/build/zed_ros2
[1.630s] -- Install configuration: "Release"
[1.633s] -- Execute custom install script
[1.635s] -- Up-to-date symlink: /home/bur/ros2_ws/install/zed_ros2/share/ament_index/resource_index/package_run_dependencies/zed_ros2
[1.638s] -- Up-to-date symlink: /home/bur/ros2_ws/install/zed_ros2/share/ament_index/resource_index/parent_prefix_path/zed_ros2
[1.639s] -- Up-to-date symlink: /home/bur/ros2_ws/install/zed_ros2/share/zed_ros2/environment/ament_prefix_path.sh
[1.639s] -- Up-to-date symlink: /home/bur/ros2_ws/install/zed_ros2/share/zed_ros2/environment/ament_prefix_path.dsv
[1.640s] -- Up-to-date symlink: /home/bur/ros2_ws/install/zed_ros2/share/zed_ros2/environment/path.sh
[1.642s] -- Up-to-date symlink: /home/bur/ros2_ws/install/zed_ros2/share/zed_ros2/environment/path.dsv
[1.642s] -- Up-to-date symlink: /home/bur/ros2_ws/install/zed_ros2/share/zed_ros2/local_setup.bash
[1.643s] -- Up-to-date symlink: /home/bur/ros2_ws/install/zed_ros2/share/zed_ros2/local_setup.sh
[1.644s] -- Up-to-date symlink: /home/bur/ros2_ws/install/zed_ros2/share/zed_ros2/local_setup.zsh
[1.645s] -- Up-to-date symlink: /home/bur/ros2_ws/install/zed_ros2/share/zed_ros2/local_setup.dsv
[1.647s] -- Symlinking: /home/bur/ros2_ws/install/zed_ros2/share/zed_ros2/package.dsv
[1.685s] -- Up-to-date symlink: /home/bur/ros2_ws/install/zed_ros2/share/ament_index/resource_index/packages/zed_ros2
[1.685s] -- Up-to-date symlink: /home/bur/ros2_ws/install/zed_ros2/share/zed_ros2/cmake/zed_ros2Config.cmake
[1.685s] -- Up-to-date symlink: /home/bur/ros2_ws/install/zed_ros2/share/zed_ros2/cmake/zed_ros2Config-version.cmake
[1.686s] -- Up-to-date symlink: /home/bur/ros2_ws/install/zed_ros2/share/zed_ros2/package.xml
[1.711s] Invoked command in '/home/bur/ros2_ws/build/zed_ros2' returned '0': CMAKE_PREFIX_PATH=/home/bur/ros2_ws/install/zed_wrapper:/home/bur/ros2_ws/install/zed_components:/home/bur/ros2_ws/install/zed_interfaces:/home/bur/ros2_ws/install/zed_ros2:/opt/ros/humble LD_LIBRARY_PATH=/home/bur/ros2_ws/install/zed_components/lib:/home/bur/ros2_ws/install/zed_interfaces/lib:/opt/ros/humble/opt/rviz_ogre_vendor/lib:/opt/ros/humble/lib/aarch64-linux-gnu:/opt/ros/humble/lib:/usr/local/cuda-11.4/lib64 /usr/bin/cmake --install /home/bur/ros2_ws/build/zed_ros2
