[0.105s] Invoking command in '/home/bur/ros2_ws/build/zed_interfaces': CMAKE_PREFIX_PATH=${CMAKE_PREFIX_PATH}:/opt/ros/humble /usr/bin/cmake --build /home/bur/ros2_ws/build/zed_interfaces -- -j6 -l6
[0.293s] [  0%] Built target ament_cmake_python_symlink_zed_interfaces
[0.324s] [ 12%] Built target zed_interfaces__rosidl_generator_c
[0.332s] [ 12%] Built target zed_interfaces__cpp
[0.471s] [ 24%] Built target zed_interfaces__rosidl_typesupport_cpp
[0.496s] [ 36%] Built target zed_interfaces__rosidl_typesupport_fastrtps_c
[0.501s] [ 48%] Built target zed_interfaces__rosidl_typesupport_c
[0.502s] [ 60%] Built target zed_interfaces__rosidl_typesupport_introspection_c
[0.532s] [ 72%] Built target zed_interfaces__rosidl_typesupport_fastrtps_cpp
[0.612s] [ 84%] Built target zed_interfaces__rosidl_typesupport_introspection_cpp
[0.677s] [ 84%] Built target zed_interfaces
[0.753s] [ 85%] Built target zed_interfaces__py
[0.911s] [ 96%] Built target zed_interfaces__rosidl_generator_py
[1.020s] [ 97%] Built target zed_interfaces__rosidl_typesupport_c__pyext
[1.025s] [ 98%] Built target zed_interfaces__rosidl_typesupport_fastrtps_c__pyext
[1.048s] [100%] Built target zed_interfaces__rosidl_typesupport_introspection_c__pyext
[1.328s] running egg_info
[1.330s] writing zed_interfaces.egg-info/PKG-INFO
[1.330s] writing dependency_links to zed_interfaces.egg-info/dependency_links.txt
[1.331s] writing top-level names to zed_interfaces.egg-info/top_level.txt
[1.441s] reading manifest file 'zed_interfaces.egg-info/SOURCES.txt'
[1.443s] writing manifest file 'zed_interfaces.egg-info/SOURCES.txt'
[1.533s] [100%] Built target ament_cmake_python_build_zed_interfaces_egg
[1.563s] Invoked command in '/home/bur/ros2_ws/build/zed_interfaces' returned '0': CMAKE_PREFIX_PATH=${CMAKE_PREFIX_PATH}:/opt/ros/humble /usr/bin/cmake --build /home/bur/ros2_ws/build/zed_interfaces -- -j6 -l6
[2.249s] Invoking command in '/home/bur/ros2_ws/build/zed_interfaces': CMAKE_PREFIX_PATH=${CMAKE_PREFIX_PATH}:/opt/ros/humble /usr/bin/cmake --install /home/bur/ros2_ws/build/zed_interfaces
[2.270s] -- Install configuration: "Release"
[2.272s] -- Execute custom install script
[2.273s] -- Up-to-date symlink: /home/bur/ros2_ws/install/zed_interfaces/share/ament_index/resource_index/rosidl_interfaces/zed_interfaces
[2.275s] -- Up-to-date symlink: /home/bur/ros2_ws/install/zed_interfaces/include/zed_interfaces/zed_interfaces/msg/bounding_box2_df.h
[2.275s] -- Up-to-date symlink: /home/bur/ros2_ws/install/zed_interfaces/include/zed_interfaces/zed_interfaces/msg/bounding_box2_di.h
[2.276s] -- Up-to-date symlink: /home/bur/ros2_ws/install/zed_interfaces/include/zed_interfaces/zed_interfaces/msg/bounding_box3_d.h
[2.276s] -- Up-to-date symlink: /home/bur/ros2_ws/install/zed_interfaces/include/zed_interfaces/zed_interfaces/msg/depth_info_stamped.h
[2.277s] -- Up-to-date symlink: /home/bur/ros2_ws/install/zed_interfaces/include/zed_interfaces/zed_interfaces/msg/detail/bounding_box2_df__functions.h
[2.277s] -- Up-to-date symlink: /home/bur/ros2_ws/install/zed_interfaces/include/zed_interfaces/zed_interfaces/msg/detail/bounding_box2_df__struct.h
[2.278s] -- Up-to-date symlink: /home/bur/ros2_ws/install/zed_interfaces/include/zed_interfaces/zed_interfaces/msg/detail/bounding_box2_df__type_support.h
[2.278s] -- Up-to-date symlink: /home/bur/ros2_ws/install/zed_interfaces/include/zed_interfaces/zed_interfaces/msg/detail/bounding_box2_di__functions.h
[2.279s] -- Up-to-date symlink: /home/bur/ros2_ws/install/zed_interfaces/include/zed_interfaces/zed_interfaces/msg/detail/bounding_box2_di__struct.h
[2.279s] -- Up-to-date symlink: /home/bur/ros2_ws/install/zed_interfaces/include/zed_interfaces/zed_interfaces/msg/detail/bounding_box2_di__type_support.h
[2.279s] -- Up-to-date symlink: /home/bur/ros2_ws/install/zed_interfaces/include/zed_interfaces/zed_interfaces/msg/detail/bounding_box3_d__functions.h
[2.280s] -- Up-to-date symlink: /home/bur/ros2_ws/install/zed_interfaces/include/zed_interfaces/zed_interfaces/msg/detail/bounding_box3_d__struct.h
[2.280s] -- Up-to-date symlink: /home/bur/ros2_ws/install/zed_interfaces/include/zed_interfaces/zed_interfaces/msg/detail/bounding_box3_d__type_support.h
[2.281s] -- Up-to-date symlink: /home/bur/ros2_ws/install/zed_interfaces/include/zed_interfaces/zed_interfaces/msg/detail/depth_info_stamped__functions.h
[2.281s] -- Up-to-date symlink: /home/bur/ros2_ws/install/zed_interfaces/include/zed_interfaces/zed_interfaces/msg/detail/depth_info_stamped__struct.h
[2.282s] -- Up-to-date symlink: /home/bur/ros2_ws/install/zed_interfaces/include/zed_interfaces/zed_interfaces/msg/detail/depth_info_stamped__type_support.h
[2.282s] -- Up-to-date symlink: /home/bur/ros2_ws/install/zed_interfaces/include/zed_interfaces/zed_interfaces/msg/detail/heartbeat__functions.h
[2.283s] -- Up-to-date symlink: /home/bur/ros2_ws/install/zed_interfaces/include/zed_interfaces/zed_interfaces/msg/detail/heartbeat__struct.h
[2.283s] -- Up-to-date symlink: /home/bur/ros2_ws/install/zed_interfaces/include/zed_interfaces/zed_interfaces/msg/detail/heartbeat__type_support.h
[2.284s] -- Up-to-date symlink: /home/bur/ros2_ws/install/zed_interfaces/include/zed_interfaces/zed_interfaces/msg/detail/keypoint2_df__functions.h
[2.284s] -- Up-to-date symlink: /home/bur/ros2_ws/install/zed_interfaces/include/zed_interfaces/zed_interfaces/msg/detail/keypoint2_df__struct.h
[2.284s] -- Up-to-date symlink: /home/bur/ros2_ws/install/zed_interfaces/include/zed_interfaces/zed_interfaces/msg/detail/keypoint2_df__type_support.h
[2.285s] -- Up-to-date symlink: /home/bur/ros2_ws/install/zed_interfaces/include/zed_interfaces/zed_interfaces/msg/detail/keypoint2_di__functions.h
[2.285s] -- Up-to-date symlink: /home/bur/ros2_ws/install/zed_interfaces/include/zed_interfaces/zed_interfaces/msg/detail/keypoint2_di__struct.h
[2.286s] -- Up-to-date symlink: /home/bur/ros2_ws/install/zed_interfaces/include/zed_interfaces/zed_interfaces/msg/detail/keypoint2_di__type_support.h
[2.286s] -- Up-to-date symlink: /home/bur/ros2_ws/install/zed_interfaces/include/zed_interfaces/zed_interfaces/msg/detail/keypoint3_d__functions.h
[2.287s] -- Up-to-date symlink: /home/bur/ros2_ws/install/zed_interfaces/include/zed_interfaces/zed_interfaces/msg/detail/keypoint3_d__struct.h
[2.287s] -- Up-to-date symlink: /home/bur/ros2_ws/install/zed_interfaces/include/zed_interfaces/zed_interfaces/msg/detail/keypoint3_d__type_support.h
[2.288s] -- Up-to-date symlink: /home/bur/ros2_ws/install/zed_interfaces/include/zed_interfaces/zed_interfaces/msg/detail/object__functions.h
[2.288s] -- Up-to-date symlink: /home/bur/ros2_ws/install/zed_interfaces/include/zed_interfaces/zed_interfaces/msg/detail/object__struct.h
[2.288s] -- Up-to-date symlink: /home/bur/ros2_ws/install/zed_interfaces/include/zed_interfaces/zed_interfaces/msg/detail/object__type_support.h
[2.289s] -- Up-to-date symlink: /home/bur/ros2_ws/install/zed_interfaces/include/zed_interfaces/zed_interfaces/msg/detail/objects_stamped__functions.h
[2.289s] -- Up-to-date symlink: /home/bur/ros2_ws/install/zed_interfaces/include/zed_interfaces/zed_interfaces/msg/detail/objects_stamped__struct.h
[2.290s] -- Up-to-date symlink: /home/bur/ros2_ws/install/zed_interfaces/include/zed_interfaces/zed_interfaces/msg/detail/objects_stamped__type_support.h
[2.290s] -- Up-to-date symlink: /home/bur/ros2_ws/install/zed_interfaces/include/zed_interfaces/zed_interfaces/msg/detail/plane_stamped__functions.h
[2.290s] -- Up-to-date symlink: /home/bur/ros2_ws/install/zed_interfaces/include/zed_interfaces/zed_interfaces/msg/detail/plane_stamped__struct.h
[2.291s] -- Up-to-date symlink: /home/bur/ros2_ws/install/zed_interfaces/include/zed_interfaces/zed_interfaces/msg/detail/plane_stamped__type_support.h
[2.291s] -- Up-to-date symlink: /home/bur/ros2_ws/install/zed_interfaces/include/zed_interfaces/zed_interfaces/msg/detail/pos_track_status__functions.h
[2.292s] -- Up-to-date symlink: /home/bur/ros2_ws/install/zed_interfaces/include/zed_interfaces/zed_interfaces/msg/detail/pos_track_status__struct.h
[2.292s] -- Up-to-date symlink: /home/bur/ros2_ws/install/zed_interfaces/include/zed_interfaces/zed_interfaces/msg/detail/pos_track_status__type_support.h
[2.293s] -- Up-to-date symlink: /home/bur/ros2_ws/install/zed_interfaces/include/zed_interfaces/zed_interfaces/msg/detail/skeleton2_d__functions.h
[2.294s] -- Up-to-date symlink: /home/bur/ros2_ws/install/zed_interfaces/include/zed_interfaces/zed_interfaces/msg/detail/skeleton2_d__struct.h
[2.295s] -- Up-to-date symlink: /home/bur/ros2_ws/install/zed_interfaces/include/zed_interfaces/zed_interfaces/msg/detail/skeleton2_d__type_support.h
[2.296s] -- Up-to-date symlink: /home/bur/ros2_ws/install/zed_interfaces/include/zed_interfaces/zed_interfaces/msg/detail/skeleton3_d__functions.h
[2.301s] -- Up-to-date symlink: /home/bur/ros2_ws/install/zed_interfaces/include/zed_interfaces/zed_interfaces/msg/detail/skeleton3_d__struct.h
[2.302s] -- Up-to-date symlink: /home/bur/ros2_ws/install/zed_interfaces/include/zed_interfaces/zed_interfaces/msg/detail/skeleton3_d__type_support.h
[2.304s] -- Up-to-date symlink: /home/bur/ros2_ws/install/zed_interfaces/include/zed_interfaces/zed_interfaces/msg/heartbeat.h
[2.305s] -- Up-to-date symlink: /home/bur/ros2_ws/install/zed_interfaces/include/zed_interfaces/zed_interfaces/msg/keypoint2_df.h
[2.307s] -- Up-to-date symlink: /home/bur/ros2_ws/install/zed_interfaces/include/zed_interfaces/zed_interfaces/msg/keypoint2_di.h
[2.307s] -- Up-to-date symlink: /home/bur/ros2_ws/install/zed_interfaces/include/zed_interfaces/zed_interfaces/msg/keypoint3_d.h
[2.308s] -- Up-to-date symlink: /home/bur/ros2_ws/install/zed_interfaces/include/zed_interfaces/zed_interfaces/msg/object.h
[2.308s] -- Up-to-date symlink: /home/bur/ros2_ws/install/zed_interfaces/include/zed_interfaces/zed_interfaces/msg/objects_stamped.h
[2.308s] -- Up-to-date symlink: /home/bur/ros2_ws/install/zed_interfaces/include/zed_interfaces/zed_interfaces/msg/plane_stamped.h
[2.308s] -- Up-to-date symlink: /home/bur/ros2_ws/install/zed_interfaces/include/zed_interfaces/zed_interfaces/msg/pos_track_status.h
[2.308s] -- Up-to-date symlink: /home/bur/ros2_ws/install/zed_interfaces/include/zed_interfaces/zed_interfaces/msg/rosidl_generator_c__visibility_control.h
[2.308s] -- Up-to-date symlink: /home/bur/ros2_ws/install/zed_interfaces/include/zed_interfaces/zed_interfaces/msg/skeleton2_d.h
[2.308s] -- Up-to-date symlink: /home/bur/ros2_ws/install/zed_interfaces/include/zed_interfaces/zed_interfaces/msg/skeleton3_d.h
[2.308s] -- Up-to-date symlink: /home/bur/ros2_ws/install/zed_interfaces/include/zed_interfaces/zed_interfaces/srv/detail/set_pose__functions.h
[2.309s] -- Up-to-date symlink: /home/bur/ros2_ws/install/zed_interfaces/include/zed_interfaces/zed_interfaces/srv/detail/set_pose__struct.h
[2.309s] -- Up-to-date symlink: /home/bur/ros2_ws/install/zed_interfaces/include/zed_interfaces/zed_interfaces/srv/detail/set_pose__type_support.h
[2.309s] -- Up-to-date symlink: /home/bur/ros2_ws/install/zed_interfaces/include/zed_interfaces/zed_interfaces/srv/detail/set_roi__functions.h
[2.309s] -- Up-to-date symlink: /home/bur/ros2_ws/install/zed_interfaces/include/zed_interfaces/zed_interfaces/srv/detail/set_roi__struct.h
[2.309s] -- Up-to-date symlink: /home/bur/ros2_ws/install/zed_interfaces/include/zed_interfaces/zed_interfaces/srv/detail/set_roi__type_support.h
[2.310s] -- Up-to-date symlink: /home/bur/ros2_ws/install/zed_interfaces/include/zed_interfaces/zed_interfaces/srv/detail/start_svo_rec__functions.h
[2.310s] -- Up-to-date symlink: /home/bur/ros2_ws/install/zed_interfaces/include/zed_interfaces/zed_interfaces/srv/detail/start_svo_rec__struct.h
[2.310s] -- Up-to-date symlink: /home/bur/ros2_ws/install/zed_interfaces/include/zed_interfaces/zed_interfaces/srv/detail/start_svo_rec__type_support.h
[2.310s] -- Up-to-date symlink: /home/bur/ros2_ws/install/zed_interfaces/include/zed_interfaces/zed_interfaces/srv/set_pose.h
[2.310s] -- Up-to-date symlink: /home/bur/ros2_ws/install/zed_interfaces/include/zed_interfaces/zed_interfaces/srv/set_roi.h
[2.310s] -- Up-to-date symlink: /home/bur/ros2_ws/install/zed_interfaces/include/zed_interfaces/zed_interfaces/srv/start_svo_rec.h
[2.311s] -- Up-to-date symlink: /home/bur/ros2_ws/install/zed_interfaces/share/zed_interfaces/environment/library_path.sh
[2.311s] -- Up-to-date symlink: /home/bur/ros2_ws/install/zed_interfaces/share/zed_interfaces/environment/library_path.dsv
[2.311s] -- Up-to-date symlink: /home/bur/ros2_ws/install/zed_interfaces/include/zed_interfaces/zed_interfaces/msg/detail/bounding_box2_df__rosidl_typesupport_fastrtps_c.h
[2.311s] -- Up-to-date symlink: /home/bur/ros2_ws/install/zed_interfaces/include/zed_interfaces/zed_interfaces/msg/detail/bounding_box2_di__rosidl_typesupport_fastrtps_c.h
[2.311s] -- Up-to-date symlink: /home/bur/ros2_ws/install/zed_interfaces/include/zed_interfaces/zed_interfaces/msg/detail/bounding_box3_d__rosidl_typesupport_fastrtps_c.h
[2.312s] -- Up-to-date symlink: /home/bur/ros2_ws/install/zed_interfaces/include/zed_interfaces/zed_interfaces/msg/detail/depth_info_stamped__rosidl_typesupport_fastrtps_c.h
[2.312s] -- Up-to-date symlink: /home/bur/ros2_ws/install/zed_interfaces/include/zed_interfaces/zed_interfaces/msg/detail/heartbeat__rosidl_typesupport_fastrtps_c.h
[2.312s] -- Up-to-date symlink: /home/bur/ros2_ws/install/zed_interfaces/include/zed_interfaces/zed_interfaces/msg/detail/keypoint2_df__rosidl_typesupport_fastrtps_c.h
[2.312s] -- Up-to-date symlink: /home/bur/ros2_ws/install/zed_interfaces/include/zed_interfaces/zed_interfaces/msg/detail/keypoint2_di__rosidl_typesupport_fastrtps_c.h
[2.312s] -- Up-to-date symlink: /home/bur/ros2_ws/install/zed_interfaces/include/zed_interfaces/zed_interfaces/msg/detail/keypoint3_d__rosidl_typesupport_fastrtps_c.h
[2.312s] -- Up-to-date symlink: /home/bur/ros2_ws/install/zed_interfaces/include/zed_interfaces/zed_interfaces/msg/detail/object__rosidl_typesupport_fastrtps_c.h
[2.313s] -- Up-to-date symlink: /home/bur/ros2_ws/install/zed_interfaces/include/zed_interfaces/zed_interfaces/msg/detail/objects_stamped__rosidl_typesupport_fastrtps_c.h
[2.313s] -- Up-to-date symlink: /home/bur/ros2_ws/install/zed_interfaces/include/zed_interfaces/zed_interfaces/msg/detail/plane_stamped__rosidl_typesupport_fastrtps_c.h
[2.314s] -- Up-to-date symlink: /home/bur/ros2_ws/install/zed_interfaces/include/zed_interfaces/zed_interfaces/msg/detail/pos_track_status__rosidl_typesupport_fastrtps_c.h
[2.314s] -- Up-to-date symlink: /home/bur/ros2_ws/install/zed_interfaces/include/zed_interfaces/zed_interfaces/msg/detail/skeleton2_d__rosidl_typesupport_fastrtps_c.h
[2.315s] -- Up-to-date symlink: /home/bur/ros2_ws/install/zed_interfaces/include/zed_interfaces/zed_interfaces/msg/detail/skeleton3_d__rosidl_typesupport_fastrtps_c.h
[2.315s] -- Up-to-date symlink: /home/bur/ros2_ws/install/zed_interfaces/include/zed_interfaces/zed_interfaces/msg/rosidl_typesupport_fastrtps_c__visibility_control.h
[2.315s] -- Up-to-date symlink: /home/bur/ros2_ws/install/zed_interfaces/include/zed_interfaces/zed_interfaces/srv/detail/set_pose__rosidl_typesupport_fastrtps_c.h
[2.316s] -- Up-to-date symlink: /home/bur/ros2_ws/install/zed_interfaces/include/zed_interfaces/zed_interfaces/srv/detail/set_roi__rosidl_typesupport_fastrtps_c.h
[2.316s] -- Up-to-date symlink: /home/bur/ros2_ws/install/zed_interfaces/include/zed_interfaces/zed_interfaces/srv/detail/start_svo_rec__rosidl_typesupport_fastrtps_c.h
[2.318s] -- Up-to-date symlink: /home/bur/ros2_ws/install/zed_interfaces/include/zed_interfaces/zed_interfaces/msg/bounding_box2_df.hpp
[2.319s] -- Up-to-date symlink: /home/bur/ros2_ws/install/zed_interfaces/include/zed_interfaces/zed_interfaces/msg/bounding_box2_di.hpp
[2.319s] -- Up-to-date symlink: /home/bur/ros2_ws/install/zed_interfaces/include/zed_interfaces/zed_interfaces/msg/bounding_box3_d.hpp
[2.319s] -- Up-to-date symlink: /home/bur/ros2_ws/install/zed_interfaces/include/zed_interfaces/zed_interfaces/msg/depth_info_stamped.hpp
[2.320s] -- Up-to-date symlink: /home/bur/ros2_ws/install/zed_interfaces/include/zed_interfaces/zed_interfaces/msg/detail/bounding_box2_df__builder.hpp
[2.320s] -- Up-to-date symlink: /home/bur/ros2_ws/install/zed_interfaces/include/zed_interfaces/zed_interfaces/msg/detail/bounding_box2_df__struct.hpp
[2.320s] -- Up-to-date symlink: /home/bur/ros2_ws/install/zed_interfaces/include/zed_interfaces/zed_interfaces/msg/detail/bounding_box2_df__traits.hpp
[2.321s] -- Up-to-date symlink: /home/bur/ros2_ws/install/zed_interfaces/include/zed_interfaces/zed_interfaces/msg/detail/bounding_box2_di__builder.hpp
[2.321s] -- Up-to-date symlink: /home/bur/ros2_ws/install/zed_interfaces/include/zed_interfaces/zed_interfaces/msg/detail/bounding_box2_di__struct.hpp
[2.321s] -- Up-to-date symlink: /home/bur/ros2_ws/install/zed_interfaces/include/zed_interfaces/zed_interfaces/msg/detail/bounding_box2_di__traits.hpp
[2.322s] -- Up-to-date symlink: /home/bur/ros2_ws/install/zed_interfaces/include/zed_interfaces/zed_interfaces/msg/detail/bounding_box3_d__builder.hpp
[2.322s] -- Up-to-date symlink: /home/bur/ros2_ws/install/zed_interfaces/include/zed_interfaces/zed_interfaces/msg/detail/bounding_box3_d__struct.hpp
[2.322s] -- Up-to-date symlink: /home/bur/ros2_ws/install/zed_interfaces/include/zed_interfaces/zed_interfaces/msg/detail/bounding_box3_d__traits.hpp
[2.323s] -- Up-to-date symlink: /home/bur/ros2_ws/install/zed_interfaces/include/zed_interfaces/zed_interfaces/msg/detail/depth_info_stamped__builder.hpp
[2.323s] -- Up-to-date symlink: /home/bur/ros2_ws/install/zed_interfaces/include/zed_interfaces/zed_interfaces/msg/detail/depth_info_stamped__struct.hpp
[2.323s] -- Up-to-date symlink: /home/bur/ros2_ws/install/zed_interfaces/include/zed_interfaces/zed_interfaces/msg/detail/depth_info_stamped__traits.hpp
[2.324s] -- Up-to-date symlink: /home/bur/ros2_ws/install/zed_interfaces/include/zed_interfaces/zed_interfaces/msg/detail/heartbeat__builder.hpp
[2.324s] -- Up-to-date symlink: /home/bur/ros2_ws/install/zed_interfaces/include/zed_interfaces/zed_interfaces/msg/detail/heartbeat__struct.hpp
[2.325s] -- Up-to-date symlink: /home/bur/ros2_ws/install/zed_interfaces/include/zed_interfaces/zed_interfaces/msg/detail/heartbeat__traits.hpp
[2.326s] -- Up-to-date symlink: /home/bur/ros2_ws/install/zed_interfaces/include/zed_interfaces/zed_interfaces/msg/detail/keypoint2_df__builder.hpp
[2.326s] -- Up-to-date symlink: /home/bur/ros2_ws/install/zed_interfaces/include/zed_interfaces/zed_interfaces/msg/detail/keypoint2_df__struct.hpp
[2.327s] -- Up-to-date symlink: /home/bur/ros2_ws/install/zed_interfaces/include/zed_interfaces/zed_interfaces/msg/detail/keypoint2_df__traits.hpp
[2.327s] -- Up-to-date symlink: /home/bur/ros2_ws/install/zed_interfaces/include/zed_interfaces/zed_interfaces/msg/detail/keypoint2_di__builder.hpp
[2.328s] -- Up-to-date symlink: /home/bur/ros2_ws/install/zed_interfaces/include/zed_interfaces/zed_interfaces/msg/detail/keypoint2_di__struct.hpp
[2.328s] -- Up-to-date symlink: /home/bur/ros2_ws/install/zed_interfaces/include/zed_interfaces/zed_interfaces/msg/detail/keypoint2_di__traits.hpp
[2.328s] -- Up-to-date symlink: /home/bur/ros2_ws/install/zed_interfaces/include/zed_interfaces/zed_interfaces/msg/detail/keypoint3_d__builder.hpp
[2.329s] -- Up-to-date symlink: /home/bur/ros2_ws/install/zed_interfaces/include/zed_interfaces/zed_interfaces/msg/detail/keypoint3_d__struct.hpp
[2.329s] -- Up-to-date symlink: /home/bur/ros2_ws/install/zed_interfaces/include/zed_interfaces/zed_interfaces/msg/detail/keypoint3_d__traits.hpp
[2.329s] -- Up-to-date symlink: /home/bur/ros2_ws/install/zed_interfaces/include/zed_interfaces/zed_interfaces/msg/detail/object__builder.hpp
[2.330s] -- Up-to-date symlink: /home/bur/ros2_ws/install/zed_interfaces/include/zed_interfaces/zed_interfaces/msg/detail/object__struct.hpp
[2.330s] -- Up-to-date symlink: /home/bur/ros2_ws/install/zed_interfaces/include/zed_interfaces/zed_interfaces/msg/detail/object__traits.hpp
[2.331s] -- Up-to-date symlink: /home/bur/ros2_ws/install/zed_interfaces/include/zed_interfaces/zed_interfaces/msg/detail/objects_stamped__builder.hpp
[2.331s] -- Up-to-date symlink: /home/bur/ros2_ws/install/zed_interfaces/include/zed_interfaces/zed_interfaces/msg/detail/objects_stamped__struct.hpp
[2.332s] -- Up-to-date symlink: /home/bur/ros2_ws/install/zed_interfaces/include/zed_interfaces/zed_interfaces/msg/detail/objects_stamped__traits.hpp
[2.332s] -- Up-to-date symlink: /home/bur/ros2_ws/install/zed_interfaces/include/zed_interfaces/zed_interfaces/msg/detail/plane_stamped__builder.hpp
[2.332s] -- Up-to-date symlink: /home/bur/ros2_ws/install/zed_interfaces/include/zed_interfaces/zed_interfaces/msg/detail/plane_stamped__struct.hpp
[2.332s] -- Up-to-date symlink: /home/bur/ros2_ws/install/zed_interfaces/include/zed_interfaces/zed_interfaces/msg/detail/plane_stamped__traits.hpp
[2.333s] -- Up-to-date symlink: /home/bur/ros2_ws/install/zed_interfaces/include/zed_interfaces/zed_interfaces/msg/detail/pos_track_status__builder.hpp
[2.333s] -- Up-to-date symlink: /home/bur/ros2_ws/install/zed_interfaces/include/zed_interfaces/zed_interfaces/msg/detail/pos_track_status__struct.hpp
[2.333s] -- Up-to-date symlink: /home/bur/ros2_ws/install/zed_interfaces/include/zed_interfaces/zed_interfaces/msg/detail/pos_track_status__traits.hpp
[2.334s] -- Up-to-date symlink: /home/bur/ros2_ws/install/zed_interfaces/include/zed_interfaces/zed_interfaces/msg/detail/skeleton2_d__builder.hpp
[2.334s] -- Up-to-date symlink: /home/bur/ros2_ws/install/zed_interfaces/include/zed_interfaces/zed_interfaces/msg/detail/skeleton2_d__struct.hpp
[2.334s] -- Up-to-date symlink: /home/bur/ros2_ws/install/zed_interfaces/include/zed_interfaces/zed_interfaces/msg/detail/skeleton2_d__traits.hpp
[2.335s] -- Up-to-date symlink: /home/bur/ros2_ws/install/zed_interfaces/include/zed_interfaces/zed_interfaces/msg/detail/skeleton3_d__builder.hpp
[2.335s] -- Up-to-date symlink: /home/bur/ros2_ws/install/zed_interfaces/include/zed_interfaces/zed_interfaces/msg/detail/skeleton3_d__struct.hpp
[2.335s] -- Up-to-date symlink: /home/bur/ros2_ws/install/zed_interfaces/include/zed_interfaces/zed_interfaces/msg/detail/skeleton3_d__traits.hpp
[2.336s] -- Up-to-date symlink: /home/bur/ros2_ws/install/zed_interfaces/include/zed_interfaces/zed_interfaces/msg/heartbeat.hpp
[2.336s] -- Up-to-date symlink: /home/bur/ros2_ws/install/zed_interfaces/include/zed_interfaces/zed_interfaces/msg/keypoint2_df.hpp
[2.336s] -- Up-to-date symlink: /home/bur/ros2_ws/install/zed_interfaces/include/zed_interfaces/zed_interfaces/msg/keypoint2_di.hpp
[2.337s] -- Up-to-date symlink: /home/bur/ros2_ws/install/zed_interfaces/include/zed_interfaces/zed_interfaces/msg/keypoint3_d.hpp
[2.338s] -- Up-to-date symlink: /home/bur/ros2_ws/install/zed_interfaces/include/zed_interfaces/zed_interfaces/msg/object.hpp
[2.338s] -- Up-to-date symlink: /home/bur/ros2_ws/install/zed_interfaces/include/zed_interfaces/zed_interfaces/msg/objects_stamped.hpp
[2.338s] -- Up-to-date symlink: /home/bur/ros2_ws/install/zed_interfaces/include/zed_interfaces/zed_interfaces/msg/plane_stamped.hpp
[2.339s] -- Up-to-date symlink: /home/bur/ros2_ws/install/zed_interfaces/include/zed_interfaces/zed_interfaces/msg/pos_track_status.hpp
[2.339s] -- Up-to-date symlink: /home/bur/ros2_ws/install/zed_interfaces/include/zed_interfaces/zed_interfaces/msg/skeleton2_d.hpp
[2.339s] -- Up-to-date symlink: /home/bur/ros2_ws/install/zed_interfaces/include/zed_interfaces/zed_interfaces/msg/skeleton3_d.hpp
[2.339s] -- Up-to-date symlink: /home/bur/ros2_ws/install/zed_interfaces/include/zed_interfaces/zed_interfaces/srv/detail/set_pose__builder.hpp
[2.340s] -- Up-to-date symlink: /home/bur/ros2_ws/install/zed_interfaces/include/zed_interfaces/zed_interfaces/srv/detail/set_pose__struct.hpp
[2.340s] -- Up-to-date symlink: /home/bur/ros2_ws/install/zed_interfaces/include/zed_interfaces/zed_interfaces/srv/detail/set_pose__traits.hpp
[2.340s] -- Up-to-date symlink: /home/bur/ros2_ws/install/zed_interfaces/include/zed_interfaces/zed_interfaces/srv/detail/set_roi__builder.hpp
[2.341s] -- Up-to-date symlink: /home/bur/ros2_ws/install/zed_interfaces/include/zed_interfaces/zed_interfaces/srv/detail/set_roi__struct.hpp
[2.341s] -- Up-to-date symlink: /home/bur/ros2_ws/install/zed_interfaces/include/zed_interfaces/zed_interfaces/srv/detail/set_roi__traits.hpp
[2.341s] -- Up-to-date symlink: /home/bur/ros2_ws/install/zed_interfaces/include/zed_interfaces/zed_interfaces/srv/detail/start_svo_rec__builder.hpp
[2.341s] -- Up-to-date symlink: /home/bur/ros2_ws/install/zed_interfaces/include/zed_interfaces/zed_interfaces/srv/detail/start_svo_rec__struct.hpp
[2.342s] -- Up-to-date symlink: /home/bur/ros2_ws/install/zed_interfaces/include/zed_interfaces/zed_interfaces/srv/detail/start_svo_rec__traits.hpp
[2.342s] -- Up-to-date symlink: /home/bur/ros2_ws/install/zed_interfaces/include/zed_interfaces/zed_interfaces/srv/set_pose.hpp
[2.342s] -- Up-to-date symlink: /home/bur/ros2_ws/install/zed_interfaces/include/zed_interfaces/zed_interfaces/srv/set_roi.hpp
[2.343s] -- Up-to-date symlink: /home/bur/ros2_ws/install/zed_interfaces/include/zed_interfaces/zed_interfaces/srv/start_svo_rec.hpp
[2.345s] -- Up-to-date symlink: /home/bur/ros2_ws/install/zed_interfaces/include/zed_interfaces/zed_interfaces/msg/detail/bounding_box2_df__rosidl_typesupport_fastrtps_cpp.hpp
[2.346s] -- Up-to-date symlink: /home/bur/ros2_ws/install/zed_interfaces/include/zed_interfaces/zed_interfaces/msg/detail/bounding_box2_di__rosidl_typesupport_fastrtps_cpp.hpp
[2.346s] -- Up-to-date symlink: /home/bur/ros2_ws/install/zed_interfaces/include/zed_interfaces/zed_interfaces/msg/detail/bounding_box3_d__rosidl_typesupport_fastrtps_cpp.hpp
[2.347s] -- Up-to-date symlink: /home/bur/ros2_ws/install/zed_interfaces/include/zed_interfaces/zed_interfaces/msg/detail/depth_info_stamped__rosidl_typesupport_fastrtps_cpp.hpp
[2.347s] -- Up-to-date symlink: /home/bur/ros2_ws/install/zed_interfaces/include/zed_interfaces/zed_interfaces/msg/detail/heartbeat__rosidl_typesupport_fastrtps_cpp.hpp
[2.348s] -- Up-to-date symlink: /home/bur/ros2_ws/install/zed_interfaces/include/zed_interfaces/zed_interfaces/msg/detail/keypoint2_df__rosidl_typesupport_fastrtps_cpp.hpp
[2.349s] -- Up-to-date symlink: /home/bur/ros2_ws/install/zed_interfaces/include/zed_interfaces/zed_interfaces/msg/detail/keypoint2_di__rosidl_typesupport_fastrtps_cpp.hpp
[2.349s] -- Up-to-date symlink: /home/bur/ros2_ws/install/zed_interfaces/include/zed_interfaces/zed_interfaces/msg/detail/keypoint3_d__rosidl_typesupport_fastrtps_cpp.hpp
[2.350s] -- Up-to-date symlink: /home/bur/ros2_ws/install/zed_interfaces/include/zed_interfaces/zed_interfaces/msg/detail/object__rosidl_typesupport_fastrtps_cpp.hpp
[2.350s] -- Up-to-date symlink: /home/bur/ros2_ws/install/zed_interfaces/include/zed_interfaces/zed_interfaces/msg/detail/objects_stamped__rosidl_typesupport_fastrtps_cpp.hpp
[2.350s] -- Up-to-date symlink: /home/bur/ros2_ws/install/zed_interfaces/include/zed_interfaces/zed_interfaces/msg/detail/plane_stamped__rosidl_typesupport_fastrtps_cpp.hpp
[2.351s] -- Up-to-date symlink: /home/bur/ros2_ws/install/zed_interfaces/include/zed_interfaces/zed_interfaces/msg/detail/pos_track_status__rosidl_typesupport_fastrtps_cpp.hpp
[2.351s] -- Up-to-date symlink: /home/bur/ros2_ws/install/zed_interfaces/include/zed_interfaces/zed_interfaces/msg/detail/skeleton2_d__rosidl_typesupport_fastrtps_cpp.hpp
[2.351s] -- Up-to-date symlink: /home/bur/ros2_ws/install/zed_interfaces/include/zed_interfaces/zed_interfaces/msg/detail/skeleton3_d__rosidl_typesupport_fastrtps_cpp.hpp
[2.352s] -- Up-to-date symlink: /home/bur/ros2_ws/install/zed_interfaces/include/zed_interfaces/zed_interfaces/msg/rosidl_typesupport_fastrtps_cpp__visibility_control.h
[2.352s] -- Up-to-date symlink: /home/bur/ros2_ws/install/zed_interfaces/include/zed_interfaces/zed_interfaces/srv/detail/set_pose__rosidl_typesupport_fastrtps_cpp.hpp
[2.353s] -- Up-to-date symlink: /home/bur/ros2_ws/install/zed_interfaces/include/zed_interfaces/zed_interfaces/srv/detail/set_roi__rosidl_typesupport_fastrtps_cpp.hpp
[2.353s] -- Up-to-date symlink: /home/bur/ros2_ws/install/zed_interfaces/include/zed_interfaces/zed_interfaces/srv/detail/start_svo_rec__rosidl_typesupport_fastrtps_cpp.hpp
[2.355s] -- Up-to-date symlink: /home/bur/ros2_ws/install/zed_interfaces/include/zed_interfaces/zed_interfaces/msg/detail/bounding_box2_df__rosidl_typesupport_introspection_c.h
[2.355s] -- Up-to-date symlink: /home/bur/ros2_ws/install/zed_interfaces/include/zed_interfaces/zed_interfaces/msg/detail/bounding_box2_di__rosidl_typesupport_introspection_c.h
[2.356s] -- Up-to-date symlink: /home/bur/ros2_ws/install/zed_interfaces/include/zed_interfaces/zed_interfaces/msg/detail/bounding_box3_d__rosidl_typesupport_introspection_c.h
[2.356s] -- Up-to-date symlink: /home/bur/ros2_ws/install/zed_interfaces/include/zed_interfaces/zed_interfaces/msg/detail/depth_info_stamped__rosidl_typesupport_introspection_c.h
[2.356s] -- Up-to-date symlink: /home/bur/ros2_ws/install/zed_interfaces/include/zed_interfaces/zed_interfaces/msg/detail/heartbeat__rosidl_typesupport_introspection_c.h
[2.357s] -- Up-to-date symlink: /home/bur/ros2_ws/install/zed_interfaces/include/zed_interfaces/zed_interfaces/msg/detail/keypoint2_df__rosidl_typesupport_introspection_c.h
[2.358s] -- Up-to-date symlink: /home/bur/ros2_ws/install/zed_interfaces/include/zed_interfaces/zed_interfaces/msg/detail/keypoint2_di__rosidl_typesupport_introspection_c.h
[2.358s] -- Up-to-date symlink: /home/bur/ros2_ws/install/zed_interfaces/include/zed_interfaces/zed_interfaces/msg/detail/keypoint3_d__rosidl_typesupport_introspection_c.h
[2.358s] -- Up-to-date symlink: /home/bur/ros2_ws/install/zed_interfaces/include/zed_interfaces/zed_interfaces/msg/detail/object__rosidl_typesupport_introspection_c.h
[2.359s] -- Up-to-date symlink: /home/bur/ros2_ws/install/zed_interfaces/include/zed_interfaces/zed_interfaces/msg/detail/objects_stamped__rosidl_typesupport_introspection_c.h
[2.360s] -- Up-to-date symlink: /home/bur/ros2_ws/install/zed_interfaces/include/zed_interfaces/zed_interfaces/msg/detail/plane_stamped__rosidl_typesupport_introspection_c.h
[2.360s] -- Up-to-date symlink: /home/bur/ros2_ws/install/zed_interfaces/include/zed_interfaces/zed_interfaces/msg/detail/pos_track_status__rosidl_typesupport_introspection_c.h
[2.361s] -- Up-to-date symlink: /home/bur/ros2_ws/install/zed_interfaces/include/zed_interfaces/zed_interfaces/msg/detail/skeleton2_d__rosidl_typesupport_introspection_c.h
[2.361s] -- Up-to-date symlink: /home/bur/ros2_ws/install/zed_interfaces/include/zed_interfaces/zed_interfaces/msg/detail/skeleton3_d__rosidl_typesupport_introspection_c.h
[2.362s] -- Up-to-date symlink: /home/bur/ros2_ws/install/zed_interfaces/include/zed_interfaces/zed_interfaces/msg/rosidl_typesupport_introspection_c__visibility_control.h
[2.362s] -- Up-to-date symlink: /home/bur/ros2_ws/install/zed_interfaces/include/zed_interfaces/zed_interfaces/srv/detail/set_pose__rosidl_typesupport_introspection_c.h
[2.362s] -- Up-to-date symlink: /home/bur/ros2_ws/install/zed_interfaces/include/zed_interfaces/zed_interfaces/srv/detail/set_roi__rosidl_typesupport_introspection_c.h
[2.363s] -- Up-to-date symlink: /home/bur/ros2_ws/install/zed_interfaces/include/zed_interfaces/zed_interfaces/srv/detail/start_svo_rec__rosidl_typesupport_introspection_c.h
[2.365s] -- Up-to-date symlink: /home/bur/ros2_ws/install/zed_interfaces/include/zed_interfaces/zed_interfaces/msg/detail/bounding_box2_df__rosidl_typesupport_introspection_cpp.hpp
[2.371s] -- Up-to-date symlink: /home/bur/ros2_ws/install/zed_interfaces/include/zed_interfaces/zed_interfaces/msg/detail/bounding_box2_di__rosidl_typesupport_introspection_cpp.hpp
[2.375s] -- Up-to-date symlink: /home/bur/ros2_ws/install/zed_interfaces/include/zed_interfaces/zed_interfaces/msg/detail/bounding_box3_d__rosidl_typesupport_introspection_cpp.hpp
[2.377s] -- Up-to-date symlink: /home/bur/ros2_ws/install/zed_interfaces/include/zed_interfaces/zed_interfaces/msg/detail/depth_info_stamped__rosidl_typesupport_introspection_cpp.hpp
[2.377s] -- Up-to-date symlink: /home/bur/ros2_ws/install/zed_interfaces/include/zed_interfaces/zed_interfaces/msg/detail/heartbeat__rosidl_typesupport_introspection_cpp.hpp
[2.377s] -- Up-to-date symlink: /home/bur/ros2_ws/install/zed_interfaces/include/zed_interfaces/zed_interfaces/msg/detail/keypoint2_df__rosidl_typesupport_introspection_cpp.hpp
[2.377s] -- Up-to-date symlink: /home/bur/ros2_ws/install/zed_interfaces/include/zed_interfaces/zed_interfaces/msg/detail/keypoint2_di__rosidl_typesupport_introspection_cpp.hpp
[2.377s] -- Up-to-date symlink: /home/bur/ros2_ws/install/zed_interfaces/include/zed_interfaces/zed_interfaces/msg/detail/keypoint3_d__rosidl_typesupport_introspection_cpp.hpp
[2.378s] -- Up-to-date symlink: /home/bur/ros2_ws/install/zed_interfaces/include/zed_interfaces/zed_interfaces/msg/detail/object__rosidl_typesupport_introspection_cpp.hpp
[2.378s] -- Up-to-date symlink: /home/bur/ros2_ws/install/zed_interfaces/include/zed_interfaces/zed_interfaces/msg/detail/objects_stamped__rosidl_typesupport_introspection_cpp.hpp
[2.378s] -- Up-to-date symlink: /home/bur/ros2_ws/install/zed_interfaces/include/zed_interfaces/zed_interfaces/msg/detail/plane_stamped__rosidl_typesupport_introspection_cpp.hpp
[2.378s] -- Up-to-date symlink: /home/bur/ros2_ws/install/zed_interfaces/include/zed_interfaces/zed_interfaces/msg/detail/pos_track_status__rosidl_typesupport_introspection_cpp.hpp
[2.379s] -- Up-to-date symlink: /home/bur/ros2_ws/install/zed_interfaces/include/zed_interfaces/zed_interfaces/msg/detail/skeleton2_d__rosidl_typesupport_introspection_cpp.hpp
[2.379s] -- Up-to-date symlink: /home/bur/ros2_ws/install/zed_interfaces/include/zed_interfaces/zed_interfaces/msg/detail/skeleton3_d__rosidl_typesupport_introspection_cpp.hpp
[2.379s] -- Up-to-date symlink: /home/bur/ros2_ws/install/zed_interfaces/include/zed_interfaces/zed_interfaces/srv/detail/set_pose__rosidl_typesupport_introspection_cpp.hpp
[2.379s] -- Up-to-date symlink: /home/bur/ros2_ws/install/zed_interfaces/include/zed_interfaces/zed_interfaces/srv/detail/set_roi__rosidl_typesupport_introspection_cpp.hpp
[2.379s] -- Up-to-date symlink: /home/bur/ros2_ws/install/zed_interfaces/include/zed_interfaces/zed_interfaces/srv/detail/start_svo_rec__rosidl_typesupport_introspection_cpp.hpp
[2.380s] -- Up-to-date symlink: /home/bur/ros2_ws/install/zed_interfaces/share/zed_interfaces/environment/pythonpath.sh
[2.380s] -- Up-to-date symlink: /home/bur/ros2_ws/install/zed_interfaces/share/zed_interfaces/environment/pythonpath.dsv
[2.380s] -- Up-to-date symlink: /home/bur/ros2_ws/install/zed_interfaces/lib/python3.9/site-packages/zed_interfaces-4.0.0-py3.9.egg-info/PKG-INFO
[2.380s] -- Up-to-date symlink: /home/bur/ros2_ws/install/zed_interfaces/lib/python3.9/site-packages/zed_interfaces-4.0.0-py3.9.egg-info/SOURCES.txt
[2.380s] -- Up-to-date symlink: /home/bur/ros2_ws/install/zed_interfaces/lib/python3.9/site-packages/zed_interfaces-4.0.0-py3.9.egg-info/dependency_links.txt
[2.381s] -- Up-to-date symlink: /home/bur/ros2_ws/install/zed_interfaces/lib/python3.9/site-packages/zed_interfaces-4.0.0-py3.9.egg-info/top_level.txt
[2.381s] -- Up-to-date symlink: /home/bur/ros2_ws/install/zed_interfaces/lib/python3.9/site-packages/zed_interfaces/__init__.py
[2.381s] -- Up-to-date symlink: /home/bur/ros2_ws/install/zed_interfaces/lib/python3.9/site-packages/zed_interfaces/_zed_interfaces_s.ep.rosidl_typesupport_c.c
[2.381s] -- Up-to-date symlink: /home/bur/ros2_ws/install/zed_interfaces/lib/python3.9/site-packages/zed_interfaces/_zed_interfaces_s.ep.rosidl_typesupport_fastrtps_c.c
[2.381s] -- Up-to-date symlink: /home/bur/ros2_ws/install/zed_interfaces/lib/python3.9/site-packages/zed_interfaces/_zed_interfaces_s.ep.rosidl_typesupport_introspection_c.c
[2.381s] -- Up-to-date symlink: /home/bur/ros2_ws/install/zed_interfaces/lib/python3.9/site-packages/zed_interfaces/libzed_interfaces__rosidl_generator_py.so
[2.381s] -- Up-to-date symlink: /home/bur/ros2_ws/install/zed_interfaces/lib/python3.9/site-packages/zed_interfaces/msg/__init__.py
[2.382s] -- Up-to-date symlink: /home/bur/ros2_ws/install/zed_interfaces/lib/python3.9/site-packages/zed_interfaces/msg/_bounding_box2_df.py
[2.382s] -- Up-to-date symlink: /home/bur/ros2_ws/install/zed_interfaces/lib/python3.9/site-packages/zed_interfaces/msg/_bounding_box2_df_s.c
[2.382s] -- Up-to-date symlink: /home/bur/ros2_ws/install/zed_interfaces/lib/python3.9/site-packages/zed_interfaces/msg/_bounding_box2_di.py
[2.382s] -- Up-to-date symlink: /home/bur/ros2_ws/install/zed_interfaces/lib/python3.9/site-packages/zed_interfaces/msg/_bounding_box2_di_s.c
[2.382s] -- Up-to-date symlink: /home/bur/ros2_ws/install/zed_interfaces/lib/python3.9/site-packages/zed_interfaces/msg/_bounding_box3_d.py
[2.383s] -- Up-to-date symlink: /home/bur/ros2_ws/install/zed_interfaces/lib/python3.9/site-packages/zed_interfaces/msg/_bounding_box3_d_s.c
[2.383s] -- Up-to-date symlink: /home/bur/ros2_ws/install/zed_interfaces/lib/python3.9/site-packages/zed_interfaces/msg/_depth_info_stamped.py
[2.383s] -- Up-to-date symlink: /home/bur/ros2_ws/install/zed_interfaces/lib/python3.9/site-packages/zed_interfaces/msg/_depth_info_stamped_s.c
[2.384s] -- Up-to-date symlink: /home/bur/ros2_ws/install/zed_interfaces/lib/python3.9/site-packages/zed_interfaces/msg/_heartbeat.py
[2.384s] -- Up-to-date symlink: /home/bur/ros2_ws/install/zed_interfaces/lib/python3.9/site-packages/zed_interfaces/msg/_heartbeat_s.c
[2.384s] -- Up-to-date symlink: /home/bur/ros2_ws/install/zed_interfaces/lib/python3.9/site-packages/zed_interfaces/msg/_keypoint2_df.py
[2.385s] -- Up-to-date symlink: /home/bur/ros2_ws/install/zed_interfaces/lib/python3.9/site-packages/zed_interfaces/msg/_keypoint2_df_s.c
[2.385s] -- Up-to-date symlink: /home/bur/ros2_ws/install/zed_interfaces/lib/python3.9/site-packages/zed_interfaces/msg/_keypoint2_di.py
[2.386s] -- Up-to-date symlink: /home/bur/ros2_ws/install/zed_interfaces/lib/python3.9/site-packages/zed_interfaces/msg/_keypoint2_di_s.c
[2.386s] -- Up-to-date symlink: /home/bur/ros2_ws/install/zed_interfaces/lib/python3.9/site-packages/zed_interfaces/msg/_keypoint3_d.py
[2.386s] -- Up-to-date symlink: /home/bur/ros2_ws/install/zed_interfaces/lib/python3.9/site-packages/zed_interfaces/msg/_keypoint3_d_s.c
[2.387s] -- Up-to-date symlink: /home/bur/ros2_ws/install/zed_interfaces/lib/python3.9/site-packages/zed_interfaces/msg/_object.py
[2.387s] -- Up-to-date symlink: /home/bur/ros2_ws/install/zed_interfaces/lib/python3.9/site-packages/zed_interfaces/msg/_object_s.c
[2.388s] -- Up-to-date symlink: /home/bur/ros2_ws/install/zed_interfaces/lib/python3.9/site-packages/zed_interfaces/msg/_objects_stamped.py
[2.388s] -- Up-to-date symlink: /home/bur/ros2_ws/install/zed_interfaces/lib/python3.9/site-packages/zed_interfaces/msg/_objects_stamped_s.c
[2.388s] -- Up-to-date symlink: /home/bur/ros2_ws/install/zed_interfaces/lib/python3.9/site-packages/zed_interfaces/msg/_plane_stamped.py
[2.389s] -- Up-to-date symlink: /home/bur/ros2_ws/install/zed_interfaces/lib/python3.9/site-packages/zed_interfaces/msg/_plane_stamped_s.c
[2.389s] -- Up-to-date symlink: /home/bur/ros2_ws/install/zed_interfaces/lib/python3.9/site-packages/zed_interfaces/msg/_pos_track_status.py
[2.389s] -- Up-to-date symlink: /home/bur/ros2_ws/install/zed_interfaces/lib/python3.9/site-packages/zed_interfaces/msg/_pos_track_status_s.c
[2.390s] -- Up-to-date symlink: /home/bur/ros2_ws/install/zed_interfaces/lib/python3.9/site-packages/zed_interfaces/msg/_skeleton2_d.py
[2.390s] -- Up-to-date symlink: /home/bur/ros2_ws/install/zed_interfaces/lib/python3.9/site-packages/zed_interfaces/msg/_skeleton2_d_s.c
[2.391s] -- Up-to-date symlink: /home/bur/ros2_ws/install/zed_interfaces/lib/python3.9/site-packages/zed_interfaces/msg/_skeleton3_d.py
[2.391s] -- Up-to-date symlink: /home/bur/ros2_ws/install/zed_interfaces/lib/python3.9/site-packages/zed_interfaces/msg/_skeleton3_d_s.c
[2.392s] -- Up-to-date symlink: /home/bur/ros2_ws/install/zed_interfaces/lib/python3.9/site-packages/zed_interfaces/srv/__init__.py
[2.392s] -- Up-to-date symlink: /home/bur/ros2_ws/install/zed_interfaces/lib/python3.9/site-packages/zed_interfaces/srv/_set_pose.py
[2.392s] -- Up-to-date symlink: /home/bur/ros2_ws/install/zed_interfaces/lib/python3.9/site-packages/zed_interfaces/srv/_set_pose_s.c
[2.393s] -- Up-to-date symlink: /home/bur/ros2_ws/install/zed_interfaces/lib/python3.9/site-packages/zed_interfaces/srv/_set_roi.py
[2.393s] -- Up-to-date symlink: /home/bur/ros2_ws/install/zed_interfaces/lib/python3.9/site-packages/zed_interfaces/srv/_set_roi_s.c
[2.394s] -- Up-to-date symlink: /home/bur/ros2_ws/install/zed_interfaces/lib/python3.9/site-packages/zed_interfaces/srv/_start_svo_rec.py
[2.394s] -- Up-to-date symlink: /home/bur/ros2_ws/install/zed_interfaces/lib/python3.9/site-packages/zed_interfaces/srv/_start_svo_rec_s.c
[2.395s] -- Up-to-date symlink: /home/bur/ros2_ws/install/zed_interfaces/lib/python3.9/site-packages/zed_interfaces/zed_interfaces_s__rosidl_typesupport_c.cpython-38-aarch64-linux-gnu.so
[2.396s] -- Up-to-date symlink: /home/bur/ros2_ws/install/zed_interfaces/lib/python3.9/site-packages/zed_interfaces/zed_interfaces_s__rosidl_typesupport_fastrtps_c.cpython-38-aarch64-linux-gnu.so
[2.396s] -- Up-to-date symlink: /home/bur/ros2_ws/install/zed_interfaces/lib/python3.9/site-packages/zed_interfaces/zed_interfaces_s__rosidl_typesupport_introspection_c.cpython-38-aarch64-linux-gnu.so
[2.397s] -- Up-to-date symlink: /home/bur/ros2_ws/install/zed_interfaces/lib/python3.9/site-packages/zed_interfaces/zed_interfaces_s__rosidl_typesupport_fastrtps_c.cpython-38-aarch64-linux-gnu.so
[2.397s] -- Up-to-date symlink: /home/bur/ros2_ws/install/zed_interfaces/lib/python3.9/site-packages/zed_interfaces/zed_interfaces_s__rosidl_typesupport_introspection_c.cpython-38-aarch64-linux-gnu.so
[2.398s] -- Up-to-date symlink: /home/bur/ros2_ws/install/zed_interfaces/lib/python3.9/site-packages/zed_interfaces/zed_interfaces_s__rosidl_typesupport_c.cpython-38-aarch64-linux-gnu.so
[2.399s] -- Up-to-date symlink: /home/bur/ros2_ws/install/zed_interfaces/share/zed_interfaces/msg/Object.idl
[2.400s] -- Up-to-date symlink: /home/bur/ros2_ws/install/zed_interfaces/share/zed_interfaces/msg/ObjectsStamped.idl
[2.400s] -- Up-to-date symlink: /home/bur/ros2_ws/install/zed_interfaces/share/zed_interfaces/msg/Keypoint2Di.idl
[2.401s] -- Up-to-date symlink: /home/bur/ros2_ws/install/zed_interfaces/share/zed_interfaces/msg/Keypoint2Df.idl
[2.401s] -- Up-to-date symlink: /home/bur/ros2_ws/install/zed_interfaces/share/zed_interfaces/msg/Keypoint3D.idl
[2.402s] -- Up-to-date symlink: /home/bur/ros2_ws/install/zed_interfaces/share/zed_interfaces/msg/BoundingBox2Di.idl
[2.402s] -- Up-to-date symlink: /home/bur/ros2_ws/install/zed_interfaces/share/zed_interfaces/msg/BoundingBox2Df.idl
[2.403s] -- Up-to-date symlink: /home/bur/ros2_ws/install/zed_interfaces/share/zed_interfaces/msg/BoundingBox3D.idl
[2.404s] -- Up-to-date symlink: /home/bur/ros2_ws/install/zed_interfaces/share/zed_interfaces/msg/Skeleton2D.idl
[2.404s] -- Up-to-date symlink: /home/bur/ros2_ws/install/zed_interfaces/share/zed_interfaces/msg/Skeleton3D.idl
[2.405s] -- Up-to-date symlink: /home/bur/ros2_ws/install/zed_interfaces/share/zed_interfaces/msg/DepthInfoStamped.idl
[2.405s] -- Up-to-date symlink: /home/bur/ros2_ws/install/zed_interfaces/share/zed_interfaces/msg/PlaneStamped.idl
[2.406s] -- Up-to-date symlink: /home/bur/ros2_ws/install/zed_interfaces/share/zed_interfaces/msg/PosTrackStatus.idl
[2.407s] -- Up-to-date symlink: /home/bur/ros2_ws/install/zed_interfaces/share/zed_interfaces/msg/Heartbeat.idl
[2.408s] -- Up-to-date symlink: /home/bur/ros2_ws/install/zed_interfaces/share/zed_interfaces/srv/SetPose.idl
[2.408s] -- Up-to-date symlink: /home/bur/ros2_ws/install/zed_interfaces/share/zed_interfaces/srv/StartSvoRec.idl
[2.409s] -- Up-to-date symlink: /home/bur/ros2_ws/install/zed_interfaces/share/zed_interfaces/srv/SetROI.idl
[2.410s] -- Up-to-date symlink: /home/bur/ros2_ws/install/zed_interfaces/share/zed_interfaces/msg/Object.msg
[2.410s] -- Up-to-date symlink: /home/bur/ros2_ws/install/zed_interfaces/share/zed_interfaces/msg/ObjectsStamped.msg
[2.411s] -- Up-to-date symlink: /home/bur/ros2_ws/install/zed_interfaces/share/zed_interfaces/msg/Keypoint2Di.msg
[2.411s] -- Up-to-date symlink: /home/bur/ros2_ws/install/zed_interfaces/share/zed_interfaces/msg/Keypoint2Df.msg
[2.412s] -- Up-to-date symlink: /home/bur/ros2_ws/install/zed_interfaces/share/zed_interfaces/msg/Keypoint3D.msg
[2.413s] -- Up-to-date symlink: /home/bur/ros2_ws/install/zed_interfaces/share/zed_interfaces/msg/BoundingBox2Di.msg
[2.413s] -- Up-to-date symlink: /home/bur/ros2_ws/install/zed_interfaces/share/zed_interfaces/msg/BoundingBox2Df.msg
[2.414s] -- Up-to-date symlink: /home/bur/ros2_ws/install/zed_interfaces/share/zed_interfaces/msg/BoundingBox3D.msg
[2.414s] -- Up-to-date symlink: /home/bur/ros2_ws/install/zed_interfaces/share/zed_interfaces/msg/Skeleton2D.msg
[2.415s] -- Up-to-date symlink: /home/bur/ros2_ws/install/zed_interfaces/share/zed_interfaces/msg/Skeleton3D.msg
[2.415s] -- Up-to-date symlink: /home/bur/ros2_ws/install/zed_interfaces/share/zed_interfaces/msg/DepthInfoStamped.msg
[2.416s] -- Up-to-date symlink: /home/bur/ros2_ws/install/zed_interfaces/share/zed_interfaces/msg/PlaneStamped.msg
[2.417s] -- Up-to-date symlink: /home/bur/ros2_ws/install/zed_interfaces/share/zed_interfaces/msg/PosTrackStatus.msg
[2.417s] -- Up-to-date symlink: /home/bur/ros2_ws/install/zed_interfaces/share/zed_interfaces/msg/Heartbeat.msg
[2.418s] -- Up-to-date symlink: /home/bur/ros2_ws/install/zed_interfaces/share/zed_interfaces/srv/SetPose.srv
[2.418s] -- Up-to-date symlink: /home/bur/ros2_ws/install/zed_interfaces/share/zed_interfaces/srv/SetPose_Request.msg
[2.419s] -- Up-to-date symlink: /home/bur/ros2_ws/install/zed_interfaces/share/zed_interfaces/srv/SetPose_Response.msg
[2.420s] -- Up-to-date symlink: /home/bur/ros2_ws/install/zed_interfaces/share/zed_interfaces/srv/StartSvoRec.srv
[2.420s] -- Up-to-date symlink: /home/bur/ros2_ws/install/zed_interfaces/share/zed_interfaces/srv/StartSvoRec_Request.msg
[2.421s] -- Up-to-date symlink: /home/bur/ros2_ws/install/zed_interfaces/share/zed_interfaces/srv/StartSvoRec_Response.msg
[2.421s] -- Up-to-date symlink: /home/bur/ros2_ws/install/zed_interfaces/share/zed_interfaces/srv/SetROI.srv
[2.422s] -- Up-to-date symlink: /home/bur/ros2_ws/install/zed_interfaces/share/zed_interfaces/srv/SetROI_Request.msg
[2.422s] -- Up-to-date symlink: /home/bur/ros2_ws/install/zed_interfaces/share/zed_interfaces/srv/SetROI_Response.msg
[2.424s] -- Up-to-date symlink: /home/bur/ros2_ws/install/zed_interfaces/share/zed_interfaces/meshes/zed.stl
[2.424s] -- Up-to-date symlink: /home/bur/ros2_ws/install/zed_interfaces/share/zed_interfaces/meshes/zed2.stl
[2.425s] -- Up-to-date symlink: /home/bur/ros2_ws/install/zed_interfaces/share/zed_interfaces/meshes/zed2i.stl
[2.425s] -- Up-to-date symlink: /home/bur/ros2_ws/install/zed_interfaces/share/zed_interfaces/meshes/zedm.stl
[2.426s] -- Up-to-date symlink: /home/bur/ros2_ws/install/zed_interfaces/share/zed_interfaces/meshes/zedx.stl
[2.426s] -- Up-to-date symlink: /home/bur/ros2_ws/install/zed_interfaces/share/zed_interfaces/meshes/zedxm.stl
[2.427s] -- Up-to-date symlink: /home/bur/ros2_ws/install/zed_interfaces/share/ament_index/resource_index/package_run_dependencies/zed_interfaces
[2.428s] -- Up-to-date symlink: /home/bur/ros2_ws/install/zed_interfaces/share/ament_index/resource_index/parent_prefix_path/zed_interfaces
[2.428s] -- Up-to-date symlink: /home/bur/ros2_ws/install/zed_interfaces/share/zed_interfaces/environment/ament_prefix_path.sh
[2.429s] -- Up-to-date symlink: /home/bur/ros2_ws/install/zed_interfaces/share/zed_interfaces/environment/ament_prefix_path.dsv
[2.429s] -- Up-to-date symlink: /home/bur/ros2_ws/install/zed_interfaces/share/zed_interfaces/environment/path.sh
[2.430s] -- Up-to-date symlink: /home/bur/ros2_ws/install/zed_interfaces/share/zed_interfaces/environment/path.dsv
[2.431s] -- Up-to-date symlink: /home/bur/ros2_ws/install/zed_interfaces/share/zed_interfaces/local_setup.bash
[2.431s] -- Up-to-date symlink: /home/bur/ros2_ws/install/zed_interfaces/share/zed_interfaces/local_setup.sh
[2.432s] -- Up-to-date symlink: /home/bur/ros2_ws/install/zed_interfaces/share/zed_interfaces/local_setup.zsh
[2.432s] -- Up-to-date symlink: /home/bur/ros2_ws/install/zed_interfaces/share/zed_interfaces/local_setup.dsv
[2.434s] -- Symlinking: /home/bur/ros2_ws/install/zed_interfaces/share/zed_interfaces/package.dsv
[2.457s] -- Up-to-date symlink: /home/bur/ros2_ws/install/zed_interfaces/share/ament_index/resource_index/packages/zed_interfaces
[2.458s] -- Up-to-date symlink: /home/bur/ros2_ws/install/zed_interfaces/share/zed_interfaces/cmake/rosidl_cmake-extras.cmake
[2.458s] -- Up-to-date symlink: /home/bur/ros2_ws/install/zed_interfaces/share/zed_interfaces/cmake/ament_cmake_export_dependencies-extras.cmake
[2.460s] -- Up-to-date symlink: /home/bur/ros2_ws/install/zed_interfaces/share/zed_interfaces/cmake/ament_cmake_export_include_directories-extras.cmake
[2.462s] -- Up-to-date symlink: /home/bur/ros2_ws/install/zed_interfaces/share/zed_interfaces/cmake/ament_cmake_export_libraries-extras.cmake
[2.462s] -- Up-to-date symlink: /home/bur/ros2_ws/install/zed_interfaces/share/zed_interfaces/cmake/ament_cmake_export_targets-extras.cmake
[2.463s] -- Up-to-date symlink: /home/bur/ros2_ws/install/zed_interfaces/share/zed_interfaces/cmake/rosidl_cmake_export_typesupport_targets-extras.cmake
[2.463s] -- Up-to-date symlink: /home/bur/ros2_ws/install/zed_interfaces/share/zed_interfaces/cmake/rosidl_cmake_export_typesupport_libraries-extras.cmake
[2.463s] -- Up-to-date symlink: /home/bur/ros2_ws/install/zed_interfaces/share/zed_interfaces/cmake/zed_interfacesConfig.cmake
[2.463s] -- Up-to-date symlink: /home/bur/ros2_ws/install/zed_interfaces/share/zed_interfaces/cmake/zed_interfacesConfig-version.cmake
[2.463s] -- Up-to-date symlink: /home/bur/ros2_ws/install/zed_interfaces/share/zed_interfaces/package.xml
[2.463s] -- Up-to-date: /home/bur/ros2_ws/install/zed_interfaces/lib/libzed_interfaces__rosidl_generator_c.so
[2.464s] -- Up-to-date: /home/bur/ros2_ws/install/zed_interfaces/lib/libzed_interfaces__rosidl_typesupport_fastrtps_c.so
[2.465s] -- Up-to-date: /home/bur/ros2_ws/install/zed_interfaces/lib/libzed_interfaces__rosidl_typesupport_fastrtps_cpp.so
[2.466s] -- Up-to-date: /home/bur/ros2_ws/install/zed_interfaces/lib/libzed_interfaces__rosidl_typesupport_introspection_c.so
[2.466s] -- Up-to-date: /home/bur/ros2_ws/install/zed_interfaces/lib/libzed_interfaces__rosidl_typesupport_c.so
[2.467s] -- Up-to-date: /home/bur/ros2_ws/install/zed_interfaces/lib/libzed_interfaces__rosidl_typesupport_introspection_cpp.so
[2.468s] -- Up-to-date: /home/bur/ros2_ws/install/zed_interfaces/lib/libzed_interfaces__rosidl_typesupport_cpp.so
[2.554s] Listing '/home/bur/ros2_ws/install/zed_interfaces/lib/python3.9/site-packages/zed_interfaces'...
[2.554s] Listing '/home/bur/ros2_ws/install/zed_interfaces/lib/python3.9/site-packages/zed_interfaces/msg'...
[2.555s] Listing '/home/bur/ros2_ws/install/zed_interfaces/lib/python3.9/site-packages/zed_interfaces/srv'...
[2.571s] -- Up-to-date: /home/bur/ros2_ws/install/zed_interfaces/lib/libzed_interfaces__rosidl_generator_py.so
[2.572s] -- Up-to-date: /home/bur/ros2_ws/install/zed_interfaces/share/zed_interfaces/cmake/export_zed_interfaces__rosidl_generator_cExport.cmake
[2.572s] -- Up-to-date: /home/bur/ros2_ws/install/zed_interfaces/share/zed_interfaces/cmake/export_zed_interfaces__rosidl_generator_cExport-release.cmake
[2.573s] -- Up-to-date: /home/bur/ros2_ws/install/zed_interfaces/share/zed_interfaces/cmake/export_zed_interfaces__rosidl_typesupport_fastrtps_cExport.cmake
[2.579s] -- Up-to-date: /home/bur/ros2_ws/install/zed_interfaces/share/zed_interfaces/cmake/export_zed_interfaces__rosidl_typesupport_fastrtps_cExport-release.cmake
[2.580s] -- Up-to-date: /home/bur/ros2_ws/install/zed_interfaces/share/zed_interfaces/cmake/export_zed_interfaces__rosidl_generator_cppExport.cmake
[2.585s] -- Up-to-date: /home/bur/ros2_ws/install/zed_interfaces/share/zed_interfaces/cmake/export_zed_interfaces__rosidl_typesupport_fastrtps_cppExport.cmake
[2.588s] -- Up-to-date: /home/bur/ros2_ws/install/zed_interfaces/share/zed_interfaces/cmake/export_zed_interfaces__rosidl_typesupport_fastrtps_cppExport-release.cmake
[2.588s] -- Up-to-date: /home/bur/ros2_ws/install/zed_interfaces/share/zed_interfaces/cmake/zed_interfaces__rosidl_typesupport_introspection_cExport.cmake
[2.588s] -- Up-to-date: /home/bur/ros2_ws/install/zed_interfaces/share/zed_interfaces/cmake/zed_interfaces__rosidl_typesupport_introspection_cExport-release.cmake
[2.589s] -- Up-to-date: /home/bur/ros2_ws/install/zed_interfaces/share/zed_interfaces/cmake/zed_interfaces__rosidl_typesupport_cExport.cmake
[2.589s] -- Up-to-date: /home/bur/ros2_ws/install/zed_interfaces/share/zed_interfaces/cmake/zed_interfaces__rosidl_typesupport_cExport-release.cmake
[2.589s] -- Up-to-date: /home/bur/ros2_ws/install/zed_interfaces/share/zed_interfaces/cmake/zed_interfaces__rosidl_typesupport_introspection_cppExport.cmake
[2.590s] -- Up-to-date: /home/bur/ros2_ws/install/zed_interfaces/share/zed_interfaces/cmake/zed_interfaces__rosidl_typesupport_introspection_cppExport-release.cmake
[2.590s] -- Up-to-date: /home/bur/ros2_ws/install/zed_interfaces/share/zed_interfaces/cmake/zed_interfaces__rosidl_typesupport_cppExport.cmake
[2.590s] -- Up-to-date: /home/bur/ros2_ws/install/zed_interfaces/share/zed_interfaces/cmake/zed_interfaces__rosidl_typesupport_cppExport-release.cmake
[2.590s] -- Up-to-date: /home/bur/ros2_ws/install/zed_interfaces/share/zed_interfaces/cmake/export_zed_interfaces__rosidl_generator_pyExport.cmake
[2.591s] -- Up-to-date: /home/bur/ros2_ws/install/zed_interfaces/share/zed_interfaces/cmake/export_zed_interfaces__rosidl_generator_pyExport-release.cmake
[2.591s] Invoked command in '/home/bur/ros2_ws/build/zed_interfaces' returned '0': CMAKE_PREFIX_PATH=${CMAKE_PREFIX_PATH}:/opt/ros/humble /usr/bin/cmake --install /home/bur/ros2_ws/build/zed_interfaces
