[0.127s] Invoking command in '/home/nakul/Desktop/bur/ros2_ws/src/2023-2024/state-estimation/build/state-estimation': /usr/bin/cmake --build /home/nakul/Desktop/bur/ros2_ws/src/2023-2024/state-estimation/build/state-estimation -- -j8 -l8
[0.188s] [ 40%] Built target ESKF
[0.213s] [35m[1mScanning dependencies of target state-estimation[0m
[0.261s] [ 60%] [32mBuilding CXX object CMakeFiles/state-estimation.dir/src/Node.cpp.o[0m
[0.262s] [ 80%] [32mBuilding CXX object CMakeFiles/state-estimation.dir/src/eskf.cpp.o[0m
[1.940s] [01m[K/home/nakul/Desktop/bur/ros2_ws/src/2023-2024/state-estimation/src/Node.cpp:[m[K In constructor ‘[01m[Keskf::Node::Node()[m[K’:
[1.940s] [01m[K/home/nakul/Desktop/bur/ros2_ws/src/2023-2024/state-estimation/src/Node.cpp:47:44:[m[K [01;31m[Kerror: [m[Kno matching function for call to ‘[01m[Kstd::chrono::duration<long int>::duration(double)[m[K’
[1.940s]    47 |       std::chrono::seconds(1.0/publish_rate[01;31m[K)[m[K, std::bind(&Node::publishState, this));
[1.940s]       |                                            [01;31m[K^[m[K
[1.940s] In file included from [01m[K/usr/include/c++/9/mutex:39[m[K,
[1.940s]                  from [01m[K/usr/include/c++/9/future:38[m[K,
[1.940s]                  from [01m[K/opt/ros/foxy/include/rclcpp/executors.hpp:18[m[K,
[1.941s]                  from [01m[K/opt/ros/foxy/include/rclcpp/rclcpp.hpp:146[m[K,
[1.941s]                  from [01m[K/home/nakul/Desktop/bur/ros2_ws/src/2023-2024/state-estimation/include/eskf/Node.hpp:5[m[K,
[1.941s]                  from [01m[K/home/nakul/Desktop/bur/ros2_ws/src/2023-2024/state-estimation/src/Node.cpp:1[m[K:
[1.941s] [01m[K/usr/include/c++/9/chrono:338:14:[m[K [01;36m[Knote: [m[Kcandidate: ‘[01m[Ktemplate<class _Rep2, class _Period2, class> constexpr std::chrono::duration<_Rep, _Period>::duration(const std::chrono::duration<_Rep, _Period>&)[m[K’
[1.941s]   338 |    constexpr [01;36m[Kduration[m[K(const duration<_Rep2, _Period2>& __d)
[1.941s]       |              [01;36m[K^~~~~~~~[m[K
[1.941s] [01m[K/usr/include/c++/9/chrono:338:14:[m[K [01;36m[Knote: [m[K  template argument deduction/substitution failed:
[1.941s] [01m[K/home/nakul/Desktop/bur/ros2_ws/src/2023-2024/state-estimation/src/Node.cpp:47:44:[m[K [01;36m[Knote: [m[K  mismatched types ‘[01m[Kconst std::chrono::duration<_Rep1, _Period1>[m[K’ and ‘[01m[Kdouble[m[K’
[1.941s]    47 |       std::chrono::seconds(1.0/publish_rate[01;36m[K)[m[K, std::bind(&Node::publishState, this));
[1.941s]       |                                            [01;36m[K^[m[K
[1.942s] In file included from [01m[K/usr/include/c++/9/mutex:39[m[K,
[1.942s]                  from [01m[K/usr/include/c++/9/future:38[m[K,
[1.942s]                  from [01m[K/opt/ros/foxy/include/rclcpp/executors.hpp:18[m[K,
[1.942s]                  from [01m[K/opt/ros/foxy/include/rclcpp/rclcpp.hpp:146[m[K,
[1.942s]                  from [01m[K/home/nakul/Desktop/bur/ros2_ws/src/2023-2024/state-estimation/include/eskf/Node.hpp:5[m[K,
[1.942s]                  from [01m[K/home/nakul/Desktop/bur/ros2_ws/src/2023-2024/state-estimation/src/Node.cpp:1[m[K:
[1.942s] [01m[K/usr/include/c++/9/chrono:331:23:[m[K [01;36m[Knote: [m[Kcandidate: ‘[01m[Ktemplate<class _Rep2, class> constexpr std::chrono::duration<_Rep, _Period>::duration(const _Rep2&)[m[K’
[1.942s]   331 |    constexpr explicit [01;36m[Kduration[m[K(const _Rep2& __rep)
[1.942s]       |                       [01;36m[K^~~~~~~~[m[K
[1.942s] [01m[K/usr/include/c++/9/chrono:331:23:[m[K [01;36m[Knote: [m[K  template argument deduction/substitution failed:
[1.943s] In file included from [01m[K/usr/include/c++/9/bits/move.h:55[m[K,
[1.943s]                  from [01m[K/usr/include/c++/9/bits/stl_pair.h:59[m[K,
[1.943s]                  from [01m[K/usr/include/c++/9/bits/stl_algobase.h:64[m[K,
[1.943s]                  from [01m[K/usr/include/c++/9/memory:62[m[K,
[1.943s]                  from [01m[K/home/nakul/Desktop/bur/ros2_ws/src/2023-2024/state-estimation/include/eskf/Node.hpp:4[m[K,
[1.943s]                  from [01m[K/home/nakul/Desktop/bur/ros2_ws/src/2023-2024/state-estimation/src/Node.cpp:1[m[K:
[1.943s] /usr/include/c++/9/type_traits: In substitution of ‘[01m[Ktemplate<class ... _Cond> using _Require = typename std::enable_if<std::__and_< <template-parameter-1-1> >::value>::type [with _Cond = {std::is_convertible<const double&, long int>, std::__or_<std::chrono::treat_as_floating_point<long int>, std::__not_<std::chrono::treat_as_floating_point<double> > >}][m[K’:
[1.943s] [01m[K/usr/include/c++/9/chrono:328:27:[m[K   required from here
[1.943s] [01m[K/usr/include/c++/9/type_traits:2048:11:[m[K [01;31m[Kerror: [m[Kno type named ‘[01m[Ktype[m[K’ in ‘[01m[Kstruct std::enable_if<false, void>[m[K’
[1.943s]  2048 |     using [01;31m[K_Require[m[K = typename enable_if<__and_<_Cond...>::value>::type;
[1.944s]       |           [01;31m[K^~~~~~~~[m[K
[1.944s] In file included from [01m[K/usr/include/c++/9/mutex:39[m[K,
[1.944s]                  from [01m[K/usr/include/c++/9/future:38[m[K,
[1.944s]                  from [01m[K/opt/ros/foxy/include/rclcpp/executors.hpp:18[m[K,
[1.944s]                  from [01m[K/opt/ros/foxy/include/rclcpp/rclcpp.hpp:146[m[K,
[1.944s]                  from [01m[K/home/nakul/Desktop/bur/ros2_ws/src/2023-2024/state-estimation/include/eskf/Node.hpp:5[m[K,
[1.944s]                  from [01m[K/home/nakul/Desktop/bur/ros2_ws/src/2023-2024/state-estimation/src/Node.cpp:1[m[K:
[1.944s] [01m[K/usr/include/c++/9/chrono:324:2:[m[K [01;36m[Knote: [m[Kcandidate: ‘[01m[Kconstexpr std::chrono::duration<_Rep, _Period>::duration(const std::chrono::duration<_Rep, _Period>&) [with _Rep = long int; _Period = std::ratio<1>][m[K’
[1.944s]   324 |  [01;36m[Kduration[m[K(const duration&) = default;
[1.944s]       |  [01;36m[K^~~~~~~~[m[K
[1.945s] [01m[K/usr/include/c++/9/chrono:324:11:[m[K [01;36m[Knote: [m[K  no known conversion for argument 1 from ‘[01m[Kdouble[m[K’ to ‘[01m[Kconst std::chrono::duration<long int>&[m[K’
[1.945s]   324 |  duration([01;36m[Kconst duration&[m[K) = default;
[1.945s]       |           [01;36m[K^~~~~~~~~~~~~~~[m[K
[1.945s] [01m[K/usr/include/c++/9/chrono:322:12:[m[K [01;36m[Knote: [m[Kcandidate: ‘[01m[Kstd::chrono::duration<_Rep, _Period>::duration() [with _Rep = long int; _Period = std::ratio<1>][m[K’
[1.945s]   322 |  constexpr [01;36m[Kduration[m[K() = default;
[1.945s]       |            [01;36m[K^~~~~~~~[m[K
[1.945s] [01m[K/usr/include/c++/9/chrono:322:12:[m[K [01;36m[Knote: [m[K  candidate expects 0 arguments, 1 provided
[1.947s] [01m[K/home/nakul/Desktop/bur/ros2_ws/src/2023-2024/state-estimation/src/Node.cpp:[m[K In member function ‘[01m[Kvoid eskf::Node::inputCallback(sensor_msgs::msg::Imu_<std::allocator<void> >::SharedPtr)[m[K’:
[1.948s] [01m[K/home/nakul/Desktop/bur/ros2_ws/src/2023-2024/state-estimation/src/Node.cpp:57:116:[m[K [01;31m[Kerror: [m[Kno matching function for call to ‘[01m[Kbuiltin_interfaces::msg::Time_<std::allocator<void> >::Time_(<brace-enclosed initializer list>)[m[K’
[1.948s]    57 |     header_time = header_time(builtin_interfaces::msg::Time {imuMsg->header.stamp.sec, imuMsg->header.stamp.nanosec[01;31m[K}[m[K, RCL_SYSTEM_TIME);
[1.948s]       |                                                                                                                    [01;31m[K^[m[K
[1.948s] In file included from [01m[K/opt/ros/foxy/include/builtin_interfaces/msg/time.hpp:7[m[K,
[1.948s]                  from [01m[K/opt/ros/foxy/include/rclcpp/time.hpp:18[m[K,
[1.948s]                  from [01m[K/opt/ros/foxy/include/rclcpp/clock.hpp:23[m[K,
[1.948s]                  from [01m[K/opt/ros/foxy/include/rclcpp/timer.hpp:27[m[K,
[1.948s]                  from [01m[K/opt/ros/foxy/include/rclcpp/callback_group.hpp:27[m[K,
[1.948s]                  from [01m[K/opt/ros/foxy/include/rclcpp/any_executable.hpp:20[m[K,
[1.948s]                  from [01m[K/opt/ros/foxy/include/rclcpp/memory_strategy.hpp:24[m[K,
[1.949s]                  from [01m[K/opt/ros/foxy/include/rclcpp/memory_strategies.hpp:18[m[K,
[1.949s]                  from [01m[K/opt/ros/foxy/include/rclcpp/executor_options.hpp:20[m[K,
[1.949s]                  from [01m[K/opt/ros/foxy/include/rclcpp/executor.hpp:33[m[K,
[1.949s]                  from [01m[K/opt/ros/foxy/include/rclcpp/executors/multi_threaded_executor.hpp:26[m[K,
[1.949s]                  from [01m[K/opt/ros/foxy/include/rclcpp/executors.hpp:21[m[K,
[1.949s]                  from [01m[K/opt/ros/foxy/include/rclcpp/rclcpp.hpp:146[m[K,
[1.949s]                  from [01m[K/home/nakul/Desktop/bur/ros2_ws/src/2023-2024/state-estimation/include/eskf/Node.hpp:5[m[K,
[1.949s]                  from [01m[K/home/nakul/Desktop/bur/ros2_ws/src/2023-2024/state-estimation/src/Node.cpp:1[m[K:
[1.949s] [01m[K/opt/ros/foxy/include/builtin_interfaces/msg/detail/time__struct.hpp:45:12:[m[K [01;36m[Knote: [m[Kcandidate: ‘[01m[Kbuiltin_interfaces::msg::Time_<ContainerAllocator>::Time_(const ContainerAllocator&, rosidl_runtime_cpp::MessageInitialization) [with ContainerAllocator = std::allocator<void>][m[K’
[1.950s]    45 |   explicit [01;36m[KTime_[m[K(const ContainerAllocator & _alloc, rosidl_runtime_cpp::MessageInitialization _init = rosidl_runtime_cpp::MessageInitialization::ALL)
[1.950s]       |            [01;36m[K^~~~~[m[K
[1.950s] [01m[K/opt/ros/foxy/include/builtin_interfaces/msg/detail/time__struct.hpp:45:45:[m[K [01;36m[Knote: [m[K  no known conversion for argument 1 from ‘[01m[Kbuiltin_interfaces::msg::Time_<std::allocator<void> >::_sec_type[m[K’ {aka ‘[01m[Kint[m[K’} to ‘[01m[Kconst std::allocator<void>&[m[K’
[1.950s]    45 |   explicit Time_([01;36m[Kconst ContainerAllocator & _alloc[m[K, rosidl_runtime_cpp::MessageInitialization _init = rosidl_runtime_cpp::MessageInitialization::ALL)
[1.950s]       |                  [01;36m[K~~~~~~~~~~~~~~~~~~~~~~~~~~~^~~~~~[m[K
[1.950s] [01m[K/opt/ros/foxy/include/builtin_interfaces/msg/detail/time__struct.hpp:35:12:[m[K [01;36m[Knote: [m[Kcandidate: ‘[01m[Kbuiltin_interfaces::msg::Time_<ContainerAllocator>::Time_(rosidl_runtime_cpp::MessageInitialization) [with ContainerAllocator = std::allocator<void>][m[K’
[1.950s]    35 |   explicit [01;36m[KTime_[m[K(rosidl_runtime_cpp::MessageInitialization _init = rosidl_runtime_cpp::MessageInitialization::ALL)
[1.950s]       |            [01;36m[K^~~~~[m[K
[1.950s] [01m[K/opt/ros/foxy/include/builtin_interfaces/msg/detail/time__struct.hpp:35:12:[m[K [01;36m[Knote: [m[K  candidate expects 1 argument, 2 provided
[1.950s] [01m[K/opt/ros/foxy/include/builtin_interfaces/msg/detail/time__struct.hpp:31:8:[m[K [01;36m[Knote: [m[Kcandidate: ‘[01m[Kconstexpr builtin_interfaces::msg::Time_<std::allocator<void> >::Time_(const builtin_interfaces::msg::Time_<std::allocator<void> >&)[m[K’
[1.950s]    31 | struct [01;36m[KTime_[m[K
[1.950s]       |        [01;36m[K^~~~~[m[K
[1.950s] [01m[K/opt/ros/foxy/include/builtin_interfaces/msg/detail/time__struct.hpp:31:8:[m[K [01;36m[Knote: [m[K  candidate expects 1 argument, 2 provided
[1.950s] [01m[K/opt/ros/foxy/include/builtin_interfaces/msg/detail/time__struct.hpp:31:8:[m[K [01;36m[Knote: [m[Kcandidate: ‘[01m[Kconstexpr builtin_interfaces::msg::Time_<std::allocator<void> >::Time_(builtin_interfaces::msg::Time_<std::allocator<void> >&&)[m[K’
[1.950s] [01m[K/opt/ros/foxy/include/builtin_interfaces/msg/detail/time__struct.hpp:31:8:[m[K [01;36m[Knote: [m[K  candidate expects 1 argument, 2 provided
[1.950s] [01m[K/home/nakul/Desktop/bur/ros2_ws/src/2023-2024/state-estimation/src/Node.cpp:[m[K In member function ‘[01m[Kvoid eskf::Node::visionCallback(geometry_msgs::msg::PoseWithCovarianceStamped_<std::allocator<void> >::SharedPtr)[m[K’:
[1.950s] [01m[K/home/nakul/Desktop/bur/ros2_ws/src/2023-2024/state-estimation/src/Node.cpp:75:69:[m[K [01;31m[Kerror: [m[Kno match for call to ‘[01m[K(rclcpp::Time) (std_msgs::msg::Header_<std::allocator<void> >::_stamp_type&, rcl_clock_type_t)[m[K’
[1.950s]    75 |     header_time = header_time(poseMsg->header.stamp, RCL_SYSTEM_TIME[01;31m[K)[m[K;
[1.951s]       |                                                                     [01;31m[K^[m[K
[1.952s] [01m[K/home/nakul/Desktop/bur/ros2_ws/src/2023-2024/state-estimation/src/Node.cpp:[m[K In member function ‘[01m[Kvoid eskf::Node::gpsCallback(nav_msgs::msg::Odometry_<std::allocator<void> >::SharedPtr)[m[K’:
[1.952s] [01m[K/home/nakul/Desktop/bur/ros2_ws/src/2023-2024/state-estimation/src/Node.cpp:89:69:[m[K [01;31m[Kerror: [m[Kno match for call to ‘[01m[K(rclcpp::Time) (std_msgs::msg::Header_<std::allocator<void> >::_stamp_type&, rcl_clock_type_t)[m[K’
[1.952s]    89 |     header_time = header_time(odomMsg->header.stamp, RCL_SYSTEM_TIME[01;31m[K)[m[K;
[1.952s]       |                                                                     [01;31m[K^[m[K
[1.954s] [01m[K/home/nakul/Desktop/bur/ros2_ws/src/2023-2024/state-estimation/src/Node.cpp:[m[K In member function ‘[01m[Kvoid eskf::Node::magCallback(sensor_msgs::msg::MagneticField_<std::allocator<void> >::SharedPtr)[m[K’:
[1.954s] [01m[K/home/nakul/Desktop/bur/ros2_ws/src/2023-2024/state-estimation/src/Node.cpp:105:68:[m[K [01;31m[Kerror: [m[Kno match for call to ‘[01m[K(rclcpp::Time) (std_msgs::msg::Header_<std::allocator<void> >::_stamp_type&, rcl_clock_type_t)[m[K’
[1.955s]   105 |     header_time = header_time(magMsg->header.stamp, RCL_SYSTEM_TIME[01;31m[K)[m[K;
[1.955s]       |                                                                    [01;31m[K^[m[K
[1.956s] [01m[K/home/nakul/Desktop/bur/ros2_ws/src/2023-2024/state-estimation/src/Node.cpp:[m[K In member function ‘[01m[Kvoid eskf::Node::rangeFinderCallback(sensor_msgs::msg::Range_<std::allocator<void> >::SharedPtr)[m[K’:
[1.956s] [01m[K/home/nakul/Desktop/bur/ros2_ws/src/2023-2024/state-estimation/src/Node.cpp:118:70:[m[K [01;31m[Kerror: [m[Kno match for call to ‘[01m[K(rclcpp::Time) (std_msgs::msg::Header_<std::allocator<void> >::_stamp_type&, rcl_clock_type_t)[m[K’
[1.957s]   118 |     header_time = header_time(rangeMsg->header.stamp, RCL_SYSTEM_TIME[01;31m[K)[m[K;
[1.957s]       |                                                                      [01;31m[K^[m[K
[5.114s] make[2]: *** [CMakeFiles/state-estimation.dir/build.make:76: CMakeFiles/state-estimation.dir/src/Node.cpp.o] Error 1
[5.114s] make[1]: *** [CMakeFiles/Makefile2:80: CMakeFiles/state-estimation.dir/all] Error 2
[5.115s] make: *** [Makefile:141: all] Error 2
[5.118s] Invoked command in '/home/nakul/Desktop/bur/ros2_ws/src/2023-2024/state-estimation/build/state-estimation' returned '2': /usr/bin/cmake --build /home/nakul/Desktop/bur/ros2_ws/src/2023-2024/state-estimation/build/state-estimation -- -j8 -l8
