[0.029s] Invoking command in '/home/bur/ros2_ws/build/zed_ros2': AMENT_PREFIX_PATH=/home/bur/ros2_ws/install/zed_wrapper:/home/bur/ros2_ws/install/zed_components:${AMENT_PREFIX_PATH} CMAKE_PREFIX_PATH=/home/bur/ros2_ws/install/zed_wrapper:/home/bur/ros2_ws/install/zed_components:/home/bur/ros2_ws/install/zed_interfaces:/opt/ros/humble LD_LIBRARY_PATH=/home/bur/ros2_ws/install/zed_components/lib:/home/bur/ros2_ws/install/zed_interfaces/lib:/opt/ros/humble/opt/rviz_ogre_vendor/lib:/opt/ros/humble/lib/aarch64-linux-gnu:/opt/ros/humble/lib:/usr/local/cuda-11.4/lib64 PYTHONPATH=/home/bur/ros2_ws/install/zed_interfaces/lib/python3.9/site-packages:${PYTHONPATH} /usr/bin/cmake /home/bur/ros2_ws/src/zed-ros2-wrapper/zed_ros2 -DCMAKE_BUILD_TYPE=Release -DAMENT_CMAKE_SYMLINK_INSTALL=1 -DCMAKE_INSTALL_PREFIX=/home/bur/ros2_ws/install/zed_ros2
[0.065s] -- Found ament_cmake_auto: 1.3.6 (/opt/ros/humble/share/ament_cmake_auto/cmake)
[0.409s] -- Found Python3: /usr/bin/python3.9 (found version "3.9.5") found components: Interpreter 
[0.535s] -- Override CMake install command with custom implementation using symlinks instead of copying resources
[0.791s] -- Found ament_lint_auto: 0.12.9 (/opt/ros/humble/share/ament_lint_auto/cmake)
[0.820s] -- Added test 'copyright' to check source files copyright and LICENSE
[0.822s] -- Added test 'lint_cmake' to check CMake code style
[0.824s] -- Added test 'xmllint' to check XML markup files
[0.828s] -- Configuring done
[0.832s] -- Generating done
[0.833s] -- Build files have been written to: /home/bur/ros2_ws/build/zed_ros2
[0.839s] Invoked command in '/home/bur/ros2_ws/build/zed_ros2' returned '0': AMENT_PREFIX_PATH=/home/bur/ros2_ws/install/zed_wrapper:/home/bur/ros2_ws/install/zed_components:${AMENT_PREFIX_PATH} CMAKE_PREFIX_PATH=/home/bur/ros2_ws/install/zed_wrapper:/home/bur/ros2_ws/install/zed_components:/home/bur/ros2_ws/install/zed_interfaces:/opt/ros/humble LD_LIBRARY_PATH=/home/bur/ros2_ws/install/zed_components/lib:/home/bur/ros2_ws/install/zed_interfaces/lib:/opt/ros/humble/opt/rviz_ogre_vendor/lib:/opt/ros/humble/lib/aarch64-linux-gnu:/opt/ros/humble/lib:/usr/local/cuda-11.4/lib64 PYTHONPATH=/home/bur/ros2_ws/install/zed_interfaces/lib/python3.9/site-packages:${PYTHONPATH} /usr/bin/cmake /home/bur/ros2_ws/src/zed-ros2-wrapper/zed_ros2 -DCMAKE_BUILD_TYPE=Release -DAMENT_CMAKE_SYMLINK_INSTALL=1 -DCMAKE_INSTALL_PREFIX=/home/bur/ros2_ws/install/zed_ros2
[0.845s] Invoking command in '/home/bur/ros2_ws/build/zed_ros2': AMENT_PREFIX_PATH=/home/bur/ros2_ws/install/zed_wrapper:/home/bur/ros2_ws/install/zed_components:${AMENT_PREFIX_PATH} CMAKE_PREFIX_PATH=/home/bur/ros2_ws/install/zed_wrapper:/home/bur/ros2_ws/install/zed_components:/home/bur/ros2_ws/install/zed_interfaces:/opt/ros/humble LD_LIBRARY_PATH=/home/bur/ros2_ws/install/zed_components/lib:/home/bur/ros2_ws/install/zed_interfaces/lib:/opt/ros/humble/opt/rviz_ogre_vendor/lib:/opt/ros/humble/lib/aarch64-linux-gnu:/opt/ros/humble/lib:/usr/local/cuda-11.4/lib64 PYTHONPATH=/home/bur/ros2_ws/install/zed_interfaces/lib/python3.9/site-packages:${PYTHONPATH} /usr/bin/cmake --build /home/bur/ros2_ws/build/zed_ros2 -- -j6 -l6
[0.926s] Invoked command in '/home/bur/ros2_ws/build/zed_ros2' returned '0': AMENT_PREFIX_PATH=/home/bur/ros2_ws/install/zed_wrapper:/home/bur/ros2_ws/install/zed_components:${AMENT_PREFIX_PATH} CMAKE_PREFIX_PATH=/home/bur/ros2_ws/install/zed_wrapper:/home/bur/ros2_ws/install/zed_components:/home/bur/ros2_ws/install/zed_interfaces:/opt/ros/humble LD_LIBRARY_PATH=/home/bur/ros2_ws/install/zed_components/lib:/home/bur/ros2_ws/install/zed_interfaces/lib:/opt/ros/humble/opt/rviz_ogre_vendor/lib:/opt/ros/humble/lib/aarch64-linux-gnu:/opt/ros/humble/lib:/usr/local/cuda-11.4/lib64 PYTHONPATH=/home/bur/ros2_ws/install/zed_interfaces/lib/python3.9/site-packages:${PYTHONPATH} /usr/bin/cmake --build /home/bur/ros2_ws/build/zed_ros2 -- -j6 -l6
[0.976s] Invoking command in '/home/bur/ros2_ws/build/zed_ros2': AMENT_PREFIX_PATH=/home/bur/ros2_ws/install/zed_wrapper:/home/bur/ros2_ws/install/zed_components:${AMENT_PREFIX_PATH} CMAKE_PREFIX_PATH=/home/bur/ros2_ws/install/zed_wrapper:/home/bur/ros2_ws/install/zed_components:/home/bur/ros2_ws/install/zed_interfaces:/opt/ros/humble LD_LIBRARY_PATH=/home/bur/ros2_ws/install/zed_components/lib:/home/bur/ros2_ws/install/zed_interfaces/lib:/opt/ros/humble/opt/rviz_ogre_vendor/lib:/opt/ros/humble/lib/aarch64-linux-gnu:/opt/ros/humble/lib:/usr/local/cuda-11.4/lib64 PYTHONPATH=/home/bur/ros2_ws/install/zed_interfaces/lib/python3.9/site-packages:${PYTHONPATH} /usr/bin/cmake --install /home/bur/ros2_ws/build/zed_ros2
[0.994s] -- Install configuration: "Release"
[0.995s] -- Execute custom install script
[0.996s] -- Symlinking: /home/bur/ros2_ws/install/zed_ros2/share/ament_index/resource_index/package_run_dependencies/zed_ros2
[1.014s] -- Symlinking: /home/bur/ros2_ws/install/zed_ros2/share/ament_index/resource_index/parent_prefix_path/zed_ros2
[1.032s] -- Symlinking: /home/bur/ros2_ws/install/zed_ros2/share/zed_ros2/environment/ament_prefix_path.sh
[1.050s] -- Symlinking: /home/bur/ros2_ws/install/zed_ros2/share/zed_ros2/environment/ament_prefix_path.dsv
[1.068s] -- Symlinking: /home/bur/ros2_ws/install/zed_ros2/share/zed_ros2/environment/path.sh
[1.087s] -- Symlinking: /home/bur/ros2_ws/install/zed_ros2/share/zed_ros2/environment/path.dsv
[1.107s] -- Symlinking: /home/bur/ros2_ws/install/zed_ros2/share/zed_ros2/local_setup.bash
[1.125s] -- Symlinking: /home/bur/ros2_ws/install/zed_ros2/share/zed_ros2/local_setup.sh
[1.144s] -- Symlinking: /home/bur/ros2_ws/install/zed_ros2/share/zed_ros2/local_setup.zsh
[1.163s] -- Symlinking: /home/bur/ros2_ws/install/zed_ros2/share/zed_ros2/local_setup.dsv
[1.181s] -- Symlinking: /home/bur/ros2_ws/install/zed_ros2/share/zed_ros2/package.dsv
[1.200s] -- Symlinking: /home/bur/ros2_ws/install/zed_ros2/share/ament_index/resource_index/packages/zed_ros2
[1.218s] -- Symlinking: /home/bur/ros2_ws/install/zed_ros2/share/zed_ros2/cmake/zed_ros2Config.cmake
[1.237s] -- Symlinking: /home/bur/ros2_ws/install/zed_ros2/share/zed_ros2/cmake/zed_ros2Config-version.cmake
[1.256s] -- Symlinking: /home/bur/ros2_ws/install/zed_ros2/share/zed_ros2/package.xml
[1.279s] Invoked command in '/home/bur/ros2_ws/build/zed_ros2' returned '0': AMENT_PREFIX_PATH=/home/bur/ros2_ws/install/zed_wrapper:/home/bur/ros2_ws/install/zed_components:${AMENT_PREFIX_PATH} CMAKE_PREFIX_PATH=/home/bur/ros2_ws/install/zed_wrapper:/home/bur/ros2_ws/install/zed_components:/home/bur/ros2_ws/install/zed_interfaces:/opt/ros/humble LD_LIBRARY_PATH=/home/bur/ros2_ws/install/zed_components/lib:/home/bur/ros2_ws/install/zed_interfaces/lib:/opt/ros/humble/opt/rviz_ogre_vendor/lib:/opt/ros/humble/lib/aarch64-linux-gnu:/opt/ros/humble/lib:/usr/local/cuda-11.4/lib64 PYTHONPATH=/home/bur/ros2_ws/install/zed_interfaces/lib/python3.9/site-packages:${PYTHONPATH} /usr/bin/cmake --install /home/bur/ros2_ws/build/zed_ros2
