11-18 10:35:29 com_github_MitjaNemec_ReplicateLayout.action_replicate_layout 392:Plugin executed on: 'win32'
11-18 10:35:29 com_github_MitjaNemec_ReplicateLayout.action_replicate_layout 393:Plugin executed with python version: '3.9.16 (main, Aug  8 2023, 05:38:28) [MSC v.1936 64 bit (AMD64)]'
11-18 10:35:29 com_github_MitjaNemec_ReplicateLayout.action_replicate_layout 394:KiCad build version: 7.0.8
11-18 10:35:29 com_github_MitjaNemec_ReplicateLayout.action_replicate_layout 395:Plugin version: 2.1.3
11-18 10:35:29 com_github_MitjaNemec_ReplicateLayout.action_replicate_layout 396:Frame repr: <wx._core.Frame object at 0x0000028B6DDACA60>
11-18 10:35:29 com_github_MitjaNemec_ReplicateLayout.action_replicate_layout 420:Preparing replicator with U211 as a reference
11-18 10:35:29 com_github_MitjaNemec_ReplicateLayout.replicate_layout 117:getting a list of all footprints on board
11-18 10:35:29 com_github_MitjaNemec_ReplicateLayout.action_replicate_layout 468:source anchor footprint is 'U211'
Located on: ['low pass filter']
With filenames: ['low pass filter.kicad_sch']
With sheet_id:['low pass filter']
11-18 10:35:29 com_github_MitjaNemec_ReplicateLayout.action_replicate_layout 475:Corresponding footprints are 
[('U231', ['low pass filter_3']), ('U211', ['low pass filter']), ('U241', ['low pass filter_4']), ('U221', ['low pass filter_2'])]
11-18 10:35:29 com_github_MitjaNemec_ReplicateLayout.action_replicate_layout 487:Showing dialog
11-18 10:35:29 com_github_MitjaNemec_ReplicateLayout.replicate_layout 424:constructing a list of sheets suitable for replication on level:'low pass filter', file:'low pass filter.kicad_sch'
11-18 10:35:29 com_github_MitjaNemec_ReplicateLayout.replicate_layout 461:suitable sheets are:[['low pass filter_2'], ['low pass filter_3'], ['low pass filter_4']]
11-18 10:35:29 com_github_MitjaNemec_ReplicateLayout.replicate_layout 1464:Level selected: ['low pass filter']
11-18 10:35:29 com_github_MitjaNemec_ReplicateLayout.replicate_layout 1299:Filtering list of tracks
11-18 10:35:29 com_github_MitjaNemec_ReplicateLayout.action_replicate_layout 493:Toolbar position: wx.Point(2390, 232)
11-18 10:35:29 com_github_MitjaNemec_ReplicateLayout.action_replicate_layout 498:Dialog position: wx.Point(1951, 232)
11-18 10:35:34 com_github_MitjaNemec_ReplicateLayout.replicate_layout 424:constructing a list of sheets suitable for replication on level:'low pass filter', file:'low pass filter.kicad_sch'
11-18 10:35:34 com_github_MitjaNemec_ReplicateLayout.replicate_layout 461:suitable sheets are:[['low pass filter_2'], ['low pass filter_3'], ['low pass filter_4']]
11-18 10:35:34 com_github_MitjaNemec_ReplicateLayout.action_replicate_layout 240:Replicating layout
11-18 10:35:34 com_github_MitjaNemec_ReplicateLayout.replicate_layout 240:Starting replication of sheets: [['low pass filter_2'], ['low pass filter_3'], ['low pass filter_4']]
on level: ['low pass filter']
with tracks=True, zone=True, text=True, text=True, intersecting=False, remove=True, locked footprints=False, group_only=False
11-18 10:35:34 root 332:updating GUI message: 'Preparing for replication'
11-18 10:35:34 root 337:updating GUI with: 0
11-18 10:35:34 com_github_MitjaNemec_ReplicateLayout.replicate_layout 310:Getting the list of source footprints
11-18 10:35:34 root 337:updating GUI with: 0
11-18 10:35:34 com_github_MitjaNemec_ReplicateLayout.replicate_layout 320:Getting the list of all the remaining footprints
11-18 10:35:34 com_github_MitjaNemec_ReplicateLayout.replicate_layout 327:Getting source tracks
11-18 10:35:34 com_github_MitjaNemec_ReplicateLayout.replicate_layout 1299:Filtering list of tracks
11-18 10:35:34 com_github_MitjaNemec_ReplicateLayout.replicate_layout 331:Getting source zones
11-18 10:35:34 com_github_MitjaNemec_ReplicateLayout.replicate_layout 335:Getting source text items
11-18 10:35:34 root 337:updating GUI with: 66
11-18 10:35:34 com_github_MitjaNemec_ReplicateLayout.replicate_layout 339:Getting source drawing items
11-18 10:35:34 com_github_MitjaNemec_ReplicateLayout.replicate_layout 272:Removing tracks and zones, before footprint placement
11-18 10:35:34 root 332:updating GUI message: 'Removing zones and tracks'
11-18 10:35:34 root 337:updating GUI with: 0
11-18 10:35:34 com_github_MitjaNemec_ReplicateLayout.replicate_layout 1245:Remove bounding box top:56261000, bottom:68823000, Left:118375000, Right:152955000
11-18 10:35:34 root 337:updating GUI with: 33
11-18 10:35:34 com_github_MitjaNemec_ReplicateLayout.replicate_layout 1245:Remove bounding box top:71501000, bottom:84063000, Left:118375000, Right:152955000
11-18 10:35:34 com_github_MitjaNemec_ReplicateLayout.replicate_layout 1245:Remove bounding box top:86741000, bottom:99303000, Left:118375000, Right:152955000
11-18 10:35:34 root 332:updating GUI message: 'Replicating footprints'
11-18 10:35:34 root 337:updating GUI with: 0
11-18 10:35:34 com_github_MitjaNemec_ReplicateLayout.replicate_layout 806:Replicating footprints
11-18 10:35:34 com_github_MitjaNemec_ReplicateLayout.replicate_layout 813:Replicating footprints on sheet ['low pass filter_2']
11-18 10:35:34 com_github_MitjaNemec_ReplicateLayout.replicate_layout 813:Replicating footprints on sheet ['low pass filter_3']
11-18 10:35:34 com_github_MitjaNemec_ReplicateLayout.replicate_layout 813:Replicating footprints on sheet ['low pass filter_4']
11-18 10:35:34 root 337:updating GUI with: 76
11-18 10:35:34 com_github_MitjaNemec_ReplicateLayout.replicate_layout 280:Removing tracks and zones, after footprint placement
11-18 10:35:34 root 332:updating GUI message: 'Removing zones and tracks'
11-18 10:35:34 com_github_MitjaNemec_ReplicateLayout.replicate_layout 1245:Remove bounding box top:56300000, bottom:68823000, Left:118375000, Right:152955000
11-18 10:35:34 root 337:updating GUI with: 33
11-18 10:35:34 com_github_MitjaNemec_ReplicateLayout.replicate_layout 1245:Remove bounding box top:71540000, bottom:84063000, Left:118375000, Right:152955000
11-18 10:35:34 com_github_MitjaNemec_ReplicateLayout.replicate_layout 1245:Remove bounding box top:86780000, bottom:99303000, Left:118375000, Right:152955000
11-18 10:35:34 root 332:updating GUI message: 'Replicating tracks'
11-18 10:35:34 com_github_MitjaNemec_ReplicateLayout.replicate_layout 977:Replicating tracks
11-18 10:35:34 com_github_MitjaNemec_ReplicateLayout.replicate_layout 983:Replicating tracks on sheet ['low pass filter_2']
11-18 10:35:34 com_github_MitjaNemec_ReplicateLayout.replicate_layout 766:Net pairs for sheet ['low pass filter_2'] :[('/IN_1_A', '/IN_2_A'), ('Net-(U211D-+)', 'Net-(U221D-+)'), ('+3.3VA', '+3.3VA'), ('Net-(U211B-+)', 'Net-(U221B-+)'), ('/IN_1_B', '/IN_2_B'), ('Net-(U211C--)', 'Net-(U221C--)'), ('Net-(C212-Pad2)', 'Net-(C222-Pad2)'), ('GND', 'GND'), ('Net-(C214-Pad2)', 'Net-(C224-Pad2)'), ('Net-(U211C-+)', 'Net-(U221C-+)'), ('Net-(C211-Pad2)', 'Net-(C221-Pad2)'), ('Net-(U211A-+)', 'Net-(U221A-+)'), ('Net-(U211A--)', 'Net-(U221A--)'), ('Net-(U211B--)', 'Net-(U221B--)')]
11-18 10:35:34 root 337:updating GUI with: 0
11-18 10:35:34 com_github_MitjaNemec_ReplicateLayout.replicate_layout 983:Replicating tracks on sheet ['low pass filter_3']
11-18 10:35:34 com_github_MitjaNemec_ReplicateLayout.replicate_layout 766:Net pairs for sheet ['low pass filter_3'] :[('Net-(U211D-+)', 'Net-(U231D-+)'), ('+3.3VA', '+3.3VA'), ('Net-(U211C--)', 'Net-(U231C--)'), ('GND', 'GND'), ('/IN_1_B', '/IN_3_B'), ('Net-(U211B--)', 'Net-(U231B--)'), ('Net-(C211-Pad2)', 'Net-(C231-Pad2)'), ('Net-(U211A-+)', 'Net-(U231A-+)'), ('/IN_1_A', '/IN_3_A'), ('Net-(U211A--)', 'Net-(U231A--)'), ('Net-(C212-Pad2)', 'Net-(C232-Pad2)'), ('Net-(U211B-+)', 'Net-(U231B-+)'), ('Net-(U211C-+)', 'Net-(U231C-+)'), ('Net-(C214-Pad2)', 'Net-(C234-Pad2)')]
11-18 10:35:34 com_github_MitjaNemec_ReplicateLayout.replicate_layout 983:Replicating tracks on sheet ['low pass filter_4']
11-18 10:35:34 com_github_MitjaNemec_ReplicateLayout.replicate_layout 766:Net pairs for sheet ['low pass filter_4'] :[('Net-(C212-Pad2)', 'Net-(C242-Pad2)'), ('Net-(U211C-+)', 'Net-(U241C-+)'), ('+3.3VA', '+3.3VA'), ('Net-(U211C--)', 'Net-(U241C--)'), ('Net-(U211B--)', 'Net-(U241B--)'), ('Net-(U211A--)', 'Net-(U241A--)'), ('/IN_1_B', '/IN_4_B'), ('/IN_1_A', '/IN_4_A'), ('Net-(U211B-+)', 'Net-(U241B-+)'), ('Net-(U211A-+)', 'Net-(U241A-+)'), ('GND', 'GND'), ('Net-(U211D-+)', 'Net-(U241D-+)'), ('Net-(C211-Pad2)', 'Net-(C241-Pad2)'), ('Net-(C214-Pad2)', 'Net-(C244-Pad2)')]
11-18 10:35:34 root 332:updating GUI message: 'Replicating zones'
11-18 10:35:34 com_github_MitjaNemec_ReplicateLayout.replicate_layout 1047:Replicating zones
11-18 10:35:34 com_github_MitjaNemec_ReplicateLayout.replicate_layout 1054:Replicating zones on sheet ['low pass filter_2']
11-18 10:35:34 com_github_MitjaNemec_ReplicateLayout.replicate_layout 766:Net pairs for sheet ['low pass filter_2'] :[('/IN_1_A', '/IN_2_A'), ('Net-(U211D-+)', 'Net-(U221D-+)'), ('+3.3VA', '+3.3VA'), ('Net-(U211B-+)', 'Net-(U221B-+)'), ('/IN_1_B', '/IN_2_B'), ('Net-(U211C--)', 'Net-(U221C--)'), ('Net-(C212-Pad2)', 'Net-(C222-Pad2)'), ('GND', 'GND'), ('Net-(C214-Pad2)', 'Net-(C224-Pad2)'), ('Net-(U211C-+)', 'Net-(U221C-+)'), ('Net-(C211-Pad2)', 'Net-(C221-Pad2)'), ('Net-(U211A-+)', 'Net-(U221A-+)'), ('Net-(U211A--)', 'Net-(U221A--)'), ('Net-(U211B--)', 'Net-(U221B--)')]
11-18 10:35:34 com_github_MitjaNemec_ReplicateLayout.replicate_layout 1054:Replicating zones on sheet ['low pass filter_3']
11-18 10:35:34 com_github_MitjaNemec_ReplicateLayout.replicate_layout 766:Net pairs for sheet ['low pass filter_3'] :[('Net-(U211D-+)', 'Net-(U231D-+)'), ('+3.3VA', '+3.3VA'), ('Net-(U211C--)', 'Net-(U231C--)'), ('GND', 'GND'), ('/IN_1_B', '/IN_3_B'), ('Net-(U211B--)', 'Net-(U231B--)'), ('Net-(C211-Pad2)', 'Net-(C231-Pad2)'), ('Net-(U211A-+)', 'Net-(U231A-+)'), ('/IN_1_A', '/IN_3_A'), ('Net-(U211A--)', 'Net-(U231A--)'), ('Net-(C212-Pad2)', 'Net-(C232-Pad2)'), ('Net-(U211B-+)', 'Net-(U231B-+)'), ('Net-(U211C-+)', 'Net-(U231C-+)'), ('Net-(C214-Pad2)', 'Net-(C234-Pad2)')]
11-18 10:35:34 root 337:updating GUI with: 66
11-18 10:35:34 com_github_MitjaNemec_ReplicateLayout.replicate_layout 1054:Replicating zones on sheet ['low pass filter_4']
11-18 10:35:34 com_github_MitjaNemec_ReplicateLayout.replicate_layout 766:Net pairs for sheet ['low pass filter_4'] :[('Net-(C212-Pad2)', 'Net-(C242-Pad2)'), ('Net-(U211C-+)', 'Net-(U241C-+)'), ('+3.3VA', '+3.3VA'), ('Net-(U211C--)', 'Net-(U241C--)'), ('Net-(U211B--)', 'Net-(U241B--)'), ('Net-(U211A--)', 'Net-(U241A--)'), ('/IN_1_B', '/IN_4_B'), ('/IN_1_A', '/IN_4_A'), ('Net-(U211B-+)', 'Net-(U241B-+)'), ('Net-(U211A-+)', 'Net-(U241A-+)'), ('GND', 'GND'), ('Net-(U211D-+)', 'Net-(U241D-+)'), ('Net-(C211-Pad2)', 'Net-(C241-Pad2)'), ('Net-(C214-Pad2)', 'Net-(C244-Pad2)')]
11-18 10:35:34 root 332:updating GUI message: 'Replicating text'
11-18 10:35:34 com_github_MitjaNemec_ReplicateLayout.replicate_layout 1136:Replicating text
11-18 10:35:34 com_github_MitjaNemec_ReplicateLayout.replicate_layout 1143:Replicating text on sheet ['low pass filter_2']
11-18 10:35:34 com_github_MitjaNemec_ReplicateLayout.replicate_layout 1143:Replicating text on sheet ['low pass filter_3']
11-18 10:35:34 com_github_MitjaNemec_ReplicateLayout.replicate_layout 1143:Replicating text on sheet ['low pass filter_4']
11-18 10:35:34 root 332:updating GUI message: 'Replicating drawings'
11-18 10:35:34 com_github_MitjaNemec_ReplicateLayout.replicate_layout 1187:Replicating drawings
11-18 10:35:34 com_github_MitjaNemec_ReplicateLayout.replicate_layout 1193:Replicating drawings on sheet ['low pass filter_2']
11-18 10:35:34 com_github_MitjaNemec_ReplicateLayout.replicate_layout 1193:Replicating drawings on sheet ['low pass filter_3']
11-18 10:35:34 com_github_MitjaNemec_ReplicateLayout.replicate_layout 1193:Replicating drawings on sheet ['low pass filter_4']
11-18 10:35:34 root 332:updating GUI message: 'Removing duplicates'
11-18 10:35:34 com_github_MitjaNemec_ReplicateLayout.action_replicate_layout 256:Replication complete
