[0.086s] Invoking command in '/home/bur/ros2_ws/build/zed_tutorial_pos_tracking': CMAKE_PREFIX_PATH=${CMAKE_PREFIX_PATH}:/opt/ros/humble /usr/bin/cmake --build /home/bur/ros2_ws/build/zed_tutorial_pos_tracking -- -j6 -l6
[0.392s] [100%] Built target zed_tutorial_pos_tracking
[0.461s] Invoked command in '/home/bur/ros2_ws/build/zed_tutorial_pos_tracking' returned '0': CMAKE_PREFIX_PATH=${CMAKE_PREFIX_PATH}:/opt/ros/humble /usr/bin/cmake --build /home/bur/ros2_ws/build/zed_tutorial_pos_tracking -- -j6 -l6
[0.617s] Invoking command in '/home/bur/ros2_ws/build/zed_tutorial_pos_tracking': CMAKE_PREFIX_PATH=${CMAKE_PREFIX_PATH}:/opt/ros/humble /usr/bin/cmake --install /home/bur/ros2_ws/build/zed_tutorial_pos_tracking
[0.651s] -- Install configuration: "Release"
[0.652s] -- Execute custom install script
[0.657s] -- Up-to-date symlink: /home/bur/ros2_ws/install/zed_tutorial_pos_tracking/lib/zed_tutorial_pos_tracking/zed_tutorial_pos_tracking
[0.658s] -- Up-to-date symlink: /home/bur/ros2_ws/install/zed_tutorial_pos_tracking/share/ament_index/resource_index/package_run_dependencies/zed_tutorial_pos_tracking
[0.658s] -- Up-to-date symlink: /home/bur/ros2_ws/install/zed_tutorial_pos_tracking/share/ament_index/resource_index/parent_prefix_path/zed_tutorial_pos_tracking
[0.658s] -- Up-to-date symlink: /home/bur/ros2_ws/install/zed_tutorial_pos_tracking/share/zed_tutorial_pos_tracking/environment/ament_prefix_path.sh
[0.659s] -- Up-to-date symlink: /home/bur/ros2_ws/install/zed_tutorial_pos_tracking/share/zed_tutorial_pos_tracking/environment/ament_prefix_path.dsv
[0.659s] -- Up-to-date symlink: /home/bur/ros2_ws/install/zed_tutorial_pos_tracking/share/zed_tutorial_pos_tracking/environment/path.sh
[0.662s] -- Up-to-date symlink: /home/bur/ros2_ws/install/zed_tutorial_pos_tracking/share/zed_tutorial_pos_tracking/environment/path.dsv
[0.662s] -- Up-to-date symlink: /home/bur/ros2_ws/install/zed_tutorial_pos_tracking/share/zed_tutorial_pos_tracking/local_setup.bash
[0.663s] -- Up-to-date symlink: /home/bur/ros2_ws/install/zed_tutorial_pos_tracking/share/zed_tutorial_pos_tracking/local_setup.sh
[0.663s] -- Up-to-date symlink: /home/bur/ros2_ws/install/zed_tutorial_pos_tracking/share/zed_tutorial_pos_tracking/local_setup.zsh
[0.663s] -- Up-to-date symlink: /home/bur/ros2_ws/install/zed_tutorial_pos_tracking/share/zed_tutorial_pos_tracking/local_setup.dsv
[0.663s] -- Symlinking: /home/bur/ros2_ws/install/zed_tutorial_pos_tracking/share/zed_tutorial_pos_tracking/package.dsv
[0.703s] -- Up-to-date symlink: /home/bur/ros2_ws/install/zed_tutorial_pos_tracking/share/ament_index/resource_index/packages/zed_tutorial_pos_tracking
[0.704s] -- Up-to-date symlink: /home/bur/ros2_ws/install/zed_tutorial_pos_tracking/share/zed_tutorial_pos_tracking/cmake/zed_tutorial_pos_trackingConfig.cmake
[0.704s] -- Up-to-date symlink: /home/bur/ros2_ws/install/zed_tutorial_pos_tracking/share/zed_tutorial_pos_tracking/cmake/zed_tutorial_pos_trackingConfig-version.cmake
[0.704s] -- Up-to-date symlink: /home/bur/ros2_ws/install/zed_tutorial_pos_tracking/share/zed_tutorial_pos_tracking/package.xml
[0.745s] Invoked command in '/home/bur/ros2_ws/build/zed_tutorial_pos_tracking' returned '0': CMAKE_PREFIX_PATH=${CMAKE_PREFIX_PATH}:/opt/ros/humble /usr/bin/cmake --install /home/bur/ros2_ws/build/zed_tutorial_pos_tracking
