-- The C compiler identification is GNU 11.4.0
-- The CXX compiler identification is GNU 11.4.0
-- Detecting C compiler ABI info
-- Detecting C compiler ABI info - done
-- Check for working C compiler: /usr/bin/cc - skipped
-- Detecting C compile features
-- Detecting C compile features - done
-- Detecting CXX compiler ABI info
-- Detecting CXX compiler ABI info - done
-- Check for working CXX compiler: /usr/bin/c++ - skipped
-- Detecting CXX compile features
-- Detecting CXX compile features - done
-- Found ament_cmake_auto: 1.3.7 (/opt/ros/humble/share/ament_cmake_auto/cmake)
-- Found Python3: /usr/bin/python3.10 (found version "3.10.12") found components: Interpreter 
-- Found rosidl_generator_c: 3.1.5 (/opt/ros/humble/share/rosidl_generator_c/cmake)
-- Found rosidl_adapter: 3.1.5 (/opt/ros/humble/share/rosidl_adapter/cmake)
-- Found rosidl_generator_cpp: 3.1.5 (/opt/ros/humble/share/rosidl_generator_cpp/cmake)
-- Using all available rosidl_typesupport_c: rosidl_typesupport_fastrtps_c;rosidl_typesupport_introspection_c
-- Using all available rosidl_typesupport_cpp: rosidl_typesupport_fastrtps_cpp;rosidl_typesupport_introspection_cpp
-- Found rmw_implementation_cmake: 6.1.1 (/opt/ros/humble/share/rmw_implementation_cmake/cmake)
-- Found rmw_fastrtps_cpp: 6.2.6 (/opt/ros/humble/share/rmw_fastrtps_cpp/cmake)
-- Found OpenSSL: /usr/lib/x86_64-linux-gnu/libcrypto.so (found version "3.0.2")  
-- Found FastRTPS: /opt/ros/humble/include  
-- Using RMW implementation 'rmw_fastrtps_cpp' as default
-- Looking for pthread.h
-- Looking for pthread.h - found
-- Performing Test CMAKE_HAVE_LIBC_PTHREAD
-- Performing Test CMAKE_HAVE_LIBC_PTHREAD - Success
-- Found Threads: TRUE  
-- Configuring done
-- Generating done
-- Build files have been written to: /home/grape/2023-2024/ros2_ws/build/pose_to_tf
[ 50%] [32mBuilding CXX object CMakeFiles/pose_to_tf.dir/pose_to_tf.cpp.o[0m
[100%] [32m[1mLinking CXX executable pose_to_tf[0m
[100%] Built target pose_to_tf
-- Install configuration: ""
-- Installing: /home/grape/2023-2024/ros2_ws/install/pose_to_tf/lib/pose_to_tf/pose_to_tf
-- Set runtime path of "/home/grape/2023-2024/ros2_ws/install/pose_to_tf/lib/pose_to_tf/pose_to_tf" to ""
-- Installing: /home/grape/2023-2024/ros2_ws/install/pose_to_tf/share/ament_index/resource_index/package_run_dependencies/pose_to_tf
-- Installing: /home/grape/2023-2024/ros2_ws/install/pose_to_tf/share/ament_index/resource_index/parent_prefix_path/pose_to_tf
-- Installing: /home/grape/2023-2024/ros2_ws/install/pose_to_tf/share/pose_to_tf/environment/ament_prefix_path.sh
-- Installing: /home/grape/2023-2024/ros2_ws/install/pose_to_tf/share/pose_to_tf/environment/ament_prefix_path.dsv
-- Installing: /home/grape/2023-2024/ros2_ws/install/pose_to_tf/share/pose_to_tf/environment/path.sh
-- Installing: /home/grape/2023-2024/ros2_ws/install/pose_to_tf/share/pose_to_tf/environment/path.dsv
-- Installing: /home/grape/2023-2024/ros2_ws/install/pose_to_tf/share/pose_to_tf/local_setup.bash
-- Installing: /home/grape/2023-2024/ros2_ws/install/pose_to_tf/share/pose_to_tf/local_setup.sh
-- Installing: /home/grape/2023-2024/ros2_ws/install/pose_to_tf/share/pose_to_tf/local_setup.zsh
-- Installing: /home/grape/2023-2024/ros2_ws/install/pose_to_tf/share/pose_to_tf/local_setup.dsv
-- Installing: /home/grape/2023-2024/ros2_ws/install/pose_to_tf/share/pose_to_tf/package.dsv
-- Installing: /home/grape/2023-2024/ros2_ws/install/pose_to_tf/share/ament_index/resource_index/packages/pose_to_tf
-- Installing: /home/grape/2023-2024/ros2_ws/install/pose_to_tf/share/pose_to_tf/cmake/ament_cmake_export_dependencies-extras.cmake
-- Installing: /home/grape/2023-2024/ros2_ws/install/pose_to_tf/share/pose_to_tf/cmake/pose_to_tfConfig.cmake
-- Installing: /home/grape/2023-2024/ros2_ws/install/pose_to_tf/share/pose_to_tf/cmake/pose_to_tfConfig-version.cmake
-- Installing: /home/grape/2023-2024/ros2_ws/install/pose_to_tf/share/pose_to_tf/package.xml
