[0.350s] Invoking command in '/home/grape/2023-2024/ros2_ws/build/pose_to_tf': CMAKE_PREFIX_PATH=${CMAKE_PREFIX_PATH}:/opt/ros/humble /usr/bin/cmake /home/grape/2023-2024/ros2_ws/src/pose_to_tf -DCMAKE_INSTALL_PREFIX=/home/grape/2023-2024/ros2_ws/install/pose_to_tf
[0.580s] -- The C compiler identification is GNU 11.4.0
[1.315s] -- The CXX compiler identification is GNU 11.4.0
[2.293s] -- Detecting C compiler ABI info
[2.610s] -- Detecting C compiler ABI info - done
[2.626s] -- Check for working C compiler: /usr/bin/cc - skipped
[2.626s] -- Detecting C compile features
[2.627s] -- Detecting C compile features - done
[2.634s] -- Detecting CXX compiler ABI info
[2.929s] -- Detecting CXX compiler ABI info - done
[2.947s] -- Check for working CXX compiler: /usr/bin/c++ - skipped
[2.948s] -- Detecting CXX compile features
[2.950s] -- Detecting CXX compile features - done
[2.957s] -- Found ament_cmake_auto: 1.3.7 (/opt/ros/humble/share/ament_cmake_auto/cmake)
[3.302s] -- Found Python3: /usr/bin/python3.10 (found version "3.10.12") found components: Interpreter 
[3.935s] -- Found rosidl_generator_c: 3.1.5 (/opt/ros/humble/share/rosidl_generator_c/cmake)
[3.944s] -- Found rosidl_adapter: 3.1.5 (/opt/ros/humble/share/rosidl_adapter/cmake)
[3.959s] -- Found rosidl_generator_cpp: 3.1.5 (/opt/ros/humble/share/rosidl_generator_cpp/cmake)
[3.995s] -- Using all available rosidl_typesupport_c: rosidl_typesupport_fastrtps_c;rosidl_typesupport_introspection_c
[4.022s] -- Using all available rosidl_typesupport_cpp: rosidl_typesupport_fastrtps_cpp;rosidl_typesupport_introspection_cpp
[4.207s] -- Found rmw_implementation_cmake: 6.1.1 (/opt/ros/humble/share/rmw_implementation_cmake/cmake)
[4.213s] -- Found rmw_fastrtps_cpp: 6.2.6 (/opt/ros/humble/share/rmw_fastrtps_cpp/cmake)
[9.263s] -- Found OpenSSL: /usr/lib/x86_64-linux-gnu/libcrypto.so (found version "3.0.2")  
[12.876s] -- Found FastRTPS: /opt/ros/humble/include  
[22.590s] -- Using RMW implementation 'rmw_fastrtps_cpp' as default
[22.616s] -- Looking for pthread.h
[23.006s] -- Looking for pthread.h - found
[23.007s] -- Performing Test CMAKE_HAVE_LIBC_PTHREAD
[23.358s] -- Performing Test CMAKE_HAVE_LIBC_PTHREAD - Success
[23.360s] -- Found Threads: TRUE  
[24.623s] -- Configuring done
[24.642s] -- Generating done
[24.645s] -- Build files have been written to: /home/grape/2023-2024/ros2_ws/build/pose_to_tf
[24.664s] Invoked command in '/home/grape/2023-2024/ros2_ws/build/pose_to_tf' returned '0': CMAKE_PREFIX_PATH=${CMAKE_PREFIX_PATH}:/opt/ros/humble /usr/bin/cmake /home/grape/2023-2024/ros2_ws/src/pose_to_tf -DCMAKE_INSTALL_PREFIX=/home/grape/2023-2024/ros2_ws/install/pose_to_tf
[24.665s] Invoking command in '/home/grape/2023-2024/ros2_ws/build/pose_to_tf': CMAKE_PREFIX_PATH=${CMAKE_PREFIX_PATH}:/opt/ros/humble /usr/bin/cmake --build /home/grape/2023-2024/ros2_ws/build/pose_to_tf -- -j8 -l8
[24.734s] [ 50%] [32mBuilding CXX object CMakeFiles/pose_to_tf.dir/pose_to_tf.cpp.o[0m
[62.682s] [100%] [32m[1mLinking CXX executable pose_to_tf[0m
[66.221s] [100%] Built target pose_to_tf
[66.245s] Invoked command in '/home/grape/2023-2024/ros2_ws/build/pose_to_tf' returned '0': CMAKE_PREFIX_PATH=${CMAKE_PREFIX_PATH}:/opt/ros/humble /usr/bin/cmake --build /home/grape/2023-2024/ros2_ws/build/pose_to_tf -- -j8 -l8
[66.306s] Invoking command in '/home/grape/2023-2024/ros2_ws/build/pose_to_tf': CMAKE_PREFIX_PATH=${CMAKE_PREFIX_PATH}:/opt/ros/humble /usr/bin/cmake --install /home/grape/2023-2024/ros2_ws/build/pose_to_tf
[66.319s] -- Install configuration: ""
[66.320s] -- Installing: /home/grape/2023-2024/ros2_ws/install/pose_to_tf/lib/pose_to_tf/pose_to_tf
[66.346s] -- Set runtime path of "/home/grape/2023-2024/ros2_ws/install/pose_to_tf/lib/pose_to_tf/pose_to_tf" to ""
[66.347s] -- Installing: /home/grape/2023-2024/ros2_ws/install/pose_to_tf/share/ament_index/resource_index/package_run_dependencies/pose_to_tf
[66.348s] -- Installing: /home/grape/2023-2024/ros2_ws/install/pose_to_tf/share/ament_index/resource_index/parent_prefix_path/pose_to_tf
[66.348s] -- Installing: /home/grape/2023-2024/ros2_ws/install/pose_to_tf/share/pose_to_tf/environment/ament_prefix_path.sh
[66.349s] -- Installing: /home/grape/2023-2024/ros2_ws/install/pose_to_tf/share/pose_to_tf/environment/ament_prefix_path.dsv
[66.350s] -- Installing: /home/grape/2023-2024/ros2_ws/install/pose_to_tf/share/pose_to_tf/environment/path.sh
[66.351s] -- Installing: /home/grape/2023-2024/ros2_ws/install/pose_to_tf/share/pose_to_tf/environment/path.dsv
[66.351s] -- Installing: /home/grape/2023-2024/ros2_ws/install/pose_to_tf/share/pose_to_tf/local_setup.bash
[66.352s] -- Installing: /home/grape/2023-2024/ros2_ws/install/pose_to_tf/share/pose_to_tf/local_setup.sh
[66.352s] -- Installing: /home/grape/2023-2024/ros2_ws/install/pose_to_tf/share/pose_to_tf/local_setup.zsh
[66.352s] -- Installing: /home/grape/2023-2024/ros2_ws/install/pose_to_tf/share/pose_to_tf/local_setup.dsv
[66.353s] -- Installing: /home/grape/2023-2024/ros2_ws/install/pose_to_tf/share/pose_to_tf/package.dsv
[66.354s] -- Installing: /home/grape/2023-2024/ros2_ws/install/pose_to_tf/share/ament_index/resource_index/packages/pose_to_tf
[66.354s] -- Installing: /home/grape/2023-2024/ros2_ws/install/pose_to_tf/share/pose_to_tf/cmake/ament_cmake_export_dependencies-extras.cmake
[66.355s] -- Installing: /home/grape/2023-2024/ros2_ws/install/pose_to_tf/share/pose_to_tf/cmake/pose_to_tfConfig.cmake
[66.355s] -- Installing: /home/grape/2023-2024/ros2_ws/install/pose_to_tf/share/pose_to_tf/cmake/pose_to_tfConfig-version.cmake
[66.355s] -- Installing: /home/grape/2023-2024/ros2_ws/install/pose_to_tf/share/pose_to_tf/package.xml
[66.359s] Invoked command in '/home/grape/2023-2024/ros2_ws/build/pose_to_tf' returned '0': CMAKE_PREFIX_PATH=${CMAKE_PREFIX_PATH}:/opt/ros/humble /usr/bin/cmake --install /home/grape/2023-2024/ros2_ws/build/pose_to_tf
