[0.703s] Invoking command in '/home/grape/2023-2024/ros2_ws/build/bluerov2_control': CMAKE_PREFIX_PATH=${CMAKE_PREFIX_PATH}:/opt/ros/humble /usr/bin/cmake /home/grape/2023-2024/ros2_ws/src/bluerov2/bluerov2_control -DCMAKE_INSTALL_PREFIX=/home/grape/2023-2024/ros2_ws/install/bluerov2_control
[0.947s] -- The C compiler identification is GNU 11.4.0
[1.886s] -- The CXX compiler identification is GNU 11.4.0
[2.818s] -- Detecting C compiler ABI info
[3.195s] -- Detecting C compiler ABI info - done
[3.216s] -- Check for working C compiler: /usr/bin/cc - skipped
[3.217s] -- Detecting C compile features
[3.218s] -- Detecting C compile features - done
[3.224s] -- Detecting CXX compiler ABI info
[3.579s] -- Detecting CXX compiler ABI info - done
[3.596s] -- Check for working CXX compiler: /usr/bin/c++ - skipped
[3.597s] -- Detecting CXX compile features
[3.597s] -- Detecting CXX compile features - done
[3.602s] -- Found ament_cmake: 1.3.7 (/opt/ros/humble/share/ament_cmake/cmake)
[3.888s] -- Found Python3: /usr/bin/python3.10 (found version "3.10.12") found components: Interpreter 
[4.135s] -- Configuring done
[4.143s] -- Generating done
[4.144s] -- Build files have been written to: /home/grape/2023-2024/ros2_ws/build/bluerov2_control
[4.151s] Invoked command in '/home/grape/2023-2024/ros2_ws/build/bluerov2_control' returned '0': CMAKE_PREFIX_PATH=${CMAKE_PREFIX_PATH}:/opt/ros/humble /usr/bin/cmake /home/grape/2023-2024/ros2_ws/src/bluerov2/bluerov2_control -DCMAKE_INSTALL_PREFIX=/home/grape/2023-2024/ros2_ws/install/bluerov2_control
[4.153s] Invoking command in '/home/grape/2023-2024/ros2_ws/build/bluerov2_control': CMAKE_PREFIX_PATH=${CMAKE_PREFIX_PATH}:/opt/ros/humble /usr/bin/cmake --build /home/grape/2023-2024/ros2_ws/build/bluerov2_control -- -j8 -l8
[4.211s] Invoked command in '/home/grape/2023-2024/ros2_ws/build/bluerov2_control' returned '0': CMAKE_PREFIX_PATH=${CMAKE_PREFIX_PATH}:/opt/ros/humble /usr/bin/cmake --build /home/grape/2023-2024/ros2_ws/build/bluerov2_control -- -j8 -l8
[4.323s] Invoking command in '/home/grape/2023-2024/ros2_ws/build/bluerov2_control': CMAKE_PREFIX_PATH=${CMAKE_PREFIX_PATH}:/opt/ros/humble /usr/bin/cmake --install /home/grape/2023-2024/ros2_ws/build/bluerov2_control
[4.332s] -- Install configuration: ""
[4.332s] -- Installing: /home/grape/2023-2024/ros2_ws/install/bluerov2_control/share/bluerov2_control/launch
[4.333s] -- Installing: /home/grape/2023-2024/ros2_ws/install/bluerov2_control/share/bluerov2_control/launch/rviz_launch.py
[4.333s] -- Installing: /home/grape/2023-2024/ros2_ws/install/bluerov2_control/share/bluerov2_control/launch/cascaded_pids_launch.py
[4.334s] -- Installing: /home/grape/2023-2024/ros2_ws/install/bluerov2_control/share/bluerov2_control/launch/wrench_launch.py
[4.334s] -- Installing: /home/grape/2023-2024/ros2_ws/install/bluerov2_control/share/bluerov2_control/config
[4.335s] -- Installing: /home/grape/2023-2024/ros2_ws/install/bluerov2_control/share/bluerov2_control/config/manual.yaml
[4.335s] -- Installing: /home/grape/2023-2024/ros2_ws/install/bluerov2_control/share/bluerov2_control/config/bluerov2.rviz
[4.335s] -- Installing: /home/grape/2023-2024/ros2_ws/install/bluerov2_control/share/bluerov2_control/config/thruster_manager.yaml
[4.336s] -- Installing: /home/grape/2023-2024/ros2_ws/install/bluerov2_control/share/bluerov2_control/config/anchors.yaml
[4.336s] -- Installing: /home/grape/2023-2024/ros2_ws/install/bluerov2_control/share/bluerov2_control/config/cascaded_pid.yaml
[4.336s] -- Installing: /home/grape/2023-2024/ros2_ws/install/bluerov2_control/share/bluerov2_control/config/tilt.yaml
[4.336s] -- Installing: /home/grape/2023-2024/ros2_ws/install/bluerov2_control/share/ament_index/resource_index/package_run_dependencies/bluerov2_control
[4.336s] -- Installing: /home/grape/2023-2024/ros2_ws/install/bluerov2_control/share/ament_index/resource_index/parent_prefix_path/bluerov2_control
[4.337s] -- Installing: /home/grape/2023-2024/ros2_ws/install/bluerov2_control/share/bluerov2_control/environment/ament_prefix_path.sh
[4.337s] -- Installing: /home/grape/2023-2024/ros2_ws/install/bluerov2_control/share/bluerov2_control/environment/ament_prefix_path.dsv
[4.337s] -- Installing: /home/grape/2023-2024/ros2_ws/install/bluerov2_control/share/bluerov2_control/environment/path.sh
[4.340s] -- Installing: /home/grape/2023-2024/ros2_ws/install/bluerov2_control/share/bluerov2_control/environment/path.dsv
[4.341s] -- Installing: /home/grape/2023-2024/ros2_ws/install/bluerov2_control/share/bluerov2_control/local_setup.bash
[4.341s] -- Installing: /home/grape/2023-2024/ros2_ws/install/bluerov2_control/share/bluerov2_control/local_setup.sh
[4.341s] -- Installing: /home/grape/2023-2024/ros2_ws/install/bluerov2_control/share/bluerov2_control/local_setup.zsh
[4.342s] -- Installing: /home/grape/2023-2024/ros2_ws/install/bluerov2_control/share/bluerov2_control/local_setup.dsv
[4.343s] -- Installing: /home/grape/2023-2024/ros2_ws/install/bluerov2_control/share/bluerov2_control/package.dsv
[4.347s] -- Installing: /home/grape/2023-2024/ros2_ws/install/bluerov2_control/share/ament_index/resource_index/packages/bluerov2_control
[4.348s] -- Installing: /home/grape/2023-2024/ros2_ws/install/bluerov2_control/share/bluerov2_control/cmake/bluerov2_controlConfig.cmake
[4.348s] -- Installing: /home/grape/2023-2024/ros2_ws/install/bluerov2_control/share/bluerov2_control/cmake/bluerov2_controlConfig-version.cmake
[4.349s] -- Installing: /home/grape/2023-2024/ros2_ws/install/bluerov2_control/share/bluerov2_control/package.xml
[4.363s] Invoked command in '/home/grape/2023-2024/ros2_ws/build/bluerov2_control' returned '0': CMAKE_PREFIX_PATH=${CMAKE_PREFIX_PATH}:/opt/ros/humble /usr/bin/cmake --install /home/grape/2023-2024/ros2_ws/build/bluerov2_control
