[0.089s] Invoking command in '/home/bur/ros2_ws/build/zed_aruco_localization': CMAKE_PREFIX_PATH=/home/bur/ros2_ws/install/zed_components:/home/bur/ros2_ws/install/zed_interfaces:/home/bur/ros2_ws/install/zed_robot_integration:/home/bur/ros2_ws/install/zed_multi_camera:/home/bur/ros2_ws/install/zed_display_rviz2:/home/bur/ros2_ws/install/zed_depth_to_laserscan:/home/bur/ros2_ws/install/zed_tutorial_video:/home/bur/ros2_ws/install/zed_tutorial_pos_tracking:/home/bur/ros2_ws/install/zed_tutorial_depth:/home/bur/ros2_ws/install/zed_topic_benchmark:/home/bur/ros2_ws/install/zed_topic_benchmark_component:/home/bur/ros2_ws/install/zed_topic_benchmark_interfaces:/home/bur/ros2_ws/install/zed_rgb_convert:/home/bur/ros2_ws/install/zed_aruco_localization:/home/bur/ros2_ws/install/rviz_plugin_zed_od:/home/bur/ros2_ws/install/zed_ros2:/home/bur/ros2_ws/install/zed_wrapper:/opt/ros/humble LD_LIBRARY_PATH=/home/bur/ros2_ws/install/zed_components/lib:/home/bur/ros2_ws/install/zed_interfaces/lib:/home/bur/ros2_ws/install/zed_topic_benchmark_component/lib:/home/bur/ros2_ws/install/zed_topic_benchmark_interfaces/lib:/home/bur/ros2_ws/install/zed_rgb_convert/lib:/home/bur/ros2_ws/install/zed_aruco_localization/lib:/home/bur/ros2_ws/install/rviz_plugin_zed_od/lib:/usr/local/cuda-11.4/lib64:/opt/ros/humble/opt/rviz_ogre_vendor/lib:/opt/ros/humble/lib/aarch64-linux-gnu:/opt/ros/humble/lib:/usr/local/cuda-11.4/lib64 /usr/bin/cmake --build /home/bur/ros2_ws/build/zed_aruco_localization -- -j6 -l6
[0.253s] [100%] Built target zed_aruco_localization_component
[0.280s] Invoked command in '/home/bur/ros2_ws/build/zed_aruco_localization' returned '0': CMAKE_PREFIX_PATH=/home/bur/ros2_ws/install/zed_components:/home/bur/ros2_ws/install/zed_interfaces:/home/bur/ros2_ws/install/zed_robot_integration:/home/bur/ros2_ws/install/zed_multi_camera:/home/bur/ros2_ws/install/zed_display_rviz2:/home/bur/ros2_ws/install/zed_depth_to_laserscan:/home/bur/ros2_ws/install/zed_tutorial_video:/home/bur/ros2_ws/install/zed_tutorial_pos_tracking:/home/bur/ros2_ws/install/zed_tutorial_depth:/home/bur/ros2_ws/install/zed_topic_benchmark:/home/bur/ros2_ws/install/zed_topic_benchmark_component:/home/bur/ros2_ws/install/zed_topic_benchmark_interfaces:/home/bur/ros2_ws/install/zed_rgb_convert:/home/bur/ros2_ws/install/zed_aruco_localization:/home/bur/ros2_ws/install/rviz_plugin_zed_od:/home/bur/ros2_ws/install/zed_ros2:/home/bur/ros2_ws/install/zed_wrapper:/opt/ros/humble LD_LIBRARY_PATH=/home/bur/ros2_ws/install/zed_components/lib:/home/bur/ros2_ws/install/zed_interfaces/lib:/home/bur/ros2_ws/install/zed_topic_benchmark_component/lib:/home/bur/ros2_ws/install/zed_topic_benchmark_interfaces/lib:/home/bur/ros2_ws/install/zed_rgb_convert/lib:/home/bur/ros2_ws/install/zed_aruco_localization/lib:/home/bur/ros2_ws/install/rviz_plugin_zed_od/lib:/usr/local/cuda-11.4/lib64:/opt/ros/humble/opt/rviz_ogre_vendor/lib:/opt/ros/humble/lib/aarch64-linux-gnu:/opt/ros/humble/lib:/usr/local/cuda-11.4/lib64 /usr/bin/cmake --build /home/bur/ros2_ws/build/zed_aruco_localization -- -j6 -l6
[0.349s] Invoking command in '/home/bur/ros2_ws/build/zed_aruco_localization': CMAKE_PREFIX_PATH=/home/bur/ros2_ws/install/zed_components:/home/bur/ros2_ws/install/zed_interfaces:/home/bur/ros2_ws/install/zed_robot_integration:/home/bur/ros2_ws/install/zed_multi_camera:/home/bur/ros2_ws/install/zed_display_rviz2:/home/bur/ros2_ws/install/zed_depth_to_laserscan:/home/bur/ros2_ws/install/zed_tutorial_video:/home/bur/ros2_ws/install/zed_tutorial_pos_tracking:/home/bur/ros2_ws/install/zed_tutorial_depth:/home/bur/ros2_ws/install/zed_topic_benchmark:/home/bur/ros2_ws/install/zed_topic_benchmark_component:/home/bur/ros2_ws/install/zed_topic_benchmark_interfaces:/home/bur/ros2_ws/install/zed_rgb_convert:/home/bur/ros2_ws/install/zed_aruco_localization:/home/bur/ros2_ws/install/rviz_plugin_zed_od:/home/bur/ros2_ws/install/zed_ros2:/home/bur/ros2_ws/install/zed_wrapper:/opt/ros/humble LD_LIBRARY_PATH=/home/bur/ros2_ws/install/zed_components/lib:/home/bur/ros2_ws/install/zed_interfaces/lib:/home/bur/ros2_ws/install/zed_topic_benchmark_component/lib:/home/bur/ros2_ws/install/zed_topic_benchmark_interfaces/lib:/home/bur/ros2_ws/install/zed_rgb_convert/lib:/home/bur/ros2_ws/install/zed_aruco_localization/lib:/home/bur/ros2_ws/install/rviz_plugin_zed_od/lib:/usr/local/cuda-11.4/lib64:/opt/ros/humble/opt/rviz_ogre_vendor/lib:/opt/ros/humble/lib/aarch64-linux-gnu:/opt/ros/humble/lib:/usr/local/cuda-11.4/lib64 /usr/bin/cmake --install /home/bur/ros2_ws/build/zed_aruco_localization
[0.375s] -- Install configuration: "Release"
[0.376s] -- Execute custom install script
[0.377s] -- Up-to-date symlink: /home/bur/ros2_ws/install/zed_aruco_localization/lib/libzed_aruco_localization_component.so
[0.377s] -- Up-to-date symlink: /home/bur/ros2_ws/install/zed_aruco_localization/include/zed_aruco_localization//aruco_loc_visibility_control.hpp
[0.378s] -- Up-to-date symlink: /home/bur/ros2_ws/install/zed_aruco_localization/include/zed_aruco_localization//aruco.hpp
[0.378s] -- Up-to-date symlink: /home/bur/ros2_ws/install/zed_aruco_localization/include/zed_aruco_localization//zed_aruco_localization_component.hpp
[0.379s] -- Up-to-date symlink: /home/bur/ros2_ws/install/zed_aruco_localization/share/zed_aruco_localization/launch/zed_aruco_loc.launch.py
[0.380s] -- Up-to-date symlink: /home/bur/ros2_ws/install/zed_aruco_localization/share/zed_aruco_localization/config/aruco_loc.yaml
[0.381s] -- Up-to-date symlink: /home/bur/ros2_ws/install/zed_aruco_localization/share/zed_aruco_localization/rviz2/aruco.rviz
[0.381s] -- Up-to-date symlink: /home/bur/ros2_ws/install/zed_aruco_localization/share/zed_aruco_localization/environment/library_path.sh
[0.382s] -- Up-to-date symlink: /home/bur/ros2_ws/install/zed_aruco_localization/share/zed_aruco_localization/environment/library_path.dsv
[0.382s] -- Up-to-date symlink: /home/bur/ros2_ws/install/zed_aruco_localization/share/ament_index/resource_index/package_run_dependencies/zed_aruco_localization
[0.383s] -- Up-to-date symlink: /home/bur/ros2_ws/install/zed_aruco_localization/share/ament_index/resource_index/parent_prefix_path/zed_aruco_localization
[0.383s] -- Up-to-date symlink: /home/bur/ros2_ws/install/zed_aruco_localization/share/zed_aruco_localization/environment/ament_prefix_path.sh
[0.384s] -- Up-to-date symlink: /home/bur/ros2_ws/install/zed_aruco_localization/share/zed_aruco_localization/environment/ament_prefix_path.dsv
[0.384s] -- Up-to-date symlink: /home/bur/ros2_ws/install/zed_aruco_localization/share/zed_aruco_localization/environment/path.sh
[0.385s] -- Up-to-date symlink: /home/bur/ros2_ws/install/zed_aruco_localization/share/zed_aruco_localization/environment/path.dsv
[0.386s] -- Up-to-date symlink: /home/bur/ros2_ws/install/zed_aruco_localization/share/zed_aruco_localization/local_setup.bash
[0.386s] -- Up-to-date symlink: /home/bur/ros2_ws/install/zed_aruco_localization/share/zed_aruco_localization/local_setup.sh
[0.386s] -- Up-to-date symlink: /home/bur/ros2_ws/install/zed_aruco_localization/share/zed_aruco_localization/local_setup.zsh
[0.387s] -- Up-to-date symlink: /home/bur/ros2_ws/install/zed_aruco_localization/share/zed_aruco_localization/local_setup.dsv
[0.387s] -- Symlinking: /home/bur/ros2_ws/install/zed_aruco_localization/share/zed_aruco_localization/package.dsv
[0.414s] -- Up-to-date symlink: /home/bur/ros2_ws/install/zed_aruco_localization/share/ament_index/resource_index/packages/zed_aruco_localization
[0.414s] -- Up-to-date symlink: /home/bur/ros2_ws/install/zed_aruco_localization/share/ament_index/resource_index/rclcpp_components/zed_aruco_localization
[0.415s] -- Up-to-date symlink: /home/bur/ros2_ws/install/zed_aruco_localization/share/zed_aruco_localization/cmake/ament_cmake_export_include_directories-extras.cmake
[0.415s] -- Up-to-date symlink: /home/bur/ros2_ws/install/zed_aruco_localization/share/zed_aruco_localization/cmake/ament_cmake_export_libraries-extras.cmake
[0.415s] -- Up-to-date symlink: /home/bur/ros2_ws/install/zed_aruco_localization/share/zed_aruco_localization/cmake/ament_cmake_export_dependencies-extras.cmake
[0.415s] -- Up-to-date symlink: /home/bur/ros2_ws/install/zed_aruco_localization/share/zed_aruco_localization/cmake/zed_aruco_localizationConfig.cmake
[0.415s] -- Up-to-date symlink: /home/bur/ros2_ws/install/zed_aruco_localization/share/zed_aruco_localization/cmake/zed_aruco_localizationConfig-version.cmake
[0.415s] -- Up-to-date symlink: /home/bur/ros2_ws/install/zed_aruco_localization/share/zed_aruco_localization/package.xml
[0.423s] Invoked command in '/home/bur/ros2_ws/build/zed_aruco_localization' returned '0': CMAKE_PREFIX_PATH=/home/bur/ros2_ws/install/zed_components:/home/bur/ros2_ws/install/zed_interfaces:/home/bur/ros2_ws/install/zed_robot_integration:/home/bur/ros2_ws/install/zed_multi_camera:/home/bur/ros2_ws/install/zed_display_rviz2:/home/bur/ros2_ws/install/zed_depth_to_laserscan:/home/bur/ros2_ws/install/zed_tutorial_video:/home/bur/ros2_ws/install/zed_tutorial_pos_tracking:/home/bur/ros2_ws/install/zed_tutorial_depth:/home/bur/ros2_ws/install/zed_topic_benchmark:/home/bur/ros2_ws/install/zed_topic_benchmark_component:/home/bur/ros2_ws/install/zed_topic_benchmark_interfaces:/home/bur/ros2_ws/install/zed_rgb_convert:/home/bur/ros2_ws/install/zed_aruco_localization:/home/bur/ros2_ws/install/rviz_plugin_zed_od:/home/bur/ros2_ws/install/zed_ros2:/home/bur/ros2_ws/install/zed_wrapper:/opt/ros/humble LD_LIBRARY_PATH=/home/bur/ros2_ws/install/zed_components/lib:/home/bur/ros2_ws/install/zed_interfaces/lib:/home/bur/ros2_ws/install/zed_topic_benchmark_component/lib:/home/bur/ros2_ws/install/zed_topic_benchmark_interfaces/lib:/home/bur/ros2_ws/install/zed_rgb_convert/lib:/home/bur/ros2_ws/install/zed_aruco_localization/lib:/home/bur/ros2_ws/install/rviz_plugin_zed_od/lib:/usr/local/cuda-11.4/lib64:/opt/ros/humble/opt/rviz_ogre_vendor/lib:/opt/ros/humble/lib/aarch64-linux-gnu:/opt/ros/humble/lib:/usr/local/cuda-11.4/lib64 /usr/bin/cmake --install /home/bur/ros2_ws/build/zed_aruco_localization
