[2.800s] DEBUG:colcon:Command line arguments: ['/usr/bin/colcon', 'build', '--symlink-install']
[2.800s] DEBUG:colcon:Parsed command line arguments: Namespace(allow_overriding=[], ament_cmake_args=None, base_paths=['.'], build_base='build', catkin_cmake_args=None, catkin_skip_building_tests=False, cmake_args=None, cmake_clean_cache=False, cmake_clean_first=False, cmake_force_configure=False, cmake_target=None, cmake_target_skip_unavailable=False, continue_on_error=False, event_handlers=None, executor='parallel', ignore_user_meta=False, install_base='install', log_base=None, log_level=None, main=<bound method BuildVerb.main of <colcon_core.verb.build.BuildVerb object at 0x7f7e93e1c400>>, merge_install=False, metas=['./colcon.meta'], packages_above=None, packages_above_and_dependencies=None, packages_above_depth=None, packages_end=None, packages_ignore=None, packages_ignore_regex=None, packages_select=None, packages_select_build_failed=False, packages_select_by_dep=None, packages_select_regex=None, packages_select_test_failures=False, packages_skip=None, packages_skip_build_finished=False, packages_skip_by_dep=None, packages_skip_regex=None, packages_skip_test_passed=False, packages_skip_up_to=None, packages_start=None, packages_up_to=None, packages_up_to_regex=None, parallel_workers=8, paths=None, symlink_install=True, test_result_base=None, verb_extension=<colcon_core.verb.build.BuildVerb object at 0x7f7e93e1c400>, verb_name='build', verb_parser=<colcon_defaults.argument_parser.defaults.DefaultArgumentsDecorator object at 0x7f7e93294a60>)
[2.928s] Level 1:colcon.colcon_core.package_discovery:discover_packages(colcon_meta) check parameters
[2.928s] Level 1:colcon.colcon_core.package_discovery:discover_packages(recursive) check parameters
[2.928s] Level 1:colcon.colcon_core.package_discovery:discover_packages(ignore) check parameters
[2.928s] Level 1:colcon.colcon_core.package_discovery:discover_packages(path) check parameters
[2.928s] Level 1:colcon.colcon_core.package_discovery:discover_packages(colcon_meta) discover
[2.928s] Level 1:colcon.colcon_core.package_discovery:discover_packages(recursive) discover
[2.928s] INFO:colcon.colcon_core.package_discovery:Crawling recursively for packages in '/home/nakul/Desktop/bur/ros2_ws/src/2023-2024/state-estimation'
[2.928s] Level 1:colcon.colcon_core.package_identification:_identify(.) by extensions ['ignore', 'ignore_ament_install']
[2.928s] Level 1:colcon.colcon_core.package_identification:_identify(.) by extension 'ignore'
[2.929s] Level 1:colcon.colcon_core.package_identification:_identify(.) by extension 'ignore_ament_install'
[2.929s] Level 1:colcon.colcon_core.package_identification:_identify(.) by extensions ['colcon_pkg']
[2.929s] Level 1:colcon.colcon_core.package_identification:_identify(.) by extension 'colcon_pkg'
[2.929s] Level 1:colcon.colcon_core.package_identification:_identify(.) by extensions ['colcon_meta']
[2.929s] Level 1:colcon.colcon_core.package_identification:_identify(.) by extension 'colcon_meta'
[2.929s] Level 1:colcon.colcon_core.package_identification:_identify(.) by extensions ['ros']
[2.929s] Level 1:colcon.colcon_core.package_identification:_identify(.) by extension 'ros'
[2.945s] DEBUG:colcon.colcon_core.package_identification:Package '.' with type 'ros.catkin' and name 'state-estimation'
[2.945s] Level 1:colcon.colcon_core.package_discovery:discover_packages(recursive) using defaults
[2.945s] Level 1:colcon.colcon_core.package_discovery:discover_packages(ignore) discover
[2.945s] Level 1:colcon.colcon_core.package_discovery:discover_packages(ignore) using defaults
[2.945s] Level 1:colcon.colcon_core.package_discovery:discover_packages(path) discover
[2.945s] Level 1:colcon.colcon_core.package_discovery:discover_packages(path) using defaults
[3.198s] Level 1:colcon.colcon_core.package_discovery:discover_packages(prefix_path) check parameters
[3.199s] Level 1:colcon.colcon_core.package_discovery:discover_packages(prefix_path) discover
[3.293s] DEBUG:colcon.colcon_installed_package_information.package_discovery:Found 0 installed packages in /home/nakul/Desktop/bur/ros2_ws/install
[3.341s] DEBUG:colcon.colcon_installed_package_information.package_discovery:Found 263 installed packages in /opt/ros/foxy
[3.342s] Level 1:colcon.colcon_core.package_discovery:discover_packages(prefix_path) using defaults
[3.529s] Level 5:colcon.colcon_core.verb:set package 'state-estimation' build argument 'cmake_args' from command line to 'None'
[3.530s] Level 5:colcon.colcon_core.verb:set package 'state-estimation' build argument 'cmake_target' from command line to 'None'
[3.530s] Level 5:colcon.colcon_core.verb:set package 'state-estimation' build argument 'cmake_target_skip_unavailable' from command line to 'False'
[3.530s] Level 5:colcon.colcon_core.verb:set package 'state-estimation' build argument 'cmake_clean_cache' from command line to 'False'
[3.530s] Level 5:colcon.colcon_core.verb:set package 'state-estimation' build argument 'cmake_clean_first' from command line to 'False'
[3.530s] Level 5:colcon.colcon_core.verb:set package 'state-estimation' build argument 'cmake_force_configure' from command line to 'False'
[3.530s] Level 5:colcon.colcon_core.verb:set package 'state-estimation' build argument 'ament_cmake_args' from command line to 'None'
[3.530s] Level 5:colcon.colcon_core.verb:set package 'state-estimation' build argument 'catkin_cmake_args' from command line to 'None'
[3.530s] Level 5:colcon.colcon_core.verb:set package 'state-estimation' build argument 'catkin_skip_building_tests' from command line to 'False'
[3.530s] DEBUG:colcon.colcon_core.verb:Building package 'state-estimation' with the following arguments: {'ament_cmake_args': None, 'build_base': '/home/nakul/Desktop/bur/ros2_ws/src/2023-2024/state-estimation/build/state-estimation', 'catkin_cmake_args': None, 'catkin_skip_building_tests': False, 'cmake_args': None, 'cmake_clean_cache': False, 'cmake_clean_first': False, 'cmake_force_configure': False, 'cmake_target': None, 'cmake_target_skip_unavailable': False, 'install_base': '/home/nakul/Desktop/bur/ros2_ws/src/2023-2024/state-estimation/install/state-estimation', 'merge_install': False, 'path': '/home/nakul/Desktop/bur/ros2_ws/src/2023-2024/state-estimation', 'symlink_install': True, 'test_result_base': None}
[3.575s] INFO:colcon.colcon_core.executor:Executing jobs using 'parallel' executor
[3.622s] DEBUG:colcon.colcon_parallel_executor.executor.parallel:run_until_complete
[3.622s] INFO:colcon.colcon_ros.task.catkin.build:Building ROS package in '/home/nakul/Desktop/bur/ros2_ws/src/2023-2024/state-estimation' with build type 'catkin'
[3.622s] INFO:colcon.colcon_cmake.task.cmake.build:Building CMake package in '/home/nakul/Desktop/bur/ros2_ws/src/2023-2024/state-estimation'
[3.671s] INFO:colcon.colcon_core.plugin_system:Skipping extension 'colcon_core.shell.bat': Not used on non-Windows systems
[3.672s] INFO:colcon.colcon_core.shell:Skip shell extension 'powershell' for command environment: Not usable outside of PowerShell
[3.672s] DEBUG:colcon.colcon_core.shell:Skip shell extension 'dsv' for command environment
[3.829s] DEBUG:colcon.colcon_core.event_handler.log_command:Invoking command in '/home/nakul/Desktop/bur/ros2_ws/src/2023-2024/state-estimation/build/state-estimation': /usr/bin/cmake --build /home/nakul/Desktop/bur/ros2_ws/src/2023-2024/state-estimation/build/state-estimation -- -j8 -l8
[5.755s] DEBUG:colcon.colcon_core.event_handler.log_command:Invoked command in '/home/nakul/Desktop/bur/ros2_ws/src/2023-2024/state-estimation/build/state-estimation' returned '2': /usr/bin/cmake --build /home/nakul/Desktop/bur/ros2_ws/src/2023-2024/state-estimation/build/state-estimation -- -j8 -l8
[5.799s] Level 1:colcon.colcon_core.shell:create_environment_hook('state-estimation', 'ros_package_path')
[5.857s] INFO:colcon.colcon_core.shell:Creating environment hook '/home/nakul/Desktop/bur/ros2_ws/src/2023-2024/state-estimation/install/state-estimation/share/state-estimation/hook/ros_package_path.ps1'
[5.858s] INFO:colcon.colcon_core.shell:Creating environment descriptor '/home/nakul/Desktop/bur/ros2_ws/src/2023-2024/state-estimation/install/state-estimation/share/state-estimation/hook/ros_package_path.dsv'
[5.858s] INFO:colcon.colcon_core.shell:Creating environment hook '/home/nakul/Desktop/bur/ros2_ws/src/2023-2024/state-estimation/install/state-estimation/share/state-estimation/hook/ros_package_path.sh'
[5.859s] Level 1:colcon.colcon_core.shell:create_environment_hook('state-estimation', 'pkg_config_path')
[5.907s] INFO:colcon.colcon_core.shell:Creating environment hook '/home/nakul/Desktop/bur/ros2_ws/src/2023-2024/state-estimation/install/state-estimation/share/state-estimation/hook/pkg_config_path.ps1'
[5.907s] INFO:colcon.colcon_core.shell:Creating environment descriptor '/home/nakul/Desktop/bur/ros2_ws/src/2023-2024/state-estimation/install/state-estimation/share/state-estimation/hook/pkg_config_path.dsv'
[5.908s] INFO:colcon.colcon_core.shell:Creating environment hook '/home/nakul/Desktop/bur/ros2_ws/src/2023-2024/state-estimation/install/state-estimation/share/state-estimation/hook/pkg_config_path.sh'
[5.912s] Level 1:colcon.colcon_core.shell:create_environment_hook('state-estimation', 'pkg_config_path_multiarch')
[5.966s] INFO:colcon.colcon_core.shell:Creating environment hook '/home/nakul/Desktop/bur/ros2_ws/src/2023-2024/state-estimation/install/state-estimation/share/state-estimation/hook/pkg_config_path_multiarch.ps1'
[5.966s] INFO:colcon.colcon_core.shell:Creating environment descriptor '/home/nakul/Desktop/bur/ros2_ws/src/2023-2024/state-estimation/install/state-estimation/share/state-estimation/hook/pkg_config_path_multiarch.dsv'
[5.967s] INFO:colcon.colcon_core.shell:Creating environment hook '/home/nakul/Desktop/bur/ros2_ws/src/2023-2024/state-estimation/install/state-estimation/share/state-estimation/hook/pkg_config_path_multiarch.sh'
[6.016s] Level 1:colcon.colcon_core.environment:create_environment_scripts_only(state-estimation)
[6.066s] Level 1:colcon.colcon_core.environment:checking '/home/nakul/Desktop/bur/ros2_ws/src/2023-2024/state-estimation/install/state-estimation' for CMake module files
[6.066s] Level 1:colcon.colcon_core.environment:checking '/home/nakul/Desktop/bur/ros2_ws/src/2023-2024/state-estimation/install/state-estimation' for CMake config files
[6.067s] Level 1:colcon.colcon_core.environment:checking '/home/nakul/Desktop/bur/ros2_ws/src/2023-2024/state-estimation/install/state-estimation/bin'
[6.067s] Level 1:colcon.colcon_core.environment:checking '/home/nakul/Desktop/bur/ros2_ws/src/2023-2024/state-estimation/install/state-estimation/lib/pkgconfig/state-estimation.pc'
[6.067s] Level 1:colcon.colcon_core.environment:checking '/home/nakul/Desktop/bur/ros2_ws/src/2023-2024/state-estimation/install/state-estimation/lib/python3.8/site-packages'
[6.067s] Level 1:colcon.colcon_core.environment:checking '/home/nakul/Desktop/bur/ros2_ws/src/2023-2024/state-estimation/install/state-estimation/bin'
[6.116s] INFO:colcon.colcon_core.shell:Creating package script '/home/nakul/Desktop/bur/ros2_ws/src/2023-2024/state-estimation/install/state-estimation/share/state-estimation/package.ps1'
[6.117s] INFO:colcon.colcon_core.shell:Creating package descriptor '/home/nakul/Desktop/bur/ros2_ws/src/2023-2024/state-estimation/install/state-estimation/share/state-estimation/package.dsv'
[6.118s] INFO:colcon.colcon_core.shell:Creating package script '/home/nakul/Desktop/bur/ros2_ws/src/2023-2024/state-estimation/install/state-estimation/share/state-estimation/package.sh'
[6.119s] INFO:colcon.colcon_core.shell:Creating package script '/home/nakul/Desktop/bur/ros2_ws/src/2023-2024/state-estimation/install/state-estimation/share/state-estimation/package.bash'
[6.119s] INFO:colcon.colcon_core.shell:Creating package script '/home/nakul/Desktop/bur/ros2_ws/src/2023-2024/state-estimation/install/state-estimation/share/state-estimation/package.zsh'
[6.120s] Level 1:colcon.colcon_core.environment:create_file_with_runtime_dependencies(/home/nakul/Desktop/bur/ros2_ws/src/2023-2024/state-estimation/install/state-estimation/share/colcon-core/packages/state-estimation)
[6.131s] DEBUG:colcon.colcon_parallel_executor.executor.parallel:closing loop
[6.131s] DEBUG:colcon.colcon_parallel_executor.executor.parallel:loop closed
[6.131s] DEBUG:colcon.colcon_parallel_executor.executor.parallel:run_until_complete finished with '2'
[6.131s] DEBUG:colcon.colcon_core.event_reactor:joining thread
[6.189s] INFO:colcon.colcon_core.plugin_system:Skipping extension 'colcon_notification.desktop_notification.terminal_notifier': Not used on non-Darwin systems
[6.189s] INFO:colcon.colcon_core.plugin_system:Skipping extension 'colcon_notification.desktop_notification.win32': Not used on non-Windows systems
[6.189s] INFO:colcon.colcon_notification.desktop_notification:Sending desktop notification using 'notify2'
[6.212s] DEBUG:colcon.colcon_core.event_reactor:joined thread
[6.267s] INFO:colcon.colcon_core.shell:Creating prefix script '/home/nakul/Desktop/bur/ros2_ws/src/2023-2024/state-estimation/install/local_setup.ps1'
[6.268s] INFO:colcon.colcon_core.shell:Creating prefix util module '/home/nakul/Desktop/bur/ros2_ws/src/2023-2024/state-estimation/install/_local_setup_util_ps1.py'
[6.269s] INFO:colcon.colcon_core.shell:Creating prefix chain script '/home/nakul/Desktop/bur/ros2_ws/src/2023-2024/state-estimation/install/setup.ps1'
[6.318s] INFO:colcon.colcon_core.shell:Creating prefix script '/home/nakul/Desktop/bur/ros2_ws/src/2023-2024/state-estimation/install/local_setup.sh'
[6.319s] INFO:colcon.colcon_core.shell:Creating prefix util module '/home/nakul/Desktop/bur/ros2_ws/src/2023-2024/state-estimation/install/_local_setup_util_sh.py'
[6.319s] INFO:colcon.colcon_core.shell:Creating prefix chain script '/home/nakul/Desktop/bur/ros2_ws/src/2023-2024/state-estimation/install/setup.sh'
[6.368s] INFO:colcon.colcon_core.shell:Creating prefix script '/home/nakul/Desktop/bur/ros2_ws/src/2023-2024/state-estimation/install/local_setup.bash'
[6.368s] INFO:colcon.colcon_core.shell:Creating prefix chain script '/home/nakul/Desktop/bur/ros2_ws/src/2023-2024/state-estimation/install/setup.bash'
[6.417s] INFO:colcon.colcon_core.shell:Creating prefix script '/home/nakul/Desktop/bur/ros2_ws/src/2023-2024/state-estimation/install/local_setup.zsh'
[6.417s] INFO:colcon.colcon_core.shell:Creating prefix chain script '/home/nakul/Desktop/bur/ros2_ws/src/2023-2024/state-estimation/install/setup.zsh'
