[0.076s] Invoking command in '/home/bur/ros2_ws/build/zed_tutorial_depth': CMAKE_PREFIX_PATH=${CMAKE_PREFIX_PATH}:/opt/ros/humble /usr/bin/cmake /home/bur/ros2_ws/src/zed-ros2-examples/tutorials/zed_depth_tutorial -DCMAKE_BUILD_TYPE=Release -DAMENT_CMAKE_SYMLINK_INSTALL=1 -DCMAKE_INSTALL_PREFIX=/home/bur/ros2_ws/install/zed_tutorial_depth
[0.229s] -- The C compiler identification is GNU 9.4.0
[0.423s] -- The CXX compiler identification is GNU 9.4.0
[0.442s] -- Check for working C compiler: /usr/bin/cc
[0.635s] -- Check for working C compiler: /usr/bin/cc -- works
[0.637s] -- Detecting C compiler ABI info
[0.855s] -- Detecting C compiler ABI info - done
[0.877s] -- Detecting C compile features
[0.879s] -- Detecting C compile features - done
[0.886s] -- Check for working CXX compiler: /usr/bin/c++
[1.072s] -- Check for working CXX compiler: /usr/bin/c++ -- works
[1.075s] -- Detecting CXX compiler ABI info
[1.283s] -- Detecting CXX compiler ABI info - done
[1.311s] -- Detecting CXX compile features
[1.313s] -- Detecting CXX compile features - done
[1.317s] -- Found ament_cmake_auto: 1.3.6 (/opt/ros/humble/share/ament_cmake_auto/cmake)
[1.676s] -- Found Python3: /usr/bin/python3.9 (found version "3.9.5") found components: Interpreter 
[1.831s] -- Override CMake install command with custom implementation using symlinks instead of copying resources
[2.230s] -- Found rosidl_generator_c: 3.1.5 (/opt/ros/humble/share/rosidl_generator_c/cmake)
[2.244s] -- Found rosidl_adapter: 3.1.5 (/opt/ros/humble/share/rosidl_adapter/cmake)
[2.266s] -- Found rosidl_generator_cpp: 3.1.5 (/opt/ros/humble/share/rosidl_generator_cpp/cmake)
[2.311s] -- Using all available rosidl_typesupport_c: rosidl_typesupport_fastrtps_c;rosidl_typesupport_introspection_c
[2.363s] -- Using all available rosidl_typesupport_cpp: rosidl_typesupport_fastrtps_cpp;rosidl_typesupport_introspection_cpp
[2.569s] -- Found rmw_implementation_cmake: 6.1.1 (/opt/ros/humble/share/rmw_implementation_cmake/cmake)
[2.575s] -- Found rmw_fastrtps_cpp: 6.2.5 (/opt/ros/humble/share/rmw_fastrtps_cpp/cmake)
[2.885s] -- Found OpenSSL: /usr/lib/aarch64-linux-gnu/libcrypto.so (found version "1.1.1f")  
[2.950s] -- Found FastRTPS: /opt/ros/humble/include  
[3.068s] -- Using RMW implementation 'rmw_fastrtps_cpp' as default
[3.091s] -- Looking for pthread.h
[3.283s] -- Looking for pthread.h - found
[3.287s] -- Performing Test CMAKE_HAVE_LIBC_PTHREAD
[3.468s] -- Performing Test CMAKE_HAVE_LIBC_PTHREAD - Failed
[3.468s] -- Looking for pthread_create in pthreads
[3.617s] -- Looking for pthread_create in pthreads - not found
[3.617s] -- Looking for pthread_create in pthread
[3.826s] -- Looking for pthread_create in pthread - found
[3.828s] -- Found Threads: TRUE  
[4.635s] -- Found ament_lint_auto: 0.12.9 (/opt/ros/humble/share/ament_lint_auto/cmake)
[4.703s] -- Added test 'copyright' to check source files copyright and LICENSE
[4.704s] -- Added test 'cppcheck' to perform static code analysis on C / C++ code
[4.706s] -- Configured cppcheck include dirs: 
[4.707s] -- Configured cppcheck exclude dirs and/or files: 
[4.708s] -- Added test 'cpplint' to check C / C++ code against the Google style
[4.709s] -- Configured cpplint exclude dirs and/or files: 
[4.711s] -- Added test 'lint_cmake' to check CMake code style
[4.715s] -- Added test 'uncrustify' to check C / C++ code style
[4.715s] -- Configured uncrustify additional arguments: 
[4.718s] -- Added test 'xmllint' to check XML markup files
[4.734s] -- Configuring done
[4.774s] -- Generating done
[4.774s] -- Build files have been written to: /home/bur/ros2_ws/build/zed_tutorial_depth
[4.830s] Invoked command in '/home/bur/ros2_ws/build/zed_tutorial_depth' returned '0': CMAKE_PREFIX_PATH=${CMAKE_PREFIX_PATH}:/opt/ros/humble /usr/bin/cmake /home/bur/ros2_ws/src/zed-ros2-examples/tutorials/zed_depth_tutorial -DCMAKE_BUILD_TYPE=Release -DAMENT_CMAKE_SYMLINK_INSTALL=1 -DCMAKE_INSTALL_PREFIX=/home/bur/ros2_ws/install/zed_tutorial_depth
[4.841s] Invoking command in '/home/bur/ros2_ws/build/zed_tutorial_depth': CMAKE_PREFIX_PATH=${CMAKE_PREFIX_PATH}:/opt/ros/humble /usr/bin/cmake --build /home/bur/ros2_ws/build/zed_tutorial_depth -- -j6 -l6
[4.999s] [35m[1mScanning dependencies of target zed_tutorial_depth[0m
[5.130s] [ 50%] [32mBuilding CXX object CMakeFiles/zed_tutorial_depth.dir/src/zed_depth_sub_tutorial.cpp.o[0m
[54.071s] [100%] [32m[1mLinking CXX executable zed_tutorial_depth[0m
[54.994s] [100%] Built target zed_tutorial_depth
[55.082s] Invoked command in '/home/bur/ros2_ws/build/zed_tutorial_depth' returned '0': CMAKE_PREFIX_PATH=${CMAKE_PREFIX_PATH}:/opt/ros/humble /usr/bin/cmake --build /home/bur/ros2_ws/build/zed_tutorial_depth -- -j6 -l6
[55.218s] Invoking command in '/home/bur/ros2_ws/build/zed_tutorial_depth': CMAKE_PREFIX_PATH=${CMAKE_PREFIX_PATH}:/opt/ros/humble /usr/bin/cmake --install /home/bur/ros2_ws/build/zed_tutorial_depth
[56.850s] -- Install configuration: "Release"
[56.851s] -- Execute custom install script
[56.851s] -- Symlinking: /home/bur/ros2_ws/install/zed_tutorial_depth/lib/zed_tutorial_depth/zed_tutorial_depth
[56.851s] -- Symlinking: /home/bur/ros2_ws/install/zed_tutorial_depth/share/ament_index/resource_index/package_run_dependencies/zed_tutorial_depth
[56.851s] -- Symlinking: /home/bur/ros2_ws/install/zed_tutorial_depth/share/ament_index/resource_index/parent_prefix_path/zed_tutorial_depth
[56.851s] -- Symlinking: /home/bur/ros2_ws/install/zed_tutorial_depth/share/zed_tutorial_depth/environment/ament_prefix_path.sh
[56.851s] -- Symlinking: /home/bur/ros2_ws/install/zed_tutorial_depth/share/zed_tutorial_depth/environment/ament_prefix_path.dsv
[56.852s] -- Symlinking: /home/bur/ros2_ws/install/zed_tutorial_depth/share/zed_tutorial_depth/environment/path.sh
[56.852s] -- Symlinking: /home/bur/ros2_ws/install/zed_tutorial_depth/share/zed_tutorial_depth/environment/path.dsv
[56.852s] -- Symlinking: /home/bur/ros2_ws/install/zed_tutorial_depth/share/zed_tutorial_depth/local_setup.bash
[56.852s] -- Symlinking: /home/bur/ros2_ws/install/zed_tutorial_depth/share/zed_tutorial_depth/local_setup.sh
[56.852s] -- Symlinking: /home/bur/ros2_ws/install/zed_tutorial_depth/share/zed_tutorial_depth/local_setup.zsh
[56.852s] -- Symlinking: /home/bur/ros2_ws/install/zed_tutorial_depth/share/zed_tutorial_depth/local_setup.dsv
[56.852s] -- Symlinking: /home/bur/ros2_ws/install/zed_tutorial_depth/share/zed_tutorial_depth/package.dsv
[56.853s] -- Symlinking: /home/bur/ros2_ws/install/zed_tutorial_depth/share/ament_index/resource_index/packages/zed_tutorial_depth
[56.853s] -- Symlinking: /home/bur/ros2_ws/install/zed_tutorial_depth/share/zed_tutorial_depth/cmake/zed_tutorial_depthConfig.cmake
[56.853s] -- Symlinking: /home/bur/ros2_ws/install/zed_tutorial_depth/share/zed_tutorial_depth/cmake/zed_tutorial_depthConfig-version.cmake
[56.853s] -- Symlinking: /home/bur/ros2_ws/install/zed_tutorial_depth/share/zed_tutorial_depth/package.xml
[56.876s] Invoked command in '/home/bur/ros2_ws/build/zed_tutorial_depth' returned '0': CMAKE_PREFIX_PATH=${CMAKE_PREFIX_PATH}:/opt/ros/humble /usr/bin/cmake --install /home/bur/ros2_ws/build/zed_tutorial_depth
