[0.219s] Invoking command in '/home/nakul/Desktop/bur/ros2_ws/src/2023-2024/state-estimation/build/state-estimation': /usr/bin/cmake /home/nakul/Desktop/bur/ros2_ws/src/2023-2024/state-estimation -DCMAKE_INSTALL_PREFIX=/home/nakul/Desktop/bur/ros2_ws/src/2023-2024/state-estimation/install/state-estimation
[0.241s] -- Found ament_cmake_auto: 0.9.12 (/opt/ros/foxy/share/ament_cmake_auto/cmake)
[0.271s] -- Using PYTHON_EXECUTABLE: /usr/bin/python3
[0.560s] Error parsing '/home/nakul/Desktop/bur/ros2_ws/src/2023-2024/state-estimation/package.xml':
[0.703s] Traceback (most recent call last):
[0.703s]   File "/opt/ros/foxy/share/ament_cmake_core/cmake/core/package_xml_2_cmake.py", line 143, in <module>
[0.704s]     main()
[0.704s]   File "/opt/ros/foxy/share/ament_cmake_core/cmake/core/package_xml_2_cmake.py", line 52, in main
[0.704s]     raise e
[0.704s]   File "/opt/ros/foxy/share/ament_cmake_core/cmake/core/package_xml_2_cmake.py", line 48, in main
[0.704s]     package = parse_package_string(
[0.704s]   File "/usr/lib/python3/dist-packages/catkin_pkg/package.py", line 786, in parse_package_string
[0.705s]     raise InvalidPackage('Error(s):%s' % (''.join(['\n- %s' % e for e in errors])), filename)
[0.705s] catkin_pkg.package.InvalidPackage: Error(s) in package '/home/nakul/Desktop/bur/ros2_ws/src/2023-2024/state-estimation/package.xml':
[0.705s] Error(s):
[0.705s] - The manifest of package "eskf" (with format version 1) must not contain the following tags: exec_depend, member_of_group
[0.705s] - Either update to a newer format or replace <exec_depend> tags with <run_depend> tags.
[0.737s] CMake Error at /opt/ros/foxy/share/ament_cmake_core/cmake/core/ament_package_xml.cmake:94 (message):
[0.737s]   execute_process(/usr/bin/python3
[0.737s]   /opt/ros/foxy/share/ament_cmake_core/cmake/core/package_xml_2_cmake.py
[0.738s]   /home/nakul/Desktop/bur/ros2_ws/src/2023-2024/state-estimation/package.xml
[0.738s]   /home/nakul/Desktop/bur/ros2_ws/src/2023-2024/state-estimation/build/state-estimation/ament_cmake_core/package.cmake)
[0.738s]   returned error code 1
[0.738s] Call Stack (most recent call first):
[0.738s]   /opt/ros/foxy/share/ament_cmake_core/cmake/core/ament_package_xml.cmake:49 (_ament_package_xml)
[0.738s]   /opt/ros/foxy/share/ament_cmake_auto/cmake/ament_auto_find_build_dependencies.cmake:42 (ament_package_xml)
[0.738s]   CMakeLists.txt:19 (ament_auto_find_build_dependencies)
[0.738s] 
[0.738s] 
[0.738s] -- Configuring incomplete, errors occurred!
[0.739s] See also "/home/nakul/Desktop/bur/ros2_ws/src/2023-2024/state-estimation/build/state-estimation/CMakeFiles/CMakeOutput.log".
[0.739s] See also "/home/nakul/Desktop/bur/ros2_ws/src/2023-2024/state-estimation/build/state-estimation/CMakeFiles/CMakeError.log".
[0.743s] Invoked command in '/home/nakul/Desktop/bur/ros2_ws/src/2023-2024/state-estimation/build/state-estimation' returned '1': /usr/bin/cmake /home/nakul/Desktop/bur/ros2_ws/src/2023-2024/state-estimation -DCMAKE_INSTALL_PREFIX=/home/nakul/Desktop/bur/ros2_ws/src/2023-2024/state-estimation/install/state-estimation
