[0.186s] Invoking command in '/home/bur/ros2_ws/build/zed_rgb_convert': CMAKE_PREFIX_PATH=/home/bur/ros2_ws/install/zed_components:/home/bur/ros2_ws/install/zed_interfaces:/home/bur/ros2_ws/install/zed_ros2:/home/bur/ros2_ws/install/zed_wrapper:/opt/ros/humble LD_LIBRARY_PATH=/home/bur/ros2_ws/install/zed_components/lib:/home/bur/ros2_ws/install/zed_interfaces/lib:/opt/ros/humble/opt/rviz_ogre_vendor/lib:/opt/ros/humble/lib/aarch64-linux-gnu:/opt/ros/humble/lib:/usr/local/cuda-11.4/lib64 /usr/bin/cmake /home/bur/ros2_ws/src/zed-ros2-examples/tutorials/zed_rgb_convert -DCMAKE_BUILD_TYPE=Release -DAMENT_CMAKE_SYMLINK_INSTALL=1 -DCMAKE_INSTALL_PREFIX=/home/bur/ros2_ws/install/zed_rgb_convert
[1.003s] -- The C compiler identification is GNU 9.4.0
[1.003s] -- The CXX compiler identification is GNU 9.4.0
[1.030s] -- Check for working C compiler: /usr/bin/cc
[1.364s] -- Check for working C compiler: /usr/bin/cc -- works
[1.377s] -- Detecting C compiler ABI info
[1.801s] -- Detecting C compiler ABI info - done
[1.860s] -- Detecting C compile features
[1.861s] -- Detecting C compile features - done
[1.872s] -- Check for working CXX compiler: /usr/bin/c++
[2.530s] -- Check for working CXX compiler: /usr/bin/c++ -- works
[2.532s] -- Detecting CXX compiler ABI info
[2.967s] -- Detecting CXX compiler ABI info - done
[3.013s] -- Detecting CXX compile features
[3.013s] -- Detecting CXX compile features - done
[3.050s] -- Found OpenCV: /usr (found version "4.5.4") 
[3.065s] -- Looking for sgemm_
[3.336s] -- Looking for sgemm_ - not found
[3.348s] -- Looking for pthread.h
[3.766s] -- Looking for pthread.h - found
[3.766s] -- Performing Test CMAKE_HAVE_LIBC_PTHREAD
[4.232s] -- Performing Test CMAKE_HAVE_LIBC_PTHREAD - Failed
[4.233s] -- Looking for pthread_create in pthreads
[4.598s] -- Looking for pthread_create in pthreads - not found
[4.598s] -- Looking for pthread_create in pthread
[4.907s] -- Looking for pthread_create in pthread - found
[4.910s] -- Found Threads: TRUE  
[5.001s] -- Looking for sgemm_
[5.473s] -- Looking for sgemm_ - found
[5.475s] -- Found BLAS: /usr/lib/aarch64-linux-gnu/libopenblas.so  
[5.580s] -- Found CUDA: /usr/local/cuda-11.4 (found suitable version "11.4", minimum required is "11.4") 
[5.748s] -- Found CUDA: /usr/local/cuda-11.4 (found version "11.4") 
[5.759s] -- Found ament_cmake_auto: 1.3.6 (/opt/ros/humble/share/ament_cmake_auto/cmake)
[6.449s] -- Found Python3: /usr/bin/python3.9 (found version "3.9.5") found components: Interpreter 
[6.607s] -- Override CMake install command with custom implementation using symlinks instead of copying resources
[7.240s] -- Found rosidl_generator_c: 3.1.5 (/opt/ros/humble/share/rosidl_generator_c/cmake)
[7.259s] -- Found rosidl_adapter: 3.1.5 (/opt/ros/humble/share/rosidl_adapter/cmake)
[7.279s] -- Found rosidl_generator_cpp: 3.1.5 (/opt/ros/humble/share/rosidl_generator_cpp/cmake)
[7.345s] -- Using all available rosidl_typesupport_c: rosidl_typesupport_fastrtps_c;rosidl_typesupport_introspection_c
[7.395s] -- Using all available rosidl_typesupport_cpp: rosidl_typesupport_fastrtps_cpp;rosidl_typesupport_introspection_cpp
[7.599s] -- Found rmw_implementation_cmake: 6.1.1 (/opt/ros/humble/share/rmw_implementation_cmake/cmake)
[7.607s] -- Found rmw_fastrtps_cpp: 6.2.5 (/opt/ros/humble/share/rmw_fastrtps_cpp/cmake)
[8.155s] -- Found OpenSSL: /usr/lib/aarch64-linux-gnu/libcrypto.so (found version "1.1.1f")  
[8.313s] -- Found FastRTPS: /opt/ros/humble/include  
[8.575s] -- Using RMW implementation 'rmw_fastrtps_cpp' as default
[11.392s] -- Found eigen3_cmake_module: 0.1.1 (/opt/ros/humble/share/eigen3_cmake_module/cmake)
[11.397s] -- Found Eigen3: TRUE (found version "3.3.7") 
[11.398s] -- Ensuring Eigen3 include directory is part of orocos-kdl CMake target
[15.024s] -- Found ament_lint_auto: 0.12.9 (/opt/ros/humble/share/ament_lint_auto/cmake)
[16.670s] -- Added test 'copyright' to check source files copyright and LICENSE
[16.678s] -- Added test 'cppcheck' to perform static code analysis on C / C++ code
[16.681s] -- Configured cppcheck include dirs: /home/bur/ros2_ws/src/zed-ros2-examples/tutorials/zed_rgb_convert/src/include;/home/bur/ros2_ws/src/zed-ros2-examples/tutorials/zed_rgb_convert/src/component/include
[16.681s] -- Configured cppcheck exclude dirs and/or files: 
[16.691s] -- Added test 'cpplint' to check C / C++ code against the Google style
[16.692s] -- Configured cpplint exclude dirs and/or files: 
[16.695s] -- Added test 'flake8' to check Python code syntax and style conventions
[16.698s] -- Added test 'lint_cmake' to check CMake code style
[16.700s] -- Added test 'pep257' to check Python code against some of the docstring style conventions in PEP 257
[16.710s] -- Added test 'uncrustify' to check C / C++ code style
[16.711s] -- Configured uncrustify additional arguments: 
[16.713s] -- Added test 'xmllint' to check XML markup files
[16.742s] -- Configuring done
[17.088s] -- Generating done
[17.097s] -- Build files have been written to: /home/bur/ros2_ws/build/zed_rgb_convert
[17.151s] Invoked command in '/home/bur/ros2_ws/build/zed_rgb_convert' returned '0': CMAKE_PREFIX_PATH=/home/bur/ros2_ws/install/zed_components:/home/bur/ros2_ws/install/zed_interfaces:/home/bur/ros2_ws/install/zed_ros2:/home/bur/ros2_ws/install/zed_wrapper:/opt/ros/humble LD_LIBRARY_PATH=/home/bur/ros2_ws/install/zed_components/lib:/home/bur/ros2_ws/install/zed_interfaces/lib:/opt/ros/humble/opt/rviz_ogre_vendor/lib:/opt/ros/humble/lib/aarch64-linux-gnu:/opt/ros/humble/lib:/usr/local/cuda-11.4/lib64 /usr/bin/cmake /home/bur/ros2_ws/src/zed-ros2-examples/tutorials/zed_rgb_convert -DCMAKE_BUILD_TYPE=Release -DAMENT_CMAKE_SYMLINK_INSTALL=1 -DCMAKE_INSTALL_PREFIX=/home/bur/ros2_ws/install/zed_rgb_convert
[17.156s] Invoking command in '/home/bur/ros2_ws/build/zed_rgb_convert': CMAKE_PREFIX_PATH=/home/bur/ros2_ws/install/zed_components:/home/bur/ros2_ws/install/zed_interfaces:/home/bur/ros2_ws/install/zed_ros2:/home/bur/ros2_ws/install/zed_wrapper:/opt/ros/humble LD_LIBRARY_PATH=/home/bur/ros2_ws/install/zed_components/lib:/home/bur/ros2_ws/install/zed_interfaces/lib:/opt/ros/humble/opt/rviz_ogre_vendor/lib:/opt/ros/humble/lib/aarch64-linux-gnu:/opt/ros/humble/lib:/usr/local/cuda-11.4/lib64 /usr/bin/cmake --build /home/bur/ros2_ws/build/zed_rgb_convert -- -j6 -l6
[18.819s] [35m[1mScanning dependencies of target zed_rgb_convert_component[0m
[18.820s] [ 25%] [32mBuilding CXX object CMakeFiles/zed_rgb_convert_component.dir/src/component/src/zed_rgb_convert_component.cpp.o[0m
[34.226s] [ 50%] [32m[1mLinking CXX shared library libzed_rgb_convert_component.so[0m
[34.537s] [ 50%] Built target zed_rgb_convert_component
[34.561s] [35m[1mScanning dependencies of target zed_rgb_convert[0m
[34.829s] [ 75%] [32mBuilding CXX object CMakeFiles/zed_rgb_convert.dir/src/container/zed_rgb_convert.cpp.o[0m
[41.366s] In file included from [01m[K/home/bur/ros2_ws/install/zed_components/include/zed_components/zed_camera_component.hpp:19[m[K,
[41.367s]                  from [01m[K/home/bur/ros2_ws/src/zed-ros2-examples/tutorials/zed_rgb_convert/src/container/zed_rgb_convert.cpp:17[m[K:
[41.367s] [01m[K/usr/local/zed/include/sl/Fusion.hpp:68:64:[m[K [01;36m[Knote: [m[K#pragma message: ~ FUSION SDK is distributed in Early Access ~
[41.367s]    68 | #pragma message("~ FUSION SDK is distributed in Early Access ~"[01;36m[K)[m[K
[41.367s]       |                                                                [01;36m[K^[m[K
[48.532s] [100%] [32m[1mLinking CXX executable zed_rgb_convert[0m
[49.406s] [100%] Built target zed_rgb_convert
[49.434s] Invoked command in '/home/bur/ros2_ws/build/zed_rgb_convert' returned '0': CMAKE_PREFIX_PATH=/home/bur/ros2_ws/install/zed_components:/home/bur/ros2_ws/install/zed_interfaces:/home/bur/ros2_ws/install/zed_ros2:/home/bur/ros2_ws/install/zed_wrapper:/opt/ros/humble LD_LIBRARY_PATH=/home/bur/ros2_ws/install/zed_components/lib:/home/bur/ros2_ws/install/zed_interfaces/lib:/opt/ros/humble/opt/rviz_ogre_vendor/lib:/opt/ros/humble/lib/aarch64-linux-gnu:/opt/ros/humble/lib:/usr/local/cuda-11.4/lib64 /usr/bin/cmake --build /home/bur/ros2_ws/build/zed_rgb_convert -- -j6 -l6
[49.502s] Invoking command in '/home/bur/ros2_ws/build/zed_rgb_convert': CMAKE_PREFIX_PATH=/home/bur/ros2_ws/install/zed_components:/home/bur/ros2_ws/install/zed_interfaces:/home/bur/ros2_ws/install/zed_ros2:/home/bur/ros2_ws/install/zed_wrapper:/opt/ros/humble LD_LIBRARY_PATH=/home/bur/ros2_ws/install/zed_components/lib:/home/bur/ros2_ws/install/zed_interfaces/lib:/opt/ros/humble/opt/rviz_ogre_vendor/lib:/opt/ros/humble/lib/aarch64-linux-gnu:/opt/ros/humble/lib:/usr/local/cuda-11.4/lib64 /usr/bin/cmake --install /home/bur/ros2_ws/build/zed_rgb_convert
[49.521s] -- Install configuration: "Release"
[49.522s] -- Execute custom install script
[49.523s] -- Symlinking: /home/bur/ros2_ws/install/zed_rgb_convert/lib/zed_rgb_convert/zed_rgb_convert
[49.542s] -- Symlinking: /home/bur/ros2_ws/install/zed_rgb_convert/lib/libzed_rgb_convert_component.so
[49.564s] -- Symlinking: /home/bur/ros2_ws/install/zed_rgb_convert/include/zed_rgb_convert//cvt_visibility_control.hpp
[49.587s] -- Symlinking: /home/bur/ros2_ws/install/zed_rgb_convert/share/zed_rgb_convert/launch/zed_rgb_convert.launch.py
[49.608s] -- Symlinking: /home/bur/ros2_ws/install/zed_rgb_convert/share/zed_rgb_convert/environment/library_path.sh
[49.629s] -- Symlinking: /home/bur/ros2_ws/install/zed_rgb_convert/share/zed_rgb_convert/environment/library_path.dsv
[49.652s] -- Symlinking: /home/bur/ros2_ws/install/zed_rgb_convert/share/ament_index/resource_index/package_run_dependencies/zed_rgb_convert
[49.673s] -- Symlinking: /home/bur/ros2_ws/install/zed_rgb_convert/share/ament_index/resource_index/parent_prefix_path/zed_rgb_convert
[49.694s] -- Symlinking: /home/bur/ros2_ws/install/zed_rgb_convert/share/zed_rgb_convert/environment/ament_prefix_path.sh
[49.716s] -- Symlinking: /home/bur/ros2_ws/install/zed_rgb_convert/share/zed_rgb_convert/environment/ament_prefix_path.dsv
[49.738s] -- Symlinking: /home/bur/ros2_ws/install/zed_rgb_convert/share/zed_rgb_convert/environment/path.sh
[49.759s] -- Symlinking: /home/bur/ros2_ws/install/zed_rgb_convert/share/zed_rgb_convert/environment/path.dsv
[49.779s] -- Symlinking: /home/bur/ros2_ws/install/zed_rgb_convert/share/zed_rgb_convert/local_setup.bash
[49.799s] -- Symlinking: /home/bur/ros2_ws/install/zed_rgb_convert/share/zed_rgb_convert/local_setup.sh
[49.820s] -- Symlinking: /home/bur/ros2_ws/install/zed_rgb_convert/share/zed_rgb_convert/local_setup.zsh
[49.841s] -- Symlinking: /home/bur/ros2_ws/install/zed_rgb_convert/share/zed_rgb_convert/local_setup.dsv
[49.863s] -- Symlinking: /home/bur/ros2_ws/install/zed_rgb_convert/share/zed_rgb_convert/package.dsv
[49.884s] -- Symlinking: /home/bur/ros2_ws/install/zed_rgb_convert/share/ament_index/resource_index/packages/zed_rgb_convert
[49.904s] -- Symlinking: /home/bur/ros2_ws/install/zed_rgb_convert/share/ament_index/resource_index/rclcpp_components/zed_rgb_convert
[49.924s] -- Symlinking: /home/bur/ros2_ws/install/zed_rgb_convert/share/zed_rgb_convert/cmake/ament_cmake_export_include_directories-extras.cmake
[49.942s] -- Symlinking: /home/bur/ros2_ws/install/zed_rgb_convert/share/zed_rgb_convert/cmake/ament_cmake_export_libraries-extras.cmake
[49.962s] -- Symlinking: /home/bur/ros2_ws/install/zed_rgb_convert/share/zed_rgb_convert/cmake/ament_cmake_export_dependencies-extras.cmake
[49.982s] -- Symlinking: /home/bur/ros2_ws/install/zed_rgb_convert/share/zed_rgb_convert/cmake/zed_rgb_convertConfig.cmake
[50.002s] -- Symlinking: /home/bur/ros2_ws/install/zed_rgb_convert/share/zed_rgb_convert/cmake/zed_rgb_convertConfig-version.cmake
[50.022s] -- Symlinking: /home/bur/ros2_ws/install/zed_rgb_convert/share/zed_rgb_convert/package.xml
[50.050s] Invoked command in '/home/bur/ros2_ws/build/zed_rgb_convert' returned '0': CMAKE_PREFIX_PATH=/home/bur/ros2_ws/install/zed_components:/home/bur/ros2_ws/install/zed_interfaces:/home/bur/ros2_ws/install/zed_ros2:/home/bur/ros2_ws/install/zed_wrapper:/opt/ros/humble LD_LIBRARY_PATH=/home/bur/ros2_ws/install/zed_components/lib:/home/bur/ros2_ws/install/zed_interfaces/lib:/opt/ros/humble/opt/rviz_ogre_vendor/lib:/opt/ros/humble/lib/aarch64-linux-gnu:/opt/ros/humble/lib:/usr/local/cuda-11.4/lib64 /usr/bin/cmake --install /home/bur/ros2_ws/build/zed_rgb_convert
