[2.796s] DEBUG:colcon:Command line arguments: ['/usr/bin/colcon', 'build', '--symlink-install']
[2.796s] DEBUG:colcon:Parsed command line arguments: Namespace(allow_overriding=[], ament_cmake_args=None, base_paths=['.'], build_base='build', catkin_cmake_args=None, catkin_skip_building_tests=False, cmake_args=None, cmake_clean_cache=False, cmake_clean_first=False, cmake_force_configure=False, cmake_target=None, cmake_target_skip_unavailable=False, continue_on_error=False, event_handlers=None, executor='parallel', ignore_user_meta=False, install_base='install', log_base=None, log_level=None, main=<bound method BuildVerb.main of <colcon_core.verb.build.BuildVerb object at 0x7f0f7bd04970>>, merge_install=False, metas=['./colcon.meta'], packages_above=None, packages_above_and_dependencies=None, packages_above_depth=None, packages_end=None, packages_ignore=None, packages_ignore_regex=None, packages_select=None, packages_select_build_failed=False, packages_select_by_dep=None, packages_select_regex=None, packages_select_test_failures=False, packages_skip=None, packages_skip_build_finished=False, packages_skip_by_dep=None, packages_skip_regex=None, packages_skip_test_passed=False, packages_skip_up_to=None, packages_start=None, packages_up_to=None, packages_up_to_regex=None, parallel_workers=8, paths=None, symlink_install=True, test_result_base=None, verb_extension=<colcon_core.verb.build.BuildVerb object at 0x7f0f7bd04970>, verb_name='build', verb_parser=<colcon_defaults.argument_parser.defaults.DefaultArgumentsDecorator object at 0x7f0f7bd20b80>)
[2.923s] Level 1:colcon.colcon_core.package_discovery:discover_packages(colcon_meta) check parameters
[2.923s] Level 1:colcon.colcon_core.package_discovery:discover_packages(recursive) check parameters
[2.924s] Level 1:colcon.colcon_core.package_discovery:discover_packages(ignore) check parameters
[2.924s] Level 1:colcon.colcon_core.package_discovery:discover_packages(path) check parameters
[2.924s] Level 1:colcon.colcon_core.package_discovery:discover_packages(colcon_meta) discover
[2.924s] Level 1:colcon.colcon_core.package_discovery:discover_packages(recursive) discover
[2.924s] INFO:colcon.colcon_core.package_discovery:Crawling recursively for packages in '/home/nakul/Desktop/bur/ros2_ws/src/2023-2024/state-estimation'
[2.924s] Level 1:colcon.colcon_core.package_identification:_identify(.) by extensions ['ignore', 'ignore_ament_install']
[2.924s] Level 1:colcon.colcon_core.package_identification:_identify(.) by extension 'ignore'
[2.924s] Level 1:colcon.colcon_core.package_identification:_identify(.) by extension 'ignore_ament_install'
[2.924s] Level 1:colcon.colcon_core.package_identification:_identify(.) by extensions ['colcon_pkg']
[2.924s] Level 1:colcon.colcon_core.package_identification:_identify(.) by extension 'colcon_pkg'
[2.924s] Level 1:colcon.colcon_core.package_identification:_identify(.) by extensions ['colcon_meta']
[2.924s] Level 1:colcon.colcon_core.package_identification:_identify(.) by extension 'colcon_meta'
[2.924s] Level 1:colcon.colcon_core.package_identification:_identify(.) by extensions ['ros']
[2.924s] Level 1:colcon.colcon_core.package_identification:_identify(.) by extension 'ros'
[2.940s] DEBUG:colcon.colcon_core.package_identification:Package '.' with type 'ros.catkin' and name 'state-estimation'
[2.940s] Level 1:colcon.colcon_core.package_discovery:discover_packages(recursive) using defaults
[2.940s] Level 1:colcon.colcon_core.package_discovery:discover_packages(ignore) discover
[2.941s] Level 1:colcon.colcon_core.package_discovery:discover_packages(ignore) using defaults
[2.941s] Level 1:colcon.colcon_core.package_discovery:discover_packages(path) discover
[2.941s] Level 1:colcon.colcon_core.package_discovery:discover_packages(path) using defaults
[3.194s] Level 1:colcon.colcon_core.package_discovery:discover_packages(prefix_path) check parameters
[3.194s] Level 1:colcon.colcon_core.package_discovery:discover_packages(prefix_path) discover
[3.289s] DEBUG:colcon.colcon_installed_package_information.package_discovery:Found 0 installed packages in /home/nakul/Desktop/bur/ros2_ws/install
[3.337s] DEBUG:colcon.colcon_installed_package_information.package_discovery:Found 263 installed packages in /opt/ros/foxy
[3.339s] Level 1:colcon.colcon_core.package_discovery:discover_packages(prefix_path) using defaults
[3.527s] Level 5:colcon.colcon_core.verb:set package 'state-estimation' build argument 'cmake_args' from command line to 'None'
[3.527s] Level 5:colcon.colcon_core.verb:set package 'state-estimation' build argument 'cmake_target' from command line to 'None'
[3.527s] Level 5:colcon.colcon_core.verb:set package 'state-estimation' build argument 'cmake_target_skip_unavailable' from command line to 'False'
[3.527s] Level 5:colcon.colcon_core.verb:set package 'state-estimation' build argument 'cmake_clean_cache' from command line to 'False'
[3.527s] Level 5:colcon.colcon_core.verb:set package 'state-estimation' build argument 'cmake_clean_first' from command line to 'False'
[3.527s] Level 5:colcon.colcon_core.verb:set package 'state-estimation' build argument 'cmake_force_configure' from command line to 'False'
[3.527s] Level 5:colcon.colcon_core.verb:set package 'state-estimation' build argument 'ament_cmake_args' from command line to 'None'
[3.527s] Level 5:colcon.colcon_core.verb:set package 'state-estimation' build argument 'catkin_cmake_args' from command line to 'None'
[3.527s] Level 5:colcon.colcon_core.verb:set package 'state-estimation' build argument 'catkin_skip_building_tests' from command line to 'False'
[3.527s] DEBUG:colcon.colcon_core.verb:Building package 'state-estimation' with the following arguments: {'ament_cmake_args': None, 'build_base': '/home/nakul/Desktop/bur/ros2_ws/src/2023-2024/state-estimation/build/state-estimation', 'catkin_cmake_args': None, 'catkin_skip_building_tests': False, 'cmake_args': None, 'cmake_clean_cache': False, 'cmake_clean_first': False, 'cmake_force_configure': False, 'cmake_target': None, 'cmake_target_skip_unavailable': False, 'install_base': '/home/nakul/Desktop/bur/ros2_ws/src/2023-2024/state-estimation/install/state-estimation', 'merge_install': False, 'path': '/home/nakul/Desktop/bur/ros2_ws/src/2023-2024/state-estimation', 'symlink_install': True, 'test_result_base': None}
[3.573s] INFO:colcon.colcon_core.executor:Executing jobs using 'parallel' executor
[3.620s] DEBUG:colcon.colcon_parallel_executor.executor.parallel:run_until_complete
[3.620s] INFO:colcon.colcon_ros.task.catkin.build:Building ROS package in '/home/nakul/Desktop/bur/ros2_ws/src/2023-2024/state-estimation' with build type 'catkin'
[3.621s] INFO:colcon.colcon_cmake.task.cmake.build:Building CMake package in '/home/nakul/Desktop/bur/ros2_ws/src/2023-2024/state-estimation'
[3.670s] INFO:colcon.colcon_core.plugin_system:Skipping extension 'colcon_core.shell.bat': Not used on non-Windows systems
[3.670s] INFO:colcon.colcon_core.shell:Skip shell extension 'powershell' for command environment: Not usable outside of PowerShell
[3.670s] DEBUG:colcon.colcon_core.shell:Skip shell extension 'dsv' for command environment
[3.827s] DEBUG:colcon.colcon_core.event_handler.log_command:Invoking command in '/home/nakul/Desktop/bur/ros2_ws/src/2023-2024/state-estimation/build/state-estimation': /usr/bin/cmake --build /home/nakul/Desktop/bur/ros2_ws/src/2023-2024/state-estimation/build/state-estimation -- -j8 -l8
[4.551s] DEBUG:colcon.colcon_core.event_handler.log_command:Invoked command in '/home/nakul/Desktop/bur/ros2_ws/src/2023-2024/state-estimation/build/state-estimation' returned '2': /usr/bin/cmake --build /home/nakul/Desktop/bur/ros2_ws/src/2023-2024/state-estimation/build/state-estimation -- -j8 -l8
[4.592s] Level 1:colcon.colcon_core.shell:create_environment_hook('state-estimation', 'ros_package_path')
[4.647s] INFO:colcon.colcon_core.shell:Creating environment hook '/home/nakul/Desktop/bur/ros2_ws/src/2023-2024/state-estimation/install/state-estimation/share/state-estimation/hook/ros_package_path.ps1'
[4.648s] INFO:colcon.colcon_core.shell:Creating environment descriptor '/home/nakul/Desktop/bur/ros2_ws/src/2023-2024/state-estimation/install/state-estimation/share/state-estimation/hook/ros_package_path.dsv'
[4.648s] INFO:colcon.colcon_core.shell:Creating environment hook '/home/nakul/Desktop/bur/ros2_ws/src/2023-2024/state-estimation/install/state-estimation/share/state-estimation/hook/ros_package_path.sh'
[4.649s] Level 1:colcon.colcon_core.shell:create_environment_hook('state-estimation', 'pkg_config_path')
[4.698s] INFO:colcon.colcon_core.shell:Creating environment hook '/home/nakul/Desktop/bur/ros2_ws/src/2023-2024/state-estimation/install/state-estimation/share/state-estimation/hook/pkg_config_path.ps1'
[4.698s] INFO:colcon.colcon_core.shell:Creating environment descriptor '/home/nakul/Desktop/bur/ros2_ws/src/2023-2024/state-estimation/install/state-estimation/share/state-estimation/hook/pkg_config_path.dsv'
[4.699s] INFO:colcon.colcon_core.shell:Creating environment hook '/home/nakul/Desktop/bur/ros2_ws/src/2023-2024/state-estimation/install/state-estimation/share/state-estimation/hook/pkg_config_path.sh'
[4.704s] Level 1:colcon.colcon_core.shell:create_environment_hook('state-estimation', 'pkg_config_path_multiarch')
[4.758s] INFO:colcon.colcon_core.shell:Creating environment hook '/home/nakul/Desktop/bur/ros2_ws/src/2023-2024/state-estimation/install/state-estimation/share/state-estimation/hook/pkg_config_path_multiarch.ps1'
[4.759s] INFO:colcon.colcon_core.shell:Creating environment descriptor '/home/nakul/Desktop/bur/ros2_ws/src/2023-2024/state-estimation/install/state-estimation/share/state-estimation/hook/pkg_config_path_multiarch.dsv'
[4.759s] INFO:colcon.colcon_core.shell:Creating environment hook '/home/nakul/Desktop/bur/ros2_ws/src/2023-2024/state-estimation/install/state-estimation/share/state-estimation/hook/pkg_config_path_multiarch.sh'
[4.807s] Level 1:colcon.colcon_core.environment:create_environment_scripts_only(state-estimation)
[4.858s] Level 1:colcon.colcon_core.environment:checking '/home/nakul/Desktop/bur/ros2_ws/src/2023-2024/state-estimation/install/state-estimation' for CMake module files
[4.858s] Level 1:colcon.colcon_core.environment:checking '/home/nakul/Desktop/bur/ros2_ws/src/2023-2024/state-estimation/install/state-estimation' for CMake config files
[4.859s] Level 1:colcon.colcon_core.environment:checking '/home/nakul/Desktop/bur/ros2_ws/src/2023-2024/state-estimation/install/state-estimation/bin'
[4.859s] Level 1:colcon.colcon_core.environment:checking '/home/nakul/Desktop/bur/ros2_ws/src/2023-2024/state-estimation/install/state-estimation/lib/pkgconfig/state-estimation.pc'
[4.859s] Level 1:colcon.colcon_core.environment:checking '/home/nakul/Desktop/bur/ros2_ws/src/2023-2024/state-estimation/install/state-estimation/lib/python3.8/site-packages'
[4.859s] Level 1:colcon.colcon_core.environment:checking '/home/nakul/Desktop/bur/ros2_ws/src/2023-2024/state-estimation/install/state-estimation/bin'
[4.906s] INFO:colcon.colcon_core.shell:Creating package script '/home/nakul/Desktop/bur/ros2_ws/src/2023-2024/state-estimation/install/state-estimation/share/state-estimation/package.ps1'
[4.907s] INFO:colcon.colcon_core.shell:Creating package descriptor '/home/nakul/Desktop/bur/ros2_ws/src/2023-2024/state-estimation/install/state-estimation/share/state-estimation/package.dsv'
[4.908s] INFO:colcon.colcon_core.shell:Creating package script '/home/nakul/Desktop/bur/ros2_ws/src/2023-2024/state-estimation/install/state-estimation/share/state-estimation/package.sh'
[4.909s] INFO:colcon.colcon_core.shell:Creating package script '/home/nakul/Desktop/bur/ros2_ws/src/2023-2024/state-estimation/install/state-estimation/share/state-estimation/package.bash'
[4.910s] INFO:colcon.colcon_core.shell:Creating package script '/home/nakul/Desktop/bur/ros2_ws/src/2023-2024/state-estimation/install/state-estimation/share/state-estimation/package.zsh'
[4.910s] Level 1:colcon.colcon_core.environment:create_file_with_runtime_dependencies(/home/nakul/Desktop/bur/ros2_ws/src/2023-2024/state-estimation/install/state-estimation/share/colcon-core/packages/state-estimation)
[4.921s] DEBUG:colcon.colcon_parallel_executor.executor.parallel:closing loop
[4.921s] DEBUG:colcon.colcon_parallel_executor.executor.parallel:loop closed
[4.922s] DEBUG:colcon.colcon_parallel_executor.executor.parallel:run_until_complete finished with '2'
[4.922s] DEBUG:colcon.colcon_core.event_reactor:joining thread
[5.025s] INFO:colcon.colcon_core.plugin_system:Skipping extension 'colcon_notification.desktop_notification.terminal_notifier': Not used on non-Darwin systems
[5.025s] INFO:colcon.colcon_core.plugin_system:Skipping extension 'colcon_notification.desktop_notification.win32': Not used on non-Windows systems
[5.025s] INFO:colcon.colcon_notification.desktop_notification:Sending desktop notification using 'notify2'
[5.051s] DEBUG:colcon.colcon_core.event_reactor:joined thread
[5.103s] INFO:colcon.colcon_core.shell:Creating prefix script '/home/nakul/Desktop/bur/ros2_ws/src/2023-2024/state-estimation/install/local_setup.ps1'
[5.104s] INFO:colcon.colcon_core.shell:Creating prefix util module '/home/nakul/Desktop/bur/ros2_ws/src/2023-2024/state-estimation/install/_local_setup_util_ps1.py'
[5.106s] INFO:colcon.colcon_core.shell:Creating prefix chain script '/home/nakul/Desktop/bur/ros2_ws/src/2023-2024/state-estimation/install/setup.ps1'
[5.155s] INFO:colcon.colcon_core.shell:Creating prefix script '/home/nakul/Desktop/bur/ros2_ws/src/2023-2024/state-estimation/install/local_setup.sh'
[5.155s] INFO:colcon.colcon_core.shell:Creating prefix util module '/home/nakul/Desktop/bur/ros2_ws/src/2023-2024/state-estimation/install/_local_setup_util_sh.py'
[5.156s] INFO:colcon.colcon_core.shell:Creating prefix chain script '/home/nakul/Desktop/bur/ros2_ws/src/2023-2024/state-estimation/install/setup.sh'
[5.205s] INFO:colcon.colcon_core.shell:Creating prefix script '/home/nakul/Desktop/bur/ros2_ws/src/2023-2024/state-estimation/install/local_setup.bash'
[5.206s] INFO:colcon.colcon_core.shell:Creating prefix chain script '/home/nakul/Desktop/bur/ros2_ws/src/2023-2024/state-estimation/install/setup.bash'
[5.255s] INFO:colcon.colcon_core.shell:Creating prefix script '/home/nakul/Desktop/bur/ros2_ws/src/2023-2024/state-estimation/install/local_setup.zsh'
[5.255s] INFO:colcon.colcon_core.shell:Creating prefix chain script '/home/nakul/Desktop/bur/ros2_ws/src/2023-2024/state-estimation/install/setup.zsh'
