[0.138s] Invoking command in '/home/nakul/Desktop/bur/ros2_ws/src/2023-2024/build/state-estimation': /usr/bin/cmake --build /home/nakul/Desktop/bur/ros2_ws/src/2023-2024/build/state-estimation -- -j8 -l8
[0.175s] -- Found ament_cmake: 0.9.12 (/opt/ros/foxy/share/ament_cmake/cmake)
[0.199s] -- Using PYTHON_EXECUTABLE: /usr/bin/python3
[0.354s] -- Found rclcpp: 2.4.3 (/opt/ros/foxy/share/rclcpp/cmake)
[0.382s] -- Using all available rosidl_typesupport_c: rosidl_typesupport_fastrtps_c;rosidl_typesupport_introspection_c
[0.384s] -- Found rosidl_adapter: 1.3.1 (/opt/ros/foxy/share/rosidl_adapter/cmake)
[0.488s] -- Using all available rosidl_typesupport_cpp: rosidl_typesupport_fastrtps_cpp;rosidl_typesupport_introspection_cpp
[0.529s] -- Found rmw_implementation_cmake: 1.0.4 (/opt/ros/foxy/share/rmw_implementation_cmake/cmake)
[0.530s] -- Using RMW implementation 'rmw_fastrtps_cpp' as default
[0.654s] -- Found geometry_msgs: 2.0.5 (/opt/ros/foxy/share/geometry_msgs/cmake)
[0.683s] -- Found sensor_msgs: 2.0.5 (/opt/ros/foxy/share/sensor_msgs/cmake)
[0.745s] -- Found message_filters: 3.2.7 (/opt/ros/foxy/share/message_filters/cmake)
[0.746s] -- Found eigen3_cmake_module: 0.1.1 (/opt/ros/foxy/share/eigen3_cmake_module/cmake)
[0.748s] -- Found mavros_msgs: 2.4.0 (/opt/ros/foxy/share/mavros_msgs/cmake)
[1.124s] -- Found nav_msgs: 2.0.5 (/opt/ros/foxy/share/nav_msgs/cmake)
[1.202s] -- Found rosidl_default_generators: 1.0.1 (/opt/ros/foxy/share/rosidl_default_generators/cmake)
[1.271s] -- Configuring done
[1.504s] -- Generating done
[1.505s] -- Build files have been written to: /home/nakul/Desktop/bur/ros2_ws/src/2023-2024/build/state-estimation
[1.556s] [ 40%] Built target ESKF
[1.608s] [ 60%] [32m[1mLinking CXX executable state-estimation[0m
[5.228s] /usr/bin/ld: CMakeFiles/state-estimation.dir/src/Node.cpp.o: in function `rclcpp::create_subscription_factory<mavros_msgs::msg::ExtendedState_<std::allocator<void> >, std::_Bind<void (eskf::Node::*(eskf::Node*, std::_Placeholder<1>))(std::shared_ptr<mavros_msgs::msg::ExtendedState_<std::allocator<void> > >)>, std::allocator<void>, mavros_msgs::msg::ExtendedState_<std::allocator<void> >, rclcpp::Subscription<mavros_msgs::msg::ExtendedState_<std::allocator<void> >, std::allocator<void>, rclcpp::message_memory_strategy::MessageMemoryStrategy<mavros_msgs::msg::ExtendedState_<std::allocator<void> >, std::allocator<void> > >, rclcpp::message_memory_strategy::MessageMemoryStrategy<mavros_msgs::msg::ExtendedState_<std::allocator<void> >, std::allocator<void> > >(std::_Bind<void (eskf::Node::*(eskf::Node*, std::_Placeholder<1>))(std::shared_ptr<mavros_msgs::msg::ExtendedState_<std::allocator<void> > >)>&&, rclcpp::SubscriptionOptionsWithAllocator<std::allocator<void> > const&, rclcpp::message_memory_strategy::MessageMemoryStrategy<mavros_msgs::msg::ExtendedState_<std::allocator<void> >, std::allocator<void> >::SharedPtr, std::shared_ptr<rclcpp::topic_statistics::SubscriptionTopicStatistics<mavros_msgs::msg::ExtendedState_<std::allocator<void> > > >)::{lambda(rclcpp::node_interfaces::NodeBaseInterface*, std::__cxx11::basic_string<char, std::char_traits<char>, std::allocator<char> > const&, rclcpp::QoS const&)#1}::operator()(rclcpp::node_interfaces::NodeBaseInterface*, std::__cxx11::basic_string<char, std::char_traits<char>, std::allocator<char> > const&, rclcpp::QoS const&) const':
[5.229s] Node.cpp:(.text._ZZN6rclcpp27create_subscription_factoryIN11mavros_msgs3msg14ExtendedState_ISaIvEEESt5_BindIFMN4eskf4NodeEFvSt10shared_ptrIS5_EEPS8_St12_PlaceholderILi1EEEES4_S5_NS_12SubscriptionIS5_S4_NS_23message_memory_strategy21MessageMemoryStrategyIS5_S4_EEEESL_EENS_19SubscriptionFactoryEOT0_RKNS_32SubscriptionOptionsWithAllocatorIT1_EENT4_9SharedPtrES9_INS_16topic_statistics27SubscriptionTopicStatisticsIT2_EEEENKUlPNS_15node_interfaces17NodeBaseInterfaceERKNSt7__cxx1112basic_stringIcSt11char_traitsIcESaIcEEERKNS_3QoSEE_clES14_S1C_S1F_[_ZZN6rclcpp27create_subscription_factoryIN11mavros_msgs3msg14ExtendedState_ISaIvEEESt5_BindIFMN4eskf4NodeEFvSt10shared_ptrIS5_EEPS8_St12_PlaceholderILi1EEEES4_S5_NS_12SubscriptionIS5_S4_NS_23message_memory_strategy21MessageMemoryStrategyIS5_S4_EEEESL_EENS_19SubscriptionFactoryEOT0_RKNS_32SubscriptionOptionsWithAllocatorIT1_EENT4_9SharedPtrES9_INS_16topic_statistics27SubscriptionTopicStatisticsIT2_EEEENKUlPNS_15node_interfaces17NodeBaseInterfaceERKNSt7__cxx1112basic_stringIcSt11char_traitsIcESaIcEEERKNS_3QoSEE_clES14_S1C_S1F_]+0x5c): undefined reference to `rosidl_message_type_support_t const* rosidl_typesupport_cpp::get_message_type_support_handle<mavros_msgs::msg::ExtendedState_<std::allocator<void> > >()'
[5.232s] collect2: error: ld returned 1 exit status
[5.235s] make[2]: *** [CMakeFiles/state-estimation.dir/build.make:1029: state-estimation] Error 1
[5.235s] make[1]: *** [CMakeFiles/Makefile2:80: CMakeFiles/state-estimation.dir/all] Error 2
[5.235s] make: *** [Makefile:141: all] Error 2
[5.239s] Invoked command in '/home/nakul/Desktop/bur/ros2_ws/src/2023-2024/build/state-estimation' returned '2': /usr/bin/cmake --build /home/nakul/Desktop/bur/ros2_ws/src/2023-2024/build/state-estimation -- -j8 -l8
