[0.088s] Invoking command in '/home/bur/ros2_ws/build/zed_rgb_convert': CMAKE_PREFIX_PATH=/home/bur/ros2_ws/install/zed_components:/home/bur/ros2_ws/install/zed_interfaces:/home/bur/ros2_ws/install/zed_robot_integration:/home/bur/ros2_ws/install/zed_multi_camera:/home/bur/ros2_ws/install/zed_display_rviz2:/home/bur/ros2_ws/install/zed_depth_to_laserscan:/home/bur/ros2_ws/install/zed_tutorial_video:/home/bur/ros2_ws/install/zed_tutorial_pos_tracking:/home/bur/ros2_ws/install/zed_tutorial_depth:/home/bur/ros2_ws/install/zed_topic_benchmark:/home/bur/ros2_ws/install/zed_topic_benchmark_component:/home/bur/ros2_ws/install/zed_topic_benchmark_interfaces:/home/bur/ros2_ws/install/zed_rgb_convert:/home/bur/ros2_ws/install/zed_aruco_localization:/home/bur/ros2_ws/install/rviz_plugin_zed_od:/home/bur/ros2_ws/install/zed_ros2:/home/bur/ros2_ws/install/zed_wrapper:/opt/ros/humble LD_LIBRARY_PATH=/home/bur/ros2_ws/install/zed_components/lib:/home/bur/ros2_ws/install/zed_interfaces/lib:/home/bur/ros2_ws/install/zed_topic_benchmark_component/lib:/home/bur/ros2_ws/install/zed_topic_benchmark_interfaces/lib:/home/bur/ros2_ws/install/zed_rgb_convert/lib:/home/bur/ros2_ws/install/zed_aruco_localization/lib:/home/bur/ros2_ws/install/rviz_plugin_zed_od/lib:/usr/local/cuda-11.4/lib64:/opt/ros/humble/opt/rviz_ogre_vendor/lib:/opt/ros/humble/lib/aarch64-linux-gnu:/opt/ros/humble/lib:/usr/local/cuda-11.4/lib64 /usr/bin/cmake --build /home/bur/ros2_ws/build/zed_rgb_convert -- -j6 -l6
[0.255s] [ 50%] Built target zed_rgb_convert_component
[0.353s] [100%] Built target zed_rgb_convert
[0.384s] Invoked command in '/home/bur/ros2_ws/build/zed_rgb_convert' returned '0': CMAKE_PREFIX_PATH=/home/bur/ros2_ws/install/zed_components:/home/bur/ros2_ws/install/zed_interfaces:/home/bur/ros2_ws/install/zed_robot_integration:/home/bur/ros2_ws/install/zed_multi_camera:/home/bur/ros2_ws/install/zed_display_rviz2:/home/bur/ros2_ws/install/zed_depth_to_laserscan:/home/bur/ros2_ws/install/zed_tutorial_video:/home/bur/ros2_ws/install/zed_tutorial_pos_tracking:/home/bur/ros2_ws/install/zed_tutorial_depth:/home/bur/ros2_ws/install/zed_topic_benchmark:/home/bur/ros2_ws/install/zed_topic_benchmark_component:/home/bur/ros2_ws/install/zed_topic_benchmark_interfaces:/home/bur/ros2_ws/install/zed_rgb_convert:/home/bur/ros2_ws/install/zed_aruco_localization:/home/bur/ros2_ws/install/rviz_plugin_zed_od:/home/bur/ros2_ws/install/zed_ros2:/home/bur/ros2_ws/install/zed_wrapper:/opt/ros/humble LD_LIBRARY_PATH=/home/bur/ros2_ws/install/zed_components/lib:/home/bur/ros2_ws/install/zed_interfaces/lib:/home/bur/ros2_ws/install/zed_topic_benchmark_component/lib:/home/bur/ros2_ws/install/zed_topic_benchmark_interfaces/lib:/home/bur/ros2_ws/install/zed_rgb_convert/lib:/home/bur/ros2_ws/install/zed_aruco_localization/lib:/home/bur/ros2_ws/install/rviz_plugin_zed_od/lib:/usr/local/cuda-11.4/lib64:/opt/ros/humble/opt/rviz_ogre_vendor/lib:/opt/ros/humble/lib/aarch64-linux-gnu:/opt/ros/humble/lib:/usr/local/cuda-11.4/lib64 /usr/bin/cmake --build /home/bur/ros2_ws/build/zed_rgb_convert -- -j6 -l6
[0.464s] Invoking command in '/home/bur/ros2_ws/build/zed_rgb_convert': CMAKE_PREFIX_PATH=/home/bur/ros2_ws/install/zed_components:/home/bur/ros2_ws/install/zed_interfaces:/home/bur/ros2_ws/install/zed_robot_integration:/home/bur/ros2_ws/install/zed_multi_camera:/home/bur/ros2_ws/install/zed_display_rviz2:/home/bur/ros2_ws/install/zed_depth_to_laserscan:/home/bur/ros2_ws/install/zed_tutorial_video:/home/bur/ros2_ws/install/zed_tutorial_pos_tracking:/home/bur/ros2_ws/install/zed_tutorial_depth:/home/bur/ros2_ws/install/zed_topic_benchmark:/home/bur/ros2_ws/install/zed_topic_benchmark_component:/home/bur/ros2_ws/install/zed_topic_benchmark_interfaces:/home/bur/ros2_ws/install/zed_rgb_convert:/home/bur/ros2_ws/install/zed_aruco_localization:/home/bur/ros2_ws/install/rviz_plugin_zed_od:/home/bur/ros2_ws/install/zed_ros2:/home/bur/ros2_ws/install/zed_wrapper:/opt/ros/humble LD_LIBRARY_PATH=/home/bur/ros2_ws/install/zed_components/lib:/home/bur/ros2_ws/install/zed_interfaces/lib:/home/bur/ros2_ws/install/zed_topic_benchmark_component/lib:/home/bur/ros2_ws/install/zed_topic_benchmark_interfaces/lib:/home/bur/ros2_ws/install/zed_rgb_convert/lib:/home/bur/ros2_ws/install/zed_aruco_localization/lib:/home/bur/ros2_ws/install/rviz_plugin_zed_od/lib:/usr/local/cuda-11.4/lib64:/opt/ros/humble/opt/rviz_ogre_vendor/lib:/opt/ros/humble/lib/aarch64-linux-gnu:/opt/ros/humble/lib:/usr/local/cuda-11.4/lib64 /usr/bin/cmake --install /home/bur/ros2_ws/build/zed_rgb_convert
[0.493s] -- Install configuration: "Release"
[0.493s] -- Execute custom install script
[0.493s] -- Up-to-date symlink: /home/bur/ros2_ws/install/zed_rgb_convert/lib/zed_rgb_convert/zed_rgb_convert
[0.494s] -- Up-to-date symlink: /home/bur/ros2_ws/install/zed_rgb_convert/lib/libzed_rgb_convert_component.so
[0.494s] -- Up-to-date symlink: /home/bur/ros2_ws/install/zed_rgb_convert/include/zed_rgb_convert//cvt_visibility_control.hpp
[0.495s] -- Up-to-date symlink: /home/bur/ros2_ws/install/zed_rgb_convert/share/zed_rgb_convert/launch/zed_rgb_convert.launch.py
[0.495s] -- Up-to-date symlink: /home/bur/ros2_ws/install/zed_rgb_convert/share/zed_rgb_convert/environment/library_path.sh
[0.496s] -- Up-to-date symlink: /home/bur/ros2_ws/install/zed_rgb_convert/share/zed_rgb_convert/environment/library_path.dsv
[0.496s] -- Up-to-date symlink: /home/bur/ros2_ws/install/zed_rgb_convert/share/ament_index/resource_index/package_run_dependencies/zed_rgb_convert
[0.497s] -- Up-to-date symlink: /home/bur/ros2_ws/install/zed_rgb_convert/share/ament_index/resource_index/parent_prefix_path/zed_rgb_convert
[0.498s] -- Up-to-date symlink: /home/bur/ros2_ws/install/zed_rgb_convert/share/zed_rgb_convert/environment/ament_prefix_path.sh
[0.498s] -- Up-to-date symlink: /home/bur/ros2_ws/install/zed_rgb_convert/share/zed_rgb_convert/environment/ament_prefix_path.dsv
[0.499s] -- Up-to-date symlink: /home/bur/ros2_ws/install/zed_rgb_convert/share/zed_rgb_convert/environment/path.sh
[0.499s] -- Up-to-date symlink: /home/bur/ros2_ws/install/zed_rgb_convert/share/zed_rgb_convert/environment/path.dsv
[0.500s] -- Up-to-date symlink: /home/bur/ros2_ws/install/zed_rgb_convert/share/zed_rgb_convert/local_setup.bash
[0.500s] -- Up-to-date symlink: /home/bur/ros2_ws/install/zed_rgb_convert/share/zed_rgb_convert/local_setup.sh
[0.501s] -- Up-to-date symlink: /home/bur/ros2_ws/install/zed_rgb_convert/share/zed_rgb_convert/local_setup.zsh
[0.501s] -- Up-to-date symlink: /home/bur/ros2_ws/install/zed_rgb_convert/share/zed_rgb_convert/local_setup.dsv
[0.502s] -- Symlinking: /home/bur/ros2_ws/install/zed_rgb_convert/share/zed_rgb_convert/package.dsv
[0.526s] -- Up-to-date symlink: /home/bur/ros2_ws/install/zed_rgb_convert/share/ament_index/resource_index/packages/zed_rgb_convert
[0.526s] -- Up-to-date symlink: /home/bur/ros2_ws/install/zed_rgb_convert/share/ament_index/resource_index/rclcpp_components/zed_rgb_convert
[0.527s] -- Up-to-date symlink: /home/bur/ros2_ws/install/zed_rgb_convert/share/zed_rgb_convert/cmake/ament_cmake_export_include_directories-extras.cmake
[0.527s] -- Up-to-date symlink: /home/bur/ros2_ws/install/zed_rgb_convert/share/zed_rgb_convert/cmake/ament_cmake_export_libraries-extras.cmake
[0.528s] -- Up-to-date symlink: /home/bur/ros2_ws/install/zed_rgb_convert/share/zed_rgb_convert/cmake/ament_cmake_export_dependencies-extras.cmake
[0.528s] -- Up-to-date symlink: /home/bur/ros2_ws/install/zed_rgb_convert/share/zed_rgb_convert/cmake/zed_rgb_convertConfig.cmake
[0.528s] -- Up-to-date symlink: /home/bur/ros2_ws/install/zed_rgb_convert/share/zed_rgb_convert/cmake/zed_rgb_convertConfig-version.cmake
[0.529s] -- Up-to-date symlink: /home/bur/ros2_ws/install/zed_rgb_convert/share/zed_rgb_convert/package.xml
[0.631s] Invoked command in '/home/bur/ros2_ws/build/zed_rgb_convert' returned '0': CMAKE_PREFIX_PATH=/home/bur/ros2_ws/install/zed_components:/home/bur/ros2_ws/install/zed_interfaces:/home/bur/ros2_ws/install/zed_robot_integration:/home/bur/ros2_ws/install/zed_multi_camera:/home/bur/ros2_ws/install/zed_display_rviz2:/home/bur/ros2_ws/install/zed_depth_to_laserscan:/home/bur/ros2_ws/install/zed_tutorial_video:/home/bur/ros2_ws/install/zed_tutorial_pos_tracking:/home/bur/ros2_ws/install/zed_tutorial_depth:/home/bur/ros2_ws/install/zed_topic_benchmark:/home/bur/ros2_ws/install/zed_topic_benchmark_component:/home/bur/ros2_ws/install/zed_topic_benchmark_interfaces:/home/bur/ros2_ws/install/zed_rgb_convert:/home/bur/ros2_ws/install/zed_aruco_localization:/home/bur/ros2_ws/install/rviz_plugin_zed_od:/home/bur/ros2_ws/install/zed_ros2:/home/bur/ros2_ws/install/zed_wrapper:/opt/ros/humble LD_LIBRARY_PATH=/home/bur/ros2_ws/install/zed_components/lib:/home/bur/ros2_ws/install/zed_interfaces/lib:/home/bur/ros2_ws/install/zed_topic_benchmark_component/lib:/home/bur/ros2_ws/install/zed_topic_benchmark_interfaces/lib:/home/bur/ros2_ws/install/zed_rgb_convert/lib:/home/bur/ros2_ws/install/zed_aruco_localization/lib:/home/bur/ros2_ws/install/rviz_plugin_zed_od/lib:/usr/local/cuda-11.4/lib64:/opt/ros/humble/opt/rviz_ogre_vendor/lib:/opt/ros/humble/lib/aarch64-linux-gnu:/opt/ros/humble/lib:/usr/local/cuda-11.4/lib64 /usr/bin/cmake --install /home/bur/ros2_ws/build/zed_rgb_convert
