[0.204s] Invoking command in '/home/nakul/Desktop/bur/ros2_ws/src/2023-2024/state-estimation/build/eskf': /usr/bin/cmake /home/nakul/Desktop/bur/ros2_ws/src/2023-2024/state-estimation -DCATKIN_INSTALL_INTO_PREFIX_ROOT=0 -DCMAKE_INSTALL_PREFIX=/home/nakul/Desktop/bur/ros2_ws/src/2023-2024/state-estimation/install/eskf
[0.223s] -- Found ament_cmake: 0.9.12 (/opt/ros/foxy/share/ament_cmake/cmake)
[0.252s] -- Using PYTHON_EXECUTABLE: /usr/bin/python3
[0.477s] -- Found rclcpp: 2.4.3 (/opt/ros/foxy/share/rclcpp/cmake)
[0.520s] -- Using all available rosidl_typesupport_c: rosidl_typesupport_fastrtps_c;rosidl_typesupport_introspection_c
[0.525s] -- Found rosidl_adapter: 1.3.1 (/opt/ros/foxy/share/rosidl_adapter/cmake)
[0.699s] -- Using all available rosidl_typesupport_cpp: rosidl_typesupport_fastrtps_cpp;rosidl_typesupport_introspection_cpp
[0.766s] -- Found rmw_implementation_cmake: 1.0.4 (/opt/ros/foxy/share/rmw_implementation_cmake/cmake)
[0.768s] -- Using RMW implementation 'rmw_fastrtps_cpp' as default
[0.965s] -- Found geometry_msgs: 2.0.5 (/opt/ros/foxy/share/geometry_msgs/cmake)
[1.011s] -- Found sensor_msgs: 2.0.5 (/opt/ros/foxy/share/sensor_msgs/cmake)
[1.110s] -- Found message_filters: 3.2.7 (/opt/ros/foxy/share/message_filters/cmake)
[1.121s] -- Found eigen3_cmake_module: 0.1.1 (/opt/ros/foxy/share/eigen3_cmake_module/cmake)
[1.128s] -- Found Eigen3: TRUE (found version "3.3.7") 
[1.130s] -- Found mavros_msgs: 2.4.0 (/opt/ros/foxy/share/mavros_msgs/cmake)
[1.752s] CMake Error at CMakeLists.txt:29 (add_message_files):
[1.752s]   Unknown CMake command "add_message_files".
[1.753s] 
[1.753s] 
[1.754s] -- Configuring incomplete, errors occurred!
[1.754s] See also "/home/nakul/Desktop/bur/ros2_ws/src/2023-2024/state-estimation/build/eskf/CMakeFiles/CMakeOutput.log".
[1.754s] See also "/home/nakul/Desktop/bur/ros2_ws/src/2023-2024/state-estimation/build/eskf/CMakeFiles/CMakeError.log".
[1.762s] Invoked command in '/home/nakul/Desktop/bur/ros2_ws/src/2023-2024/state-estimation/build/eskf' returned '1': /usr/bin/cmake /home/nakul/Desktop/bur/ros2_ws/src/2023-2024/state-estimation -DCATKIN_INSTALL_INTO_PREFIX_ROOT=0 -DCMAKE_INSTALL_PREFIX=/home/nakul/Desktop/bur/ros2_ws/src/2023-2024/state-estimation/install/eskf
