[0.024s] Invoking command in '/home/bur/ros2_ws/build/zed_components': CMAKE_PREFIX_PATH=${CMAKE_PREFIX_PATH}:/opt/ros/humble LD_LIBRARY_PATH=/home/bur/ros2_ws/install/zed_interfaces/lib:/opt/ros/humble/opt/rviz_ogre_vendor/lib:/opt/ros/humble/lib/aarch64-linux-gnu:/opt/ros/humble/lib:/usr/local/cuda-11.4/lib64 PYTHONPATH=/home/bur/ros2_ws/install/zed_interfaces/lib/python3.9/site-packages:${PYTHONPATH} /usr/bin/cmake /home/bur/ros2_ws/src/zed-ros2-wrapper/zed_components -DCMAKE_BUILD_TYPE=Release -DAMENT_CMAKE_SYMLINK_INSTALL=1 -DCMAKE_INSTALL_PREFIX=/home/bur/ros2_ws/install/zed_components
[0.129s] -- The C compiler identification is GNU 9.4.0
[0.226s] -- The CXX compiler identification is GNU 9.4.0
[0.233s] -- Check for working C compiler: /usr/bin/cc
[0.365s] -- Check for working C compiler: /usr/bin/cc -- works
[0.367s] -- Detecting C compiler ABI info
[0.507s] -- Detecting C compiler ABI info - done
[0.542s] -- Detecting C compile features
[0.543s] -- Detecting C compile features - done
[0.548s] -- Check for working CXX compiler: /usr/bin/c++
[0.695s] -- Check for working CXX compiler: /usr/bin/c++ -- works
[0.698s] -- Detecting CXX compiler ABI info
[0.855s] -- Detecting CXX compiler ABI info - done
[0.890s] -- Detecting CXX compile features
[0.891s] -- Detecting CXX compile features - done
[0.899s] -- Looking for sgemm_
[1.033s] -- Looking for sgemm_ - not found
[1.035s] -- Looking for pthread.h
[1.181s] -- Looking for pthread.h - found
[1.181s] -- Performing Test CMAKE_HAVE_LIBC_PTHREAD
[1.330s] -- Performing Test CMAKE_HAVE_LIBC_PTHREAD - Failed
[1.330s] -- Looking for pthread_create in pthreads
[1.458s] -- Looking for pthread_create in pthreads - not found
[1.458s] -- Looking for pthread_create in pthread
[1.594s] -- Looking for pthread_create in pthread - found
[1.596s] -- Found Threads: TRUE  
[1.652s] -- Looking for sgemm_
[1.825s] -- Looking for sgemm_ - found
[1.827s] -- Found BLAS: /usr/lib/aarch64-linux-gnu/libopenblas.so  
[1.862s] -- Found CUDA: /usr/local/cuda-11.4 (found suitable version "11.4", minimum required is "11.4") 
[1.909s] -- Found CUDA: /usr/local/cuda-11.4 (found version "11.4") 
[1.913s] -- Found ament_cmake_auto: 1.3.6 (/opt/ros/humble/share/ament_cmake_auto/cmake)
[2.199s] -- Found Python3: /usr/bin/python3.9 (found version "3.9.5") found components: Interpreter 
[2.326s] -- Override CMake install command with custom implementation using symlinks instead of copying resources
[2.632s] -- Found rosidl_generator_c: 3.1.5 (/opt/ros/humble/share/rosidl_generator_c/cmake)
[2.641s] -- Found rosidl_adapter: 3.1.5 (/opt/ros/humble/share/rosidl_adapter/cmake)
[2.658s] -- Found rosidl_generator_cpp: 3.1.5 (/opt/ros/humble/share/rosidl_generator_cpp/cmake)
[2.688s] -- Using all available rosidl_typesupport_c: rosidl_typesupport_fastrtps_c;rosidl_typesupport_introspection_c
[2.731s] -- Using all available rosidl_typesupport_cpp: rosidl_typesupport_fastrtps_cpp;rosidl_typesupport_introspection_cpp
[3.425s] -- Found rmw_implementation_cmake: 6.1.1 (/opt/ros/humble/share/rmw_implementation_cmake/cmake)
[3.430s] -- Found rmw_fastrtps_cpp: 6.2.5 (/opt/ros/humble/share/rmw_fastrtps_cpp/cmake)
[3.672s] -- Found OpenSSL: /usr/lib/aarch64-linux-gnu/libcrypto.so (found version "1.1.1f")  
[3.722s] -- Found FastRTPS: /opt/ros/humble/include  
[3.824s] -- Using RMW implementation 'rmw_fastrtps_cpp' as default
[5.577s] -- Found eigen3_cmake_module: 0.1.1 (/opt/ros/humble/share/eigen3_cmake_module/cmake)
[5.580s] -- Found Eigen3: TRUE (found version "3.3.7") 
[5.580s] -- Ensuring Eigen3 include directory is part of orocos-kdl CMake target
[6.129s] CMake Error at CMakeLists.txt:129 (find_package):
[6.129s]   By not providing "Findnmea_msgs.cmake" in CMAKE_MODULE_PATH this project
[6.129s]   has asked CMake to find a package configuration file provided by
[6.129s]   "nmea_msgs", but CMake did not find one.
[6.130s] 
[6.130s]   Could not find a package configuration file provided by "nmea_msgs" with
[6.130s]   any of the following names:
[6.130s] 
[6.131s]     nmea_msgsConfig.cmake
[6.131s]     nmea_msgs-config.cmake
[6.131s] 
[6.131s]   Add the installation prefix of "nmea_msgs" to CMAKE_PREFIX_PATH or set
[6.132s]   "nmea_msgs_DIR" to a directory containing one of the above files.  If
[6.132s]   "nmea_msgs" provides a separate development package or SDK, be sure it has
[6.132s]   been installed.
[6.132s] 
[6.132s] 
[6.136s] -- Configuring incomplete, errors occurred!
[6.137s] See also "/home/bur/ros2_ws/build/zed_components/CMakeFiles/CMakeOutput.log".
[6.137s] See also "/home/bur/ros2_ws/build/zed_components/CMakeFiles/CMakeError.log".
[6.165s] Invoked command in '/home/bur/ros2_ws/build/zed_components' returned '1': CMAKE_PREFIX_PATH=${CMAKE_PREFIX_PATH}:/opt/ros/humble LD_LIBRARY_PATH=/home/bur/ros2_ws/install/zed_interfaces/lib:/opt/ros/humble/opt/rviz_ogre_vendor/lib:/opt/ros/humble/lib/aarch64-linux-gnu:/opt/ros/humble/lib:/usr/local/cuda-11.4/lib64 PYTHONPATH=/home/bur/ros2_ws/install/zed_interfaces/lib/python3.9/site-packages:${PYTHONPATH} /usr/bin/cmake /home/bur/ros2_ws/src/zed-ros2-wrapper/zed_components -DCMAKE_BUILD_TYPE=Release -DAMENT_CMAKE_SYMLINK_INSTALL=1 -DCMAKE_INSTALL_PREFIX=/home/bur/ros2_ws/install/zed_components
