[0.203s] Invoking command in '/home/nakul/Desktop/bur/ros2_ws/src/2023-2024/state-estimation/build/state-estimation': /usr/bin/cmake --build /home/nakul/Desktop/bur/ros2_ws/src/2023-2024/state-estimation/build/state-estimation -- -j8 -l8
[0.271s] [ 40%] Built target ESKF
[0.292s] [35m[1mScanning dependencies of target state-estimation[0m
[0.331s] [ 60%] [32mBuilding CXX object CMakeFiles/state-estimation.dir/src/eskf.cpp.o[0m
[0.332s] [ 80%] [32mBuilding CXX object CMakeFiles/state-estimation.dir/src/Node.cpp.o[0m
[0.468s] In file included from [01m[K/home/nakul/Desktop/bur/ros2_ws/src/2023-2024/state-estimation/src/eskf.cpp:1[m[K:
[0.468s] [01m[K/home/nakul/Desktop/bur/ros2_ws/src/2023-2024/state-estimation/include/eskf/Node.hpp:5:10:[m[K [01;31m[Kfatal error: [m[Ksensor_msgs/Imu.h: No such file or directory
[0.468s]     5 | #include [01;31m[K<sensor_msgs/Imu.h>[m[K
[0.469s]       |          [01;31m[K^~~~~~~~~~~~~~~~~~~[m[K
[0.469s] compilation terminated.
[0.469s] In file included from [01m[K/home/nakul/Desktop/bur/ros2_ws/src/2023-2024/state-estimation/src/Node.cpp:1[m[K:
[0.469s] [01m[K/home/nakul/Desktop/bur/ros2_ws/src/2023-2024/state-estimation/include/eskf/Node.hpp:5:10:[m[K [01;31m[Kfatal error: [m[Ksensor_msgs/Imu.h: No such file or directory
[0.470s]     5 | #include [01;31m[K<sensor_msgs/Imu.h>[m[K
[0.470s]       |          [01;31m[K^~~~~~~~~~~~~~~~~~~[m[K
[0.470s] compilation terminated.
[0.478s] make[2]: *** [CMakeFiles/state-estimation.dir/build.make:63: CMakeFiles/state-estimation.dir/src/eskf.cpp.o] Error 1
[0.478s] make[2]: *** Waiting for unfinished jobs....
[0.478s] make[2]: *** [CMakeFiles/state-estimation.dir/build.make:76: CMakeFiles/state-estimation.dir/src/Node.cpp.o] Error 1
[0.478s] make[1]: *** [CMakeFiles/Makefile2:80: CMakeFiles/state-estimation.dir/all] Error 2
[0.478s] make: *** [Makefile:141: all] Error 2
[0.482s] Invoked command in '/home/nakul/Desktop/bur/ros2_ws/src/2023-2024/state-estimation/build/state-estimation' returned '2': /usr/bin/cmake --build /home/nakul/Desktop/bur/ros2_ws/src/2023-2024/state-estimation/build/state-estimation -- -j8 -l8
