[0.133s] Invoking command in '/home/nakul/Desktop/bur/ros2_ws/src/2023-2024/build/state-estimation': /usr/bin/cmake --build /home/nakul/Desktop/bur/ros2_ws/src/2023-2024/build/state-estimation -- -j8 -l8
[0.167s] -- Found ament_cmake: 0.9.12 (/opt/ros/foxy/share/ament_cmake/cmake)
[0.191s] -- Using PYTHON_EXECUTABLE: /usr/bin/python3
[0.347s] -- Found rclcpp: 2.4.3 (/opt/ros/foxy/share/rclcpp/cmake)
[0.377s] -- Using all available rosidl_typesupport_c: rosidl_typesupport_fastrtps_c;rosidl_typesupport_introspection_c
[0.380s] -- Found rosidl_adapter: 1.3.1 (/opt/ros/foxy/share/rosidl_adapter/cmake)
[0.488s] -- Using all available rosidl_typesupport_cpp: rosidl_typesupport_fastrtps_cpp;rosidl_typesupport_introspection_cpp
[0.529s] -- Found rmw_implementation_cmake: 1.0.4 (/opt/ros/foxy/share/rmw_implementation_cmake/cmake)
[0.531s] -- Using RMW implementation 'rmw_fastrtps_cpp' as default
[0.653s] -- Found geometry_msgs: 2.0.5 (/opt/ros/foxy/share/geometry_msgs/cmake)
[0.682s] -- Found sensor_msgs: 2.0.5 (/opt/ros/foxy/share/sensor_msgs/cmake)
[0.744s] -- Found message_filters: 3.2.7 (/opt/ros/foxy/share/message_filters/cmake)
[0.745s] -- Found eigen3_cmake_module: 0.1.1 (/opt/ros/foxy/share/eigen3_cmake_module/cmake)
[0.747s] -- Found mavros_msgs: 2.4.0 (/opt/ros/foxy/share/mavros_msgs/cmake)
[1.115s] -- Found nav_msgs: 2.0.5 (/opt/ros/foxy/share/nav_msgs/cmake)
[1.177s] -- Found rosidl_default_generators: 1.0.1 (/opt/ros/foxy/share/rosidl_default_generators/cmake)
[1.254s] -- Configuring done
[2.232s] -- Generating done
[2.234s] -- Build files have been written to: /home/nakul/Desktop/bur/ros2_ws/src/2023-2024/build/state-estimation
[2.285s] [ 40%] Built target ESKF
[2.349s] [ 60%] [32m[1mLinking CXX executable state-estimation[0m
[10.443s] [100%] Built target state-estimation
[10.459s] Invoked command in '/home/nakul/Desktop/bur/ros2_ws/src/2023-2024/build/state-estimation' returned '0': /usr/bin/cmake --build /home/nakul/Desktop/bur/ros2_ws/src/2023-2024/build/state-estimation -- -j8 -l8
[10.557s] Invoking command in '/home/nakul/Desktop/bur/ros2_ws/src/2023-2024/build/state-estimation': /usr/bin/cmake --install /home/nakul/Desktop/bur/ros2_ws/src/2023-2024/build/state-estimation
[10.564s] -- Install configuration: ""
[10.565s] -- Installing: /home/nakul/Desktop/bur/ros2_ws/src/2023-2024/install/state-estimation/share/ament_index/resource_index/package_run_dependencies/state-estimation
[10.565s] -- Installing: /home/nakul/Desktop/bur/ros2_ws/src/2023-2024/install/state-estimation/share/ament_index/resource_index/parent_prefix_path/state-estimation
[10.565s] -- Installing: /home/nakul/Desktop/bur/ros2_ws/src/2023-2024/install/state-estimation/share/state-estimation/environment/ament_prefix_path.sh
[10.565s] -- Installing: /home/nakul/Desktop/bur/ros2_ws/src/2023-2024/install/state-estimation/share/state-estimation/environment/ament_prefix_path.dsv
[10.565s] -- Installing: /home/nakul/Desktop/bur/ros2_ws/src/2023-2024/install/state-estimation/share/state-estimation/environment/path.sh
[10.565s] -- Installing: /home/nakul/Desktop/bur/ros2_ws/src/2023-2024/install/state-estimation/share/state-estimation/environment/path.dsv
[10.565s] -- Installing: /home/nakul/Desktop/bur/ros2_ws/src/2023-2024/install/state-estimation/share/state-estimation/local_setup.bash
[10.566s] -- Installing: /home/nakul/Desktop/bur/ros2_ws/src/2023-2024/install/state-estimation/share/state-estimation/local_setup.sh
[10.566s] -- Installing: /home/nakul/Desktop/bur/ros2_ws/src/2023-2024/install/state-estimation/share/state-estimation/local_setup.zsh
[10.566s] -- Installing: /home/nakul/Desktop/bur/ros2_ws/src/2023-2024/install/state-estimation/share/state-estimation/local_setup.dsv
[10.566s] -- Installing: /home/nakul/Desktop/bur/ros2_ws/src/2023-2024/install/state-estimation/share/state-estimation/package.dsv
[10.566s] -- Installing: /home/nakul/Desktop/bur/ros2_ws/src/2023-2024/install/state-estimation/share/ament_index/resource_index/packages/state-estimation
[10.566s] -- Installing: /home/nakul/Desktop/bur/ros2_ws/src/2023-2024/install/state-estimation/share/state-estimation/cmake/state-estimationConfig.cmake
[10.566s] -- Installing: /home/nakul/Desktop/bur/ros2_ws/src/2023-2024/install/state-estimation/share/state-estimation/cmake/state-estimationConfig-version.cmake
[10.566s] -- Installing: /home/nakul/Desktop/bur/ros2_ws/src/2023-2024/install/state-estimation/share/state-estimation/package.xml
[10.567s] -- Installing: /home/nakul/Desktop/bur/ros2_ws/src/2023-2024/install/state-estimation/lib/state-estimation/state-estimation
[10.570s] -- Set runtime path of "/home/nakul/Desktop/bur/ros2_ws/src/2023-2024/install/state-estimation/lib/state-estimation/state-estimation" to ""
[10.570s] -- Installing: /home/nakul/Desktop/bur/ros2_ws/src/2023-2024/install/state-estimation/lib/libESKF.so
[10.571s] -- Installing: /home/nakul/Desktop/bur/ros2_ws/src/2023-2024/install/state-estimation/include
[10.571s] -- Installing: /home/nakul/Desktop/bur/ros2_ws/src/2023-2024/install/state-estimation/include/eskf
[10.571s] -- Installing: /home/nakul/Desktop/bur/ros2_ws/src/2023-2024/install/state-estimation/include/eskf/ESKF.hpp
[10.571s] -- Installing: /home/nakul/Desktop/bur/ros2_ws/src/2023-2024/install/state-estimation/include/eskf/common.h
[10.571s] -- Installing: /home/nakul/Desktop/bur/ros2_ws/src/2023-2024/install/state-estimation/include/eskf/Node.hpp
[10.572s] -- Installing: /home/nakul/Desktop/bur/ros2_ws/src/2023-2024/install/state-estimation/include/eskf/RingBuffer.hpp
[10.572s] -- Installing: /home/nakul/Desktop/bur/ros2_ws/src/2023-2024/install/state-estimation/share/state-estimation//launch
[10.572s] -- Installing: /home/nakul/Desktop/bur/ros2_ws/src/2023-2024/install/state-estimation/share/state-estimation//launch/eskf.launch
[10.572s] CMake Error at cmake_install.cmake:147 (file):
[10.572s]   file INSTALL cannot find
[10.572s]   "/home/nakul/Desktop/bur/ros2_ws/src/2023-2024/state-estimation/config": No
[10.572s]   such file or directory.
[10.573s] 
[10.573s] 
[10.574s] Invoked command in '/home/nakul/Desktop/bur/ros2_ws/src/2023-2024/build/state-estimation' returned '1': /usr/bin/cmake --install /home/nakul/Desktop/bur/ros2_ws/src/2023-2024/build/state-estimation
