[0.214s] Invoking command in '/home/nakul/Desktop/bur/ros2_ws/src/2023-2024/state-estimation/build/state-estimation': /usr/bin/cmake /home/nakul/Desktop/bur/ros2_ws/src/2023-2024/state-estimation -DCMAKE_INSTALL_PREFIX=/home/nakul/Desktop/bur/ros2_ws/src/2023-2024/state-estimation/install/state-estimation
[0.234s] -- Found ament_cmake_auto: 0.9.12 (/opt/ros/foxy/share/ament_cmake_auto/cmake)
[0.267s] -- Using PYTHON_EXECUTABLE: /usr/bin/python3
[0.548s] Error parsing '/home/nakul/Desktop/bur/ros2_ws/src/2023-2024/state-estimation/package.xml':
[0.678s] Traceback (most recent call last):
[0.678s]   File "/opt/ros/foxy/share/ament_cmake_core/cmake/core/package_xml_2_cmake.py", line 143, in <module>
[0.678s]     main()
[0.678s]   File "/opt/ros/foxy/share/ament_cmake_core/cmake/core/package_xml_2_cmake.py", line 52, in main
[0.679s]     raise e
[0.679s]   File "/opt/ros/foxy/share/ament_cmake_core/cmake/core/package_xml_2_cmake.py", line 48, in main
[0.679s]     package = parse_package_string(
[0.679s]   File "/usr/lib/python3/dist-packages/catkin_pkg/package.py", line 786, in parse_package_string
[0.679s]     raise InvalidPackage('Error(s):%s' % (''.join(['\n- %s' % e for e in errors])), filename)
[0.679s] catkin_pkg.package.InvalidPackage: Error(s) in package '/home/nakul/Desktop/bur/ros2_ws/src/2023-2024/state-estimation/package.xml':
[0.679s] Error(s):
[0.680s] - The manifest of package "state-estimation" (with format version 1) must not contain the following tags: member_of_group
[0.709s] CMake Error at /opt/ros/foxy/share/ament_cmake_core/cmake/core/ament_package_xml.cmake:94 (message):
[0.709s]   execute_process(/usr/bin/python3
[0.709s]   /opt/ros/foxy/share/ament_cmake_core/cmake/core/package_xml_2_cmake.py
[0.709s]   /home/nakul/Desktop/bur/ros2_ws/src/2023-2024/state-estimation/package.xml
[0.710s]   /home/nakul/Desktop/bur/ros2_ws/src/2023-2024/state-estimation/build/state-estimation/ament_cmake_core/package.cmake)
[0.710s]   returned error code 1
[0.710s] Call Stack (most recent call first):
[0.710s]   /opt/ros/foxy/share/ament_cmake_core/cmake/core/ament_package_xml.cmake:49 (_ament_package_xml)
[0.710s]   /opt/ros/foxy/share/ament_cmake_auto/cmake/ament_auto_find_build_dependencies.cmake:42 (ament_package_xml)
[0.710s]   CMakeLists.txt:19 (ament_auto_find_build_dependencies)
[0.710s] 
[0.711s] 
[0.711s] -- Configuring incomplete, errors occurred!
[0.711s] See also "/home/nakul/Desktop/bur/ros2_ws/src/2023-2024/state-estimation/build/state-estimation/CMakeFiles/CMakeOutput.log".
[0.711s] See also "/home/nakul/Desktop/bur/ros2_ws/src/2023-2024/state-estimation/build/state-estimation/CMakeFiles/CMakeError.log".
[0.713s] Invoked command in '/home/nakul/Desktop/bur/ros2_ws/src/2023-2024/state-estimation/build/state-estimation' returned '1': /usr/bin/cmake /home/nakul/Desktop/bur/ros2_ws/src/2023-2024/state-estimation -DCMAKE_INSTALL_PREFIX=/home/nakul/Desktop/bur/ros2_ws/src/2023-2024/state-estimation/install/state-estimation
