[0.211s] Invoking command in '/home/nakul/Desktop/bur/ros2_ws/src/2023-2024/state-estimation/build/state-estimation': /usr/bin/cmake --build /home/nakul/Desktop/bur/ros2_ws/src/2023-2024/state-estimation/build/state-estimation -- -j8 -l8
[0.291s] [ 40%] Built target ESKF
[0.316s] [35m[1mScanning dependencies of target state-estimation[0m
[0.381s] [ 60%] [32mBuilding CXX object CMakeFiles/state-estimation.dir/src/Node.cpp.o[0m
[0.382s] [ 80%] [32mBuilding CXX object CMakeFiles/state-estimation.dir/src/eskf.cpp.o[0m
[2.888s] In file included from [01m[K/home/nakul/Desktop/bur/ros2_ws/src/2023-2024/state-estimation/src/Node.cpp:1[m[K:
[2.888s] [01m[K/home/nakul/Desktop/bur/ros2_ws/src/2023-2024/state-estimation/include/eskf/Node.hpp:35:57:[m[K [01;31m[Kerror: [m[Ktemplate argument 1 is invalid
[2.888s]    35 |     rclcpp::Subscription<mavros_msgs:msg::OpticalFlowRad[01;31m[K>[m[K::SharedPtr subOpticalFlowPose_;
[2.889s]       |                                                         [01;31m[K^[m[K
[2.889s] [01m[K/home/nakul/Desktop/bur/ros2_ws/src/2023-2024/state-estimation/include/eskf/Node.hpp:35:57:[m[K [01;31m[Kerror: [m[Ktemplate argument 3 is invalid
[2.889s] [01m[K/home/nakul/Desktop/bur/ros2_ws/src/2023-2024/state-estimation/include/eskf/Node.hpp:35:60:[m[K [01;31m[Kerror: [m[Kexpected ‘[01m[K;[m[K’ at end of member declaration
[2.889s]    35 |     rclcpp::Subscription<mavros_msgs:msg::OpticalFlowRad>::[01;31m[KSharedPtr[m[K subOpticalFlowPose_;
[2.889s]       |                                                            [01;31m[K^~~~~~~~~[m[K
[2.889s]       |                                                                     [32m[K;[m[K
[2.896s] [01m[K/home/nakul/Desktop/bur/ros2_ws/src/2023-2024/state-estimation/include/eskf/Node.hpp:35:70:[m[K [01;31m[Kerror: [m[K‘[01m[KsubOpticalFlowPose_[m[K’ does not name a type
[2.896s]    35 |     rclcpp::Subscription<mavros_msgs:msg::OpticalFlowRad>::SharedPtr [01;31m[KsubOpticalFlowPose_[m[K;
[2.897s]       |                                                                      [01;31m[K^~~~~~~~~~~~~~~~~~~[m[K
[2.927s] In file included from [01m[K/home/nakul/Desktop/bur/ros2_ws/src/2023-2024/state-estimation/src/eskf.cpp:1[m[K:
[2.928s] [01m[K/home/nakul/Desktop/bur/ros2_ws/src/2023-2024/state-estimation/include/eskf/Node.hpp:35:57:[m[K [01;31m[Kerror: [m[Ktemplate argument 1 is invalid
[2.928s]    35 |     rclcpp::Subscription<mavros_msgs:msg::OpticalFlowRad[01;31m[K>[m[K::SharedPtr subOpticalFlowPose_;
[2.928s]       |                                                         [01;31m[K^[m[K
[2.928s] [01m[K/home/nakul/Desktop/bur/ros2_ws/src/2023-2024/state-estimation/include/eskf/Node.hpp:35:57:[m[K [01;31m[Kerror: [m[Ktemplate argument 3 is invalid
[2.928s] [01m[K/home/nakul/Desktop/bur/ros2_ws/src/2023-2024/state-estimation/include/eskf/Node.hpp:35:60:[m[K [01;31m[Kerror: [m[Kexpected ‘[01m[K;[m[K’ at end of member declaration
[2.928s]    35 |     rclcpp::Subscription<mavros_msgs:msg::OpticalFlowRad>::[01;31m[KSharedPtr[m[K subOpticalFlowPose_;
[2.928s]       |                                                            [01;31m[K^~~~~~~~~[m[K
[2.929s]       |                                                                     [32m[K;[m[K
[2.936s] [01m[K/home/nakul/Desktop/bur/ros2_ws/src/2023-2024/state-estimation/include/eskf/Node.hpp:35:70:[m[K [01;31m[Kerror: [m[K‘[01m[KsubOpticalFlowPose_[m[K’ does not name a type
[2.936s]    35 |     rclcpp::Subscription<mavros_msgs:msg::OpticalFlowRad>::SharedPtr [01;31m[KsubOpticalFlowPose_[m[K;
[2.936s]       |                                                                      [01;31m[K^~~~~~~~~~~~~~~~~~~[m[K
[2.952s] [01m[K/home/nakul/Desktop/bur/ros2_ws/src/2023-2024/state-estimation/src/Node.cpp:[m[K In constructor ‘[01m[Keskf::Node::Node()[m[K’:
[2.952s] [01m[K/home/nakul/Desktop/bur/ros2_ws/src/2023-2024/state-estimation/src/Node.cpp:6:32:[m[K [01;31m[Kerror: [m[Kno matching function for call to ‘[01m[Keskf::Node::Node(const char [10])[m[K’
[2.952s]     6 | Node::Node() : Node("ESKF_Node"[01;31m[K)[m[K {
[2.952s]       |                                [01;31m[K^[m[K
[2.952s] In file included from [01m[K/home/nakul/Desktop/bur/ros2_ws/src/2023-2024/state-estimation/src/Node.cpp:1[m[K:
[2.952s] [01m[K/home/nakul/Desktop/bur/ros2_ws/src/2023-2024/state-estimation/include/eskf/Node.hpp:23:5:[m[K [01;36m[Knote: [m[Kcandidate: ‘[01m[Keskf::Node::Node()[m[K’
[2.953s]    23 |     [01;36m[KNode[m[K();
[2.953s]       |     [01;36m[K^~~~[m[K
[2.953s] [01m[K/home/nakul/Desktop/bur/ros2_ws/src/2023-2024/state-estimation/include/eskf/Node.hpp:23:5:[m[K [01;36m[Knote: [m[K  candidate expects 0 arguments, 1 provided
[2.955s] [01m[K/home/nakul/Desktop/bur/ros2_ws/src/2023-2024/state-estimation/src/Node.cpp:7:3:[m[K [01;31m[Kerror: [m[K‘[01m[KROS_INFO[m[K’ was not declared in this scope
[2.956s]     7 |   [01;31m[KROS_INFO[m[K("Subscribing to imu.");
[2.956s]       |   [01;31m[K^~~~~~~~[m[K
[2.956s] [01m[K/home/nakul/Desktop/bur/ros2_ws/src/2023-2024/state-estimation/src/Node.cpp:9:58:[m[K [01;31m[Kerror: [m[K‘[01m[K_1[m[K’ was not declared in this scope; did you mean ‘[01m[Kstd::placeholders::_1[m[K’?
[2.957s]     9 |       "imu", 1000, std::bind(&Node::inputCallback, this, [01;31m[K_1[m[K));
[2.957s]       |                                                          [01;31m[K^~[m[K
[2.957s]       |                                                          [32m[Kstd::placeholders::_1[m[K
[2.957s] In file included from [01m[K/opt/ros/foxy/include/rclcpp/context.hpp:19[m[K,
[2.958s]                  from [01m[K/opt/ros/foxy/include/rclcpp/contexts/default_context.hpp:18[m[K,
[2.958s]                  from [01m[K/opt/ros/foxy/include/rclcpp/executor.hpp:32[m[K,
[2.958s]                  from [01m[K/opt/ros/foxy/include/rclcpp/executors/multi_threaded_executor.hpp:26[m[K,
[2.958s]                  from [01m[K/opt/ros/foxy/include/rclcpp/executors.hpp:21[m[K,
[2.958s]                  from [01m[K/opt/ros/foxy/include/rclcpp/rclcpp.hpp:146[m[K,
[2.958s]                  from [01m[K/home/nakul/Desktop/bur/ros2_ws/src/2023-2024/state-estimation/include/eskf/Node.hpp:4[m[K,
[2.958s]                  from [01m[K/home/nakul/Desktop/bur/ros2_ws/src/2023-2024/state-estimation/src/Node.cpp:1[m[K:
[2.959s] [01m[K/usr/include/c++/9/functional:211:34:[m[K [01;36m[Knote: [m[K‘[01m[Kstd::placeholders::_1[m[K’ declared here
[2.959s]   211 |     extern const _Placeholder<1> [01;36m[K_1[m[K;
[2.959s]       |                                  [01;36m[K^~[m[K
[2.966s] [01m[K/home/nakul/Desktop/bur/ros2_ws/src/2023-2024/state-estimation/src/Node.cpp:30:5:[m[K [01;31m[Kerror: [m[K‘[01m[KsubOpticalFlowPose_[m[K’ was not declared in this scope
[2.966s]    30 |     [01;31m[KsubOpticalFlowPose_[m[K = this->create_subscription<mavros_msgs::msg::OpticalFlowRad>(
[2.966s]       |     [01;31m[K^~~~~~~~~~~~~~~~~~~[m[K
[2.969s] [01m[K/home/nakul/Desktop/bur/ros2_ws/src/2023-2024/state-estimation/src/Node.cpp:46:3:[m[K [01;31m[Kerror: [m[K‘[01m[KpubPose_[m[K’ was not declared in this scope; did you mean ‘[01m[KpubPose[m[K’?
[2.969s]    46 |   [01;31m[KpubPose_[m[K = this->create_publisher<nav_msgs::msg::Odometry>("pose",1);
[2.969s]       |   [01;31m[K^~~~~~~~[m[K
[2.969s]       |   [32m[KpubPose[m[K
[2.977s] [01m[K/home/nakul/Desktop/bur/ros2_ws/src/2023-2024/state-estimation/src/Node.cpp:52:80:[m[K [01;31m[Kerror: [m[Kno matching function for call to ‘[01m[Keskf::Node::create_wall_timer(rclcpp::Duration, std::_Bind_helper<false, void (eskf::Node::*)(), eskf::Node*>::type)[m[K’
[2.978s]    52 |       rclcpp::Duration(1.0f/publish_rate), std::bind(&Node::publishState, this)[01;31m[K)[m[K;
[2.978s]       |                                                                                [01;31m[K^[m[K
[2.978s] In file included from [01m[K/opt/ros/foxy/include/rclcpp/executors/single_threaded_executor.hpp:28[m[K,
[2.978s]                  from [01m[K/opt/ros/foxy/include/rclcpp/executors.hpp:22[m[K,
[2.979s]                  from [01m[K/opt/ros/foxy/include/rclcpp/rclcpp.hpp:146[m[K,
[2.979s]                  from [01m[K/home/nakul/Desktop/bur/ros2_ws/src/2023-2024/state-estimation/include/eskf/Node.hpp:4[m[K,
[2.979s]                  from [01m[K/home/nakul/Desktop/bur/ros2_ws/src/2023-2024/state-estimation/src/Node.cpp:1[m[K:
[2.979s] [01m[K/opt/ros/foxy/include/rclcpp/node.hpp:232:3:[m[K [01;36m[Knote: [m[Kcandidate: ‘[01m[Ktemplate<class DurationRepT, class DurationT, class CallbackT> typename rclcpp::WallTimer<CallbackT>::SharedPtr rclcpp::Node::create_wall_timer(std::chrono::duration<_Rep1, _Period1>, CallbackT, rclcpp::CallbackGroup::SharedPtr)[m[K’
[2.979s]   232 |   [01;36m[Kcreate_wall_timer[m[K(
[2.979s]       |   [01;36m[K^~~~~~~~~~~~~~~~~[m[K
[2.980s] [01m[K/opt/ros/foxy/include/rclcpp/node.hpp:232:3:[m[K [01;36m[Knote: [m[K  template argument deduction/substitution failed:
[2.980s] [01m[K/home/nakul/Desktop/bur/ros2_ws/src/2023-2024/state-estimation/src/Node.cpp:52:80:[m[K [01;36m[Knote: [m[K  ‘[01m[Krclcpp::Duration[m[K’ is not derived from ‘[01m[Kstd::chrono::duration<_Rep1, _Period1>[m[K’
[2.980s]    52 |       rclcpp::Duration(1.0f/publish_rate), std::bind(&Node::publishState, this)[01;36m[K)[m[K;
[2.980s]       |                                                                                [01;36m[K^[m[K
[2.980s] [01m[K/home/nakul/Desktop/bur/ros2_ws/src/2023-2024/state-estimation/src/Node.cpp:[m[K At global scope:
[2.980s] [01m[K/home/nakul/Desktop/bur/ros2_ws/src/2023-2024/state-estimation/src/Node.cpp:55:6:[m[K [01;31m[Kerror: [m[Kdeclaration of ‘[01m[Kvoid eskf::Node::inputCallback(sensor_msgs::msg::Imu_<std::allocator<void> >::SharedPtr) const[m[K’ outside of class is not definition [[01;31m[K-fpermissive[m[K]
[2.980s]    55 | void [01;31m[KNode[m[K::inputCallback(const sensor_msgs::msg::Imu::SharedPtr imuMsg) const; {
[2.981s]       |      [01;31m[K^~~~[m[K
[2.981s] [01m[K/home/nakul/Desktop/bur/ros2_ws/src/2023-2024/state-estimation/src/Node.cpp:55:80:[m[K [01;31m[Kerror: [m[Kexpected unqualified-id before ‘[01m[K{[m[K’ token
[2.981s]    55 | void Node::inputCallback(const sensor_msgs::msg::Imu::SharedPtr imuMsg) const; [01;31m[K{[m[K
[2.981s]       |                                                                                [01;31m[K^[m[K
[2.983s] [01m[K/home/nakul/Desktop/bur/ros2_ws/src/2023-2024/state-estimation/src/Node.cpp:[m[K In member function ‘[01m[Kvoid eskf::Node::visionCallback(geometry_msgs::msg::PoseWithCovarianceStamped_<std::allocator<void> >::SharedPtr) const[m[K’:
[2.983s] [01m[K/home/nakul/Desktop/bur/ros2_ws/src/2023-2024/state-estimation/src/Node.cpp:75:27:[m[K [01;31m[Kerror: [m[K‘[01m[Kconst class rclcpp::Time[m[K’ has no member named ‘[01m[Ksec[m[K’
[2.984s]    75 |   if(prevStampVisionPose_.[01;31m[Ksec[m[K != 0) {
[2.984s]       |                           [01;31m[K^~~[m[K
[2.984s] [01m[K/home/nakul/Desktop/bur/ros2_ws/src/2023-2024/state-estimation/src/Node.cpp:76:49:[m[K [01;31m[Kerror: [m[Kno match for ‘[01m[Koperator-[m[K’ (operand types are ‘[01m[Kstd_msgs::msg::Header_<std::allocator<void> >::_stamp_type[m[K’ {aka ‘[01m[Kbuiltin_interfaces::msg::Time_<std::allocator<void> >[m[K’} and ‘[01m[Kconst rclcpp::Time[m[K’)
[2.984s]    76 |     const double delta = ([32m[KposeMsg->header.stamp[m[K [01;31m[K-[m[K [34m[KprevStampVisionPose_[m[K).toSec();
[2.984s]       |                           [32m[K~~~~~~~~~~~~~~~~~~~~~[m[K [01;31m[K^[m[K [34m[K~~~~~~~~~~~~~~~~~~~~[m[K
[2.984s]       |                                           [32m[K|[m[K       [34m[K|[m[K
[2.985s]       |                                           [32m[K|[m[K       [34m[Kconst rclcpp::Time[m[K
[2.985s]       |                                           [32m[Kstd_msgs::msg::Header_<std::allocator<void> >::_stamp_type {aka builtin_interfaces::msg::Time_<std::allocator<void> >}[m[K
[2.985s] In file included from [01m[K/usr/include/c++/9/bits/stl_algobase.h:67[m[K,
[2.985s]                  from [01m[K/usr/include/c++/9/memory:62[m[K,
[2.985s]                  from [01m[K/opt/ros/foxy/include/rclcpp/rclcpp.hpp:144[m[K,
[2.985s]                  from [01m[K/home/nakul/Desktop/bur/ros2_ws/src/2023-2024/state-estimation/include/eskf/Node.hpp:4[m[K,
[2.986s]                  from [01m[K/home/nakul/Desktop/bur/ros2_ws/src/2023-2024/state-estimation/src/Node.cpp:1[m[K:
[2.986s] [01m[K/usr/include/c++/9/bits/stl_iterator.h:415:5:[m[K [01;36m[Knote: [m[Kcandidate: ‘[01m[Ktemplate<class _IteratorL, class _IteratorR> decltype ((__y.base() - __x.base())) std::operator-(const std::reverse_iterator<_Iterator>&, const std::reverse_iterator<_IteratorR>&)[m[K’
[2.986s]   415 |     [01;36m[Koperator[m[K-(const reverse_iterator<_IteratorL>& __x,
[2.986s]       |     [01;36m[K^~~~~~~~[m[K
[2.986s] [01m[K/usr/include/c++/9/bits/stl_iterator.h:415:5:[m[K [01;36m[Knote: [m[K  template argument deduction/substitution failed:
[2.986s] [01m[K/home/nakul/Desktop/bur/ros2_ws/src/2023-2024/state-estimation/src/Node.cpp:76:51:[m[K [01;36m[Knote: [m[K  ‘[01m[Kstd_msgs::msg::Header_<std::allocator<void> >::_stamp_type[m[K’ {aka ‘[01m[Kbuiltin_interfaces::msg::Time_<std::allocator<void> >[m[K’} is not derived from ‘[01m[Kconst std::reverse_iterator<_Iterator>[m[K’
[2.987s]    76 |     const double delta = (poseMsg->header.stamp - [01;36m[KprevStampVisionPose_[m[K).toSec();
[2.988s]       |                                                   [01;36m[K^~~~~~~~~~~~~~~~~~~~[m[K
[2.988s] In file included from [01m[K/usr/include/c++/9/bits/stl_algobase.h:67[m[K,
[2.988s]                  from [01m[K/usr/include/c++/9/memory:62[m[K,
[2.988s]                  from [01m[K/opt/ros/foxy/include/rclcpp/rclcpp.hpp:144[m[K,
[2.988s]                  from [01m[K/home/nakul/Desktop/bur/ros2_ws/src/2023-2024/state-estimation/include/eskf/Node.hpp:4[m[K,
[2.988s]                  from [01m[K/home/nakul/Desktop/bur/ros2_ws/src/2023-2024/state-estimation/src/Node.cpp:1[m[K:
[2.988s] [01m[K/usr/include/c++/9/bits/stl_iterator.h:1209:5:[m[K [01;36m[Knote: [m[Kcandidate: ‘[01m[Ktemplate<class _IteratorL, class _IteratorR> decltype ((__x.base() - __y.base())) std::operator-(const std::move_iterator<_IteratorL>&, const std::move_iterator<_IteratorR>&)[m[K’
[2.988s]  1209 |     [01;36m[Koperator[m[K-(const move_iterator<_IteratorL>& __x,
[2.988s]       |     [01;36m[K^~~~~~~~[m[K
[2.988s] [01m[K/usr/include/c++/9/bits/stl_iterator.h:1209:5:[m[K [01;36m[Knote: [m[K  template argument deduction/substitution failed:
[2.989s] [01m[K/home/nakul/Desktop/bur/ros2_ws/src/2023-2024/state-estimation/src/Node.cpp:76:51:[m[K [01;36m[Knote: [m[K  ‘[01m[Kstd_msgs::msg::Header_<std::allocator<void> >::_stamp_type[m[K’ {aka ‘[01m[Kbuiltin_interfaces::msg::Time_<std::allocator<void> >[m[K’} is not derived from ‘[01m[Kconst std::move_iterator<_IteratorL>[m[K’
[2.989s]    76 |     const double delta = (poseMsg->header.stamp - [01;36m[KprevStampVisionPose_[m[K).toSec();
[2.989s]       |                                                   [01;36m[K^~~~~~~~~~~~~~~~~~~~[m[K
[2.989s] In file included from [01m[K/usr/include/c++/9/vector:68[m[K,
[2.989s]                  from [01m[K/opt/ros/foxy/include/rclcpp/executor.hpp:27[m[K,
[2.989s]                  from [01m[K/opt/ros/foxy/include/rclcpp/executors/multi_threaded_executor.hpp:26[m[K,
[2.989s]                  from [01m[K/opt/ros/foxy/include/rclcpp/executors.hpp:21[m[K,
[2.989s]                  from [01m[K/opt/ros/foxy/include/rclcpp/rclcpp.hpp:146[m[K,
[2.989s]                  from [01m[K/home/nakul/Desktop/bur/ros2_ws/src/2023-2024/state-estimation/include/eskf/Node.hpp:4[m[K,
[2.989s]                  from [01m[K/home/nakul/Desktop/bur/ros2_ws/src/2023-2024/state-estimation/src/Node.cpp:1[m[K:
[2.990s] [01m[K/usr/include/c++/9/bits/stl_bvector.h:214:3:[m[K [01;36m[Knote: [m[Kcandidate: ‘[01m[Kstd::ptrdiff_t std::operator-(const std::_Bit_iterator_base&, const std::_Bit_iterator_base&)[m[K’
[2.990s]   214 |   [01;36m[Koperator[m[K-(const _Bit_iterator_base& __x, const _Bit_iterator_base& __y)
[2.990s]       |   [01;36m[K^~~~~~~~[m[K
[2.990s] [01m[K/usr/include/c++/9/bits/stl_bvector.h:214:39:[m[K [01;36m[Knote: [m[K  no known conversion for argument 1 from ‘[01m[Kstd_msgs::msg::Header_<std::allocator<void> >::_stamp_type[m[K’ {aka ‘[01m[Kbuiltin_interfaces::msg::Time_<std::allocator<void> >[m[K’} to ‘[01m[Kconst std::_Bit_iterator_base&[m[K’
[2.990s]   214 |   operator-([01;36m[Kconst _Bit_iterator_base& __x[m[K, const _Bit_iterator_base& __y)
[2.991s]       |             [01;36m[K~~~~~~~~~~~~~~~~~~~~~~~~~~^~~[m[K
[2.991s] In file included from [01m[K/usr/include/eigen3/Eigen/Core:96[m[K,
[2.991s]                  from [01m[K/home/nakul/Desktop/bur/ros2_ws/src/2023-2024/state-estimation/include/eskf/common.h:4[m[K,
[2.991s]                  from [01m[K/home/nakul/Desktop/bur/ros2_ws/src/2023-2024/state-estimation/include/eskf/ESKF.hpp:4[m[K,
[2.992s]                  from [01m[K/home/nakul/Desktop/bur/ros2_ws/src/2023-2024/state-estimation/include/eskf/Node.hpp:14[m[K,
[2.992s]                  from [01m[K/home/nakul/Desktop/bur/ros2_ws/src/2023-2024/state-estimation/src/Node.cpp:1[m[K:
[2.992s] [01m[K/usr/include/c++/9/complex:361:5:[m[K [01;36m[Knote: [m[Kcandidate: ‘[01m[Ktemplate<class _Tp> std::complex<_Tp> std::operator-(const std::complex<_Tp>&, const std::complex<_Tp>&)[m[K’
[2.992s]   361 |     [01;36m[Koperator[m[K-(const complex<_Tp>& __x, const complex<_Tp>& __y)
[2.993s]       |     [01;36m[K^~~~~~~~[m[K
[2.993s] [01m[K/usr/include/c++/9/complex:361:5:[m[K [01;36m[Knote: [m[K  template argument deduction/substitution failed:
[2.993s] [01m[K/home/nakul/Desktop/bur/ros2_ws/src/2023-2024/state-estimation/src/Node.cpp:76:51:[m[K [01;36m[Knote: [m[K  ‘[01m[Kstd_msgs::msg::Header_<std::allocator<void> >::_stamp_type[m[K’ {aka ‘[01m[Kbuiltin_interfaces::msg::Time_<std::allocator<void> >[m[K’} is not derived from ‘[01m[Kconst std::complex<_Tp>[m[K’
[2.993s]    76 |     const double delta = (poseMsg->header.stamp - [01;36m[KprevStampVisionPose_[m[K).toSec();
[2.993s]       |                                                   [01;36m[K^~~~~~~~~~~~~~~~~~~~[m[K
[2.993s] In file included from [01m[K/usr/include/eigen3/Eigen/Core:96[m[K,
[2.993s]                  from [01m[K/home/nakul/Desktop/bur/ros2_ws/src/2023-2024/state-estimation/include/eskf/common.h:4[m[K,
[2.993s]                  from [01m[K/home/nakul/Desktop/bur/ros2_ws/src/2023-2024/state-estimation/include/eskf/ESKF.hpp:4[m[K,
[2.993s]                  from [01m[K/home/nakul/Desktop/bur/ros2_ws/src/2023-2024/state-estimation/include/eskf/Node.hpp:14[m[K,
[2.994s]                  from [01m[K/home/nakul/Desktop/bur/ros2_ws/src/2023-2024/state-estimation/src/Node.cpp:1[m[K:
[2.994s] [01m[K/usr/include/c++/9/complex:370:5:[m[K [01;36m[Knote: [m[Kcandidate: ‘[01m[Ktemplate<class _Tp> std::complex<_Tp> std::operator-(const std::complex<_Tp>&, const _Tp&)[m[K’
[2.994s]   370 |     [01;36m[Koperator[m[K-(const complex<_Tp>& __x, const _Tp& __y)
[2.995s]       |     [01;36m[K^~~~~~~~[m[K
[2.995s] [01m[K/usr/include/c++/9/complex:370:5:[m[K [01;36m[Knote: [m[K  template argument deduction/substitution failed:
[2.995s] [01m[K/home/nakul/Desktop/bur/ros2_ws/src/2023-2024/state-estimation/src/Node.cpp:76:51:[m[K [01;36m[Knote: [m[K  ‘[01m[Kstd_msgs::msg::Header_<std::allocator<void> >::_stamp_type[m[K’ {aka ‘[01m[Kbuiltin_interfaces::msg::Time_<std::allocator<void> >[m[K’} is not derived from ‘[01m[Kconst std::complex<_Tp>[m[K’
[2.995s]    76 |     const double delta = (poseMsg->header.stamp - [01;36m[KprevStampVisionPose_[m[K).toSec();
[2.995s]       |                                                   [01;36m[K^~~~~~~~~~~~~~~~~~~~[m[K
[2.996s] In file included from [01m[K/usr/include/eigen3/Eigen/Core:96[m[K,
[2.996s]                  from [01m[K/home/nakul/Desktop/bur/ros2_ws/src/2023-2024/state-estimation/include/eskf/common.h:4[m[K,
[2.996s]                  from [01m[K/home/nakul/Desktop/bur/ros2_ws/src/2023-2024/state-estimation/include/eskf/ESKF.hpp:4[m[K,
[2.996s]                  from [01m[K/home/nakul/Desktop/bur/ros2_ws/src/2023-2024/state-estimation/include/eskf/Node.hpp:14[m[K,
[2.996s]                  from [01m[K/home/nakul/Desktop/bur/ros2_ws/src/2023-2024/state-estimation/src/Node.cpp:1[m[K:
[2.996s] [01m[K/usr/include/c++/9/complex:379:5:[m[K [01;36m[Knote: [m[Kcandidate: ‘[01m[Ktemplate<class _Tp> std::complex<_Tp> std::operator-(const _Tp&, const std::complex<_Tp>&)[m[K’
[2.996s]   379 |     [01;36m[Koperator[m[K-(const _Tp& __x, const complex<_Tp>& __y)
[2.996s]       |     [01;36m[K^~~~~~~~[m[K
[2.997s] [01m[K/usr/include/c++/9/complex:379:5:[m[K [01;36m[Knote: [m[K  template argument deduction/substitution failed:
[2.997s] [01m[K/home/nakul/Desktop/bur/ros2_ws/src/2023-2024/state-estimation/src/Node.cpp:76:51:[m[K [01;36m[Knote: [m[K  ‘[01m[Kconst rclcpp::Time[m[K’ is not derived from ‘[01m[Kconst std::complex<_Tp>[m[K’
[2.997s]    76 |     const double delta = (poseMsg->header.stamp - [01;36m[KprevStampVisionPose_[m[K).toSec();
[2.997s]       |                                                   [01;36m[K^~~~~~~~~~~~~~~~~~~~[m[K
[2.997s] In file included from [01m[K/usr/include/eigen3/Eigen/Core:96[m[K,
[2.997s]                  from [01m[K/home/nakul/Desktop/bur/ros2_ws/src/2023-2024/state-estimation/include/eskf/common.h:4[m[K,
[2.997s]                  from [01m[K/home/nakul/Desktop/bur/ros2_ws/src/2023-2024/state-estimation/include/eskf/ESKF.hpp:4[m[K,
[2.998s]                  from [01m[K/home/nakul/Desktop/bur/ros2_ws/src/2023-2024/state-estimation/include/eskf/Node.hpp:14[m[K,
[2.998s]                  from [01m[K/home/nakul/Desktop/bur/ros2_ws/src/2023-2024/state-estimation/src/Node.cpp:1[m[K:
[2.998s] [01m[K/usr/include/c++/9/complex:456:5:[m[K [01;36m[Knote: [m[Kcandidate: ‘[01m[Ktemplate<class _Tp> std::complex<_Tp> std::operator-(const std::complex<_Tp>&)[m[K’
[2.998s]   456 |     [01;36m[Koperator[m[K-(const complex<_Tp>& __x)
[2.998s]       |     [01;36m[K^~~~~~~~[m[K
[2.998s] [01m[K/usr/include/c++/9/complex:456:5:[m[K [01;36m[Knote: [m[K  template argument deduction/substitution failed:
[2.998s] [01m[K/home/nakul/Desktop/bur/ros2_ws/src/2023-2024/state-estimation/src/Node.cpp:76:51:[m[K [01;36m[Knote: [m[K  ‘[01m[Kstd_msgs::msg::Header_<std::allocator<void> >::_stamp_type[m[K’ {aka ‘[01m[Kbuiltin_interfaces::msg::Time_<std::allocator<void> >[m[K’} is not derived from ‘[01m[Kconst std::complex<_Tp>[m[K’
[2.999s]    76 |     const double delta = (poseMsg->header.stamp - [01;36m[KprevStampVisionPose_[m[K).toSec();
[2.999s]       |                                                   [01;36m[K^~~~~~~~~~~~~~~~~~~~[m[K
[2.999s] [01m[K/home/nakul/Desktop/bur/ros2_ws/src/2023-2024/state-estimation/src/Node.cpp:81:78:[m[K [01;31m[Kerror: [m[K‘[01m[Kusing _stamp_type = struct builtin_interfaces::msg::Time_<std::allocator<void> >[m[K’ {aka ‘[01m[Kstruct builtin_interfaces::msg::Time_<std::allocator<void> >[m[K’} has no member named ‘[01m[KtoSec[m[K’
[2.999s]    81 |     eskf_.updateVision(z_q, z_p, static_cast<uint64_t>(poseMsg->header.stamp.[01;31m[KtoSec[m[K()*1e6f), delta);
[2.999s]       |                                                                              [01;31m[K^~~~~[m[K
[2.999s] [01m[K/home/nakul/Desktop/bur/ros2_ws/src/2023-2024/state-estimation/src/Node.cpp:83:42:[m[K [01;31m[Kerror: [m[Kpassing ‘[01m[Kconst rclcpp::Time[m[K’ as ‘[01m[Kthis[m[K’ argument discards qualifiers [[01;31m[K-fpermissive[m[K]
[2.999s]    83 |   prevStampVisionPose_ = poseMsg->header.[01;31m[Kstamp[m[K;
[2.999s]       |                                          [01;31m[K^~~~~[m[K
[2.999s] In file included from [01m[K/opt/ros/foxy/include/rclcpp/clock.hpp:23[m[K,
[3.000s]                  from [01m[K/opt/ros/foxy/include/rclcpp/timer.hpp:27[m[K,
[3.000s]                  from [01m[K/opt/ros/foxy/include/rclcpp/callback_group.hpp:27[m[K,
[3.000s]                  from [01m[K/opt/ros/foxy/include/rclcpp/any_executable.hpp:20[m[K,
[3.000s]                  from [01m[K/opt/ros/foxy/include/rclcpp/memory_strategy.hpp:24[m[K,
[3.000s]                  from [01m[K/opt/ros/foxy/include/rclcpp/memory_strategies.hpp:18[m[K,
[3.000s]                  from [01m[K/opt/ros/foxy/include/rclcpp/executor_options.hpp:20[m[K,
[3.000s]                  from [01m[K/opt/ros/foxy/include/rclcpp/executor.hpp:33[m[K,
[3.000s]                  from [01m[K/opt/ros/foxy/include/rclcpp/executors/multi_threaded_executor.hpp:26[m[K,
[3.000s]                  from [01m[K/opt/ros/foxy/include/rclcpp/executors.hpp:21[m[K,
[3.000s]                  from [01m[K/opt/ros/foxy/include/rclcpp/rclcpp.hpp:146[m[K,
[3.000s]                  from [01m[K/home/nakul/Desktop/bur/ros2_ws/src/2023-2024/state-estimation/include/eskf/Node.hpp:4[m[K,
[3.000s]                  from [01m[K/home/nakul/Desktop/bur/ros2_ws/src/2023-2024/state-estimation/src/Node.cpp:1[m[K:
[3.001s] [01m[K/opt/ros/foxy/include/rclcpp/time.hpp:101:3:[m[K [01;36m[Knote: [m[K  in call to ‘[01m[Krclcpp::Time& rclcpp::Time::operator=(const Time&)[m[K’
[3.001s]   101 |   [01;36m[Koperator[m[K=(const builtin_interfaces::msg::Time & time_msg);
[3.001s]       |   [01;36m[K^~~~~~~~[m[K
[3.001s] [01m[K/home/nakul/Desktop/bur/ros2_ws/src/2023-2024/state-estimation/src/Node.cpp:[m[K In member function ‘[01m[Kvoid eskf::Node::gpsCallback(nav_msgs::msg::Odometry_<std::allocator<void> >::SharedPtr) const[m[K’:
[3.001s] [01m[K/home/nakul/Desktop/bur/ros2_ws/src/2023-2024/state-estimation/src/Node.cpp:87:25:[m[K [01;31m[Kerror: [m[K‘[01m[Kconst class rclcpp::Time[m[K’ has no member named ‘[01m[Ksec[m[K’
[3.001s]    87 |   if (prevStampGpsPose_.[01;31m[Ksec[m[K != 0) {
[3.001s]       |                         [01;31m[K^~~[m[K
[3.001s] [01m[K/home/nakul/Desktop/bur/ros2_ws/src/2023-2024/state-estimation/src/Node.cpp:88:49:[m[K [01;31m[Kerror: [m[Kno match for ‘[01m[Koperator-[m[K’ (operand types are ‘[01m[Kstd_msgs::msg::Header_<std::allocator<void> >::_stamp_type[m[K’ {aka ‘[01m[Kbuiltin_interfaces::msg::Time_<std::allocator<void> >[m[K’} and ‘[01m[Kconst rclcpp::Time[m[K’)
[3.001s]    88 |     const double delta = ([32m[KodomMsg->header.stamp[m[K [01;31m[K-[m[K [34m[KprevStampGpsPose_[m[K).toSec();
[3.001s]       |                           [32m[K~~~~~~~~~~~~~~~~~~~~~[m[K [01;31m[K^[m[K [34m[K~~~~~~~~~~~~~~~~~[m[K
[3.001s]       |                                           [32m[K|[m[K       [34m[K|[m[K
[3.001s]       |                                           [32m[K|[m[K       [34m[Kconst rclcpp::Time[m[K
[3.002s]       |                                           [32m[Kstd_msgs::msg::Header_<std::allocator<void> >::_stamp_type {aka builtin_interfaces::msg::Time_<std::allocator<void> >}[m[K
[3.002s] In file included from [01m[K/usr/include/c++/9/bits/stl_algobase.h:67[m[K,
[3.002s]                  from [01m[K/usr/include/c++/9/memory:62[m[K,
[3.002s]                  from [01m[K/opt/ros/foxy/include/rclcpp/rclcpp.hpp:144[m[K,
[3.002s]                  from [01m[K/home/nakul/Desktop/bur/ros2_ws/src/2023-2024/state-estimation/include/eskf/Node.hpp:4[m[K,
[3.002s]                  from [01m[K/home/nakul/Desktop/bur/ros2_ws/src/2023-2024/state-estimation/src/Node.cpp:1[m[K:
[3.002s] [01m[K/usr/include/c++/9/bits/stl_iterator.h:415:5:[m[K [01;36m[Knote: [m[Kcandidate: ‘[01m[Ktemplate<class _IteratorL, class _IteratorR> decltype ((__y.base() - __x.base())) std::operator-(const std::reverse_iterator<_Iterator>&, const std::reverse_iterator<_IteratorR>&)[m[K’
[3.002s]   415 |     [01;36m[Koperator[m[K-(const reverse_iterator<_IteratorL>& __x,
[3.002s]       |     [01;36m[K^~~~~~~~[m[K
[3.002s] [01m[K/usr/include/c++/9/bits/stl_iterator.h:415:5:[m[K [01;36m[Knote: [m[K  template argument deduction/substitution failed:
[3.003s] [01m[K/home/nakul/Desktop/bur/ros2_ws/src/2023-2024/state-estimation/src/Node.cpp:88:51:[m[K [01;36m[Knote: [m[K  ‘[01m[Kstd_msgs::msg::Header_<std::allocator<void> >::_stamp_type[m[K’ {aka ‘[01m[Kbuiltin_interfaces::msg::Time_<std::allocator<void> >[m[K’} is not derived from ‘[01m[Kconst std::reverse_iterator<_Iterator>[m[K’
[3.003s]    88 |     const double delta = (odomMsg->header.stamp - [01;36m[KprevStampGpsPose_[m[K).toSec();
[3.003s]       |                                                   [01;36m[K^~~~~~~~~~~~~~~~~[m[K
[3.003s] In file included from [01m[K/usr/include/c++/9/bits/stl_algobase.h:67[m[K,
[3.003s]                  from [01m[K/usr/include/c++/9/memory:62[m[K,
[3.003s]                  from [01m[K/opt/ros/foxy/include/rclcpp/rclcpp.hpp:144[m[K,
[3.003s]                  from [01m[K/home/nakul/Desktop/bur/ros2_ws/src/2023-2024/state-estimation/include/eskf/Node.hpp:4[m[K,
[3.003s]                  from [01m[K/home/nakul/Desktop/bur/ros2_ws/src/2023-2024/state-estimation/src/Node.cpp:1[m[K:
[3.003s] [01m[K/usr/include/c++/9/bits/stl_iterator.h:1209:5:[m[K [01;36m[Knote: [m[Kcandidate: ‘[01m[Ktemplate<class _IteratorL, class _IteratorR> decltype ((__x.base() - __y.base())) std::operator-(const std::move_iterator<_IteratorL>&, const std::move_iterator<_IteratorR>&)[m[K’
[3.003s]  1209 |     [01;36m[Koperator[m[K-(const move_iterator<_IteratorL>& __x,
[3.003s]       |     [01;36m[K^~~~~~~~[m[K
[3.004s] [01m[K/usr/include/c++/9/bits/stl_iterator.h:1209:5:[m[K [01;36m[Knote: [m[K  template argument deduction/substitution failed:
[3.004s] [01m[K/home/nakul/Desktop/bur/ros2_ws/src/2023-2024/state-estimation/src/Node.cpp:88:51:[m[K [01;36m[Knote: [m[K  ‘[01m[Kstd_msgs::msg::Header_<std::allocator<void> >::_stamp_type[m[K’ {aka ‘[01m[Kbuiltin_interfaces::msg::Time_<std::allocator<void> >[m[K’} is not derived from ‘[01m[Kconst std::move_iterator<_IteratorL>[m[K’
[3.004s]    88 |     const double delta = (odomMsg->header.stamp - [01;36m[KprevStampGpsPose_[m[K).toSec();
[3.004s]       |                                                   [01;36m[K^~~~~~~~~~~~~~~~~[m[K
[3.004s] In file included from [01m[K/usr/include/c++/9/vector:68[m[K,
[3.004s]                  from [01m[K/opt/ros/foxy/include/rclcpp/executor.hpp:27[m[K,
[3.004s]                  from [01m[K/opt/ros/foxy/include/rclcpp/executors/multi_threaded_executor.hpp:26[m[K,
[3.004s]                  from [01m[K/opt/ros/foxy/include/rclcpp/executors.hpp:21[m[K,
[3.004s]                  from [01m[K/opt/ros/foxy/include/rclcpp/rclcpp.hpp:146[m[K,
[3.004s]                  from [01m[K/home/nakul/Desktop/bur/ros2_ws/src/2023-2024/state-estimation/include/eskf/Node.hpp:4[m[K,
[3.004s]                  from [01m[K/home/nakul/Desktop/bur/ros2_ws/src/2023-2024/state-estimation/src/Node.cpp:1[m[K:
[3.005s] [01m[K/usr/include/c++/9/bits/stl_bvector.h:214:3:[m[K [01;36m[Knote: [m[Kcandidate: ‘[01m[Kstd::ptrdiff_t std::operator-(const std::_Bit_iterator_base&, const std::_Bit_iterator_base&)[m[K’
[3.005s]   214 |   [01;36m[Koperator[m[K-(const _Bit_iterator_base& __x, const _Bit_iterator_base& __y)
[3.005s]       |   [01;36m[K^~~~~~~~[m[K
[3.005s] [01m[K/usr/include/c++/9/bits/stl_bvector.h:214:39:[m[K [01;36m[Knote: [m[K  no known conversion for argument 1 from ‘[01m[Kstd_msgs::msg::Header_<std::allocator<void> >::_stamp_type[m[K’ {aka ‘[01m[Kbuiltin_interfaces::msg::Time_<std::allocator<void> >[m[K’} to ‘[01m[Kconst std::_Bit_iterator_base&[m[K’
[3.005s]   214 |   operator-([01;36m[Kconst _Bit_iterator_base& __x[m[K, const _Bit_iterator_base& __y)
[3.005s]       |             [01;36m[K~~~~~~~~~~~~~~~~~~~~~~~~~~^~~[m[K
[3.005s] In file included from [01m[K/usr/include/eigen3/Eigen/Core:96[m[K,
[3.005s]                  from [01m[K/home/nakul/Desktop/bur/ros2_ws/src/2023-2024/state-estimation/include/eskf/common.h:4[m[K,
[3.005s]                  from [01m[K/home/nakul/Desktop/bur/ros2_ws/src/2023-2024/state-estimation/include/eskf/ESKF.hpp:4[m[K,
[3.005s]                  from [01m[K/home/nakul/Desktop/bur/ros2_ws/src/2023-2024/state-estimation/include/eskf/Node.hpp:14[m[K,
[3.005s]                  from [01m[K/home/nakul/Desktop/bur/ros2_ws/src/2023-2024/state-estimation/src/Node.cpp:1[m[K:
[3.006s] [01m[K/usr/include/c++/9/complex:361:5:[m[K [01;36m[Knote: [m[Kcandidate: ‘[01m[Ktemplate<class _Tp> std::complex<_Tp> std::operator-(const std::complex<_Tp>&, const std::complex<_Tp>&)[m[K’
[3.006s]   361 |     [01;36m[Koperator[m[K-(const complex<_Tp>& __x, const complex<_Tp>& __y)
[3.006s]       |     [01;36m[K^~~~~~~~[m[K
[3.006s] [01m[K/usr/include/c++/9/complex:361:5:[m[K [01;36m[Knote: [m[K  template argument deduction/substitution failed:
[3.006s] [01m[K/home/nakul/Desktop/bur/ros2_ws/src/2023-2024/state-estimation/src/Node.cpp:88:51:[m[K [01;36m[Knote: [m[K  ‘[01m[Kstd_msgs::msg::Header_<std::allocator<void> >::_stamp_type[m[K’ {aka ‘[01m[Kbuiltin_interfaces::msg::Time_<std::allocator<void> >[m[K’} is not derived from ‘[01m[Kconst std::complex<_Tp>[m[K’
[3.006s]    88 |     const double delta = (odomMsg->header.stamp - [01;36m[KprevStampGpsPose_[m[K).toSec();
[3.006s]       |                                                   [01;36m[K^~~~~~~~~~~~~~~~~[m[K
[3.006s] In file included from [01m[K/usr/include/eigen3/Eigen/Core:96[m[K,
[3.006s]                  from [01m[K/home/nakul/Desktop/bur/ros2_ws/src/2023-2024/state-estimation/include/eskf/common.h:4[m[K,
[3.006s]                  from [01m[K/home/nakul/Desktop/bur/ros2_ws/src/2023-2024/state-estimation/include/eskf/ESKF.hpp:4[m[K,
[3.007s]                  from [01m[K/home/nakul/Desktop/bur/ros2_ws/src/2023-2024/state-estimation/include/eskf/Node.hpp:14[m[K,
[3.007s]                  from [01m[K/home/nakul/Desktop/bur/ros2_ws/src/2023-2024/state-estimation/src/Node.cpp:1[m[K:
[3.007s] [01m[K/usr/include/c++/9/complex:370:5:[m[K [01;36m[Knote: [m[Kcandidate: ‘[01m[Ktemplate<class _Tp> std::complex<_Tp> std::operator-(const std::complex<_Tp>&, const _Tp&)[m[K’
[3.007s]   370 |     [01;36m[Koperator[m[K-(const complex<_Tp>& __x, const _Tp& __y)
[3.007s]       |     [01;36m[K^~~~~~~~[m[K
[3.007s] [01m[K/usr/include/c++/9/complex:370:5:[m[K [01;36m[Knote: [m[K  template argument deduction/substitution failed:
[3.007s] [01m[K/home/nakul/Desktop/bur/ros2_ws/src/2023-2024/state-estimation/src/Node.cpp:88:51:[m[K [01;36m[Knote: [m[K  ‘[01m[Kstd_msgs::msg::Header_<std::allocator<void> >::_stamp_type[m[K’ {aka ‘[01m[Kbuiltin_interfaces::msg::Time_<std::allocator<void> >[m[K’} is not derived from ‘[01m[Kconst std::complex<_Tp>[m[K’
[3.007s]    88 |     const double delta = (odomMsg->header.stamp - [01;36m[KprevStampGpsPose_[m[K).toSec();
[3.007s]       |                                                   [01;36m[K^~~~~~~~~~~~~~~~~[m[K
[3.007s] In file included from [01m[K/usr/include/eigen3/Eigen/Core:96[m[K,
[3.007s]                  from [01m[K/home/nakul/Desktop/bur/ros2_ws/src/2023-2024/state-estimation/include/eskf/common.h:4[m[K,
[3.007s]                  from [01m[K/home/nakul/Desktop/bur/ros2_ws/src/2023-2024/state-estimation/include/eskf/ESKF.hpp:4[m[K,
[3.008s]                  from [01m[K/home/nakul/Desktop/bur/ros2_ws/src/2023-2024/state-estimation/include/eskf/Node.hpp:14[m[K,
[3.008s]                  from [01m[K/home/nakul/Desktop/bur/ros2_ws/src/2023-2024/state-estimation/src/Node.cpp:1[m[K:
[3.008s] [01m[K/usr/include/c++/9/complex:379:5:[m[K [01;36m[Knote: [m[Kcandidate: ‘[01m[Ktemplate<class _Tp> std::complex<_Tp> std::operator-(const _Tp&, const std::complex<_Tp>&)[m[K’
[3.008s]   379 |     [01;36m[Koperator[m[K-(const _Tp& __x, const complex<_Tp>& __y)
[3.008s]       |     [01;36m[K^~~~~~~~[m[K
[3.008s] [01m[K/usr/include/c++/9/complex:379:5:[m[K [01;36m[Knote: [m[K  template argument deduction/substitution failed:
[3.008s] [01m[K/home/nakul/Desktop/bur/ros2_ws/src/2023-2024/state-estimation/src/Node.cpp:88:51:[m[K [01;36m[Knote: [m[K  ‘[01m[Kconst rclcpp::Time[m[K’ is not derived from ‘[01m[Kconst std::complex<_Tp>[m[K’
[3.008s]    88 |     const double delta = (odomMsg->header.stamp - [01;36m[KprevStampGpsPose_[m[K).toSec();
[3.008s]       |                                                   [01;36m[K^~~~~~~~~~~~~~~~~[m[K
[3.008s] In file included from [01m[K/usr/include/eigen3/Eigen/Core:96[m[K,
[3.008s]                  from [01m[K/home/nakul/Desktop/bur/ros2_ws/src/2023-2024/state-estimation/include/eskf/common.h:4[m[K,
[3.008s]                  from [01m[K/home/nakul/Desktop/bur/ros2_ws/src/2023-2024/state-estimation/include/eskf/ESKF.hpp:4[m[K,
[3.009s]                  from [01m[K/home/nakul/Desktop/bur/ros2_ws/src/2023-2024/state-estimation/include/eskf/Node.hpp:14[m[K,
[3.009s]                  from [01m[K/home/nakul/Desktop/bur/ros2_ws/src/2023-2024/state-estimation/src/Node.cpp:1[m[K:
[3.009s] [01m[K/usr/include/c++/9/complex:456:5:[m[K [01;36m[Knote: [m[Kcandidate: ‘[01m[Ktemplate<class _Tp> std::complex<_Tp> std::operator-(const std::complex<_Tp>&)[m[K’
[3.009s]   456 |     [01;36m[Koperator[m[K-(const complex<_Tp>& __x)
[3.009s]       |     [01;36m[K^~~~~~~~[m[K
[3.009s] [01m[K/usr/include/c++/9/complex:456:5:[m[K [01;36m[Knote: [m[K  template argument deduction/substitution failed:
[3.009s] [01m[K/home/nakul/Desktop/bur/ros2_ws/src/2023-2024/state-estimation/src/Node.cpp:88:51:[m[K [01;36m[Knote: [m[K  ‘[01m[Kstd_msgs::msg::Header_<std::allocator<void> >::_stamp_type[m[K’ {aka ‘[01m[Kbuiltin_interfaces::msg::Time_<std::allocator<void> >[m[K’} is not derived from ‘[01m[Kconst std::complex<_Tp>[m[K’
[3.009s]    88 |     const double delta = (odomMsg->header.stamp - [01;36m[KprevStampGpsPose_[m[K).toSec();
[3.009s]       |                                                   [01;36m[K^~~~~~~~~~~~~~~~~[m[K
[3.009s] [01m[K/home/nakul/Desktop/bur/ros2_ws/src/2023-2024/state-estimation/src/Node.cpp:93:75:[m[K [01;31m[Kerror: [m[K‘[01m[Kusing _stamp_type = struct builtin_interfaces::msg::Time_<std::allocator<void> >[m[K’ {aka ‘[01m[Kstruct builtin_interfaces::msg::Time_<std::allocator<void> >[m[K’} has no member named ‘[01m[KtoSec[m[K’
[3.009s]    93 |     eskf_.updateGps(z_v, z_p, static_cast<uint64_t>(odomMsg->header.stamp.[01;31m[KtoSec[m[K() * 1e6f), delta);
[3.009s]       |                                                                           [01;31m[K^~~~~[m[K
[3.010s] [01m[K/home/nakul/Desktop/bur/ros2_ws/src/2023-2024/state-estimation/src/Node.cpp:95:39:[m[K [01;31m[Kerror: [m[Kpassing ‘[01m[Kconst rclcpp::Time[m[K’ as ‘[01m[Kthis[m[K’ argument discards qualifiers [[01;31m[K-fpermissive[m[K]
[3.010s]    95 |   prevStampGpsPose_ = odomMsg->header.[01;31m[Kstamp[m[K;
[3.010s]       |                                       [01;31m[K^~~~~[m[K
[3.010s] In file included from [01m[K/opt/ros/foxy/include/rclcpp/clock.hpp:23[m[K,
[3.010s]                  from [01m[K/opt/ros/foxy/include/rclcpp/timer.hpp:27[m[K,
[3.010s]                  from [01m[K/opt/ros/foxy/include/rclcpp/callback_group.hpp:27[m[K,
[3.010s]                  from [01m[K/opt/ros/foxy/include/rclcpp/any_executable.hpp:20[m[K,
[3.010s]                  from [01m[K/opt/ros/foxy/include/rclcpp/memory_strategy.hpp:24[m[K,
[3.010s]                  from [01m[K/opt/ros/foxy/include/rclcpp/memory_strategies.hpp:18[m[K,
[3.010s]                  from [01m[K/opt/ros/foxy/include/rclcpp/executor_options.hpp:20[m[K,
[3.010s]                  from [01m[K/opt/ros/foxy/include/rclcpp/executor.hpp:33[m[K,
[3.010s]                  from [01m[K/opt/ros/foxy/include/rclcpp/executors/multi_threaded_executor.hpp:26[m[K,
[3.011s]                  from [01m[K/opt/ros/foxy/include/rclcpp/executors.hpp:21[m[K,
[3.011s]                  from [01m[K/opt/ros/foxy/include/rclcpp/rclcpp.hpp:146[m[K,
[3.011s]                  from [01m[K/home/nakul/Desktop/bur/ros2_ws/src/2023-2024/state-estimation/include/eskf/Node.hpp:4[m[K,
[3.011s]                  from [01m[K/home/nakul/Desktop/bur/ros2_ws/src/2023-2024/state-estimation/src/Node.cpp:1[m[K:
[3.011s] [01m[K/opt/ros/foxy/include/rclcpp/time.hpp:101:3:[m[K [01;36m[Knote: [m[K  in call to ‘[01m[Krclcpp::Time& rclcpp::Time::operator=(const Time&)[m[K’
[3.011s]   101 |   [01;36m[Koperator[m[K=(const builtin_interfaces::msg::Time & time_msg);
[3.011s]       |   [01;36m[K^~~~~~~~[m[K
[3.011s] [01m[K/home/nakul/Desktop/bur/ros2_ws/src/2023-2024/state-estimation/src/eskf.cpp:[m[K In function ‘[01m[Kint main(int, char**)[m[K’:
[3.011s] [01m[K/home/nakul/Desktop/bur/ros2_ws/src/2023-2024/state-estimation/src/eskf.cpp:6:2:[m[K [01;31m[Kerror: [m[K‘[01m[Kros[m[K’ has not been declared
[3.011s]     6 |  [01;31m[Kros[m[K::init(argc, argv);
[3.011s]       |  [01;31m[K^~~[m[K
[3.011s] [01m[K/home/nakul/Desktop/bur/ros2_ws/src/2023-2024/state-estimation/src/Node.cpp:[m[K In member function ‘[01m[Kvoid eskf::Node::opticalFlowCallback(mavros_msgs::msg::OpticalFlowRad_<std::allocator<void> >::SharedPtr) const[m[K’:
[3.012s] [01m[K/home/nakul/Desktop/bur/ros2_ws/src/2023-2024/state-estimation/src/Node.cpp:99:33:[m[K [01;31m[Kerror: [m[K‘[01m[Kconst class rclcpp::Time[m[K’ has no member named ‘[01m[Ksec[m[K’
[3.012s]    99 |   if (prevStampOpticalFlowPose_.[01;31m[Ksec[m[K != 0) {
[3.012s]       |                                 [01;31m[K^~~[m[K
[3.012s] [01m[K/home/nakul/Desktop/bur/ros2_ws/src/2023-2024/state-estimation/src/Node.cpp:100:56:[m[K [01;31m[Kerror: [m[Kno match for ‘[01m[Koperator-[m[K’ (operand types are ‘[01m[Kstd_msgs::msg::Header_<std::allocator<void> >::_stamp_type[m[K’ {aka ‘[01m[Kbuiltin_interfaces::msg::Time_<std::allocator<void> >[m[K’} and ‘[01m[Kconst rclcpp::Time[m[K’)
[3.012s]   100 |     const double delta = ([32m[KopticalFlowMsg->header.stamp[m[K [01;31m[K-[m[K [34m[KprevStampOpticalFlowPose_[m[K).toSec();
[3.012s]       |                           [32m[K~~~~~~~~~~~~~~~~~~~~~~~~~~~~[m[K [01;31m[K^[m[K [34m[K~~~~~~~~~~~~~~~~~~~~~~~~~[m[K
[3.012s]       |                                                  [32m[K|[m[K       [34m[K|[m[K
[3.012s]       |                                                  [32m[K|[m[K       [34m[Kconst rclcpp::Time[m[K
[3.012s]       |                                                  [32m[Kstd_msgs::msg::Header_<std::allocator<void> >::_stamp_type {aka builtin_interfaces::msg::Time_<std::allocator<void> >}[m[K
[3.012s] In file included from [01m[K/usr/include/c++/9/bits/stl_algobase.h:67[m[K,
[3.012s]                  from [01m[K/usr/include/c++/9/memory:62[m[K,
[3.013s]                  from [01m[K/opt/ros/foxy/include/rclcpp/rclcpp.hpp:144[m[K,
[3.013s]                  from [01m[K/home/nakul/Desktop/bur/ros2_ws/src/2023-2024/state-estimation/include/eskf/Node.hpp:4[m[K,
[3.013s]                  from [01m[K/home/nakul/Desktop/bur/ros2_ws/src/2023-2024/state-estimation/src/Node.cpp:1[m[K:
[3.013s] [01m[K/usr/include/c++/9/bits/stl_iterator.h:415:5:[m[K [01;36m[Knote: [m[Kcandidate: ‘[01m[Ktemplate<class _IteratorL, class _IteratorR> decltype ((__y.base() - __x.base())) std::operator-(const std::reverse_iterator<_Iterator>&, const std::reverse_iterator<_IteratorR>&)[m[K’
[3.013s]   415 |     [01;36m[Koperator[m[K-(const reverse_iterator<_IteratorL>& __x,
[3.013s]       |     [01;36m[K^~~~~~~~[m[K
[3.013s] [01m[K/usr/include/c++/9/bits/stl_iterator.h:415:5:[m[K [01;36m[Knote: [m[K  template argument deduction/substitution failed:
[3.013s] [01m[K/home/nakul/Desktop/bur/ros2_ws/src/2023-2024/state-estimation/src/Node.cpp:100:58:[m[K [01;36m[Knote: [m[K  ‘[01m[Kstd_msgs::msg::Header_<std::allocator<void> >::_stamp_type[m[K’ {aka ‘[01m[Kbuiltin_interfaces::msg::Time_<std::allocator<void> >[m[K’} is not derived from ‘[01m[Kconst std::reverse_iterator<_Iterator>[m[K’
[3.013s]   100 |     const double delta = (opticalFlowMsg->header.stamp - [01;36m[KprevStampOpticalFlowPose_[m[K).toSec();
[3.013s]       |                                                          [01;36m[K^~~~~~~~~~~~~~~~~~~~~~~~~[m[K
[3.013s] In file included from [01m[K/usr/include/c++/9/bits/stl_algobase.h:67[m[K,
[3.013s]                  from [01m[K/usr/include/c++/9/memory:62[m[K,
[3.014s]                  from [01m[K/opt/ros/foxy/include/rclcpp/rclcpp.hpp:144[m[K,
[3.014s]                  from [01m[K/home/nakul/Desktop/bur/ros2_ws/src/2023-2024/state-estimation/include/eskf/Node.hpp:4[m[K,
[3.014s]                  from [01m[K/home/nakul/Desktop/bur/ros2_ws/src/2023-2024/state-estimation/src/Node.cpp:1[m[K:
[3.014s] [01m[K/usr/include/c++/9/bits/stl_iterator.h:1209:5:[m[K [01;36m[Knote: [m[Kcandidate: ‘[01m[Ktemplate<class _IteratorL, class _IteratorR> decltype ((__x.base() - __y.base())) std::operator-(const std::move_iterator<_IteratorL>&, const std::move_iterator<_IteratorR>&)[m[K’
[3.014s]  1209 |     [01;36m[Koperator[m[K-(const move_iterator<_IteratorL>& __x,
[3.014s]       |     [01;36m[K^~~~~~~~[m[K
[3.014s] [01m[K/usr/include/c++/9/bits/stl_iterator.h:1209:5:[m[K [01;36m[Knote: [m[K  template argument deduction/substitution failed:
[3.014s] [01m[K/home/nakul/Desktop/bur/ros2_ws/src/2023-2024/state-estimation/src/Node.cpp:100:58:[m[K [01;36m[Knote: [m[K  ‘[01m[Kstd_msgs::msg::Header_<std::allocator<void> >::_stamp_type[m[K’ {aka ‘[01m[Kbuiltin_interfaces::msg::Time_<std::allocator<void> >[m[K’} is not derived from ‘[01m[Kconst std::move_iterator<_IteratorL>[m[K’
[3.015s]   100 |     const double delta = (opticalFlowMsg->header.stamp - [01;36m[KprevStampOpticalFlowPose_[m[K).toSec();
[3.015s]       |                                                          [01;36m[K^~~~~~~~~~~~~~~~~~~~~~~~~[m[K
[3.015s] In file included from [01m[K/usr/include/c++/9/vector:68[m[K,
[3.015s]                  from [01m[K/opt/ros/foxy/include/rclcpp/executor.hpp:27[m[K,
[3.015s]                  from [01m[K/opt/ros/foxy/include/rclcpp/executors/multi_threaded_executor.hpp:26[m[K,
[3.015s]                  from [01m[K/opt/ros/foxy/include/rclcpp/executors.hpp:21[m[K,
[3.015s]                  from [01m[K/opt/ros/foxy/include/rclcpp/rclcpp.hpp:146[m[K,
[3.015s]                  from [01m[K/home/nakul/Desktop/bur/ros2_ws/src/2023-2024/state-estimation/include/eskf/Node.hpp:4[m[K,
[3.015s]                  from [01m[K/home/nakul/Desktop/bur/ros2_ws/src/2023-2024/state-estimation/src/Node.cpp:1[m[K:
[3.015s] [01m[K/usr/include/c++/9/bits/stl_bvector.h:214:3:[m[K [01;36m[Knote: [m[Kcandidate: ‘[01m[Kstd::ptrdiff_t std::operator-(const std::_Bit_iterator_base&, const std::_Bit_iterator_base&)[m[K’
[3.015s]   214 |   [01;36m[Koperator[m[K-(const _Bit_iterator_base& __x, const _Bit_iterator_base& __y)
[3.015s]       |   [01;36m[K^~~~~~~~[m[K
[3.016s] [01m[K/usr/include/c++/9/bits/stl_bvector.h:214:39:[m[K [01;36m[Knote: [m[K  no known conversion for argument 1 from ‘[01m[Kstd_msgs::msg::Header_<std::allocator<void> >::_stamp_type[m[K’ {aka ‘[01m[Kbuiltin_interfaces::msg::Time_<std::allocator<void> >[m[K’} to ‘[01m[Kconst std::_Bit_iterator_base&[m[K’
[3.016s]   214 |   operator-([01;36m[Kconst _Bit_iterator_base& __x[m[K, const _Bit_iterator_base& __y)
[3.016s]       |             [01;36m[K~~~~~~~~~~~~~~~~~~~~~~~~~~^~~[m[K
[3.016s] In file included from [01m[K/usr/include/eigen3/Eigen/Core:96[m[K,
[3.016s]                  from [01m[K/home/nakul/Desktop/bur/ros2_ws/src/2023-2024/state-estimation/include/eskf/common.h:4[m[K,
[3.016s]                  from [01m[K/home/nakul/Desktop/bur/ros2_ws/src/2023-2024/state-estimation/include/eskf/ESKF.hpp:4[m[K,
[3.016s]                  from [01m[K/home/nakul/Desktop/bur/ros2_ws/src/2023-2024/state-estimation/include/eskf/Node.hpp:14[m[K,
[3.016s]                  from [01m[K/home/nakul/Desktop/bur/ros2_ws/src/2023-2024/state-estimation/src/Node.cpp:1[m[K:
[3.016s] [01m[K/usr/include/c++/9/complex:361:5:[m[K [01;36m[Knote: [m[Kcandidate: ‘[01m[Ktemplate<class _Tp> std::complex<_Tp> std::operator-(const std::complex<_Tp>&, const std::complex<_Tp>&)[m[K’
[3.016s]   361 |     [01;36m[Koperator[m[K-(const complex<_Tp>& __x, const complex<_Tp>& __y)
[3.016s]       |     [01;36m[K^~~~~~~~[m[K
[3.017s] [01m[K/usr/include/c++/9/complex:361:5:[m[K [01;36m[Knote: [m[K  template argument deduction/substitution failed:
[3.017s] [01m[K/home/nakul/Desktop/bur/ros2_ws/src/2023-2024/state-estimation/src/Node.cpp:100:58:[m[K [01;36m[Knote: [m[K  ‘[01m[Kstd_msgs::msg::Header_<std::allocator<void> >::_stamp_type[m[K’ {aka ‘[01m[Kbuiltin_interfaces::msg::Time_<std::allocator<void> >[m[K’} is not derived from ‘[01m[Kconst std::complex<_Tp>[m[K’
[3.017s]   100 |     const double delta = (opticalFlowMsg->header.stamp - [01;36m[KprevStampOpticalFlowPose_[m[K).toSec();
[3.017s]       |                                                          [01;36m[K^~~~~~~~~~~~~~~~~~~~~~~~~[m[K
[3.017s] In file included from [01m[K/usr/include/eigen3/Eigen/Core:96[m[K,
[3.017s]                  from [01m[K/home/nakul/Desktop/bur/ros2_ws/src/2023-2024/state-estimation/include/eskf/common.h:4[m[K,
[3.017s]                  from [01m[K/home/nakul/Desktop/bur/ros2_ws/src/2023-2024/state-estimation/include/eskf/ESKF.hpp:4[m[K,
[3.017s]                  from [01m[K/home/nakul/Desktop/bur/ros2_ws/src/2023-2024/state-estimation/include/eskf/Node.hpp:14[m[K,
[3.017s]                  from [01m[K/home/nakul/Desktop/bur/ros2_ws/src/2023-2024/state-estimation/src/Node.cpp:1[m[K:
[3.017s] [01m[K/usr/include/c++/9/complex:370:5:[m[K [01;36m[Knote: [m[Kcandidate: ‘[01m[Ktemplate<class _Tp> std::complex<_Tp> std::operator-(const std::complex<_Tp>&, const _Tp&)[m[K’
[3.017s]   370 |     [01;36m[Koperator[m[K-(const complex<_Tp>& __x, const _Tp& __y)
[3.017s]       |     [01;36m[K^~~~~~~~[m[K
[3.018s] [01m[K/usr/include/c++/9/complex:370:5:[m[K [01;36m[Knote: [m[K  template argument deduction/substitution failed:
[3.018s] [01m[K/home/nakul/Desktop/bur/ros2_ws/src/2023-2024/state-estimation/src/Node.cpp:100:58:[m[K [01;36m[Knote: [m[K  ‘[01m[Kstd_msgs::msg::Header_<std::allocator<void> >::_stamp_type[m[K’ {aka ‘[01m[Kbuiltin_interfaces::msg::Time_<std::allocator<void> >[m[K’} is not derived from ‘[01m[Kconst std::complex<_Tp>[m[K’
[3.018s]   100 |     const double delta = (opticalFlowMsg->header.stamp - [01;36m[KprevStampOpticalFlowPose_[m[K).toSec();
[3.018s]       |                                                          [01;36m[K^~~~~~~~~~~~~~~~~~~~~~~~~[m[K
[3.018s] In file included from [01m[K/usr/include/eigen3/Eigen/Core:96[m[K,
[3.018s]                  from [01m[K/home/nakul/Desktop/bur/ros2_ws/src/2023-2024/state-estimation/include/eskf/common.h:4[m[K,
[3.018s]                  from [01m[K/home/nakul/Desktop/bur/ros2_ws/src/2023-2024/state-estimation/include/eskf/ESKF.hpp:4[m[K,
[3.018s]                  from [01m[K/home/nakul/Desktop/bur/ros2_ws/src/2023-2024/state-estimation/include/eskf/Node.hpp:14[m[K,
[3.018s]                  from [01m[K/home/nakul/Desktop/bur/ros2_ws/src/2023-2024/state-estimation/src/Node.cpp:1[m[K:
[3.018s] [01m[K/usr/include/c++/9/complex:379:5:[m[K [01;36m[Knote: [m[Kcandidate: ‘[01m[Ktemplate<class _Tp> std::complex<_Tp> std::operator-(const _Tp&, const std::complex<_Tp>&)[m[K’
[3.018s]   379 |     [01;36m[Koperator[m[K-(const _Tp& __x, const complex<_Tp>& __y)
[3.018s]       |     [01;36m[K^~~~~~~~[m[K
[3.019s] [01m[K/usr/include/c++/9/complex:379:5:[m[K [01;36m[Knote: [m[K  template argument deduction/substitution failed:
[3.019s] [01m[K/home/nakul/Desktop/bur/ros2_ws/src/2023-2024/state-estimation/src/Node.cpp:100:58:[m[K [01;36m[Knote: [m[K  ‘[01m[Kconst rclcpp::Time[m[K’ is not derived from ‘[01m[Kconst std::complex<_Tp>[m[K’
[3.019s]   100 |     const double delta = (opticalFlowMsg->header.stamp - [01;36m[KprevStampOpticalFlowPose_[m[K).toSec();
[3.019s]       |                                                          [01;36m[K^~~~~~~~~~~~~~~~~~~~~~~~~[m[K
[3.019s] In file included from [01m[K/usr/include/eigen3/Eigen/Core:96[m[K,
[3.019s]                  from [01m[K/home/nakul/Desktop/bur/ros2_ws/src/2023-2024/state-estimation/include/eskf/common.h:4[m[K,
[3.019s]                  from [01m[K/home/nakul/Desktop/bur/ros2_ws/src/2023-2024/state-estimation/include/eskf/ESKF.hpp:4[m[K,
[3.019s]                  from [01m[K/home/nakul/Desktop/bur/ros2_ws/src/2023-2024/state-estimation/include/eskf/Node.hpp:14[m[K,
[3.019s]                  from [01m[K/home/nakul/Desktop/bur/ros2_ws/src/2023-2024/state-estimation/src/Node.cpp:1[m[K:
[3.019s] [01m[K/usr/include/c++/9/complex:456:5:[m[K [01;36m[Knote: [m[Kcandidate: ‘[01m[Ktemplate<class _Tp> std::complex<_Tp> std::operator-(const std::complex<_Tp>&)[m[K’
[3.019s]   456 |     [01;36m[Koperator[m[K-(const complex<_Tp>& __x)
[3.020s]       |     [01;36m[K^~~~~~~~[m[K
[3.020s] [01m[K/usr/include/c++/9/complex:456:5:[m[K [01;36m[Knote: [m[K  template argument deduction/substitution failed:
[3.020s] [01m[K/home/nakul/Desktop/bur/ros2_ws/src/2023-2024/state-estimation/src/Node.cpp:100:58:[m[K [01;36m[Knote: [m[K  ‘[01m[Kstd_msgs::msg::Header_<std::allocator<void> >::_stamp_type[m[K’ {aka ‘[01m[Kbuiltin_interfaces::msg::Time_<std::allocator<void> >[m[K’} is not derived from ‘[01m[Kconst std::complex<_Tp>[m[K’
[3.020s]   100 |     const double delta = (opticalFlowMsg->header.stamp - [01;36m[KprevStampOpticalFlowPose_[m[K).toSec();
[3.020s]       |                                                          [01;36m[K^~~~~~~~~~~~~~~~~~~~~~~~~[m[K
[3.020s] [01m[K/home/nakul/Desktop/bur/ros2_ws/src/2023-2024/state-estimation/src/Node.cpp:108:138:[m[K [01;31m[Kerror: [m[K‘[01m[Kusing _stamp_type = struct builtin_interfaces::msg::Time_<std::allocator<void> >[m[K’ {aka ‘[01m[Kstruct builtin_interfaces::msg::Time_<std::allocator<void> >[m[K’} has no member named ‘[01m[KtoSec[m[K’
[3.020s]   108 |     eskf_.updateOpticalFlow(int_xy, int_xy_gyro, integration_time, distance, quality, static_cast<uint64_t>(opticalFlowMsg->header.stamp.[01;31m[KtoSec[m[K() * 1e6f), delta);
[3.020s]       |                                                                                                                                          [01;31m[K^~~~~[m[K
[3.020s] [01m[K/home/nakul/Desktop/bur/ros2_ws/src/2023-2024/state-estimation/src/Node.cpp:110:54:[m[K [01;31m[Kerror: [m[Kpassing ‘[01m[Kconst rclcpp::Time[m[K’ as ‘[01m[Kthis[m[K’ argument discards qualifiers [[01;31m[K-fpermissive[m[K]
[3.020s]   110 |   prevStampOpticalFlowPose_ = opticalFlowMsg->header.[01;31m[Kstamp[m[K;
[3.020s]       |                                                      [01;31m[K^~~~~[m[K
[3.020s] In file included from [01m[K/opt/ros/foxy/include/rclcpp/clock.hpp:23[m[K,
[3.021s]                  from [01m[K/opt/ros/foxy/include/rclcpp/timer.hpp:27[m[K,
[3.021s]                  from [01m[K/opt/ros/foxy/include/rclcpp/callback_group.hpp:27[m[K,
[3.021s]                  from [01m[K/opt/ros/foxy/include/rclcpp/any_executable.hpp:20[m[K,
[3.021s]                  from [01m[K/opt/ros/foxy/include/rclcpp/memory_strategy.hpp:24[m[K,
[3.021s]                  from [01m[K/opt/ros/foxy/include/rclcpp/memory_strategies.hpp:18[m[K,
[3.021s]                  from [01m[K/opt/ros/foxy/include/rclcpp/executor_options.hpp:20[m[K,
[3.021s]                  from [01m[K/opt/ros/foxy/include/rclcpp/executor.hpp:33[m[K,
[3.021s]                  from [01m[K/opt/ros/foxy/include/rclcpp/executors/multi_threaded_executor.hpp:26[m[K,
[3.021s]                  from [01m[K/opt/ros/foxy/include/rclcpp/executors.hpp:21[m[K,
[3.021s]                  from [01m[K/opt/ros/foxy/include/rclcpp/rclcpp.hpp:146[m[K,
[3.021s]                  from [01m[K/home/nakul/Desktop/bur/ros2_ws/src/2023-2024/state-estimation/include/eskf/Node.hpp:4[m[K,
[3.021s]                  from [01m[K/home/nakul/Desktop/bur/ros2_ws/src/2023-2024/state-estimation/src/Node.cpp:1[m[K:
[3.022s] [01m[K/opt/ros/foxy/include/rclcpp/time.hpp:101:3:[m[K [01;36m[Knote: [m[K  in call to ‘[01m[Krclcpp::Time& rclcpp::Time::operator=(const Time&)[m[K’
[3.022s]   101 |   [01;36m[Koperator[m[K=(const builtin_interfaces::msg::Time & time_msg);
[3.022s]       |   [01;36m[K^~~~~~~~[m[K
[3.022s] [01m[K/home/nakul/Desktop/bur/ros2_ws/src/2023-2024/state-estimation/src/Node.cpp:[m[K In member function ‘[01m[Kvoid eskf::Node::magCallback(sensor_msgs::msg::MagneticField_<std::allocator<void> >::SharedPtr) const[m[K’:
[3.022s] [01m[K/home/nakul/Desktop/bur/ros2_ws/src/2023-2024/state-estimation/src/Node.cpp:114:25:[m[K [01;31m[Kerror: [m[K‘[01m[Kconst class rclcpp::Time[m[K’ has no member named ‘[01m[Ksec[m[K’
[3.022s]   114 |   if (prevStampMagPose_.[01;31m[Ksec[m[K != 0) {
[3.022s]       |                         [01;31m[K^~~[m[K
[3.022s] [01m[K/home/nakul/Desktop/bur/ros2_ws/src/2023-2024/state-estimation/src/Node.cpp:115:48:[m[K [01;31m[Kerror: [m[Kno match for ‘[01m[Koperator-[m[K’ (operand types are ‘[01m[Kstd_msgs::msg::Header_<std::allocator<void> >::_stamp_type[m[K’ {aka ‘[01m[Kbuiltin_interfaces::msg::Time_<std::allocator<void> >[m[K’} and ‘[01m[Kconst rclcpp::Time[m[K’)
[3.022s]   115 |     const double delta = ([32m[KmagMsg->header.stamp[m[K [01;31m[K-[m[K [34m[KprevStampMagPose_[m[K).toSec();
[3.023s]       |                           [32m[K~~~~~~~~~~~~~~~~~~~~[m[K [01;31m[K^[m[K [34m[K~~~~~~~~~~~~~~~~~[m[K
[3.023s]       |                                          [32m[K|[m[K       [34m[K|[m[K
[3.023s]       |                                          [32m[K|[m[K       [34m[Kconst rclcpp::Time[m[K
[3.023s]       |                                          [32m[Kstd_msgs::msg::Header_<std::allocator<void> >::_stamp_type {aka builtin_interfaces::msg::Time_<std::allocator<void> >}[m[K
[3.023s] In file included from [01m[K/usr/include/c++/9/bits/stl_algobase.h:67[m[K,
[3.023s]                  from [01m[K/usr/include/c++/9/memory:62[m[K,
[3.023s]                  from [01m[K/opt/ros/foxy/include/rclcpp/rclcpp.hpp:144[m[K,
[3.023s]                  from [01m[K/home/nakul/Desktop/bur/ros2_ws/src/2023-2024/state-estimation/include/eskf/Node.hpp:4[m[K,
[3.023s]                  from [01m[K/home/nakul/Desktop/bur/ros2_ws/src/2023-2024/state-estimation/src/Node.cpp:1[m[K:
[3.023s] [01m[K/usr/include/c++/9/bits/stl_iterator.h:415:5:[m[K [01;36m[Knote: [m[Kcandidate: ‘[01m[Ktemplate<class _IteratorL, class _IteratorR> decltype ((__y.base() - __x.base())) std::operator-(const std::reverse_iterator<_Iterator>&, const std::reverse_iterator<_IteratorR>&)[m[K’
[3.023s]   415 |     [01;36m[Koperator[m[K-(const reverse_iterator<_IteratorL>& __x,
[3.023s]       |     [01;36m[K^~~~~~~~[m[K
[3.024s] [01m[K/usr/include/c++/9/bits/stl_iterator.h:415:5:[m[K [01;36m[Knote: [m[K  template argument deduction/substitution failed:
[3.024s] [01m[K/home/nakul/Desktop/bur/ros2_ws/src/2023-2024/state-estimation/src/Node.cpp:115:50:[m[K [01;36m[Knote: [m[K  ‘[01m[Kstd_msgs::msg::Header_<std::allocator<void> >::_stamp_type[m[K’ {aka ‘[01m[Kbuiltin_interfaces::msg::Time_<std::allocator<void> >[m[K’} is not derived from ‘[01m[Kconst std::reverse_iterator<_Iterator>[m[K’
[3.024s]   115 |     const double delta = (magMsg->header.stamp - [01;36m[KprevStampMagPose_[m[K).toSec();
[3.024s]       |                                                  [01;36m[K^~~~~~~~~~~~~~~~~[m[K
[3.024s] In file included from [01m[K/usr/include/c++/9/bits/stl_algobase.h:67[m[K,
[3.024s]                  from [01m[K/usr/include/c++/9/memory:62[m[K,
[3.024s]                  from [01m[K/opt/ros/foxy/include/rclcpp/rclcpp.hpp:144[m[K,
[3.024s]                  from [01m[K/home/nakul/Desktop/bur/ros2_ws/src/2023-2024/state-estimation/include/eskf/Node.hpp:4[m[K,
[3.024s]                  from [01m[K/home/nakul/Desktop/bur/ros2_ws/src/2023-2024/state-estimation/src/Node.cpp:1[m[K:
[3.024s] [01m[K/usr/include/c++/9/bits/stl_iterator.h:1209:5:[m[K [01;36m[Knote: [m[Kcandidate: ‘[01m[Ktemplate<class _IteratorL, class _IteratorR> decltype ((__x.base() - __y.base())) std::operator-(const std::move_iterator<_IteratorL>&, const std::move_iterator<_IteratorR>&)[m[K’
[3.024s]  1209 |     [01;36m[Koperator[m[K-(const move_iterator<_IteratorL>& __x,
[3.024s]       |     [01;36m[K^~~~~~~~[m[K
[3.025s] [01m[K/usr/include/c++/9/bits/stl_iterator.h:1209:5:[m[K [01;36m[Knote: [m[K  template argument deduction/substitution failed:
[3.025s] [01m[K/home/nakul/Desktop/bur/ros2_ws/src/2023-2024/state-estimation/src/Node.cpp:115:50:[m[K [01;36m[Knote: [m[K  ‘[01m[Kstd_msgs::msg::Header_<std::allocator<void> >::_stamp_type[m[K’ {aka ‘[01m[Kbuiltin_interfaces::msg::Time_<std::allocator<void> >[m[K’} is not derived from ‘[01m[Kconst std::move_iterator<_IteratorL>[m[K’
[3.025s]   115 |     const double delta = (magMsg->header.stamp - [01;36m[KprevStampMagPose_[m[K).toSec();
[3.025s]       |                                                  [01;36m[K^~~~~~~~~~~~~~~~~[m[K
[3.025s] In file included from [01m[K/usr/include/c++/9/vector:68[m[K,
[3.025s]                  from [01m[K/opt/ros/foxy/include/rclcpp/executor.hpp:27[m[K,
[3.025s]                  from [01m[K/opt/ros/foxy/include/rclcpp/executors/multi_threaded_executor.hpp:26[m[K,
[3.025s]                  from [01m[K/opt/ros/foxy/include/rclcpp/executors.hpp:21[m[K,
[3.025s]                  from [01m[K/opt/ros/foxy/include/rclcpp/rclcpp.hpp:146[m[K,
[3.025s]                  from [01m[K/home/nakul/Desktop/bur/ros2_ws/src/2023-2024/state-estimation/include/eskf/Node.hpp:4[m[K,
[3.025s]                  from [01m[K/home/nakul/Desktop/bur/ros2_ws/src/2023-2024/state-estimation/src/Node.cpp:1[m[K:
[3.025s] [01m[K/usr/include/c++/9/bits/stl_bvector.h:214:3:[m[K [01;36m[Knote: [m[Kcandidate: ‘[01m[Kstd::ptrdiff_t std::operator-(const std::_Bit_iterator_base&, const std::_Bit_iterator_base&)[m[K’
[3.026s]   214 |   [01;36m[Koperator[m[K-(const _Bit_iterator_base& __x, const _Bit_iterator_base& __y)
[3.026s]       |   [01;36m[K^~~~~~~~[m[K
[3.026s] [01m[K/usr/include/c++/9/bits/stl_bvector.h:214:39:[m[K [01;36m[Knote: [m[K  no known conversion for argument 1 from ‘[01m[Kstd_msgs::msg::Header_<std::allocator<void> >::_stamp_type[m[K’ {aka ‘[01m[Kbuiltin_interfaces::msg::Time_<std::allocator<void> >[m[K’} to ‘[01m[Kconst std::_Bit_iterator_base&[m[K’
[3.026s]   214 |   operator-([01;36m[Kconst _Bit_iterator_base& __x[m[K, const _Bit_iterator_base& __y)
[3.026s]       |             [01;36m[K~~~~~~~~~~~~~~~~~~~~~~~~~~^~~[m[K
[3.026s] In file included from [01m[K/usr/include/eigen3/Eigen/Core:96[m[K,
[3.026s]                  from [01m[K/home/nakul/Desktop/bur/ros2_ws/src/2023-2024/state-estimation/include/eskf/common.h:4[m[K,
[3.026s]                  from [01m[K/home/nakul/Desktop/bur/ros2_ws/src/2023-2024/state-estimation/include/eskf/ESKF.hpp:4[m[K,
[3.026s]                  from [01m[K/home/nakul/Desktop/bur/ros2_ws/src/2023-2024/state-estimation/include/eskf/Node.hpp:14[m[K,
[3.026s]                  from [01m[K/home/nakul/Desktop/bur/ros2_ws/src/2023-2024/state-estimation/src/Node.cpp:1[m[K:
[3.026s] [01m[K/usr/include/c++/9/complex:361:5:[m[K [01;36m[Knote: [m[Kcandidate: ‘[01m[Ktemplate<class _Tp> std::complex<_Tp> std::operator-(const std::complex<_Tp>&, const std::complex<_Tp>&)[m[K’
[3.026s]   361 |     [01;36m[Koperator[m[K-(const complex<_Tp>& __x, const complex<_Tp>& __y)
[3.027s]       |     [01;36m[K^~~~~~~~[m[K
[3.027s] [01m[K/usr/include/c++/9/complex:361:5:[m[K [01;36m[Knote: [m[K  template argument deduction/substitution failed:
[3.027s] [01m[K/home/nakul/Desktop/bur/ros2_ws/src/2023-2024/state-estimation/src/Node.cpp:115:50:[m[K [01;36m[Knote: [m[K  ‘[01m[Kstd_msgs::msg::Header_<std::allocator<void> >::_stamp_type[m[K’ {aka ‘[01m[Kbuiltin_interfaces::msg::Time_<std::allocator<void> >[m[K’} is not derived from ‘[01m[Kconst std::complex<_Tp>[m[K’
[3.027s]   115 |     const double delta = (magMsg->header.stamp - [01;36m[KprevStampMagPose_[m[K).toSec();
[3.027s]       |                                                  [01;36m[K^~~~~~~~~~~~~~~~~[m[K
[3.027s] In file included from [01m[K/usr/include/eigen3/Eigen/Core:96[m[K,
[3.027s]                  from [01m[K/home/nakul/Desktop/bur/ros2_ws/src/2023-2024/state-estimation/include/eskf/common.h:4[m[K,
[3.027s]                  from [01m[K/home/nakul/Desktop/bur/ros2_ws/src/2023-2024/state-estimation/include/eskf/ESKF.hpp:4[m[K,
[3.027s]                  from [01m[K/home/nakul/Desktop/bur/ros2_ws/src/2023-2024/state-estimation/include/eskf/Node.hpp:14[m[K,
[3.027s]                  from [01m[K/home/nakul/Desktop/bur/ros2_ws/src/2023-2024/state-estimation/src/Node.cpp:1[m[K:
[3.027s] [01m[K/usr/include/c++/9/complex:370:5:[m[K [01;36m[Knote: [m[Kcandidate: ‘[01m[Ktemplate<class _Tp> std::complex<_Tp> std::operator-(const std::complex<_Tp>&, const _Tp&)[m[K’
[3.027s]   370 |     [01;36m[Koperator[m[K-(const complex<_Tp>& __x, const _Tp& __y)
[3.028s]       |     [01;36m[K^~~~~~~~[m[K
[3.028s] [01m[K/usr/include/c++/9/complex:370:5:[m[K [01;36m[Knote: [m[K  template argument deduction/substitution failed:
[3.028s] [01m[K/home/nakul/Desktop/bur/ros2_ws/src/2023-2024/state-estimation/src/Node.cpp:115:50:[m[K [01;36m[Knote: [m[K  ‘[01m[Kstd_msgs::msg::Header_<std::allocator<void> >::_stamp_type[m[K’ {aka ‘[01m[Kbuiltin_interfaces::msg::Time_<std::allocator<void> >[m[K’} is not derived from ‘[01m[Kconst std::complex<_Tp>[m[K’
[3.028s]   115 |     const double delta = (magMsg->header.stamp - [01;36m[KprevStampMagPose_[m[K).toSec();
[3.028s]       |                                                  [01;36m[K^~~~~~~~~~~~~~~~~[m[K
[3.028s] In file included from [01m[K/usr/include/eigen3/Eigen/Core:96[m[K,
[3.028s]                  from [01m[K/home/nakul/Desktop/bur/ros2_ws/src/2023-2024/state-estimation/include/eskf/common.h:4[m[K,
[3.028s]                  from [01m[K/home/nakul/Desktop/bur/ros2_ws/src/2023-2024/state-estimation/include/eskf/ESKF.hpp:4[m[K,
[3.028s]                  from [01m[K/home/nakul/Desktop/bur/ros2_ws/src/2023-2024/state-estimation/include/eskf/Node.hpp:14[m[K,
[3.028s]                  from [01m[K/home/nakul/Desktop/bur/ros2_ws/src/2023-2024/state-estimation/src/Node.cpp:1[m[K:
[3.028s] [01m[K/usr/include/c++/9/complex:379:5:[m[K [01;36m[Knote: [m[Kcandidate: ‘[01m[Ktemplate<class _Tp> std::complex<_Tp> std::operator-(const _Tp&, const std::complex<_Tp>&)[m[K’
[3.029s]   379 |     [01;36m[Koperator[m[K-(const _Tp& __x, const complex<_Tp>& __y)
[3.029s]       |     [01;36m[K^~~~~~~~[m[K
[3.029s] [01m[K/usr/include/c++/9/complex:379:5:[m[K [01;36m[Knote: [m[K  template argument deduction/substitution failed:
[3.029s] [01m[K/home/nakul/Desktop/bur/ros2_ws/src/2023-2024/state-estimation/src/Node.cpp:115:50:[m[K [01;36m[Knote: [m[K  ‘[01m[Kconst rclcpp::Time[m[K’ is not derived from ‘[01m[Kconst std::complex<_Tp>[m[K’
[3.029s]   115 |     const double delta = (magMsg->header.stamp - [01;36m[KprevStampMagPose_[m[K).toSec();
[3.029s]       |                                                  [01;36m[K^~~~~~~~~~~~~~~~~[m[K
[3.029s] In file included from [01m[K/usr/include/eigen3/Eigen/Core:96[m[K,
[3.029s]                  from [01m[K/home/nakul/Desktop/bur/ros2_ws/src/2023-2024/state-estimation/include/eskf/common.h:4[m[K,
[3.029s]                  from [01m[K/home/nakul/Desktop/bur/ros2_ws/src/2023-2024/state-estimation/include/eskf/ESKF.hpp:4[m[K,
[3.029s]                  from [01m[K/home/nakul/Desktop/bur/ros2_ws/src/2023-2024/state-estimation/include/eskf/Node.hpp:14[m[K,
[3.029s]                  from [01m[K/home/nakul/Desktop/bur/ros2_ws/src/2023-2024/state-estimation/src/Node.cpp:1[m[K:
[3.029s] [01m[K/usr/include/c++/9/complex:456:5:[m[K [01;36m[Knote: [m[Kcandidate: ‘[01m[Ktemplate<class _Tp> std::complex<_Tp> std::operator-(const std::complex<_Tp>&)[m[K’
[3.030s]   456 |     [01;36m[Koperator[m[K-(const complex<_Tp>& __x)
[3.030s]       |     [01;36m[K^~~~~~~~[m[K
[3.030s] [01m[K/usr/include/c++/9/complex:456:5:[m[K [01;36m[Knote: [m[K  template argument deduction/substitution failed:
[3.030s] [01m[K/home/nakul/Desktop/bur/ros2_ws/src/2023-2024/state-estimation/src/Node.cpp:115:50:[m[K [01;36m[Knote: [m[K  ‘[01m[Kstd_msgs::msg::Header_<std::allocator<void> >::_stamp_type[m[K’ {aka ‘[01m[Kbuiltin_interfaces::msg::Time_<std::allocator<void> >[m[K’} is not derived from ‘[01m[Kconst std::complex<_Tp>[m[K’
[3.030s]   115 |     const double delta = (magMsg->header.stamp - [01;36m[KprevStampMagPose_[m[K).toSec();
[3.030s]       |                                                  [01;36m[K^~~~~~~~~~~~~~~~~[m[K
[3.030s] [01m[K/home/nakul/Desktop/bur/ros2_ws/src/2023-2024/state-estimation/src/Node.cpp:118:76:[m[K [01;31m[Kerror: [m[K‘[01m[Kusing _stamp_type = struct builtin_interfaces::msg::Time_<std::allocator<void> >[m[K’ {aka ‘[01m[Kstruct builtin_interfaces::msg::Time_<std::allocator<void> >[m[K’} has no member named ‘[01m[KtoSec[m[K’
[3.030s]   118 |     eskf_.updateMagnetometer(m, static_cast<uint64_t>(magMsg->header.stamp.[01;31m[KtoSec[m[K() * 1e6f), delta);
[3.030s]       |                                                                            [01;31m[K^~~~~[m[K
[3.030s] [01m[K/home/nakul/Desktop/bur/ros2_ws/src/2023-2024/state-estimation/src/Node.cpp:120:38:[m[K [01;31m[Kerror: [m[Kpassing ‘[01m[Kconst rclcpp::Time[m[K’ as ‘[01m[Kthis[m[K’ argument discards qualifiers [[01;31m[K-fpermissive[m[K]
[3.031s]   120 |   prevStampMagPose_ = magMsg->header.[01;31m[Kstamp[m[K;
[3.031s]       |                                      [01;31m[K^~~~~[m[K
[3.031s] In file included from [01m[K/opt/ros/foxy/include/rclcpp/clock.hpp:23[m[K,
[3.031s]                  from [01m[K/opt/ros/foxy/include/rclcpp/timer.hpp:27[m[K,
[3.031s]                  from [01m[K/opt/ros/foxy/include/rclcpp/callback_group.hpp:27[m[K,
[3.031s]                  from [01m[K/opt/ros/foxy/include/rclcpp/any_executable.hpp:20[m[K,
[3.031s]                  from [01m[K/opt/ros/foxy/include/rclcpp/memory_strategy.hpp:24[m[K,
[3.031s]                  from [01m[K/opt/ros/foxy/include/rclcpp/memory_strategies.hpp:18[m[K,
[3.031s]                  from [01m[K/opt/ros/foxy/include/rclcpp/executor_options.hpp:20[m[K,
[3.031s]                  from [01m[K/opt/ros/foxy/include/rclcpp/executor.hpp:33[m[K,
[3.031s]                  from [01m[K/opt/ros/foxy/include/rclcpp/executors/multi_threaded_executor.hpp:26[m[K,
[3.031s]                  from [01m[K/opt/ros/foxy/include/rclcpp/executors.hpp:21[m[K,
[3.032s]                  from [01m[K/opt/ros/foxy/include/rclcpp/rclcpp.hpp:146[m[K,
[3.032s]                  from [01m[K/home/nakul/Desktop/bur/ros2_ws/src/2023-2024/state-estimation/include/eskf/Node.hpp:4[m[K,
[3.032s]                  from [01m[K/home/nakul/Desktop/bur/ros2_ws/src/2023-2024/state-estimation/src/Node.cpp:1[m[K:
[3.032s] [01m[K/opt/ros/foxy/include/rclcpp/time.hpp:101:3:[m[K [01;36m[Knote: [m[K  in call to ‘[01m[Krclcpp::Time& rclcpp::Time::operator=(const Time&)[m[K’
[3.032s]   101 |   [01;36m[Koperator[m[K=(const builtin_interfaces::msg::Time & time_msg);
[3.032s]       |   [01;36m[K^~~~~~~~[m[K
[3.032s] [01m[K/home/nakul/Desktop/bur/ros2_ws/src/2023-2024/state-estimation/src/Node.cpp:[m[K At global scope:
[3.032s] [01m[K/home/nakul/Desktop/bur/ros2_ws/src/2023-2024/state-estimation/src/Node.cpp:123:6:[m[K [01;31m[Kerror: [m[Kdeclaration of ‘[01m[Kvoid eskf::Node::rangeFinderCallback(sensor_msgs::msg::Range_<std::allocator<void> >::SharedPtr) const[m[K’ outside of class is not definition [[01;31m[K-fpermissive[m[K]
[3.032s]   123 | void [01;31m[KNode[m[K::rangeFinderCallback(const sensor_msgs::msg::Range::SharedPtr rangeMsg) const; {
[3.032s]       |      [01;31m[K^~~~[m[K
[3.032s] [01m[K/home/nakul/Desktop/bur/ros2_ws/src/2023-2024/state-estimation/src/Node.cpp:123:90:[m[K [01;31m[Kerror: [m[Kexpected unqualified-id before ‘[01m[K{[m[K’ token
[3.033s]   123 | void Node::rangeFinderCallback(const sensor_msgs::msg::Range::SharedPtr rangeMsg) const; [01;31m[K{[m[K
[3.033s]       |                                                                                          [01;31m[K^[m[K
[3.033s] [01m[K/home/nakul/Desktop/bur/ros2_ws/src/2023-2024/state-estimation/src/Node.cpp:[m[K In member function ‘[01m[Kvoid eskf::Node::extendedStateCallback(mavros_msgs::msg::ExtendedState_<std::allocator<void> >::SharedPtr) const[m[K’:
[3.033s] [01m[K/home/nakul/Desktop/bur/ros2_ws/src/2023-2024/state-estimation/src/Node.cpp:133:112:[m[K [01;31m[Kerror: [m[Kpassing ‘[01m[Kconst eskf::ESKF[m[K’ as ‘[01m[Kthis[m[K’ argument discards qualifiers [[01;31m[K-fpermissive[m[K]
[3.033s]   133 |   eskf_.updateLandedState(extendedStateMsg->landed_state & mavros_msgs::msg::ExtendedState::LANDED_STATE_IN_AIR[01;31m[K)[m[K;
[3.033s]       |                                                                                                                [01;31m[K^[m[K
[3.033s] In file included from [01m[K/home/nakul/Desktop/bur/ros2_ws/src/2023-2024/state-estimation/include/eskf/Node.hpp:14[m[K,
[3.033s]                  from [01m[K/home/nakul/Desktop/bur/ros2_ws/src/2023-2024/state-estimation/src/Node.cpp:1[m[K:
[3.033s] [01m[K/home/nakul/Desktop/bur/ros2_ws/src/2023-2024/state-estimation/include/eskf/ESKF.hpp:24:10:[m[K [01;36m[Knote: [m[K  in call to ‘[01m[Kvoid eskf::ESKF::updateLandedState(uint8_t)[m[K’
[3.033s]    24 |     void [01;36m[KupdateLandedState[m[K(uint8_t landed_state);
[3.033s]       |          [01;36m[K^~~~~~~~~~~~~~~~~[m[K
[3.033s] [01m[K/home/nakul/Desktop/bur/ros2_ws/src/2023-2024/state-estimation/src/Node.cpp:[m[K In member function ‘[01m[Kvoid eskf::Node::publishState()[m[K’:
[3.034s] [01m[K/home/nakul/Desktop/bur/ros2_ws/src/2023-2024/state-estimation/src/Node.cpp:144:13:[m[K [01;31m[Kerror: [m[K‘[01m[KHeader[m[K’ is not a member of ‘[01m[Kstd_msgs[m[K’; did you mean ‘[01m[Kstd_msgs::msg::Header[m[K’?
[3.034s]   144 |   std_msgs::[01;31m[KHeader[m[K header;
[3.034s]       |             [01;31m[K^~~~~~[m[K
[3.034s] In file included from [01m[K/opt/ros/foxy/include/sensor_msgs/msg/detail/imu__struct.hpp:19[m[K,
[3.034s]                  from [01m[K/opt/ros/foxy/include/sensor_msgs/msg/imu.hpp:7[m[K,
[3.034s]                  from [01m[K/home/nakul/Desktop/bur/ros2_ws/src/2023-2024/state-estimation/include/eskf/Node.hpp:5[m[K,
[3.034s]                  from [01m[K/home/nakul/Desktop/bur/ros2_ws/src/2023-2024/state-estimation/src/Node.cpp:1[m[K:
[3.034s] [01m[K/opt/ros/foxy/include/std_msgs/msg/detail/header__struct.hpp:139:7:[m[K [01;36m[Knote: [m[K‘[01m[Kstd_msgs::msg::Header[m[K’ declared here
[3.034s]   139 | using [01;36m[KHeader[m[K =
[3.034s]       |       [01;36m[K^~~~~~[m[K
[3.034s] [01m[K/home/nakul/Desktop/bur/ros2_ws/src/2023-2024/state-estimation/src/Node.cpp:145:3:[m[K [01;31m[Kerror: [m[K‘[01m[Kheader[m[K’ was not declared in this scope
[3.034s]   145 |   [01;31m[Kheader[m[K.frame_id = "/pose";
[3.035s]       |   [01;31m[K^~~~~~[m[K
[3.035s] [01m[K/home/nakul/Desktop/bur/ros2_ws/src/2023-2024/state-estimation/src/Node.cpp:147:18:[m[K [01;31m[Kerror: [m[K‘[01m[Kros[m[K’ has not been declared
[3.035s]   147 |   header.stamp = [01;31m[Kros[m[K::Time::now();
[3.035s]       |                  [01;31m[K^~~[m[K
[3.035s] [01m[K/home/nakul/Desktop/bur/ros2_ws/src/2023-2024/state-estimation/src/Node.cpp:162:3:[m[K [01;31m[Kerror: [m[K‘[01m[KpubPose_[m[K’ was not declared in this scope; did you mean ‘[01m[KpubPose[m[K’?
[3.035s]   162 |   [01;31m[KpubPose_[m[K.publish(odom);
[3.035s]       |   [01;31m[K^~~~~~~~[m[K
[3.035s]       |   [32m[KpubPose[m[K
[3.520s] make[2]: *** [CMakeFiles/state-estimation.dir/build.make:63: CMakeFiles/state-estimation.dir/src/eskf.cpp.o] Error 1
[3.520s] make[2]: *** Waiting for unfinished jobs....
[3.776s] make[2]: *** [CMakeFiles/state-estimation.dir/build.make:76: CMakeFiles/state-estimation.dir/src/Node.cpp.o] Error 1
[3.776s] make[1]: *** [CMakeFiles/Makefile2:80: CMakeFiles/state-estimation.dir/all] Error 2
[3.777s] make: *** [Makefile:141: all] Error 2
[3.780s] Invoked command in '/home/nakul/Desktop/bur/ros2_ws/src/2023-2024/state-estimation/build/state-estimation' returned '2': /usr/bin/cmake --build /home/nakul/Desktop/bur/ros2_ws/src/2023-2024/state-estimation/build/state-estimation -- -j8 -l8
