[0.031s] Invoking command in '/home/bur/ros2_ws/build/zed_wrapper': AMENT_PREFIX_PATH=/home/bur/ros2_ws/install/zed_components:${AMENT_PREFIX_PATH} CMAKE_PREFIX_PATH=/home/bur/ros2_ws/install/zed_components:/home/bur/ros2_ws/install/zed_interfaces:/opt/ros/humble LD_LIBRARY_PATH=/home/bur/ros2_ws/install/zed_components/lib:/home/bur/ros2_ws/install/zed_interfaces/lib:/opt/ros/humble/opt/rviz_ogre_vendor/lib:/opt/ros/humble/lib/aarch64-linux-gnu:/opt/ros/humble/lib:/usr/local/cuda-11.4/lib64 PYTHONPATH=/home/bur/ros2_ws/install/zed_interfaces/lib/python3.9/site-packages:${PYTHONPATH} /usr/bin/cmake /home/bur/ros2_ws/src/zed-ros2-wrapper/zed_wrapper -DCMAKE_BUILD_TYPE=Release -DAMENT_CMAKE_SYMLINK_INSTALL=1 -DCMAKE_INSTALL_PREFIX=/home/bur/ros2_ws/install/zed_wrapper
[0.178s] -- The C compiler identification is GNU 9.4.0
[0.283s] -- The CXX compiler identification is GNU 9.4.0
[0.297s] -- Check for working C compiler: /usr/bin/cc
[0.437s] -- Check for working C compiler: /usr/bin/cc -- works
[0.441s] -- Detecting C compiler ABI info
[0.579s] -- Detecting C compiler ABI info - done
[0.612s] -- Detecting C compile features
[0.613s] -- Detecting C compile features - done
[0.619s] -- Check for working CXX compiler: /usr/bin/c++
[0.775s] -- Check for working CXX compiler: /usr/bin/c++ -- works
[0.778s] -- Detecting CXX compiler ABI info
[0.940s] -- Detecting CXX compiler ABI info - done
[0.968s] -- Detecting CXX compile features
[0.969s] -- Detecting CXX compile features - done
[0.979s] -- Looking for sgemm_
[1.118s] -- Looking for sgemm_ - not found
[1.122s] -- Looking for pthread.h
[1.277s] -- Looking for pthread.h - found
[1.277s] -- Performing Test CMAKE_HAVE_LIBC_PTHREAD
[1.433s] -- Performing Test CMAKE_HAVE_LIBC_PTHREAD - Failed
[1.434s] -- Looking for pthread_create in pthreads
[1.563s] -- Looking for pthread_create in pthreads - not found
[1.563s] -- Looking for pthread_create in pthread
[1.709s] -- Looking for pthread_create in pthread - found
[1.713s] -- Found Threads: TRUE  
[1.772s] -- Looking for sgemm_
[1.974s] -- Looking for sgemm_ - found
[1.975s] -- Found BLAS: /usr/lib/aarch64-linux-gnu/libopenblas.so  
[2.013s] -- Found CUDA: /usr/local/cuda-11.4 (found suitable version "11.4", minimum required is "11.4") 
[2.061s] -- Found CUDA: /usr/local/cuda-11.4 (found version "11.4") 
[2.066s] -- Found ament_cmake_auto: 1.3.6 (/opt/ros/humble/share/ament_cmake_auto/cmake)
[2.366s] -- Found Python3: /usr/bin/python3.9 (found version "3.9.5") found components: Interpreter 
[2.496s] -- Override CMake install command with custom implementation using symlinks instead of copying resources
[2.857s] -- Found rosidl_generator_c: 3.1.5 (/opt/ros/humble/share/rosidl_generator_c/cmake)
[2.869s] -- Found rosidl_adapter: 3.1.5 (/opt/ros/humble/share/rosidl_adapter/cmake)
[2.893s] -- Found rosidl_generator_cpp: 3.1.5 (/opt/ros/humble/share/rosidl_generator_cpp/cmake)
[2.931s] -- Using all available rosidl_typesupport_c: rosidl_typesupport_fastrtps_c;rosidl_typesupport_introspection_c
[2.987s] -- Using all available rosidl_typesupport_cpp: rosidl_typesupport_fastrtps_cpp;rosidl_typesupport_introspection_cpp
[3.189s] -- Found rmw_implementation_cmake: 6.1.1 (/opt/ros/humble/share/rmw_implementation_cmake/cmake)
[3.195s] -- Found rmw_fastrtps_cpp: 6.2.5 (/opt/ros/humble/share/rmw_fastrtps_cpp/cmake)
[3.507s] -- Found OpenSSL: /usr/lib/aarch64-linux-gnu/libcrypto.so (found version "1.1.1f")  
[3.569s] -- Found FastRTPS: /opt/ros/humble/include  
[3.690s] -- Using RMW implementation 'rmw_fastrtps_cpp' as default
[5.356s] -- Found eigen3_cmake_module: 0.1.1 (/opt/ros/humble/share/eigen3_cmake_module/cmake)
[5.359s] -- Found Eigen3: TRUE (found version "3.3.7") 
[5.359s] -- Ensuring Eigen3 include directory is part of orocos-kdl CMake target
[7.434s] -- Found ament_lint_auto: 0.12.9 (/opt/ros/humble/share/ament_lint_auto/cmake)
[8.488s] -- Added test 'copyright' to check source files copyright and LICENSE
[8.492s] -- Added test 'cppcheck' to perform static code analysis on C / C++ code
[8.493s] -- Configured cppcheck include dirs: /home/bur/ros2_ws/src/zed-ros2-wrapper/zed_wrapper/src
[8.494s] -- Configured cppcheck exclude dirs and/or files: 
[8.495s] -- Added test 'lint_cmake' to check CMake code style
[8.497s] -- Added test 'pep257' to check Python code against some of the docstring style conventions in PEP 257
[8.500s] -- Added test 'uncrustify' to check C / C++ code style
[8.500s] -- Configured uncrustify additional arguments: 
[8.502s] -- Added test 'xmllint' to check XML markup files
[8.515s] -- Configuring done
[8.678s] -- Generating done
[8.684s] -- Build files have been written to: /home/bur/ros2_ws/build/zed_wrapper
[8.735s] Invoked command in '/home/bur/ros2_ws/build/zed_wrapper' returned '0': AMENT_PREFIX_PATH=/home/bur/ros2_ws/install/zed_components:${AMENT_PREFIX_PATH} CMAKE_PREFIX_PATH=/home/bur/ros2_ws/install/zed_components:/home/bur/ros2_ws/install/zed_interfaces:/opt/ros/humble LD_LIBRARY_PATH=/home/bur/ros2_ws/install/zed_components/lib:/home/bur/ros2_ws/install/zed_interfaces/lib:/opt/ros/humble/opt/rviz_ogre_vendor/lib:/opt/ros/humble/lib/aarch64-linux-gnu:/opt/ros/humble/lib:/usr/local/cuda-11.4/lib64 PYTHONPATH=/home/bur/ros2_ws/install/zed_interfaces/lib/python3.9/site-packages:${PYTHONPATH} /usr/bin/cmake /home/bur/ros2_ws/src/zed-ros2-wrapper/zed_wrapper -DCMAKE_BUILD_TYPE=Release -DAMENT_CMAKE_SYMLINK_INSTALL=1 -DCMAKE_INSTALL_PREFIX=/home/bur/ros2_ws/install/zed_wrapper
[8.737s] Invoking command in '/home/bur/ros2_ws/build/zed_wrapper': AMENT_PREFIX_PATH=/home/bur/ros2_ws/install/zed_components:${AMENT_PREFIX_PATH} CMAKE_PREFIX_PATH=/home/bur/ros2_ws/install/zed_components:/home/bur/ros2_ws/install/zed_interfaces:/opt/ros/humble LD_LIBRARY_PATH=/home/bur/ros2_ws/install/zed_components/lib:/home/bur/ros2_ws/install/zed_interfaces/lib:/opt/ros/humble/opt/rviz_ogre_vendor/lib:/opt/ros/humble/lib/aarch64-linux-gnu:/opt/ros/humble/lib:/usr/local/cuda-11.4/lib64 PYTHONPATH=/home/bur/ros2_ws/install/zed_interfaces/lib/python3.9/site-packages:${PYTHONPATH} /usr/bin/cmake --build /home/bur/ros2_ws/build/zed_wrapper -- -j6 -l6
[8.856s] [35m[1mScanning dependencies of target zed_wrapper[0m
[9.107s] [ 50%] [32mBuilding CXX object CMakeFiles/zed_wrapper.dir/src/zed_wrapper.cpp.o[0m
[15.733s] In file included from [01m[K/home/bur/ros2_ws/install/zed_components/include/zed_components/zed_camera_component.hpp:19[m[K,
[15.734s]                  from [01m[K/home/bur/ros2_ws/src/zed-ros2-wrapper/zed_wrapper/src/zed_wrapper.cpp:17[m[K:
[15.734s] [01m[K/usr/local/zed/include/sl/Fusion.hpp:68:64:[m[K [01;36m[Knote: [m[K#pragma message: ~ FUSION SDK is distributed in Early Access ~
[15.734s]    68 | #pragma message("~ FUSION SDK is distributed in Early Access ~"[01;36m[K)[m[K
[15.734s]       |                                                                [01;36m[K^[m[K
[22.379s] [100%] [32m[1mLinking CXX executable zed_wrapper[0m
[23.196s] [100%] Built target zed_wrapper
[23.223s] Invoked command in '/home/bur/ros2_ws/build/zed_wrapper' returned '0': AMENT_PREFIX_PATH=/home/bur/ros2_ws/install/zed_components:${AMENT_PREFIX_PATH} CMAKE_PREFIX_PATH=/home/bur/ros2_ws/install/zed_components:/home/bur/ros2_ws/install/zed_interfaces:/opt/ros/humble LD_LIBRARY_PATH=/home/bur/ros2_ws/install/zed_components/lib:/home/bur/ros2_ws/install/zed_interfaces/lib:/opt/ros/humble/opt/rviz_ogre_vendor/lib:/opt/ros/humble/lib/aarch64-linux-gnu:/opt/ros/humble/lib:/usr/local/cuda-11.4/lib64 PYTHONPATH=/home/bur/ros2_ws/install/zed_interfaces/lib/python3.9/site-packages:${PYTHONPATH} /usr/bin/cmake --build /home/bur/ros2_ws/build/zed_wrapper -- -j6 -l6
[23.277s] Invoking command in '/home/bur/ros2_ws/build/zed_wrapper': AMENT_PREFIX_PATH=/home/bur/ros2_ws/install/zed_components:${AMENT_PREFIX_PATH} CMAKE_PREFIX_PATH=/home/bur/ros2_ws/install/zed_components:/home/bur/ros2_ws/install/zed_interfaces:/opt/ros/humble LD_LIBRARY_PATH=/home/bur/ros2_ws/install/zed_components/lib:/home/bur/ros2_ws/install/zed_interfaces/lib:/opt/ros/humble/opt/rviz_ogre_vendor/lib:/opt/ros/humble/lib/aarch64-linux-gnu:/opt/ros/humble/lib:/usr/local/cuda-11.4/lib64 PYTHONPATH=/home/bur/ros2_ws/install/zed_interfaces/lib/python3.9/site-packages:${PYTHONPATH} /usr/bin/cmake --install /home/bur/ros2_ws/build/zed_wrapper
[23.297s] -- Install configuration: "Release"
[23.297s] -- Execute custom install script
[23.298s] -- Symlinking: /home/bur/ros2_ws/install/zed_wrapper/lib/zed_wrapper/zed_wrapper
[23.319s] -- Symlinking: /home/bur/ros2_ws/install/zed_wrapper/share/zed_wrapper/config/common.yaml
[23.337s] -- Symlinking: /home/bur/ros2_ws/install/zed_wrapper/share/zed_wrapper/config/zed.yaml
[23.357s] -- Symlinking: /home/bur/ros2_ws/install/zed_wrapper/share/zed_wrapper/config/zed2.yaml
[23.375s] -- Symlinking: /home/bur/ros2_ws/install/zed_wrapper/share/zed_wrapper/config/zed2i.yaml
[23.394s] -- Symlinking: /home/bur/ros2_ws/install/zed_wrapper/share/zed_wrapper/config/zedm.yaml
[23.413s] -- Symlinking: /home/bur/ros2_ws/install/zed_wrapper/share/zed_wrapper/config/zedx.yaml
[23.432s] -- Symlinking: /home/bur/ros2_ws/install/zed_wrapper/share/zed_wrapper/config/zedxm.yaml
[23.452s] -- Symlinking: /home/bur/ros2_ws/install/zed_wrapper/share/zed_wrapper/urdf/include/materials.urdf.xacro
[23.470s] -- Symlinking: /home/bur/ros2_ws/install/zed_wrapper/share/zed_wrapper/urdf/zed_descr.urdf.xacro
[23.489s] -- Symlinking: /home/bur/ros2_ws/install/zed_wrapper/share/zed_wrapper/urdf/zed_macro.urdf.xacro
[23.509s] -- Symlinking: /home/bur/ros2_ws/install/zed_wrapper/share/zed_wrapper/launch/obsolete/zed.launch.py
[23.529s] -- Symlinking: /home/bur/ros2_ws/install/zed_wrapper/share/zed_wrapper/launch/obsolete/zed2.launch.py
[23.547s] -- Symlinking: /home/bur/ros2_ws/install/zed_wrapper/share/zed_wrapper/launch/obsolete/zed2i.launch.py
[23.566s] -- Symlinking: /home/bur/ros2_ws/install/zed_wrapper/share/zed_wrapper/launch/obsolete/zedm.launch.py
[23.585s] -- Symlinking: /home/bur/ros2_ws/install/zed_wrapper/share/zed_wrapper/launch/obsolete/zedx.launch.py
[23.604s] -- Symlinking: /home/bur/ros2_ws/install/zed_wrapper/share/zed_wrapper/launch/obsolete/zedxm.launch.py
[23.625s] -- Symlinking: /home/bur/ros2_ws/install/zed_wrapper/share/zed_wrapper/launch/zed_camera.launch.py
[23.643s] -- Symlinking: /home/bur/ros2_ws/install/zed_wrapper/share/ament_index/resource_index/package_run_dependencies/zed_wrapper
[23.661s] -- Symlinking: /home/bur/ros2_ws/install/zed_wrapper/share/ament_index/resource_index/parent_prefix_path/zed_wrapper
[23.681s] -- Symlinking: /home/bur/ros2_ws/install/zed_wrapper/share/zed_wrapper/environment/ament_prefix_path.sh
[23.699s] -- Symlinking: /home/bur/ros2_ws/install/zed_wrapper/share/zed_wrapper/environment/ament_prefix_path.dsv
[23.718s] -- Symlinking: /home/bur/ros2_ws/install/zed_wrapper/share/zed_wrapper/environment/path.sh
[23.737s] -- Symlinking: /home/bur/ros2_ws/install/zed_wrapper/share/zed_wrapper/environment/path.dsv
[23.757s] -- Symlinking: /home/bur/ros2_ws/install/zed_wrapper/share/zed_wrapper/local_setup.bash
[23.775s] -- Symlinking: /home/bur/ros2_ws/install/zed_wrapper/share/zed_wrapper/local_setup.sh
[23.793s] -- Symlinking: /home/bur/ros2_ws/install/zed_wrapper/share/zed_wrapper/local_setup.zsh
[23.813s] -- Symlinking: /home/bur/ros2_ws/install/zed_wrapper/share/zed_wrapper/local_setup.dsv
[23.833s] -- Symlinking: /home/bur/ros2_ws/install/zed_wrapper/share/zed_wrapper/package.dsv
[23.852s] -- Symlinking: /home/bur/ros2_ws/install/zed_wrapper/share/ament_index/resource_index/packages/zed_wrapper
[23.871s] -- Symlinking: /home/bur/ros2_ws/install/zed_wrapper/share/zed_wrapper/cmake/zed_wrapperConfig.cmake
[23.889s] -- Symlinking: /home/bur/ros2_ws/install/zed_wrapper/share/zed_wrapper/cmake/zed_wrapperConfig-version.cmake
[23.909s] -- Symlinking: /home/bur/ros2_ws/install/zed_wrapper/share/zed_wrapper/package.xml
[23.934s] Invoked command in '/home/bur/ros2_ws/build/zed_wrapper' returned '0': AMENT_PREFIX_PATH=/home/bur/ros2_ws/install/zed_components:${AMENT_PREFIX_PATH} CMAKE_PREFIX_PATH=/home/bur/ros2_ws/install/zed_components:/home/bur/ros2_ws/install/zed_interfaces:/opt/ros/humble LD_LIBRARY_PATH=/home/bur/ros2_ws/install/zed_components/lib:/home/bur/ros2_ws/install/zed_interfaces/lib:/opt/ros/humble/opt/rviz_ogre_vendor/lib:/opt/ros/humble/lib/aarch64-linux-gnu:/opt/ros/humble/lib:/usr/local/cuda-11.4/lib64 PYTHONPATH=/home/bur/ros2_ws/install/zed_interfaces/lib/python3.9/site-packages:${PYTHONPATH} /usr/bin/cmake --install /home/bur/ros2_ws/build/zed_wrapper
