-- The C compiler identification is GNU 9.4.0
-- The CXX compiler identification is GNU 9.4.0
-- Check for working C compiler: /usr/bin/cc
-- Check for working C compiler: /usr/bin/cc -- works
-- Detecting C compiler ABI info
-- Detecting C compiler ABI info - done
-- Detecting C compile features
-- Detecting C compile features - done
-- Check for working CXX compiler: /usr/bin/c++
-- Check for working CXX compiler: /usr/bin/c++ -- works
-- Detecting CXX compiler ABI info
-- Detecting CXX compiler ABI info - done
-- Detecting CXX compile features
-- Detecting CXX compile features - done
-- Found OpenCV: /usr (found suitable version "4.5.4", minimum required is "4") 
-- Looking for sgemm_
-- Looking for sgemm_ - not found
-- Looking for pthread.h
-- Looking for pthread.h - found
-- Performing Test CMAKE_HAVE_LIBC_PTHREAD
-- Performing Test CMAKE_HAVE_LIBC_PTHREAD - Failed
-- Looking for pthread_create in pthreads
-- Looking for pthread_create in pthreads - not found
-- Looking for pthread_create in pthread
-- Looking for pthread_create in pthread - found
-- Found Threads: TRUE  
-- Looking for sgemm_
-- Looking for sgemm_ - found
-- Found BLAS: /usr/lib/aarch64-linux-gnu/libopenblas.so  
-- Found CUDA: /usr/local/cuda-11.4 (found suitable version "11.4", minimum required is "11.4") 
-- Found CUDA: /usr/local/cuda-11.4 (found version "11.4") 
-- Found ament_cmake_auto: 1.3.6 (/opt/ros/humble/share/ament_cmake_auto/cmake)
-- Found Python3: /usr/bin/python3.9 (found version "3.9.5") found components: Interpreter 
-- Override CMake install command with custom implementation using symlinks instead of copying resources
-- Found rosidl_generator_c: 3.1.5 (/opt/ros/humble/share/rosidl_generator_c/cmake)
-- Found rosidl_adapter: 3.1.5 (/opt/ros/humble/share/rosidl_adapter/cmake)
-- Found rosidl_generator_cpp: 3.1.5 (/opt/ros/humble/share/rosidl_generator_cpp/cmake)
-- Using all available rosidl_typesupport_c: rosidl_typesupport_fastrtps_c;rosidl_typesupport_introspection_c
-- Using all available rosidl_typesupport_cpp: rosidl_typesupport_fastrtps_cpp;rosidl_typesupport_introspection_cpp
-- Found rmw_implementation_cmake: 6.1.1 (/opt/ros/humble/share/rmw_implementation_cmake/cmake)
-- Found rmw_fastrtps_cpp: 6.2.5 (/opt/ros/humble/share/rmw_fastrtps_cpp/cmake)
-- Found OpenSSL: /usr/lib/aarch64-linux-gnu/libcrypto.so (found version "1.1.1f")  
-- Found FastRTPS: /opt/ros/humble/include  
-- Using RMW implementation 'rmw_fastrtps_cpp' as default
-- Found eigen3_cmake_module: 0.1.1 (/opt/ros/humble/share/eigen3_cmake_module/cmake)
-- Found Eigen3: TRUE (found version "3.3.7") 
-- Ensuring Eigen3 include directory is part of orocos-kdl CMake target
-- Found ament_lint_auto: 0.12.9 (/opt/ros/humble/share/ament_lint_auto/cmake)
-- Added test 'copyright' to check source files copyright and LICENSE
-- Added test 'cppcheck' to perform static code analysis on C / C++ code
-- Configured cppcheck include dirs: /home/bur/ros2_ws/src/zed-ros2-examples/examples/zed_aruco_localization/src/include;/home/bur/ros2_ws/src/zed-ros2-examples/examples/zed_aruco_localization/src/component/include
-- Configured cppcheck exclude dirs and/or files: 
-- Added test 'cpplint' to check C / C++ code against the Google style
-- Configured cpplint exclude dirs and/or files: 
-- Added test 'flake8' to check Python code syntax and style conventions
-- Added test 'lint_cmake' to check CMake code style
-- Added test 'pep257' to check Python code against some of the docstring style conventions in PEP 257
-- Added test 'uncrustify' to check C / C++ code style
-- Configured uncrustify additional arguments: 
-- Added test 'xmllint' to check XML markup files
-- Configuring done
-- Generating done
-- Build files have been written to: /home/bur/ros2_ws/build/zed_aruco_localization
[35m[1mScanning dependencies of target zed_aruco_localization_component[0m
[ 66%] [32mBuilding CXX object CMakeFiles/zed_aruco_localization_component.dir/src/component/src/aruco.cpp.o[0m
[ 66%] [32mBuilding CXX object CMakeFiles/zed_aruco_localization_component.dir/src/component/src/zed_aruco_localization_component.cpp.o[0m
[100%] [32m[1mLinking CXX shared library libzed_aruco_localization_component.so[0m
[100%] Built target zed_aruco_localization_component
-- Install configuration: "Release"
-- Execute custom install script
-- Symlinking: /home/bur/ros2_ws/install/zed_aruco_localization/lib/libzed_aruco_localization_component.so
-- Symlinking: /home/bur/ros2_ws/install/zed_aruco_localization/include/zed_aruco_localization//aruco_loc_visibility_control.hpp
-- Symlinking: /home/bur/ros2_ws/install/zed_aruco_localization/include/zed_aruco_localization//aruco.hpp
-- Symlinking: /home/bur/ros2_ws/install/zed_aruco_localization/include/zed_aruco_localization//zed_aruco_localization_component.hpp
-- Symlinking: /home/bur/ros2_ws/install/zed_aruco_localization/share/zed_aruco_localization/launch/zed_aruco_loc.launch.py
-- Symlinking: /home/bur/ros2_ws/install/zed_aruco_localization/share/zed_aruco_localization/config/aruco_loc.yaml
-- Symlinking: /home/bur/ros2_ws/install/zed_aruco_localization/share/zed_aruco_localization/rviz2/aruco.rviz
-- Symlinking: /home/bur/ros2_ws/install/zed_aruco_localization/share/zed_aruco_localization/environment/library_path.sh
-- Symlinking: /home/bur/ros2_ws/install/zed_aruco_localization/share/zed_aruco_localization/environment/library_path.dsv
-- Symlinking: /home/bur/ros2_ws/install/zed_aruco_localization/share/ament_index/resource_index/package_run_dependencies/zed_aruco_localization
-- Symlinking: /home/bur/ros2_ws/install/zed_aruco_localization/share/ament_index/resource_index/parent_prefix_path/zed_aruco_localization
-- Symlinking: /home/bur/ros2_ws/install/zed_aruco_localization/share/zed_aruco_localization/environment/ament_prefix_path.sh
-- Symlinking: /home/bur/ros2_ws/install/zed_aruco_localization/share/zed_aruco_localization/environment/ament_prefix_path.dsv
-- Symlinking: /home/bur/ros2_ws/install/zed_aruco_localization/share/zed_aruco_localization/environment/path.sh
-- Symlinking: /home/bur/ros2_ws/install/zed_aruco_localization/share/zed_aruco_localization/environment/path.dsv
-- Symlinking: /home/bur/ros2_ws/install/zed_aruco_localization/share/zed_aruco_localization/local_setup.bash
-- Symlinking: /home/bur/ros2_ws/install/zed_aruco_localization/share/zed_aruco_localization/local_setup.sh
-- Symlinking: /home/bur/ros2_ws/install/zed_aruco_localization/share/zed_aruco_localization/local_setup.zsh
-- Symlinking: /home/bur/ros2_ws/install/zed_aruco_localization/share/zed_aruco_localization/local_setup.dsv
-- Symlinking: /home/bur/ros2_ws/install/zed_aruco_localization/share/zed_aruco_localization/package.dsv
-- Symlinking: /home/bur/ros2_ws/install/zed_aruco_localization/share/ament_index/resource_index/packages/zed_aruco_localization
-- Symlinking: /home/bur/ros2_ws/install/zed_aruco_localization/share/ament_index/resource_index/rclcpp_components/zed_aruco_localization
-- Symlinking: /home/bur/ros2_ws/install/zed_aruco_localization/share/zed_aruco_localization/cmake/ament_cmake_export_include_directories-extras.cmake
-- Symlinking: /home/bur/ros2_ws/install/zed_aruco_localization/share/zed_aruco_localization/cmake/ament_cmake_export_libraries-extras.cmake
-- Symlinking: /home/bur/ros2_ws/install/zed_aruco_localization/share/zed_aruco_localization/cmake/ament_cmake_export_dependencies-extras.cmake
-- Symlinking: /home/bur/ros2_ws/install/zed_aruco_localization/share/zed_aruco_localization/cmake/zed_aruco_localizationConfig.cmake
-- Symlinking: /home/bur/ros2_ws/install/zed_aruco_localization/share/zed_aruco_localization/cmake/zed_aruco_localizationConfig-version.cmake
-- Symlinking: /home/bur/ros2_ws/install/zed_aruco_localization/share/zed_aruco_localization/package.xml
