[0.083s] Invoking command in '/home/bur/ros2_ws/build/zed_aruco_localization': CMAKE_PREFIX_PATH=/home/bur/ros2_ws/install/zed_components:/home/bur/ros2_ws/install/zed_interfaces:/home/bur/ros2_ws/install/zed_ros2:/home/bur/ros2_ws/install/zed_wrapper:/opt/ros/humble LD_LIBRARY_PATH=/home/bur/ros2_ws/install/zed_components/lib:/home/bur/ros2_ws/install/zed_interfaces/lib:/opt/ros/humble/opt/rviz_ogre_vendor/lib:/opt/ros/humble/lib/aarch64-linux-gnu:/opt/ros/humble/lib:/usr/local/cuda-11.4/lib64 /usr/bin/cmake /home/bur/ros2_ws/src/zed-ros2-examples/examples/zed_aruco_localization -DCMAKE_BUILD_TYPE=Release -DAMENT_CMAKE_SYMLINK_INSTALL=1 -DCMAKE_INSTALL_PREFIX=/home/bur/ros2_ws/install/zed_aruco_localization
[8.594s] -- The C compiler identification is GNU 9.4.0
[8.594s] -- The CXX compiler identification is GNU 9.4.0
[8.594s] -- Check for working C compiler: /usr/bin/cc
[8.594s] -- Check for working C compiler: /usr/bin/cc -- works
[8.595s] -- Detecting C compiler ABI info
[8.595s] -- Detecting C compiler ABI info - done
[8.595s] -- Detecting C compile features
[8.595s] -- Detecting C compile features - done
[8.595s] -- Check for working CXX compiler: /usr/bin/c++
[8.595s] -- Check for working CXX compiler: /usr/bin/c++ -- works
[8.595s] -- Detecting CXX compiler ABI info
[8.596s] -- Detecting CXX compiler ABI info - done
[8.596s] -- Detecting CXX compile features
[8.596s] -- Detecting CXX compile features - done
[8.596s] -- Found OpenCV: /usr (found suitable version "4.5.4", minimum required is "4") 
[8.596s] -- Looking for sgemm_
[8.596s] -- Looking for sgemm_ - not found
[8.596s] -- Looking for pthread.h
[8.596s] -- Looking for pthread.h - found
[8.597s] -- Performing Test CMAKE_HAVE_LIBC_PTHREAD
[8.597s] -- Performing Test CMAKE_HAVE_LIBC_PTHREAD - Failed
[8.597s] -- Looking for pthread_create in pthreads
[8.597s] -- Looking for pthread_create in pthreads - not found
[8.597s] -- Looking for pthread_create in pthread
[8.597s] -- Looking for pthread_create in pthread - found
[8.597s] -- Found Threads: TRUE  
[8.597s] -- Looking for sgemm_
[8.597s] -- Looking for sgemm_ - found
[8.598s] -- Found BLAS: /usr/lib/aarch64-linux-gnu/libopenblas.so  
[8.598s] -- Found CUDA: /usr/local/cuda-11.4 (found suitable version "11.4", minimum required is "11.4") 
[8.598s] -- Found CUDA: /usr/local/cuda-11.4 (found version "11.4") 
[8.598s] -- Found ament_cmake_auto: 1.3.6 (/opt/ros/humble/share/ament_cmake_auto/cmake)
[8.598s] -- Found Python3: /usr/bin/python3.9 (found version "3.9.5") found components: Interpreter 
[8.598s] -- Override CMake install command with custom implementation using symlinks instead of copying resources
[8.598s] -- Found rosidl_generator_c: 3.1.5 (/opt/ros/humble/share/rosidl_generator_c/cmake)
[8.598s] -- Found rosidl_adapter: 3.1.5 (/opt/ros/humble/share/rosidl_adapter/cmake)
[8.599s] -- Found rosidl_generator_cpp: 3.1.5 (/opt/ros/humble/share/rosidl_generator_cpp/cmake)
[8.599s] -- Using all available rosidl_typesupport_c: rosidl_typesupport_fastrtps_c;rosidl_typesupport_introspection_c
[8.607s] -- Using all available rosidl_typesupport_cpp: rosidl_typesupport_fastrtps_cpp;rosidl_typesupport_introspection_cpp
[8.607s] -- Found rmw_implementation_cmake: 6.1.1 (/opt/ros/humble/share/rmw_implementation_cmake/cmake)
[8.608s] -- Found rmw_fastrtps_cpp: 6.2.5 (/opt/ros/humble/share/rmw_fastrtps_cpp/cmake)
[8.608s] -- Found OpenSSL: /usr/lib/aarch64-linux-gnu/libcrypto.so (found version "1.1.1f")  
[8.608s] -- Found FastRTPS: /opt/ros/humble/include  
[8.608s] -- Using RMW implementation 'rmw_fastrtps_cpp' as default
[10.293s] -- Found eigen3_cmake_module: 0.1.1 (/opt/ros/humble/share/eigen3_cmake_module/cmake)
[10.297s] -- Found Eigen3: TRUE (found version "3.3.7") 
[10.297s] -- Ensuring Eigen3 include directory is part of orocos-kdl CMake target
[13.423s] -- Found ament_lint_auto: 0.12.9 (/opt/ros/humble/share/ament_lint_auto/cmake)
[13.621s] -- Added test 'copyright' to check source files copyright and LICENSE
[13.633s] -- Added test 'cppcheck' to perform static code analysis on C / C++ code
[13.634s] -- Configured cppcheck include dirs: /home/bur/ros2_ws/src/zed-ros2-examples/examples/zed_aruco_localization/src/include;/home/bur/ros2_ws/src/zed-ros2-examples/examples/zed_aruco_localization/src/component/include
[13.634s] -- Configured cppcheck exclude dirs and/or files: 
[13.638s] -- Added test 'cpplint' to check C / C++ code against the Google style
[13.638s] -- Configured cpplint exclude dirs and/or files: 
[13.639s] -- Added test 'flake8' to check Python code syntax and style conventions
[13.641s] -- Added test 'lint_cmake' to check CMake code style
[13.643s] -- Added test 'pep257' to check Python code against some of the docstring style conventions in PEP 257
[13.659s] -- Added test 'uncrustify' to check C / C++ code style
[13.659s] -- Configured uncrustify additional arguments: 
[13.660s] -- Added test 'xmllint' to check XML markup files
[13.705s] -- Configuring done
[13.819s] -- Generating done
[13.826s] -- Build files have been written to: /home/bur/ros2_ws/build/zed_aruco_localization
[13.955s] Invoked command in '/home/bur/ros2_ws/build/zed_aruco_localization' returned '0': CMAKE_PREFIX_PATH=/home/bur/ros2_ws/install/zed_components:/home/bur/ros2_ws/install/zed_interfaces:/home/bur/ros2_ws/install/zed_ros2:/home/bur/ros2_ws/install/zed_wrapper:/opt/ros/humble LD_LIBRARY_PATH=/home/bur/ros2_ws/install/zed_components/lib:/home/bur/ros2_ws/install/zed_interfaces/lib:/opt/ros/humble/opt/rviz_ogre_vendor/lib:/opt/ros/humble/lib/aarch64-linux-gnu:/opt/ros/humble/lib:/usr/local/cuda-11.4/lib64 /usr/bin/cmake /home/bur/ros2_ws/src/zed-ros2-examples/examples/zed_aruco_localization -DCMAKE_BUILD_TYPE=Release -DAMENT_CMAKE_SYMLINK_INSTALL=1 -DCMAKE_INSTALL_PREFIX=/home/bur/ros2_ws/install/zed_aruco_localization
[13.964s] Invoking command in '/home/bur/ros2_ws/build/zed_aruco_localization': CMAKE_PREFIX_PATH=/home/bur/ros2_ws/install/zed_components:/home/bur/ros2_ws/install/zed_interfaces:/home/bur/ros2_ws/install/zed_ros2:/home/bur/ros2_ws/install/zed_wrapper:/opt/ros/humble LD_LIBRARY_PATH=/home/bur/ros2_ws/install/zed_components/lib:/home/bur/ros2_ws/install/zed_interfaces/lib:/opt/ros/humble/opt/rviz_ogre_vendor/lib:/opt/ros/humble/lib/aarch64-linux-gnu:/opt/ros/humble/lib:/usr/local/cuda-11.4/lib64 /usr/bin/cmake --build /home/bur/ros2_ws/build/zed_aruco_localization -- -j6 -l6
[22.646s] [35m[1mScanning dependencies of target zed_aruco_localization_component[0m
[22.646s] [ 66%] [32mBuilding CXX object CMakeFiles/zed_aruco_localization_component.dir/src/component/src/aruco.cpp.o[0m
[22.647s] [ 66%] [32mBuilding CXX object CMakeFiles/zed_aruco_localization_component.dir/src/component/src/zed_aruco_localization_component.cpp.o[0m
[68.102s] [100%] [32m[1mLinking CXX shared library libzed_aruco_localization_component.so[0m
[69.369s] [100%] Built target zed_aruco_localization_component
[69.443s] Invoked command in '/home/bur/ros2_ws/build/zed_aruco_localization' returned '0': CMAKE_PREFIX_PATH=/home/bur/ros2_ws/install/zed_components:/home/bur/ros2_ws/install/zed_interfaces:/home/bur/ros2_ws/install/zed_ros2:/home/bur/ros2_ws/install/zed_wrapper:/opt/ros/humble LD_LIBRARY_PATH=/home/bur/ros2_ws/install/zed_components/lib:/home/bur/ros2_ws/install/zed_interfaces/lib:/opt/ros/humble/opt/rviz_ogre_vendor/lib:/opt/ros/humble/lib/aarch64-linux-gnu:/opt/ros/humble/lib:/usr/local/cuda-11.4/lib64 /usr/bin/cmake --build /home/bur/ros2_ws/build/zed_aruco_localization -- -j6 -l6
[69.626s] Invoking command in '/home/bur/ros2_ws/build/zed_aruco_localization': CMAKE_PREFIX_PATH=/home/bur/ros2_ws/install/zed_components:/home/bur/ros2_ws/install/zed_interfaces:/home/bur/ros2_ws/install/zed_ros2:/home/bur/ros2_ws/install/zed_wrapper:/opt/ros/humble LD_LIBRARY_PATH=/home/bur/ros2_ws/install/zed_components/lib:/home/bur/ros2_ws/install/zed_interfaces/lib:/opt/ros/humble/opt/rviz_ogre_vendor/lib:/opt/ros/humble/lib/aarch64-linux-gnu:/opt/ros/humble/lib:/usr/local/cuda-11.4/lib64 /usr/bin/cmake --install /home/bur/ros2_ws/build/zed_aruco_localization
[70.159s] -- Install configuration: "Release"
[70.159s] -- Execute custom install script
[70.160s] -- Symlinking: /home/bur/ros2_ws/install/zed_aruco_localization/lib/libzed_aruco_localization_component.so
[70.160s] -- Symlinking: /home/bur/ros2_ws/install/zed_aruco_localization/include/zed_aruco_localization//aruco_loc_visibility_control.hpp
[70.160s] -- Symlinking: /home/bur/ros2_ws/install/zed_aruco_localization/include/zed_aruco_localization//aruco.hpp
[70.161s] -- Symlinking: /home/bur/ros2_ws/install/zed_aruco_localization/include/zed_aruco_localization//zed_aruco_localization_component.hpp
[70.161s] -- Symlinking: /home/bur/ros2_ws/install/zed_aruco_localization/share/zed_aruco_localization/launch/zed_aruco_loc.launch.py
[70.161s] -- Symlinking: /home/bur/ros2_ws/install/zed_aruco_localization/share/zed_aruco_localization/config/aruco_loc.yaml
[70.161s] -- Symlinking: /home/bur/ros2_ws/install/zed_aruco_localization/share/zed_aruco_localization/rviz2/aruco.rviz
[70.161s] -- Symlinking: /home/bur/ros2_ws/install/zed_aruco_localization/share/zed_aruco_localization/environment/library_path.sh
[70.161s] -- Symlinking: /home/bur/ros2_ws/install/zed_aruco_localization/share/zed_aruco_localization/environment/library_path.dsv
[70.162s] -- Symlinking: /home/bur/ros2_ws/install/zed_aruco_localization/share/ament_index/resource_index/package_run_dependencies/zed_aruco_localization
[70.212s] -- Symlinking: /home/bur/ros2_ws/install/zed_aruco_localization/share/ament_index/resource_index/parent_prefix_path/zed_aruco_localization
[70.249s] -- Symlinking: /home/bur/ros2_ws/install/zed_aruco_localization/share/zed_aruco_localization/environment/ament_prefix_path.sh
[70.286s] -- Symlinking: /home/bur/ros2_ws/install/zed_aruco_localization/share/zed_aruco_localization/environment/ament_prefix_path.dsv
[70.322s] -- Symlinking: /home/bur/ros2_ws/install/zed_aruco_localization/share/zed_aruco_localization/environment/path.sh
[70.356s] -- Symlinking: /home/bur/ros2_ws/install/zed_aruco_localization/share/zed_aruco_localization/environment/path.dsv
[70.385s] -- Symlinking: /home/bur/ros2_ws/install/zed_aruco_localization/share/zed_aruco_localization/local_setup.bash
[70.440s] -- Symlinking: /home/bur/ros2_ws/install/zed_aruco_localization/share/zed_aruco_localization/local_setup.sh
[70.468s] -- Symlinking: /home/bur/ros2_ws/install/zed_aruco_localization/share/zed_aruco_localization/local_setup.zsh
[70.507s] -- Symlinking: /home/bur/ros2_ws/install/zed_aruco_localization/share/zed_aruco_localization/local_setup.dsv
[70.531s] -- Symlinking: /home/bur/ros2_ws/install/zed_aruco_localization/share/zed_aruco_localization/package.dsv
[70.558s] -- Symlinking: /home/bur/ros2_ws/install/zed_aruco_localization/share/ament_index/resource_index/packages/zed_aruco_localization
[70.596s] -- Symlinking: /home/bur/ros2_ws/install/zed_aruco_localization/share/ament_index/resource_index/rclcpp_components/zed_aruco_localization
[70.638s] -- Symlinking: /home/bur/ros2_ws/install/zed_aruco_localization/share/zed_aruco_localization/cmake/ament_cmake_export_include_directories-extras.cmake
[70.670s] -- Symlinking: /home/bur/ros2_ws/install/zed_aruco_localization/share/zed_aruco_localization/cmake/ament_cmake_export_libraries-extras.cmake
[70.706s] -- Symlinking: /home/bur/ros2_ws/install/zed_aruco_localization/share/zed_aruco_localization/cmake/ament_cmake_export_dependencies-extras.cmake
[70.739s] -- Symlinking: /home/bur/ros2_ws/install/zed_aruco_localization/share/zed_aruco_localization/cmake/zed_aruco_localizationConfig.cmake
[70.771s] -- Symlinking: /home/bur/ros2_ws/install/zed_aruco_localization/share/zed_aruco_localization/cmake/zed_aruco_localizationConfig-version.cmake
[70.794s] -- Symlinking: /home/bur/ros2_ws/install/zed_aruco_localization/share/zed_aruco_localization/package.xml
[70.829s] Invoked command in '/home/bur/ros2_ws/build/zed_aruco_localization' returned '0': CMAKE_PREFIX_PATH=/home/bur/ros2_ws/install/zed_components:/home/bur/ros2_ws/install/zed_interfaces:/home/bur/ros2_ws/install/zed_ros2:/home/bur/ros2_ws/install/zed_wrapper:/opt/ros/humble LD_LIBRARY_PATH=/home/bur/ros2_ws/install/zed_components/lib:/home/bur/ros2_ws/install/zed_interfaces/lib:/opt/ros/humble/opt/rviz_ogre_vendor/lib:/opt/ros/humble/lib/aarch64-linux-gnu:/opt/ros/humble/lib:/usr/local/cuda-11.4/lib64 /usr/bin/cmake --install /home/bur/ros2_ws/build/zed_aruco_localization
