[0.261s] Invoking command in '/home/grape/2023-2024/ros2_ws/build/thruster_manager': CMAKE_PREFIX_PATH=${CMAKE_PREFIX_PATH}:/opt/ros/humble /usr/bin/cmake --build /home/grape/2023-2024/ros2_ws/build/thruster_manager -- -j8 -l8
[0.335s] [35m[1mConsolidate compiler generated dependencies of target thruster_manager[0m
[0.340s] [35m[1mConsolidate compiler generated dependencies of target thruster_manager_node[0m
[0.380s] [ 28%] Built target thruster_manager_node
[0.385s] [ 71%] Built target thruster_manager
[0.404s] [35m[1mConsolidate compiler generated dependencies of target publish_wrenches[0m
[0.447s] [100%] Built target publish_wrenches
[0.471s] Invoked command in '/home/grape/2023-2024/ros2_ws/build/thruster_manager' returned '0': CMAKE_PREFIX_PATH=${CMAKE_PREFIX_PATH}:/opt/ros/humble /usr/bin/cmake --build /home/grape/2023-2024/ros2_ws/build/thruster_manager -- -j8 -l8
[0.568s] Invoking command in '/home/grape/2023-2024/ros2_ws/build/thruster_manager': CMAKE_PREFIX_PATH=${CMAKE_PREFIX_PATH}:/opt/ros/humble /usr/bin/cmake --install /home/grape/2023-2024/ros2_ws/build/thruster_manager
[0.583s] -- Install configuration: ""
[0.584s] -- Up-to-date: /home/grape/2023-2024/ros2_ws/install/thruster_manager/share/thruster_manager/environment/library_path.sh
[0.584s] -- Up-to-date: /home/grape/2023-2024/ros2_ws/install/thruster_manager/share/thruster_manager/environment/library_path.dsv
[0.584s] -- Up-to-date: /home/grape/2023-2024/ros2_ws/install/thruster_manager/lib/thruster_manager/thruster_manager_node
[0.585s] -- Up-to-date: /home/grape/2023-2024/ros2_ws/install/thruster_manager/lib/libthruster_manager.so
[0.586s] -- Up-to-date: /home/grape/2023-2024/ros2_ws/install/thruster_manager/lib/thruster_manager/publish_wrenches
[0.587s] -- Up-to-date: /home/grape/2023-2024/ros2_ws/install/thruster_manager/include
[0.587s] -- Up-to-date: /home/grape/2023-2024/ros2_ws/install/thruster_manager/include/thruster_manager
[0.588s] -- Up-to-date: /home/grape/2023-2024/ros2_ws/install/thruster_manager/include/thruster_manager/model_parser.h
[0.588s] -- Up-to-date: /home/grape/2023-2024/ros2_ws/install/thruster_manager/include/thruster_manager/thruster_link.h
[0.589s] -- Up-to-date: /home/grape/2023-2024/ros2_ws/install/thruster_manager/include/thruster_manager/thruster_manager.h
[0.589s] -- Up-to-date: /home/grape/2023-2024/ros2_ws/install/thruster_manager/include/thruster_manager/thruster_manager_node.h
[0.590s] -- Up-to-date: /home/grape/2023-2024/ros2_ws/install/thruster_manager/include/thruster_manager
[0.590s] -- Up-to-date: /home/grape/2023-2024/ros2_ws/install/thruster_manager/include/thruster_manager/thruster_manager
[0.591s] -- Up-to-date: /home/grape/2023-2024/ros2_ws/install/thruster_manager/include/thruster_manager/thruster_manager/model_parser.h
[0.592s] -- Up-to-date: /home/grape/2023-2024/ros2_ws/install/thruster_manager/include/thruster_manager/thruster_manager/thruster_link.h
[0.592s] -- Up-to-date: /home/grape/2023-2024/ros2_ws/install/thruster_manager/include/thruster_manager/thruster_manager/thruster_manager.h
[0.593s] -- Up-to-date: /home/grape/2023-2024/ros2_ws/install/thruster_manager/include/thruster_manager/thruster_manager/thruster_manager_node.h
[0.593s] -- Up-to-date: /home/grape/2023-2024/ros2_ws/install/thruster_manager/share/thruster_manager/environment/library_path.sh
[0.594s] -- Up-to-date: /home/grape/2023-2024/ros2_ws/install/thruster_manager/share/thruster_manager/environment/library_path.dsv
[0.595s] -- Up-to-date: /home/grape/2023-2024/ros2_ws/install/thruster_manager/share/ament_index/resource_index/package_run_dependencies/thruster_manager
[0.596s] -- Up-to-date: /home/grape/2023-2024/ros2_ws/install/thruster_manager/share/ament_index/resource_index/parent_prefix_path/thruster_manager
[0.596s] -- Up-to-date: /home/grape/2023-2024/ros2_ws/install/thruster_manager/share/thruster_manager/environment/ament_prefix_path.sh
[0.597s] -- Up-to-date: /home/grape/2023-2024/ros2_ws/install/thruster_manager/share/thruster_manager/environment/ament_prefix_path.dsv
[0.598s] -- Up-to-date: /home/grape/2023-2024/ros2_ws/install/thruster_manager/share/thruster_manager/environment/path.sh
[0.598s] -- Up-to-date: /home/grape/2023-2024/ros2_ws/install/thruster_manager/share/thruster_manager/environment/path.dsv
[0.599s] -- Up-to-date: /home/grape/2023-2024/ros2_ws/install/thruster_manager/share/thruster_manager/local_setup.bash
[0.600s] -- Up-to-date: /home/grape/2023-2024/ros2_ws/install/thruster_manager/share/thruster_manager/local_setup.sh
[0.600s] -- Up-to-date: /home/grape/2023-2024/ros2_ws/install/thruster_manager/share/thruster_manager/local_setup.zsh
[0.601s] -- Up-to-date: /home/grape/2023-2024/ros2_ws/install/thruster_manager/share/thruster_manager/local_setup.dsv
[0.602s] -- Installing: /home/grape/2023-2024/ros2_ws/install/thruster_manager/share/thruster_manager/package.dsv
[0.602s] -- Up-to-date: /home/grape/2023-2024/ros2_ws/install/thruster_manager/share/ament_index/resource_index/packages/thruster_manager
[0.603s] -- Up-to-date: /home/grape/2023-2024/ros2_ws/install/thruster_manager/share/ament_index/resource_index/rclcpp_components/thruster_manager
[0.604s] -- Up-to-date: /home/grape/2023-2024/ros2_ws/install/thruster_manager/share/thruster_manager/cmake/ament_cmake_export_libraries-extras.cmake
[0.604s] -- Up-to-date: /home/grape/2023-2024/ros2_ws/install/thruster_manager/share/thruster_manager/cmake/ament_cmake_export_include_directories-extras.cmake
[0.605s] -- Up-to-date: /home/grape/2023-2024/ros2_ws/install/thruster_manager/share/thruster_manager/cmake/ament_cmake_export_dependencies-extras.cmake
[0.605s] -- Up-to-date: /home/grape/2023-2024/ros2_ws/install/thruster_manager/share/thruster_manager/cmake/thruster_managerConfig.cmake
[0.606s] -- Up-to-date: /home/grape/2023-2024/ros2_ws/install/thruster_manager/share/thruster_manager/cmake/thruster_managerConfig-version.cmake
[0.606s] -- Up-to-date: /home/grape/2023-2024/ros2_ws/install/thruster_manager/share/thruster_manager/package.xml
[0.606s] Invoked command in '/home/grape/2023-2024/ros2_ws/build/thruster_manager' returned '0': CMAKE_PREFIX_PATH=${CMAKE_PREFIX_PATH}:/opt/ros/humble /usr/bin/cmake --install /home/grape/2023-2024/ros2_ws/build/thruster_manager
