[0.207s] Invoking command in '/home/nakul/Desktop/bur/ros2_ws/src/2023-2024/state-estimation/build/state-estimation': /usr/bin/cmake --build /home/nakul/Desktop/bur/ros2_ws/src/2023-2024/state-estimation/build/state-estimation -- -j8 -l8
[0.272s] [ 40%] Built target ESKF
[0.295s] [35m[1mScanning dependencies of target state-estimation[0m
[0.355s] [ 60%] [32mBuilding CXX object CMakeFiles/state-estimation.dir/src/eskf.cpp.o[0m
[0.355s] [ 80%] [32mBuilding CXX object CMakeFiles/state-estimation.dir/src/Node.cpp.o[0m
[2.940s] [01m[K/home/nakul/Desktop/bur/ros2_ws/src/2023-2024/state-estimation/src/Node.cpp:[m[K In constructor ‘[01m[Keskf::Node::Node()[m[K’:
[2.940s] [01m[K/home/nakul/Desktop/bur/ros2_ws/src/2023-2024/state-estimation/src/Node.cpp:6:12:[m[K [01;31m[Kerror: [m[Kno matching function for call to ‘[01m[Krclcpp::Node::Node()[m[K’
[2.940s]     6 | Node::Node([01;31m[K)[m[K {
[2.940s]       |            [01;31m[K^[m[K
[2.941s] In file included from [01m[K/opt/ros/foxy/include/rclcpp/executors/single_threaded_executor.hpp:28[m[K,
[2.941s]                  from [01m[K/opt/ros/foxy/include/rclcpp/executors.hpp:22[m[K,
[2.941s]                  from [01m[K/opt/ros/foxy/include/rclcpp/rclcpp.hpp:146[m[K,
[2.941s]                  from [01m[K/home/nakul/Desktop/bur/ros2_ws/src/2023-2024/state-estimation/include/eskf/Node.hpp:5[m[K,
[2.941s]                  from [01m[K/home/nakul/Desktop/bur/ros2_ws/src/2023-2024/state-estimation/src/Node.cpp:1[m[K:
[2.941s] [01m[K/opt/ros/foxy/include/rclcpp/node.hpp:1193:3:[m[K [01;36m[Knote: [m[Kcandidate: ‘[01m[Krclcpp::Node::Node(const rclcpp::Node&, const string&)[m[K’
[2.942s]  1193 |   [01;36m[KNode[m[K(
[2.942s]       |   [01;36m[K^~~~[m[K
[2.942s] [01m[K/opt/ros/foxy/include/rclcpp/node.hpp:1193:3:[m[K [01;36m[Knote: [m[K  candidate expects 2 arguments, 0 provided
[2.942s] [01m[K/opt/ros/foxy/include/rclcpp/node.hpp:98:12:[m[K [01;36m[Knote: [m[Kcandidate: ‘[01m[Krclcpp::Node::Node(const string&, const string&, const rclcpp::NodeOptions&)[m[K’
[2.942s]    98 |   explicit [01;36m[KNode[m[K(
[2.942s]       |            [01;36m[K^~~~[m[K
[2.943s] [01m[K/opt/ros/foxy/include/rclcpp/node.hpp:98:12:[m[K [01;36m[Knote: [m[K  candidate expects 3 arguments, 0 provided
[2.943s] [01m[K/opt/ros/foxy/include/rclcpp/node.hpp:86:12:[m[K [01;36m[Knote: [m[Kcandidate: ‘[01m[Krclcpp::Node::Node(const string&, const rclcpp::NodeOptions&)[m[K’
[2.943s]    86 |   explicit [01;36m[KNode[m[K(
[2.943s]       |            [01;36m[K^~~~[m[K
[2.943s] [01m[K/opt/ros/foxy/include/rclcpp/node.hpp:86:12:[m[K [01;36m[Knote: [m[K  candidate expects 2 arguments, 0 provided
[2.982s] [01m[K/home/nakul/Desktop/bur/ros2_ws/src/2023-2024/state-estimation/src/Node.cpp:47:80:[m[K [01;31m[Kerror: [m[Kno matching function for call to ‘[01m[Keskf::Node::create_wall_timer(rclcpp::Duration, std::_Bind_helper<false, void (eskf::Node::*)(), eskf::Node*>::type)[m[K’
[2.982s]    47 |       rclcpp::Duration(1.0f/publish_rate), std::bind(&Node::publishState, this)[01;31m[K)[m[K;
[2.983s]       |                                                                                [01;31m[K^[m[K
[2.983s] In file included from [01m[K/opt/ros/foxy/include/rclcpp/executors/single_threaded_executor.hpp:28[m[K,
[2.983s]                  from [01m[K/opt/ros/foxy/include/rclcpp/executors.hpp:22[m[K,
[2.983s]                  from [01m[K/opt/ros/foxy/include/rclcpp/rclcpp.hpp:146[m[K,
[2.983s]                  from [01m[K/home/nakul/Desktop/bur/ros2_ws/src/2023-2024/state-estimation/include/eskf/Node.hpp:5[m[K,
[2.984s]                  from [01m[K/home/nakul/Desktop/bur/ros2_ws/src/2023-2024/state-estimation/src/Node.cpp:1[m[K:
[2.984s] [01m[K/opt/ros/foxy/include/rclcpp/node.hpp:232:3:[m[K [01;36m[Knote: [m[Kcandidate: ‘[01m[Ktemplate<class DurationRepT, class DurationT, class CallbackT> typename rclcpp::WallTimer<CallbackT>::SharedPtr rclcpp::Node::create_wall_timer(std::chrono::duration<_Rep1, _Period1>, CallbackT, rclcpp::CallbackGroup::SharedPtr)[m[K’
[2.984s]   232 |   [01;36m[Kcreate_wall_timer[m[K(
[2.984s]       |   [01;36m[K^~~~~~~~~~~~~~~~~[m[K
[2.984s] [01m[K/opt/ros/foxy/include/rclcpp/node.hpp:232:3:[m[K [01;36m[Knote: [m[K  template argument deduction/substitution failed:
[2.985s] [01m[K/home/nakul/Desktop/bur/ros2_ws/src/2023-2024/state-estimation/src/Node.cpp:47:80:[m[K [01;36m[Knote: [m[K  ‘[01m[Krclcpp::Duration[m[K’ is not derived from ‘[01m[Kstd::chrono::duration<_Rep1, _Period1>[m[K’
[2.985s]    47 |       rclcpp::Duration(1.0f/publish_rate), std::bind(&Node::publishState, this)[01;36m[K)[m[K;
[2.985s]       |                                                                                [01;36m[K^[m[K
[2.985s] [01m[K/home/nakul/Desktop/bur/ros2_ws/src/2023-2024/state-estimation/src/Node.cpp:[m[K At global scope:
[2.985s] [01m[K/home/nakul/Desktop/bur/ros2_ws/src/2023-2024/state-estimation/src/Node.cpp:50:6:[m[K [01;31m[Kerror: [m[Kdeclaration of ‘[01m[Kvoid eskf::Node::inputCallback(sensor_msgs::msg::Imu_<std::allocator<void> >::SharedPtr) const[m[K’ outside of class is not definition [[01;31m[K-fpermissive[m[K]
[2.985s]    50 | void [01;31m[KNode[m[K::inputCallback(const sensor_msgs::msg::Imu::SharedPtr imuMsg) const; {
[2.986s]       |      [01;31m[K^~~~[m[K
[2.986s] [01m[K/home/nakul/Desktop/bur/ros2_ws/src/2023-2024/state-estimation/src/Node.cpp:50:80:[m[K [01;31m[Kerror: [m[Kexpected unqualified-id before ‘[01m[K{[m[K’ token
[2.986s]    50 | void Node::inputCallback(const sensor_msgs::msg::Imu::SharedPtr imuMsg) const; [01;31m[K{[m[K
[2.986s]       |                                                                                [01;31m[K^[m[K
[2.989s] [01m[K/home/nakul/Desktop/bur/ros2_ws/src/2023-2024/state-estimation/src/Node.cpp:[m[K In member function ‘[01m[Kvoid eskf::Node::visionCallback(geometry_msgs::msg::PoseWithCovarianceStamped_<std::allocator<void> >::SharedPtr) const[m[K’:
[2.989s] [01m[K/home/nakul/Desktop/bur/ros2_ws/src/2023-2024/state-estimation/src/Node.cpp:70:27:[m[K [01;31m[Kerror: [m[K‘[01m[Kconst class rclcpp::Time[m[K’ has no member named ‘[01m[Ksec[m[K’
[2.989s]    70 |   if(prevStampVisionPose_.[01;31m[Ksec[m[K != 0) {
[2.989s]       |                           [01;31m[K^~~[m[K
[2.989s] [01m[K/home/nakul/Desktop/bur/ros2_ws/src/2023-2024/state-estimation/src/Node.cpp:71:49:[m[K [01;31m[Kerror: [m[Kno match for ‘[01m[Koperator-[m[K’ (operand types are ‘[01m[Kstd_msgs::msg::Header_<std::allocator<void> >::_stamp_type[m[K’ {aka ‘[01m[Kbuiltin_interfaces::msg::Time_<std::allocator<void> >[m[K’} and ‘[01m[Kconst rclcpp::Time[m[K’)
[2.989s]    71 |     const double delta = ([32m[KposeMsg->header.stamp[m[K [01;31m[K-[m[K [34m[KprevStampVisionPose_[m[K).toSec();
[2.990s]       |                           [32m[K~~~~~~~~~~~~~~~~~~~~~[m[K [01;31m[K^[m[K [34m[K~~~~~~~~~~~~~~~~~~~~[m[K
[2.990s]       |                                           [32m[K|[m[K       [34m[K|[m[K
[2.990s]       |                                           [32m[K|[m[K       [34m[Kconst rclcpp::Time[m[K
[2.990s]       |                                           [32m[Kstd_msgs::msg::Header_<std::allocator<void> >::_stamp_type {aka builtin_interfaces::msg::Time_<std::allocator<void> >}[m[K
[2.990s] In file included from [01m[K/usr/include/c++/9/bits/stl_algobase.h:67[m[K,
[2.990s]                  from [01m[K/usr/include/c++/9/memory:62[m[K,
[2.991s]                  from [01m[K/home/nakul/Desktop/bur/ros2_ws/src/2023-2024/state-estimation/include/eskf/Node.hpp:4[m[K,
[2.991s]                  from [01m[K/home/nakul/Desktop/bur/ros2_ws/src/2023-2024/state-estimation/src/Node.cpp:1[m[K:
[2.991s] [01m[K/usr/include/c++/9/bits/stl_iterator.h:415:5:[m[K [01;36m[Knote: [m[Kcandidate: ‘[01m[Ktemplate<class _IteratorL, class _IteratorR> decltype ((__y.base() - __x.base())) std::operator-(const std::reverse_iterator<_Iterator>&, const std::reverse_iterator<_IteratorR>&)[m[K’
[2.991s]   415 |     [01;36m[Koperator[m[K-(const reverse_iterator<_IteratorL>& __x,
[2.991s]       |     [01;36m[K^~~~~~~~[m[K
[2.991s] [01m[K/usr/include/c++/9/bits/stl_iterator.h:415:5:[m[K [01;36m[Knote: [m[K  template argument deduction/substitution failed:
[2.992s] [01m[K/home/nakul/Desktop/bur/ros2_ws/src/2023-2024/state-estimation/src/Node.cpp:71:51:[m[K [01;36m[Knote: [m[K  ‘[01m[Kstd_msgs::msg::Header_<std::allocator<void> >::_stamp_type[m[K’ {aka ‘[01m[Kbuiltin_interfaces::msg::Time_<std::allocator<void> >[m[K’} is not derived from ‘[01m[Kconst std::reverse_iterator<_Iterator>[m[K’
[2.992s]    71 |     const double delta = (poseMsg->header.stamp - [01;36m[KprevStampVisionPose_[m[K).toSec();
[2.992s]       |                                                   [01;36m[K^~~~~~~~~~~~~~~~~~~~[m[K
[2.992s] In file included from [01m[K/usr/include/c++/9/bits/stl_algobase.h:67[m[K,
[2.993s]                  from [01m[K/usr/include/c++/9/memory:62[m[K,
[2.993s]                  from [01m[K/home/nakul/Desktop/bur/ros2_ws/src/2023-2024/state-estimation/include/eskf/Node.hpp:4[m[K,
[2.993s]                  from [01m[K/home/nakul/Desktop/bur/ros2_ws/src/2023-2024/state-estimation/src/Node.cpp:1[m[K:
[2.993s] [01m[K/usr/include/c++/9/bits/stl_iterator.h:1209:5:[m[K [01;36m[Knote: [m[Kcandidate: ‘[01m[Ktemplate<class _IteratorL, class _IteratorR> decltype ((__x.base() - __y.base())) std::operator-(const std::move_iterator<_IteratorL>&, const std::move_iterator<_IteratorR>&)[m[K’
[2.993s]  1209 |     [01;36m[Koperator[m[K-(const move_iterator<_IteratorL>& __x,
[2.994s]       |     [01;36m[K^~~~~~~~[m[K
[2.994s] [01m[K/usr/include/c++/9/bits/stl_iterator.h:1209:5:[m[K [01;36m[Knote: [m[K  template argument deduction/substitution failed:
[2.994s] [01m[K/home/nakul/Desktop/bur/ros2_ws/src/2023-2024/state-estimation/src/Node.cpp:71:51:[m[K [01;36m[Knote: [m[K  ‘[01m[Kstd_msgs::msg::Header_<std::allocator<void> >::_stamp_type[m[K’ {aka ‘[01m[Kbuiltin_interfaces::msg::Time_<std::allocator<void> >[m[K’} is not derived from ‘[01m[Kconst std::move_iterator<_IteratorL>[m[K’
[2.994s]    71 |     const double delta = (poseMsg->header.stamp - [01;36m[KprevStampVisionPose_[m[K).toSec();
[2.994s]       |                                                   [01;36m[K^~~~~~~~~~~~~~~~~~~~[m[K
[2.994s] In file included from [01m[K/usr/include/c++/9/vector:68[m[K,
[2.994s]                  from [01m[K/opt/ros/foxy/include/rclcpp/executor.hpp:27[m[K,
[2.994s]                  from [01m[K/opt/ros/foxy/include/rclcpp/executors/multi_threaded_executor.hpp:26[m[K,
[2.995s]                  from [01m[K/opt/ros/foxy/include/rclcpp/executors.hpp:21[m[K,
[2.995s]                  from [01m[K/opt/ros/foxy/include/rclcpp/rclcpp.hpp:146[m[K,
[2.995s]                  from [01m[K/home/nakul/Desktop/bur/ros2_ws/src/2023-2024/state-estimation/include/eskf/Node.hpp:5[m[K,
[2.995s]                  from [01m[K/home/nakul/Desktop/bur/ros2_ws/src/2023-2024/state-estimation/src/Node.cpp:1[m[K:
[2.995s] [01m[K/usr/include/c++/9/bits/stl_bvector.h:214:3:[m[K [01;36m[Knote: [m[Kcandidate: ‘[01m[Kstd::ptrdiff_t std::operator-(const std::_Bit_iterator_base&, const std::_Bit_iterator_base&)[m[K’
[2.995s]   214 |   [01;36m[Koperator[m[K-(const _Bit_iterator_base& __x, const _Bit_iterator_base& __y)
[2.995s]       |   [01;36m[K^~~~~~~~[m[K
[2.995s] [01m[K/usr/include/c++/9/bits/stl_bvector.h:214:39:[m[K [01;36m[Knote: [m[K  no known conversion for argument 1 from ‘[01m[Kstd_msgs::msg::Header_<std::allocator<void> >::_stamp_type[m[K’ {aka ‘[01m[Kbuiltin_interfaces::msg::Time_<std::allocator<void> >[m[K’} to ‘[01m[Kconst std::_Bit_iterator_base&[m[K’
[2.996s]   214 |   operator-([01;36m[Kconst _Bit_iterator_base& __x[m[K, const _Bit_iterator_base& __y)
[2.996s]       |             [01;36m[K~~~~~~~~~~~~~~~~~~~~~~~~~~^~~[m[K
[2.996s] In file included from [01m[K/usr/include/eigen3/Eigen/Core:96[m[K,
[2.996s]                  from [01m[K/home/nakul/Desktop/bur/ros2_ws/src/2023-2024/state-estimation/include/eskf/common.h:4[m[K,
[2.996s]                  from [01m[K/home/nakul/Desktop/bur/ros2_ws/src/2023-2024/state-estimation/include/eskf/ESKF.hpp:4[m[K,
[2.997s]                  from [01m[K/home/nakul/Desktop/bur/ros2_ws/src/2023-2024/state-estimation/include/eskf/Node.hpp:15[m[K,
[2.997s]                  from [01m[K/home/nakul/Desktop/bur/ros2_ws/src/2023-2024/state-estimation/src/Node.cpp:1[m[K:
[2.997s] [01m[K/usr/include/c++/9/complex:361:5:[m[K [01;36m[Knote: [m[Kcandidate: ‘[01m[Ktemplate<class _Tp> std::complex<_Tp> std::operator-(const std::complex<_Tp>&, const std::complex<_Tp>&)[m[K’
[2.997s]   361 |     [01;36m[Koperator[m[K-(const complex<_Tp>& __x, const complex<_Tp>& __y)
[2.997s]       |     [01;36m[K^~~~~~~~[m[K
[2.997s] [01m[K/usr/include/c++/9/complex:361:5:[m[K [01;36m[Knote: [m[K  template argument deduction/substitution failed:
[2.998s] [01m[K/home/nakul/Desktop/bur/ros2_ws/src/2023-2024/state-estimation/src/Node.cpp:71:51:[m[K [01;36m[Knote: [m[K  ‘[01m[Kstd_msgs::msg::Header_<std::allocator<void> >::_stamp_type[m[K’ {aka ‘[01m[Kbuiltin_interfaces::msg::Time_<std::allocator<void> >[m[K’} is not derived from ‘[01m[Kconst std::complex<_Tp>[m[K’
[2.998s]    71 |     const double delta = (poseMsg->header.stamp - [01;36m[KprevStampVisionPose_[m[K).toSec();
[2.998s]       |                                                   [01;36m[K^~~~~~~~~~~~~~~~~~~~[m[K
[2.998s] In file included from [01m[K/usr/include/eigen3/Eigen/Core:96[m[K,
[2.998s]                  from [01m[K/home/nakul/Desktop/bur/ros2_ws/src/2023-2024/state-estimation/include/eskf/common.h:4[m[K,
[2.998s]                  from [01m[K/home/nakul/Desktop/bur/ros2_ws/src/2023-2024/state-estimation/include/eskf/ESKF.hpp:4[m[K,
[2.998s]                  from [01m[K/home/nakul/Desktop/bur/ros2_ws/src/2023-2024/state-estimation/include/eskf/Node.hpp:15[m[K,
[2.998s]                  from [01m[K/home/nakul/Desktop/bur/ros2_ws/src/2023-2024/state-estimation/src/Node.cpp:1[m[K:
[2.999s] [01m[K/usr/include/c++/9/complex:370:5:[m[K [01;36m[Knote: [m[Kcandidate: ‘[01m[Ktemplate<class _Tp> std::complex<_Tp> std::operator-(const std::complex<_Tp>&, const _Tp&)[m[K’
[2.999s]   370 |     [01;36m[Koperator[m[K-(const complex<_Tp>& __x, const _Tp& __y)
[2.999s]       |     [01;36m[K^~~~~~~~[m[K
[2.999s] [01m[K/usr/include/c++/9/complex:370:5:[m[K [01;36m[Knote: [m[K  template argument deduction/substitution failed:
[2.999s] [01m[K/home/nakul/Desktop/bur/ros2_ws/src/2023-2024/state-estimation/src/Node.cpp:71:51:[m[K [01;36m[Knote: [m[K  ‘[01m[Kstd_msgs::msg::Header_<std::allocator<void> >::_stamp_type[m[K’ {aka ‘[01m[Kbuiltin_interfaces::msg::Time_<std::allocator<void> >[m[K’} is not derived from ‘[01m[Kconst std::complex<_Tp>[m[K’
[2.999s]    71 |     const double delta = (poseMsg->header.stamp - [01;36m[KprevStampVisionPose_[m[K).toSec();
[3.000s]       |                                                   [01;36m[K^~~~~~~~~~~~~~~~~~~~[m[K
[3.000s] In file included from [01m[K/usr/include/eigen3/Eigen/Core:96[m[K,
[3.000s]                  from [01m[K/home/nakul/Desktop/bur/ros2_ws/src/2023-2024/state-estimation/include/eskf/common.h:4[m[K,
[3.000s]                  from [01m[K/home/nakul/Desktop/bur/ros2_ws/src/2023-2024/state-estimation/include/eskf/ESKF.hpp:4[m[K,
[3.000s]                  from [01m[K/home/nakul/Desktop/bur/ros2_ws/src/2023-2024/state-estimation/include/eskf/Node.hpp:15[m[K,
[3.000s]                  from [01m[K/home/nakul/Desktop/bur/ros2_ws/src/2023-2024/state-estimation/src/Node.cpp:1[m[K:
[3.000s] [01m[K/usr/include/c++/9/complex:379:5:[m[K [01;36m[Knote: [m[Kcandidate: ‘[01m[Ktemplate<class _Tp> std::complex<_Tp> std::operator-(const _Tp&, const std::complex<_Tp>&)[m[K’
[3.001s]   379 |     [01;36m[Koperator[m[K-(const _Tp& __x, const complex<_Tp>& __y)
[3.001s]       |     [01;36m[K^~~~~~~~[m[K
[3.001s] [01m[K/usr/include/c++/9/complex:379:5:[m[K [01;36m[Knote: [m[K  template argument deduction/substitution failed:
[3.001s] [01m[K/home/nakul/Desktop/bur/ros2_ws/src/2023-2024/state-estimation/src/Node.cpp:71:51:[m[K [01;36m[Knote: [m[K  ‘[01m[Kconst rclcpp::Time[m[K’ is not derived from ‘[01m[Kconst std::complex<_Tp>[m[K’
[3.001s]    71 |     const double delta = (poseMsg->header.stamp - [01;36m[KprevStampVisionPose_[m[K).toSec();
[3.001s]       |                                                   [01;36m[K^~~~~~~~~~~~~~~~~~~~[m[K
[3.001s] In file included from [01m[K/usr/include/eigen3/Eigen/Core:96[m[K,
[3.001s]                  from [01m[K/home/nakul/Desktop/bur/ros2_ws/src/2023-2024/state-estimation/include/eskf/common.h:4[m[K,
[3.001s]                  from [01m[K/home/nakul/Desktop/bur/ros2_ws/src/2023-2024/state-estimation/include/eskf/ESKF.hpp:4[m[K,
[3.001s]                  from [01m[K/home/nakul/Desktop/bur/ros2_ws/src/2023-2024/state-estimation/include/eskf/Node.hpp:15[m[K,
[3.002s]                  from [01m[K/home/nakul/Desktop/bur/ros2_ws/src/2023-2024/state-estimation/src/Node.cpp:1[m[K:
[3.002s] [01m[K/usr/include/c++/9/complex:456:5:[m[K [01;36m[Knote: [m[Kcandidate: ‘[01m[Ktemplate<class _Tp> std::complex<_Tp> std::operator-(const std::complex<_Tp>&)[m[K’
[3.002s]   456 |     [01;36m[Koperator[m[K-(const complex<_Tp>& __x)
[3.002s]       |     [01;36m[K^~~~~~~~[m[K
[3.002s] [01m[K/usr/include/c++/9/complex:456:5:[m[K [01;36m[Knote: [m[K  template argument deduction/substitution failed:
[3.002s] [01m[K/home/nakul/Desktop/bur/ros2_ws/src/2023-2024/state-estimation/src/Node.cpp:71:51:[m[K [01;36m[Knote: [m[K  ‘[01m[Kstd_msgs::msg::Header_<std::allocator<void> >::_stamp_type[m[K’ {aka ‘[01m[Kbuiltin_interfaces::msg::Time_<std::allocator<void> >[m[K’} is not derived from ‘[01m[Kconst std::complex<_Tp>[m[K’
[3.002s]    71 |     const double delta = (poseMsg->header.stamp - [01;36m[KprevStampVisionPose_[m[K).toSec();
[3.002s]       |                                                   [01;36m[K^~~~~~~~~~~~~~~~~~~~[m[K
[3.002s] [01m[K/home/nakul/Desktop/bur/ros2_ws/src/2023-2024/state-estimation/src/Node.cpp:76:78:[m[K [01;31m[Kerror: [m[K‘[01m[Kusing _stamp_type = struct builtin_interfaces::msg::Time_<std::allocator<void> >[m[K’ {aka ‘[01m[Kstruct builtin_interfaces::msg::Time_<std::allocator<void> >[m[K’} has no member named ‘[01m[KtoSec[m[K’
[3.002s]    76 |     eskf_.updateVision(z_q, z_p, static_cast<uint64_t>(poseMsg->header.stamp.[01;31m[KtoSec[m[K()*1e6f), delta);
[3.002s]       |                                                                              [01;31m[K^~~~~[m[K
[3.003s] [01m[K/home/nakul/Desktop/bur/ros2_ws/src/2023-2024/state-estimation/src/Node.cpp:78:42:[m[K [01;31m[Kerror: [m[Kpassing ‘[01m[Kconst rclcpp::Time[m[K’ as ‘[01m[Kthis[m[K’ argument discards qualifiers [[01;31m[K-fpermissive[m[K]
[3.003s]    78 |   prevStampVisionPose_ = poseMsg->header.[01;31m[Kstamp[m[K;
[3.003s]       |                                          [01;31m[K^~~~~[m[K
[3.003s] In file included from [01m[K/opt/ros/foxy/include/rclcpp/clock.hpp:23[m[K,
[3.003s]                  from [01m[K/opt/ros/foxy/include/rclcpp/timer.hpp:27[m[K,
[3.003s]                  from [01m[K/opt/ros/foxy/include/rclcpp/callback_group.hpp:27[m[K,
[3.003s]                  from [01m[K/opt/ros/foxy/include/rclcpp/any_executable.hpp:20[m[K,
[3.003s]                  from [01m[K/opt/ros/foxy/include/rclcpp/memory_strategy.hpp:24[m[K,
[3.003s]                  from [01m[K/opt/ros/foxy/include/rclcpp/memory_strategies.hpp:18[m[K,
[3.003s]                  from [01m[K/opt/ros/foxy/include/rclcpp/executor_options.hpp:20[m[K,
[3.003s]                  from [01m[K/opt/ros/foxy/include/rclcpp/executor.hpp:33[m[K,
[3.003s]                  from [01m[K/opt/ros/foxy/include/rclcpp/executors/multi_threaded_executor.hpp:26[m[K,
[3.004s]                  from [01m[K/opt/ros/foxy/include/rclcpp/executors.hpp:21[m[K,
[3.004s]                  from [01m[K/opt/ros/foxy/include/rclcpp/rclcpp.hpp:146[m[K,
[3.004s]                  from [01m[K/home/nakul/Desktop/bur/ros2_ws/src/2023-2024/state-estimation/include/eskf/Node.hpp:5[m[K,
[3.004s]                  from [01m[K/home/nakul/Desktop/bur/ros2_ws/src/2023-2024/state-estimation/src/Node.cpp:1[m[K:
[3.004s] [01m[K/opt/ros/foxy/include/rclcpp/time.hpp:101:3:[m[K [01;36m[Knote: [m[K  in call to ‘[01m[Krclcpp::Time& rclcpp::Time::operator=(const Time&)[m[K’
[3.004s]   101 |   [01;36m[Koperator[m[K=(const builtin_interfaces::msg::Time & time_msg);
[3.004s]       |   [01;36m[K^~~~~~~~[m[K
[3.004s] [01m[K/home/nakul/Desktop/bur/ros2_ws/src/2023-2024/state-estimation/src/Node.cpp:[m[K In member function ‘[01m[Kvoid eskf::Node::gpsCallback(nav_msgs::msg::Odometry_<std::allocator<void> >::SharedPtr) const[m[K’:
[3.004s] [01m[K/home/nakul/Desktop/bur/ros2_ws/src/2023-2024/state-estimation/src/Node.cpp:82:25:[m[K [01;31m[Kerror: [m[K‘[01m[Kconst class rclcpp::Time[m[K’ has no member named ‘[01m[Ksec[m[K’
[3.004s]    82 |   if (prevStampGpsPose_.[01;31m[Ksec[m[K != 0) {
[3.004s]       |                         [01;31m[K^~~[m[K
[3.004s] [01m[K/home/nakul/Desktop/bur/ros2_ws/src/2023-2024/state-estimation/src/Node.cpp:83:49:[m[K [01;31m[Kerror: [m[Kno match for ‘[01m[Koperator-[m[K’ (operand types are ‘[01m[Kstd_msgs::msg::Header_<std::allocator<void> >::_stamp_type[m[K’ {aka ‘[01m[Kbuiltin_interfaces::msg::Time_<std::allocator<void> >[m[K’} and ‘[01m[Kconst rclcpp::Time[m[K’)
[3.004s]    83 |     const double delta = ([32m[KodomMsg->header.stamp[m[K [01;31m[K-[m[K [34m[KprevStampGpsPose_[m[K).toSec();
[3.005s]       |                           [32m[K~~~~~~~~~~~~~~~~~~~~~[m[K [01;31m[K^[m[K [34m[K~~~~~~~~~~~~~~~~~[m[K
[3.005s]       |                                           [32m[K|[m[K       [34m[K|[m[K
[3.005s]       |                                           [32m[K|[m[K       [34m[Kconst rclcpp::Time[m[K
[3.005s]       |                                           [32m[Kstd_msgs::msg::Header_<std::allocator<void> >::_stamp_type {aka builtin_interfaces::msg::Time_<std::allocator<void> >}[m[K
[3.005s] In file included from [01m[K/usr/include/c++/9/bits/stl_algobase.h:67[m[K,
[3.005s]                  from [01m[K/usr/include/c++/9/memory:62[m[K,
[3.005s]                  from [01m[K/home/nakul/Desktop/bur/ros2_ws/src/2023-2024/state-estimation/include/eskf/Node.hpp:4[m[K,
[3.005s]                  from [01m[K/home/nakul/Desktop/bur/ros2_ws/src/2023-2024/state-estimation/src/Node.cpp:1[m[K:
[3.005s] [01m[K/usr/include/c++/9/bits/stl_iterator.h:415:5:[m[K [01;36m[Knote: [m[Kcandidate: ‘[01m[Ktemplate<class _IteratorL, class _IteratorR> decltype ((__y.base() - __x.base())) std::operator-(const std::reverse_iterator<_Iterator>&, const std::reverse_iterator<_IteratorR>&)[m[K’
[3.005s]   415 |     [01;36m[Koperator[m[K-(const reverse_iterator<_IteratorL>& __x,
[3.005s]       |     [01;36m[K^~~~~~~~[m[K
[3.005s] [01m[K/usr/include/c++/9/bits/stl_iterator.h:415:5:[m[K [01;36m[Knote: [m[K  template argument deduction/substitution failed:
[3.005s] [01m[K/home/nakul/Desktop/bur/ros2_ws/src/2023-2024/state-estimation/src/Node.cpp:83:51:[m[K [01;36m[Knote: [m[K  ‘[01m[Kstd_msgs::msg::Header_<std::allocator<void> >::_stamp_type[m[K’ {aka ‘[01m[Kbuiltin_interfaces::msg::Time_<std::allocator<void> >[m[K’} is not derived from ‘[01m[Kconst std::reverse_iterator<_Iterator>[m[K’
[3.006s]    83 |     const double delta = (odomMsg->header.stamp - [01;36m[KprevStampGpsPose_[m[K).toSec();
[3.006s]       |                                                   [01;36m[K^~~~~~~~~~~~~~~~~[m[K
[3.006s] In file included from [01m[K/usr/include/c++/9/bits/stl_algobase.h:67[m[K,
[3.006s]                  from [01m[K/usr/include/c++/9/memory:62[m[K,
[3.006s]                  from [01m[K/home/nakul/Desktop/bur/ros2_ws/src/2023-2024/state-estimation/include/eskf/Node.hpp:4[m[K,
[3.006s]                  from [01m[K/home/nakul/Desktop/bur/ros2_ws/src/2023-2024/state-estimation/src/Node.cpp:1[m[K:
[3.006s] [01m[K/usr/include/c++/9/bits/stl_iterator.h:1209:5:[m[K [01;36m[Knote: [m[Kcandidate: ‘[01m[Ktemplate<class _IteratorL, class _IteratorR> decltype ((__x.base() - __y.base())) std::operator-(const std::move_iterator<_IteratorL>&, const std::move_iterator<_IteratorR>&)[m[K’
[3.006s]  1209 |     [01;36m[Koperator[m[K-(const move_iterator<_IteratorL>& __x,
[3.006s]       |     [01;36m[K^~~~~~~~[m[K
[3.006s] [01m[K/usr/include/c++/9/bits/stl_iterator.h:1209:5:[m[K [01;36m[Knote: [m[K  template argument deduction/substitution failed:
[3.006s] [01m[K/home/nakul/Desktop/bur/ros2_ws/src/2023-2024/state-estimation/src/Node.cpp:83:51:[m[K [01;36m[Knote: [m[K  ‘[01m[Kstd_msgs::msg::Header_<std::allocator<void> >::_stamp_type[m[K’ {aka ‘[01m[Kbuiltin_interfaces::msg::Time_<std::allocator<void> >[m[K’} is not derived from ‘[01m[Kconst std::move_iterator<_IteratorL>[m[K’
[3.006s]    83 |     const double delta = (odomMsg->header.stamp - [01;36m[KprevStampGpsPose_[m[K).toSec();
[3.007s]       |                                                   [01;36m[K^~~~~~~~~~~~~~~~~[m[K
[3.007s] In file included from [01m[K/usr/include/c++/9/vector:68[m[K,
[3.007s]                  from [01m[K/opt/ros/foxy/include/rclcpp/executor.hpp:27[m[K,
[3.007s]                  from [01m[K/opt/ros/foxy/include/rclcpp/executors/multi_threaded_executor.hpp:26[m[K,
[3.007s]                  from [01m[K/opt/ros/foxy/include/rclcpp/executors.hpp:21[m[K,
[3.007s]                  from [01m[K/opt/ros/foxy/include/rclcpp/rclcpp.hpp:146[m[K,
[3.007s]                  from [01m[K/home/nakul/Desktop/bur/ros2_ws/src/2023-2024/state-estimation/include/eskf/Node.hpp:5[m[K,
[3.007s]                  from [01m[K/home/nakul/Desktop/bur/ros2_ws/src/2023-2024/state-estimation/src/Node.cpp:1[m[K:
[3.007s] [01m[K/usr/include/c++/9/bits/stl_bvector.h:214:3:[m[K [01;36m[Knote: [m[Kcandidate: ‘[01m[Kstd::ptrdiff_t std::operator-(const std::_Bit_iterator_base&, const std::_Bit_iterator_base&)[m[K’
[3.007s]   214 |   [01;36m[Koperator[m[K-(const _Bit_iterator_base& __x, const _Bit_iterator_base& __y)
[3.007s]       |   [01;36m[K^~~~~~~~[m[K
[3.007s] [01m[K/usr/include/c++/9/bits/stl_bvector.h:214:39:[m[K [01;36m[Knote: [m[K  no known conversion for argument 1 from ‘[01m[Kstd_msgs::msg::Header_<std::allocator<void> >::_stamp_type[m[K’ {aka ‘[01m[Kbuiltin_interfaces::msg::Time_<std::allocator<void> >[m[K’} to ‘[01m[Kconst std::_Bit_iterator_base&[m[K’
[3.007s]   214 |   operator-([01;36m[Kconst _Bit_iterator_base& __x[m[K, const _Bit_iterator_base& __y)
[3.008s]       |             [01;36m[K~~~~~~~~~~~~~~~~~~~~~~~~~~^~~[m[K
[3.008s] In file included from [01m[K/usr/include/eigen3/Eigen/Core:96[m[K,
[3.008s]                  from [01m[K/home/nakul/Desktop/bur/ros2_ws/src/2023-2024/state-estimation/include/eskf/common.h:4[m[K,
[3.008s]                  from [01m[K/home/nakul/Desktop/bur/ros2_ws/src/2023-2024/state-estimation/include/eskf/ESKF.hpp:4[m[K,
[3.008s]                  from [01m[K/home/nakul/Desktop/bur/ros2_ws/src/2023-2024/state-estimation/include/eskf/Node.hpp:15[m[K,
[3.008s]                  from [01m[K/home/nakul/Desktop/bur/ros2_ws/src/2023-2024/state-estimation/src/Node.cpp:1[m[K:
[3.008s] [01m[K/usr/include/c++/9/complex:361:5:[m[K [01;36m[Knote: [m[Kcandidate: ‘[01m[Ktemplate<class _Tp> std::complex<_Tp> std::operator-(const std::complex<_Tp>&, const std::complex<_Tp>&)[m[K’
[3.008s]   361 |     [01;36m[Koperator[m[K-(const complex<_Tp>& __x, const complex<_Tp>& __y)
[3.008s]       |     [01;36m[K^~~~~~~~[m[K
[3.008s] [01m[K/usr/include/c++/9/complex:361:5:[m[K [01;36m[Knote: [m[K  template argument deduction/substitution failed:
[3.008s] [01m[K/home/nakul/Desktop/bur/ros2_ws/src/2023-2024/state-estimation/src/Node.cpp:83:51:[m[K [01;36m[Knote: [m[K  ‘[01m[Kstd_msgs::msg::Header_<std::allocator<void> >::_stamp_type[m[K’ {aka ‘[01m[Kbuiltin_interfaces::msg::Time_<std::allocator<void> >[m[K’} is not derived from ‘[01m[Kconst std::complex<_Tp>[m[K’
[3.008s]    83 |     const double delta = (odomMsg->header.stamp - [01;36m[KprevStampGpsPose_[m[K).toSec();
[3.009s]       |                                                   [01;36m[K^~~~~~~~~~~~~~~~~[m[K
[3.009s] In file included from [01m[K/usr/include/eigen3/Eigen/Core:96[m[K,
[3.009s]                  from [01m[K/home/nakul/Desktop/bur/ros2_ws/src/2023-2024/state-estimation/include/eskf/common.h:4[m[K,
[3.009s]                  from [01m[K/home/nakul/Desktop/bur/ros2_ws/src/2023-2024/state-estimation/include/eskf/ESKF.hpp:4[m[K,
[3.009s]                  from [01m[K/home/nakul/Desktop/bur/ros2_ws/src/2023-2024/state-estimation/include/eskf/Node.hpp:15[m[K,
[3.009s]                  from [01m[K/home/nakul/Desktop/bur/ros2_ws/src/2023-2024/state-estimation/src/Node.cpp:1[m[K:
[3.009s] [01m[K/usr/include/c++/9/complex:370:5:[m[K [01;36m[Knote: [m[Kcandidate: ‘[01m[Ktemplate<class _Tp> std::complex<_Tp> std::operator-(const std::complex<_Tp>&, const _Tp&)[m[K’
[3.009s]   370 |     [01;36m[Koperator[m[K-(const complex<_Tp>& __x, const _Tp& __y)
[3.009s]       |     [01;36m[K^~~~~~~~[m[K
[3.009s] [01m[K/usr/include/c++/9/complex:370:5:[m[K [01;36m[Knote: [m[K  template argument deduction/substitution failed:
[3.009s] [01m[K/home/nakul/Desktop/bur/ros2_ws/src/2023-2024/state-estimation/src/Node.cpp:83:51:[m[K [01;36m[Knote: [m[K  ‘[01m[Kstd_msgs::msg::Header_<std::allocator<void> >::_stamp_type[m[K’ {aka ‘[01m[Kbuiltin_interfaces::msg::Time_<std::allocator<void> >[m[K’} is not derived from ‘[01m[Kconst std::complex<_Tp>[m[K’
[3.009s]    83 |     const double delta = (odomMsg->header.stamp - [01;36m[KprevStampGpsPose_[m[K).toSec();
[3.010s]       |                                                   [01;36m[K^~~~~~~~~~~~~~~~~[m[K
[3.010s] In file included from [01m[K/usr/include/eigen3/Eigen/Core:96[m[K,
[3.010s]                  from [01m[K/home/nakul/Desktop/bur/ros2_ws/src/2023-2024/state-estimation/include/eskf/common.h:4[m[K,
[3.010s]                  from [01m[K/home/nakul/Desktop/bur/ros2_ws/src/2023-2024/state-estimation/include/eskf/ESKF.hpp:4[m[K,
[3.010s]                  from [01m[K/home/nakul/Desktop/bur/ros2_ws/src/2023-2024/state-estimation/include/eskf/Node.hpp:15[m[K,
[3.010s]                  from [01m[K/home/nakul/Desktop/bur/ros2_ws/src/2023-2024/state-estimation/src/Node.cpp:1[m[K:
[3.010s] [01m[K/usr/include/c++/9/complex:379:5:[m[K [01;36m[Knote: [m[Kcandidate: ‘[01m[Ktemplate<class _Tp> std::complex<_Tp> std::operator-(const _Tp&, const std::complex<_Tp>&)[m[K’
[3.010s]   379 |     [01;36m[Koperator[m[K-(const _Tp& __x, const complex<_Tp>& __y)
[3.010s]       |     [01;36m[K^~~~~~~~[m[K
[3.010s] [01m[K/usr/include/c++/9/complex:379:5:[m[K [01;36m[Knote: [m[K  template argument deduction/substitution failed:
[3.010s] [01m[K/home/nakul/Desktop/bur/ros2_ws/src/2023-2024/state-estimation/src/Node.cpp:83:51:[m[K [01;36m[Knote: [m[K  ‘[01m[Kconst rclcpp::Time[m[K’ is not derived from ‘[01m[Kconst std::complex<_Tp>[m[K’
[3.010s]    83 |     const double delta = (odomMsg->header.stamp - [01;36m[KprevStampGpsPose_[m[K).toSec();
[3.011s]       |                                                   [01;36m[K^~~~~~~~~~~~~~~~~[m[K
[3.011s] In file included from [01m[K/usr/include/eigen3/Eigen/Core:96[m[K,
[3.011s]                  from [01m[K/home/nakul/Desktop/bur/ros2_ws/src/2023-2024/state-estimation/include/eskf/common.h:4[m[K,
[3.011s]                  from [01m[K/home/nakul/Desktop/bur/ros2_ws/src/2023-2024/state-estimation/include/eskf/ESKF.hpp:4[m[K,
[3.011s]                  from [01m[K/home/nakul/Desktop/bur/ros2_ws/src/2023-2024/state-estimation/include/eskf/Node.hpp:15[m[K,
[3.011s]                  from [01m[K/home/nakul/Desktop/bur/ros2_ws/src/2023-2024/state-estimation/src/Node.cpp:1[m[K:
[3.011s] [01m[K/usr/include/c++/9/complex:456:5:[m[K [01;36m[Knote: [m[Kcandidate: ‘[01m[Ktemplate<class _Tp> std::complex<_Tp> std::operator-(const std::complex<_Tp>&)[m[K’
[3.011s]   456 |     [01;36m[Koperator[m[K-(const complex<_Tp>& __x)
[3.011s]       |     [01;36m[K^~~~~~~~[m[K
[3.011s] [01m[K/usr/include/c++/9/complex:456:5:[m[K [01;36m[Knote: [m[K  template argument deduction/substitution failed:
[3.011s] [01m[K/home/nakul/Desktop/bur/ros2_ws/src/2023-2024/state-estimation/src/Node.cpp:83:51:[m[K [01;36m[Knote: [m[K  ‘[01m[Kstd_msgs::msg::Header_<std::allocator<void> >::_stamp_type[m[K’ {aka ‘[01m[Kbuiltin_interfaces::msg::Time_<std::allocator<void> >[m[K’} is not derived from ‘[01m[Kconst std::complex<_Tp>[m[K’
[3.011s]    83 |     const double delta = (odomMsg->header.stamp - [01;36m[KprevStampGpsPose_[m[K).toSec();
[3.011s]       |                                                   [01;36m[K^~~~~~~~~~~~~~~~~[m[K
[3.012s] [01m[K/home/nakul/Desktop/bur/ros2_ws/src/2023-2024/state-estimation/src/Node.cpp:88:75:[m[K [01;31m[Kerror: [m[K‘[01m[Kusing _stamp_type = struct builtin_interfaces::msg::Time_<std::allocator<void> >[m[K’ {aka ‘[01m[Kstruct builtin_interfaces::msg::Time_<std::allocator<void> >[m[K’} has no member named ‘[01m[KtoSec[m[K’
[3.012s]    88 |     eskf_.updateGps(z_v, z_p, static_cast<uint64_t>(odomMsg->header.stamp.[01;31m[KtoSec[m[K() * 1e6f), delta);
[3.012s]       |                                                                           [01;31m[K^~~~~[m[K
[3.012s] [01m[K/home/nakul/Desktop/bur/ros2_ws/src/2023-2024/state-estimation/src/Node.cpp:90:39:[m[K [01;31m[Kerror: [m[Kpassing ‘[01m[Kconst rclcpp::Time[m[K’ as ‘[01m[Kthis[m[K’ argument discards qualifiers [[01;31m[K-fpermissive[m[K]
[3.012s]    90 |   prevStampGpsPose_ = odomMsg->header.[01;31m[Kstamp[m[K;
[3.012s]       |                                       [01;31m[K^~~~~[m[K
[3.012s] In file included from [01m[K/opt/ros/foxy/include/rclcpp/clock.hpp:23[m[K,
[3.012s]                  from [01m[K/opt/ros/foxy/include/rclcpp/timer.hpp:27[m[K,
[3.012s]                  from [01m[K/opt/ros/foxy/include/rclcpp/callback_group.hpp:27[m[K,
[3.012s]                  from [01m[K/opt/ros/foxy/include/rclcpp/any_executable.hpp:20[m[K,
[3.012s]                  from [01m[K/opt/ros/foxy/include/rclcpp/memory_strategy.hpp:24[m[K,
[3.013s]                  from [01m[K/opt/ros/foxy/include/rclcpp/memory_strategies.hpp:18[m[K,
[3.013s]                  from [01m[K/opt/ros/foxy/include/rclcpp/executor_options.hpp:20[m[K,
[3.013s]                  from [01m[K/opt/ros/foxy/include/rclcpp/executor.hpp:33[m[K,
[3.013s]                  from [01m[K/opt/ros/foxy/include/rclcpp/executors/multi_threaded_executor.hpp:26[m[K,
[3.013s]                  from [01m[K/opt/ros/foxy/include/rclcpp/executors.hpp:21[m[K,
[3.013s]                  from [01m[K/opt/ros/foxy/include/rclcpp/rclcpp.hpp:146[m[K,
[3.013s]                  from [01m[K/home/nakul/Desktop/bur/ros2_ws/src/2023-2024/state-estimation/include/eskf/Node.hpp:5[m[K,
[3.013s]                  from [01m[K/home/nakul/Desktop/bur/ros2_ws/src/2023-2024/state-estimation/src/Node.cpp:1[m[K:
[3.013s] [01m[K/opt/ros/foxy/include/rclcpp/time.hpp:101:3:[m[K [01;36m[Knote: [m[K  in call to ‘[01m[Krclcpp::Time& rclcpp::Time::operator=(const Time&)[m[K’
[3.013s]   101 |   [01;36m[Koperator[m[K=(const builtin_interfaces::msg::Time & time_msg);
[3.013s]       |   [01;36m[K^~~~~~~~[m[K
[3.013s] [01m[K/home/nakul/Desktop/bur/ros2_ws/src/2023-2024/state-estimation/src/Node.cpp:[m[K In member function ‘[01m[Kvoid eskf::Node::magCallback(sensor_msgs::msg::MagneticField_<std::allocator<void> >::SharedPtr) const[m[K’:
[3.014s] [01m[K/home/nakul/Desktop/bur/ros2_ws/src/2023-2024/state-estimation/src/Node.cpp:95:25:[m[K [01;31m[Kerror: [m[K‘[01m[Kconst class rclcpp::Time[m[K’ has no member named ‘[01m[Ksec[m[K’
[3.014s]    95 |   if (prevStampMagPose_.[01;31m[Ksec[m[K != 0) {
[3.014s]       |                         [01;31m[K^~~[m[K
[3.014s] [01m[K/home/nakul/Desktop/bur/ros2_ws/src/2023-2024/state-estimation/src/Node.cpp:96:48:[m[K [01;31m[Kerror: [m[Kno match for ‘[01m[Koperator-[m[K’ (operand types are ‘[01m[Kstd_msgs::msg::Header_<std::allocator<void> >::_stamp_type[m[K’ {aka ‘[01m[Kbuiltin_interfaces::msg::Time_<std::allocator<void> >[m[K’} and ‘[01m[Kconst rclcpp::Time[m[K’)
[3.014s]    96 |     const double delta = ([32m[KmagMsg->header.stamp[m[K [01;31m[K-[m[K [34m[KprevStampMagPose_[m[K).toSec();
[3.014s]       |                           [32m[K~~~~~~~~~~~~~~~~~~~~[m[K [01;31m[K^[m[K [34m[K~~~~~~~~~~~~~~~~~[m[K
[3.014s]       |                                          [32m[K|[m[K       [34m[K|[m[K
[3.014s]       |                                          [32m[K|[m[K       [34m[Kconst rclcpp::Time[m[K
[3.014s]       |                                          [32m[Kstd_msgs::msg::Header_<std::allocator<void> >::_stamp_type {aka builtin_interfaces::msg::Time_<std::allocator<void> >}[m[K
[3.014s] In file included from [01m[K/usr/include/c++/9/bits/stl_algobase.h:67[m[K,
[3.014s]                  from [01m[K/usr/include/c++/9/memory:62[m[K,
[3.014s]                  from [01m[K/home/nakul/Desktop/bur/ros2_ws/src/2023-2024/state-estimation/include/eskf/Node.hpp:4[m[K,
[3.015s]                  from [01m[K/home/nakul/Desktop/bur/ros2_ws/src/2023-2024/state-estimation/src/Node.cpp:1[m[K:
[3.015s] [01m[K/usr/include/c++/9/bits/stl_iterator.h:415:5:[m[K [01;36m[Knote: [m[Kcandidate: ‘[01m[Ktemplate<class _IteratorL, class _IteratorR> decltype ((__y.base() - __x.base())) std::operator-(const std::reverse_iterator<_Iterator>&, const std::reverse_iterator<_IteratorR>&)[m[K’
[3.015s]   415 |     [01;36m[Koperator[m[K-(const reverse_iterator<_IteratorL>& __x,
[3.015s]       |     [01;36m[K^~~~~~~~[m[K
[3.015s] [01m[K/usr/include/c++/9/bits/stl_iterator.h:415:5:[m[K [01;36m[Knote: [m[K  template argument deduction/substitution failed:
[3.015s] [01m[K/home/nakul/Desktop/bur/ros2_ws/src/2023-2024/state-estimation/src/Node.cpp:96:50:[m[K [01;36m[Knote: [m[K  ‘[01m[Kstd_msgs::msg::Header_<std::allocator<void> >::_stamp_type[m[K’ {aka ‘[01m[Kbuiltin_interfaces::msg::Time_<std::allocator<void> >[m[K’} is not derived from ‘[01m[Kconst std::reverse_iterator<_Iterator>[m[K’
[3.015s]    96 |     const double delta = (magMsg->header.stamp - [01;36m[KprevStampMagPose_[m[K).toSec();
[3.015s]       |                                                  [01;36m[K^~~~~~~~~~~~~~~~~[m[K
[3.015s] In file included from [01m[K/usr/include/c++/9/bits/stl_algobase.h:67[m[K,
[3.015s]                  from [01m[K/usr/include/c++/9/memory:62[m[K,
[3.015s]                  from [01m[K/home/nakul/Desktop/bur/ros2_ws/src/2023-2024/state-estimation/include/eskf/Node.hpp:4[m[K,
[3.015s]                  from [01m[K/home/nakul/Desktop/bur/ros2_ws/src/2023-2024/state-estimation/src/Node.cpp:1[m[K:
[3.015s] [01m[K/usr/include/c++/9/bits/stl_iterator.h:1209:5:[m[K [01;36m[Knote: [m[Kcandidate: ‘[01m[Ktemplate<class _IteratorL, class _IteratorR> decltype ((__x.base() - __y.base())) std::operator-(const std::move_iterator<_IteratorL>&, const std::move_iterator<_IteratorR>&)[m[K’
[3.016s]  1209 |     [01;36m[Koperator[m[K-(const move_iterator<_IteratorL>& __x,
[3.016s]       |     [01;36m[K^~~~~~~~[m[K
[3.016s] [01m[K/usr/include/c++/9/bits/stl_iterator.h:1209:5:[m[K [01;36m[Knote: [m[K  template argument deduction/substitution failed:
[3.016s] [01m[K/home/nakul/Desktop/bur/ros2_ws/src/2023-2024/state-estimation/src/Node.cpp:96:50:[m[K [01;36m[Knote: [m[K  ‘[01m[Kstd_msgs::msg::Header_<std::allocator<void> >::_stamp_type[m[K’ {aka ‘[01m[Kbuiltin_interfaces::msg::Time_<std::allocator<void> >[m[K’} is not derived from ‘[01m[Kconst std::move_iterator<_IteratorL>[m[K’
[3.016s]    96 |     const double delta = (magMsg->header.stamp - [01;36m[KprevStampMagPose_[m[K).toSec();
[3.016s]       |                                                  [01;36m[K^~~~~~~~~~~~~~~~~[m[K
[3.016s] In file included from [01m[K/usr/include/c++/9/vector:68[m[K,
[3.016s]                  from [01m[K/opt/ros/foxy/include/rclcpp/executor.hpp:27[m[K,
[3.016s]                  from [01m[K/opt/ros/foxy/include/rclcpp/executors/multi_threaded_executor.hpp:26[m[K,
[3.016s]                  from [01m[K/opt/ros/foxy/include/rclcpp/executors.hpp:21[m[K,
[3.016s]                  from [01m[K/opt/ros/foxy/include/rclcpp/rclcpp.hpp:146[m[K,
[3.016s]                  from [01m[K/home/nakul/Desktop/bur/ros2_ws/src/2023-2024/state-estimation/include/eskf/Node.hpp:5[m[K,
[3.016s]                  from [01m[K/home/nakul/Desktop/bur/ros2_ws/src/2023-2024/state-estimation/src/Node.cpp:1[m[K:
[3.017s] [01m[K/usr/include/c++/9/bits/stl_bvector.h:214:3:[m[K [01;36m[Knote: [m[Kcandidate: ‘[01m[Kstd::ptrdiff_t std::operator-(const std::_Bit_iterator_base&, const std::_Bit_iterator_base&)[m[K’
[3.017s]   214 |   [01;36m[Koperator[m[K-(const _Bit_iterator_base& __x, const _Bit_iterator_base& __y)
[3.017s]       |   [01;36m[K^~~~~~~~[m[K
[3.017s] [01m[K/usr/include/c++/9/bits/stl_bvector.h:214:39:[m[K [01;36m[Knote: [m[K  no known conversion for argument 1 from ‘[01m[Kstd_msgs::msg::Header_<std::allocator<void> >::_stamp_type[m[K’ {aka ‘[01m[Kbuiltin_interfaces::msg::Time_<std::allocator<void> >[m[K’} to ‘[01m[Kconst std::_Bit_iterator_base&[m[K’
[3.017s]   214 |   operator-([01;36m[Kconst _Bit_iterator_base& __x[m[K, const _Bit_iterator_base& __y)
[3.017s]       |             [01;36m[K~~~~~~~~~~~~~~~~~~~~~~~~~~^~~[m[K
[3.017s] In file included from [01m[K/usr/include/eigen3/Eigen/Core:96[m[K,
[3.017s]                  from [01m[K/home/nakul/Desktop/bur/ros2_ws/src/2023-2024/state-estimation/include/eskf/common.h:4[m[K,
[3.017s]                  from [01m[K/home/nakul/Desktop/bur/ros2_ws/src/2023-2024/state-estimation/include/eskf/ESKF.hpp:4[m[K,
[3.017s]                  from [01m[K/home/nakul/Desktop/bur/ros2_ws/src/2023-2024/state-estimation/include/eskf/Node.hpp:15[m[K,
[3.017s]                  from [01m[K/home/nakul/Desktop/bur/ros2_ws/src/2023-2024/state-estimation/src/Node.cpp:1[m[K:
[3.017s] [01m[K/usr/include/c++/9/complex:361:5:[m[K [01;36m[Knote: [m[Kcandidate: ‘[01m[Ktemplate<class _Tp> std::complex<_Tp> std::operator-(const std::complex<_Tp>&, const std::complex<_Tp>&)[m[K’
[3.018s]   361 |     [01;36m[Koperator[m[K-(const complex<_Tp>& __x, const complex<_Tp>& __y)
[3.018s]       |     [01;36m[K^~~~~~~~[m[K
[3.018s] [01m[K/usr/include/c++/9/complex:361:5:[m[K [01;36m[Knote: [m[K  template argument deduction/substitution failed:
[3.018s] [01m[K/home/nakul/Desktop/bur/ros2_ws/src/2023-2024/state-estimation/src/Node.cpp:96:50:[m[K [01;36m[Knote: [m[K  ‘[01m[Kstd_msgs::msg::Header_<std::allocator<void> >::_stamp_type[m[K’ {aka ‘[01m[Kbuiltin_interfaces::msg::Time_<std::allocator<void> >[m[K’} is not derived from ‘[01m[Kconst std::complex<_Tp>[m[K’
[3.018s]    96 |     const double delta = (magMsg->header.stamp - [01;36m[KprevStampMagPose_[m[K).toSec();
[3.018s]       |                                                  [01;36m[K^~~~~~~~~~~~~~~~~[m[K
[3.018s] In file included from [01m[K/usr/include/eigen3/Eigen/Core:96[m[K,
[3.018s]                  from [01m[K/home/nakul/Desktop/bur/ros2_ws/src/2023-2024/state-estimation/include/eskf/common.h:4[m[K,
[3.018s]                  from [01m[K/home/nakul/Desktop/bur/ros2_ws/src/2023-2024/state-estimation/include/eskf/ESKF.hpp:4[m[K,
[3.018s]                  from [01m[K/home/nakul/Desktop/bur/ros2_ws/src/2023-2024/state-estimation/include/eskf/Node.hpp:15[m[K,
[3.018s]                  from [01m[K/home/nakul/Desktop/bur/ros2_ws/src/2023-2024/state-estimation/src/Node.cpp:1[m[K:
[3.018s] [01m[K/usr/include/c++/9/complex:370:5:[m[K [01;36m[Knote: [m[Kcandidate: ‘[01m[Ktemplate<class _Tp> std::complex<_Tp> std::operator-(const std::complex<_Tp>&, const _Tp&)[m[K’
[3.019s]   370 |     [01;36m[Koperator[m[K-(const complex<_Tp>& __x, const _Tp& __y)
[3.019s]       |     [01;36m[K^~~~~~~~[m[K
[3.019s] [01m[K/usr/include/c++/9/complex:370:5:[m[K [01;36m[Knote: [m[K  template argument deduction/substitution failed:
[3.019s] [01m[K/home/nakul/Desktop/bur/ros2_ws/src/2023-2024/state-estimation/src/Node.cpp:96:50:[m[K [01;36m[Knote: [m[K  ‘[01m[Kstd_msgs::msg::Header_<std::allocator<void> >::_stamp_type[m[K’ {aka ‘[01m[Kbuiltin_interfaces::msg::Time_<std::allocator<void> >[m[K’} is not derived from ‘[01m[Kconst std::complex<_Tp>[m[K’
[3.019s]    96 |     const double delta = (magMsg->header.stamp - [01;36m[KprevStampMagPose_[m[K).toSec();
[3.019s]       |                                                  [01;36m[K^~~~~~~~~~~~~~~~~[m[K
[3.019s] In file included from [01m[K/usr/include/eigen3/Eigen/Core:96[m[K,
[3.019s]                  from [01m[K/home/nakul/Desktop/bur/ros2_ws/src/2023-2024/state-estimation/include/eskf/common.h:4[m[K,
[3.019s]                  from [01m[K/home/nakul/Desktop/bur/ros2_ws/src/2023-2024/state-estimation/include/eskf/ESKF.hpp:4[m[K,
[3.019s]                  from [01m[K/home/nakul/Desktop/bur/ros2_ws/src/2023-2024/state-estimation/include/eskf/Node.hpp:15[m[K,
[3.019s]                  from [01m[K/home/nakul/Desktop/bur/ros2_ws/src/2023-2024/state-estimation/src/Node.cpp:1[m[K:
[3.019s] [01m[K/usr/include/c++/9/complex:379:5:[m[K [01;36m[Knote: [m[Kcandidate: ‘[01m[Ktemplate<class _Tp> std::complex<_Tp> std::operator-(const _Tp&, const std::complex<_Tp>&)[m[K’
[3.019s]   379 |     [01;36m[Koperator[m[K-(const _Tp& __x, const complex<_Tp>& __y)
[3.020s]       |     [01;36m[K^~~~~~~~[m[K
[3.020s] [01m[K/usr/include/c++/9/complex:379:5:[m[K [01;36m[Knote: [m[K  template argument deduction/substitution failed:
[3.020s] [01m[K/home/nakul/Desktop/bur/ros2_ws/src/2023-2024/state-estimation/src/Node.cpp:96:50:[m[K [01;36m[Knote: [m[K  ‘[01m[Kconst rclcpp::Time[m[K’ is not derived from ‘[01m[Kconst std::complex<_Tp>[m[K’
[3.020s]    96 |     const double delta = (magMsg->header.stamp - [01;36m[KprevStampMagPose_[m[K).toSec();
[3.020s]       |                                                  [01;36m[K^~~~~~~~~~~~~~~~~[m[K
[3.020s] In file included from [01m[K/usr/include/eigen3/Eigen/Core:96[m[K,
[3.020s]                  from [01m[K/home/nakul/Desktop/bur/ros2_ws/src/2023-2024/state-estimation/include/eskf/common.h:4[m[K,
[3.020s]                  from [01m[K/home/nakul/Desktop/bur/ros2_ws/src/2023-2024/state-estimation/include/eskf/ESKF.hpp:4[m[K,
[3.020s]                  from [01m[K/home/nakul/Desktop/bur/ros2_ws/src/2023-2024/state-estimation/include/eskf/Node.hpp:15[m[K,
[3.020s]                  from [01m[K/home/nakul/Desktop/bur/ros2_ws/src/2023-2024/state-estimation/src/Node.cpp:1[m[K:
[3.020s] [01m[K/usr/include/c++/9/complex:456:5:[m[K [01;36m[Knote: [m[Kcandidate: ‘[01m[Ktemplate<class _Tp> std::complex<_Tp> std::operator-(const std::complex<_Tp>&)[m[K’
[3.020s]   456 |     [01;36m[Koperator[m[K-(const complex<_Tp>& __x)
[3.020s]       |     [01;36m[K^~~~~~~~[m[K
[3.021s] [01m[K/usr/include/c++/9/complex:456:5:[m[K [01;36m[Knote: [m[K  template argument deduction/substitution failed:
[3.021s] [01m[K/home/nakul/Desktop/bur/ros2_ws/src/2023-2024/state-estimation/src/Node.cpp:96:50:[m[K [01;36m[Knote: [m[K  ‘[01m[Kstd_msgs::msg::Header_<std::allocator<void> >::_stamp_type[m[K’ {aka ‘[01m[Kbuiltin_interfaces::msg::Time_<std::allocator<void> >[m[K’} is not derived from ‘[01m[Kconst std::complex<_Tp>[m[K’
[3.021s]    96 |     const double delta = (magMsg->header.stamp - [01;36m[KprevStampMagPose_[m[K).toSec();
[3.021s]       |                                                  [01;36m[K^~~~~~~~~~~~~~~~~[m[K
[3.021s] [01m[K/home/nakul/Desktop/bur/ros2_ws/src/2023-2024/state-estimation/src/Node.cpp:99:76:[m[K [01;31m[Kerror: [m[K‘[01m[Kusing _stamp_type = struct builtin_interfaces::msg::Time_<std::allocator<void> >[m[K’ {aka ‘[01m[Kstruct builtin_interfaces::msg::Time_<std::allocator<void> >[m[K’} has no member named ‘[01m[KtoSec[m[K’
[3.021s]    99 |     eskf_.updateMagnetometer(m, static_cast<uint64_t>(magMsg->header.stamp.[01;31m[KtoSec[m[K() * 1e6f), delta);
[3.021s]       |                                                                            [01;31m[K^~~~~[m[K
[3.021s] [01m[K/home/nakul/Desktop/bur/ros2_ws/src/2023-2024/state-estimation/src/Node.cpp:101:38:[m[K [01;31m[Kerror: [m[Kpassing ‘[01m[Kconst rclcpp::Time[m[K’ as ‘[01m[Kthis[m[K’ argument discards qualifiers [[01;31m[K-fpermissive[m[K]
[3.021s]   101 |   prevStampMagPose_ = magMsg->header.[01;31m[Kstamp[m[K;
[3.021s]       |                                      [01;31m[K^~~~~[m[K
[3.021s] In file included from [01m[K/opt/ros/foxy/include/rclcpp/clock.hpp:23[m[K,
[3.021s]                  from [01m[K/opt/ros/foxy/include/rclcpp/timer.hpp:27[m[K,
[3.021s]                  from [01m[K/opt/ros/foxy/include/rclcpp/callback_group.hpp:27[m[K,
[3.022s]                  from [01m[K/opt/ros/foxy/include/rclcpp/any_executable.hpp:20[m[K,
[3.022s]                  from [01m[K/opt/ros/foxy/include/rclcpp/memory_strategy.hpp:24[m[K,
[3.022s]                  from [01m[K/opt/ros/foxy/include/rclcpp/memory_strategies.hpp:18[m[K,
[3.022s]                  from [01m[K/opt/ros/foxy/include/rclcpp/executor_options.hpp:20[m[K,
[3.022s]                  from [01m[K/opt/ros/foxy/include/rclcpp/executor.hpp:33[m[K,
[3.022s]                  from [01m[K/opt/ros/foxy/include/rclcpp/executors/multi_threaded_executor.hpp:26[m[K,
[3.022s]                  from [01m[K/opt/ros/foxy/include/rclcpp/executors.hpp:21[m[K,
[3.022s]                  from [01m[K/opt/ros/foxy/include/rclcpp/rclcpp.hpp:146[m[K,
[3.022s]                  from [01m[K/home/nakul/Desktop/bur/ros2_ws/src/2023-2024/state-estimation/include/eskf/Node.hpp:5[m[K,
[3.022s]                  from [01m[K/home/nakul/Desktop/bur/ros2_ws/src/2023-2024/state-estimation/src/Node.cpp:1[m[K:
[3.022s] [01m[K/opt/ros/foxy/include/rclcpp/time.hpp:101:3:[m[K [01;36m[Knote: [m[K  in call to ‘[01m[Krclcpp::Time& rclcpp::Time::operator=(const Time&)[m[K’
[3.022s]   101 |   [01;36m[Koperator[m[K=(const builtin_interfaces::msg::Time & time_msg);
[3.023s]       |   [01;36m[K^~~~~~~~[m[K
[3.023s] [01m[K/home/nakul/Desktop/bur/ros2_ws/src/2023-2024/state-estimation/src/Node.cpp:[m[K At global scope:
[3.023s] [01m[K/home/nakul/Desktop/bur/ros2_ws/src/2023-2024/state-estimation/src/Node.cpp:104:6:[m[K [01;31m[Kerror: [m[Kdeclaration of ‘[01m[Kvoid eskf::Node::rangeFinderCallback(sensor_msgs::msg::Range_<std::allocator<void> >::SharedPtr) const[m[K’ outside of class is not definition [[01;31m[K-fpermissive[m[K]
[3.023s]   104 | void [01;31m[KNode[m[K::rangeFinderCallback(const sensor_msgs::msg::Range::SharedPtr rangeMsg) const; {
[3.023s]       |      [01;31m[K^~~~[m[K
[3.023s] [01m[K/home/nakul/Desktop/bur/ros2_ws/src/2023-2024/state-estimation/src/Node.cpp:104:90:[m[K [01;31m[Kerror: [m[Kexpected unqualified-id before ‘[01m[K{[m[K’ token
[3.023s]   104 | void Node::rangeFinderCallback(const sensor_msgs::msg::Range::SharedPtr rangeMsg) const; [01;31m[K{[m[K
[3.023s]       |                                                                                          [01;31m[K^[m[K
[3.023s] [01m[K/home/nakul/Desktop/bur/ros2_ws/src/2023-2024/state-estimation/src/Node.cpp:[m[K In member function ‘[01m[Kvoid eskf::Node::extendedStateCallback(mavros_msgs::msg::ExtendedState_<std::allocator<void> >::SharedPtr) const[m[K’:
[3.023s] [01m[K/home/nakul/Desktop/bur/ros2_ws/src/2023-2024/state-estimation/src/Node.cpp:114:112:[m[K [01;31m[Kerror: [m[Kpassing ‘[01m[Kconst eskf::ESKF[m[K’ as ‘[01m[Kthis[m[K’ argument discards qualifiers [[01;31m[K-fpermissive[m[K]
[3.023s]   114 |   eskf_.updateLandedState(extendedStateMsg->landed_state & mavros_msgs::msg::ExtendedState::LANDED_STATE_IN_AIR[01;31m[K)[m[K;
[3.023s]       |                                                                                                                [01;31m[K^[m[K
[3.024s] In file included from [01m[K/home/nakul/Desktop/bur/ros2_ws/src/2023-2024/state-estimation/include/eskf/Node.hpp:15[m[K,
[3.024s]                  from [01m[K/home/nakul/Desktop/bur/ros2_ws/src/2023-2024/state-estimation/src/Node.cpp:1[m[K:
[3.024s] [01m[K/home/nakul/Desktop/bur/ros2_ws/src/2023-2024/state-estimation/include/eskf/ESKF.hpp:24:10:[m[K [01;36m[Knote: [m[K  in call to ‘[01m[Kvoid eskf::ESKF::updateLandedState(uint8_t)[m[K’
[3.024s]    24 |     void [01;36m[KupdateLandedState[m[K(uint8_t landed_state);
[3.024s]       |          [01;36m[K^~~~~~~~~~~~~~~~~[m[K
[3.024s] [01m[K/home/nakul/Desktop/bur/ros2_ws/src/2023-2024/state-estimation/src/Node.cpp:[m[K In member function ‘[01m[Kvoid eskf::Node::publishState()[m[K’:
[3.024s] [01m[K/home/nakul/Desktop/bur/ros2_ws/src/2023-2024/state-estimation/src/Node.cpp:125:13:[m[K [01;31m[Kerror: [m[K‘[01m[KHeader[m[K’ is not a member of ‘[01m[Kstd_msgs[m[K’; did you mean ‘[01m[Kstd_msgs::msg::Header[m[K’?
[3.024s]   125 |   std_msgs::[01;31m[KHeader[m[K header;
[3.024s]       |             [01;31m[K^~~~~~[m[K
[3.024s] In file included from [01m[K/opt/ros/foxy/include/sensor_msgs/msg/detail/imu__struct.hpp:19[m[K,
[3.024s]                  from [01m[K/opt/ros/foxy/include/sensor_msgs/msg/imu.hpp:7[m[K,
[3.024s]                  from [01m[K/home/nakul/Desktop/bur/ros2_ws/src/2023-2024/state-estimation/include/eskf/Node.hpp:6[m[K,
[3.024s]                  from [01m[K/home/nakul/Desktop/bur/ros2_ws/src/2023-2024/state-estimation/src/Node.cpp:1[m[K:
[3.025s] [01m[K/opt/ros/foxy/include/std_msgs/msg/detail/header__struct.hpp:139:7:[m[K [01;36m[Knote: [m[K‘[01m[Kstd_msgs::msg::Header[m[K’ declared here
[3.025s]   139 | using [01;36m[KHeader[m[K =
[3.025s]       |       [01;36m[K^~~~~~[m[K
[3.025s] [01m[K/home/nakul/Desktop/bur/ros2_ws/src/2023-2024/state-estimation/src/Node.cpp:126:3:[m[K [01;31m[Kerror: [m[K‘[01m[Kheader[m[K’ was not declared in this scope
[3.025s]   126 |   [01;31m[Kheader[m[K.frame_id = "/pose";
[3.025s]       |   [01;31m[K^~~~~~[m[K
[3.025s] [01m[K/home/nakul/Desktop/bur/ros2_ws/src/2023-2024/state-estimation/src/Node.cpp:128:32:[m[K [01;31m[Kerror: [m[K‘[01m[Know[m[K’ is not a member of ‘[01m[Krclcpp::Time[m[K’
[3.025s]   128 |   header.stamp = rclcpp::Time::[01;31m[Know[m[K();
[3.025s]       |                                [01;31m[K^~~[m[K
[3.025s] [01m[K/home/nakul/Desktop/bur/ros2_ws/src/2023-2024/state-estimation/src/Node.cpp:143:12:[m[K [01;31m[Kerror: [m[K‘[01m[Kusing SharedPtr = class std::shared_ptr<rclcpp::Publisher<nav_msgs::msg::Odometry_<std::allocator<void> > > >[m[K’ {aka ‘[01m[Kclass std::shared_ptr<rclcpp::Publisher<nav_msgs::msg::Odometry_<std::allocator<void> > > >[m[K’} has no member named ‘[01m[Kpublish[m[K’
[3.025s]   143 |   pubPose_.[01;31m[Kpublish[m[K(odom);
[3.025s]       |            [01;31m[K^~~~~~~[m[K
[7.040s] make[2]: *** [CMakeFiles/state-estimation.dir/build.make:76: CMakeFiles/state-estimation.dir/src/Node.cpp.o] Error 1
[7.040s] make[1]: *** [CMakeFiles/Makefile2:80: CMakeFiles/state-estimation.dir/all] Error 2
[7.041s] make: *** [Makefile:141: all] Error 2
[7.045s] Invoked command in '/home/nakul/Desktop/bur/ros2_ws/src/2023-2024/state-estimation/build/state-estimation' returned '2': /usr/bin/cmake --build /home/nakul/Desktop/bur/ros2_ws/src/2023-2024/state-estimation/build/state-estimation -- -j8 -l8
