[0.083s] Invoking command in '/home/bur/ros2_ws/build/zed_interfaces': CMAKE_PREFIX_PATH=${CMAKE_PREFIX_PATH}:/opt/ros/humble /usr/bin/cmake --build /home/bur/ros2_ws/build/zed_interfaces -- -j6 -l6
[0.251s] [  0%] Built target zed_interfaces__cpp
[0.277s] [ 12%] Built target zed_interfaces__rosidl_generator_c
[0.296s] [ 12%] Built target ament_cmake_python_symlink_zed_interfaces
[0.368s] [ 24%] Built target zed_interfaces__rosidl_typesupport_cpp
[0.382s] [ 36%] Built target zed_interfaces__rosidl_typesupport_c
[0.397s] [ 48%] Built target zed_interfaces__rosidl_typesupport_introspection_cpp
[0.410s] [ 60%] Built target zed_interfaces__rosidl_typesupport_fastrtps_cpp
[0.425s] [ 72%] Built target zed_interfaces__rosidl_typesupport_fastrtps_c
[0.445s] [ 84%] Built target zed_interfaces__rosidl_typesupport_introspection_c
[0.516s] [ 84%] Built target zed_interfaces
[0.613s] [ 85%] Built target zed_interfaces__py
[0.745s] [ 96%] Built target zed_interfaces__rosidl_generator_py
[0.845s] [ 98%] Built target zed_interfaces__rosidl_typesupport_introspection_c__pyext
[0.852s] [ 99%] Built target zed_interfaces__rosidl_typesupport_c__pyext
[0.863s] [100%] Built target zed_interfaces__rosidl_typesupport_fastrtps_c__pyext
[1.238s] running egg_info
[1.239s] writing zed_interfaces.egg-info/PKG-INFO
[1.240s] writing dependency_links to zed_interfaces.egg-info/dependency_links.txt
[1.240s] writing top-level names to zed_interfaces.egg-info/top_level.txt
[1.358s] reading manifest file 'zed_interfaces.egg-info/SOURCES.txt'
[1.360s] writing manifest file 'zed_interfaces.egg-info/SOURCES.txt'
[1.455s] [100%] Built target ament_cmake_python_build_zed_interfaces_egg
[1.497s] Invoked command in '/home/bur/ros2_ws/build/zed_interfaces' returned '0': CMAKE_PREFIX_PATH=${CMAKE_PREFIX_PATH}:/opt/ros/humble /usr/bin/cmake --build /home/bur/ros2_ws/build/zed_interfaces -- -j6 -l6
[2.345s] Invoking command in '/home/bur/ros2_ws/build/zed_interfaces': CMAKE_PREFIX_PATH=${CMAKE_PREFIX_PATH}:/opt/ros/humble /usr/bin/cmake --install /home/bur/ros2_ws/build/zed_interfaces
[2.372s] -- Install configuration: "Release"
[2.374s] -- Execute custom install script
[2.374s] -- Up-to-date symlink: /home/bur/ros2_ws/install/zed_interfaces/share/ament_index/resource_index/rosidl_interfaces/zed_interfaces
[2.376s] -- Up-to-date symlink: /home/bur/ros2_ws/install/zed_interfaces/include/zed_interfaces/zed_interfaces/msg/bounding_box2_df.h
[2.377s] -- Up-to-date symlink: /home/bur/ros2_ws/install/zed_interfaces/include/zed_interfaces/zed_interfaces/msg/bounding_box2_di.h
[2.377s] -- Up-to-date symlink: /home/bur/ros2_ws/install/zed_interfaces/include/zed_interfaces/zed_interfaces/msg/bounding_box3_d.h
[2.377s] -- Up-to-date symlink: /home/bur/ros2_ws/install/zed_interfaces/include/zed_interfaces/zed_interfaces/msg/depth_info_stamped.h
[2.378s] -- Up-to-date symlink: /home/bur/ros2_ws/install/zed_interfaces/include/zed_interfaces/zed_interfaces/msg/detail/bounding_box2_df__functions.h
[2.378s] -- Up-to-date symlink: /home/bur/ros2_ws/install/zed_interfaces/include/zed_interfaces/zed_interfaces/msg/detail/bounding_box2_df__struct.h
[2.378s] -- Up-to-date symlink: /home/bur/ros2_ws/install/zed_interfaces/include/zed_interfaces/zed_interfaces/msg/detail/bounding_box2_df__type_support.h
[2.379s] -- Up-to-date symlink: /home/bur/ros2_ws/install/zed_interfaces/include/zed_interfaces/zed_interfaces/msg/detail/bounding_box2_di__functions.h
[2.379s] -- Up-to-date symlink: /home/bur/ros2_ws/install/zed_interfaces/include/zed_interfaces/zed_interfaces/msg/detail/bounding_box2_di__struct.h
[2.379s] -- Up-to-date symlink: /home/bur/ros2_ws/install/zed_interfaces/include/zed_interfaces/zed_interfaces/msg/detail/bounding_box2_di__type_support.h
[2.380s] -- Up-to-date symlink: /home/bur/ros2_ws/install/zed_interfaces/include/zed_interfaces/zed_interfaces/msg/detail/bounding_box3_d__functions.h
[2.380s] -- Up-to-date symlink: /home/bur/ros2_ws/install/zed_interfaces/include/zed_interfaces/zed_interfaces/msg/detail/bounding_box3_d__struct.h
[2.381s] -- Up-to-date symlink: /home/bur/ros2_ws/install/zed_interfaces/include/zed_interfaces/zed_interfaces/msg/detail/bounding_box3_d__type_support.h
[2.382s] -- Up-to-date symlink: /home/bur/ros2_ws/install/zed_interfaces/include/zed_interfaces/zed_interfaces/msg/detail/depth_info_stamped__functions.h
[2.383s] -- Up-to-date symlink: /home/bur/ros2_ws/install/zed_interfaces/include/zed_interfaces/zed_interfaces/msg/detail/depth_info_stamped__struct.h
[2.383s] -- Up-to-date symlink: /home/bur/ros2_ws/install/zed_interfaces/include/zed_interfaces/zed_interfaces/msg/detail/depth_info_stamped__type_support.h
[2.384s] -- Up-to-date symlink: /home/bur/ros2_ws/install/zed_interfaces/include/zed_interfaces/zed_interfaces/msg/detail/heartbeat__functions.h
[2.384s] -- Up-to-date symlink: /home/bur/ros2_ws/install/zed_interfaces/include/zed_interfaces/zed_interfaces/msg/detail/heartbeat__struct.h
[2.384s] -- Up-to-date symlink: /home/bur/ros2_ws/install/zed_interfaces/include/zed_interfaces/zed_interfaces/msg/detail/heartbeat__type_support.h
[2.384s] -- Up-to-date symlink: /home/bur/ros2_ws/install/zed_interfaces/include/zed_interfaces/zed_interfaces/msg/detail/keypoint2_df__functions.h
[2.384s] -- Up-to-date symlink: /home/bur/ros2_ws/install/zed_interfaces/include/zed_interfaces/zed_interfaces/msg/detail/keypoint2_df__struct.h
[2.385s] -- Up-to-date symlink: /home/bur/ros2_ws/install/zed_interfaces/include/zed_interfaces/zed_interfaces/msg/detail/keypoint2_df__type_support.h
[2.385s] -- Up-to-date symlink: /home/bur/ros2_ws/install/zed_interfaces/include/zed_interfaces/zed_interfaces/msg/detail/keypoint2_di__functions.h
[2.385s] -- Up-to-date symlink: /home/bur/ros2_ws/install/zed_interfaces/include/zed_interfaces/zed_interfaces/msg/detail/keypoint2_di__struct.h
[2.386s] -- Up-to-date symlink: /home/bur/ros2_ws/install/zed_interfaces/include/zed_interfaces/zed_interfaces/msg/detail/keypoint2_di__type_support.h
[2.386s] -- Up-to-date symlink: /home/bur/ros2_ws/install/zed_interfaces/include/zed_interfaces/zed_interfaces/msg/detail/keypoint3_d__functions.h
[2.387s] -- Up-to-date symlink: /home/bur/ros2_ws/install/zed_interfaces/include/zed_interfaces/zed_interfaces/msg/detail/keypoint3_d__struct.h
[2.387s] -- Up-to-date symlink: /home/bur/ros2_ws/install/zed_interfaces/include/zed_interfaces/zed_interfaces/msg/detail/keypoint3_d__type_support.h
[2.387s] -- Up-to-date symlink: /home/bur/ros2_ws/install/zed_interfaces/include/zed_interfaces/zed_interfaces/msg/detail/object__functions.h
[2.388s] -- Up-to-date symlink: /home/bur/ros2_ws/install/zed_interfaces/include/zed_interfaces/zed_interfaces/msg/detail/object__struct.h
[2.389s] -- Up-to-date symlink: /home/bur/ros2_ws/install/zed_interfaces/include/zed_interfaces/zed_interfaces/msg/detail/object__type_support.h
[2.393s] -- Up-to-date symlink: /home/bur/ros2_ws/install/zed_interfaces/include/zed_interfaces/zed_interfaces/msg/detail/objects_stamped__functions.h
[2.393s] -- Up-to-date symlink: /home/bur/ros2_ws/install/zed_interfaces/include/zed_interfaces/zed_interfaces/msg/detail/objects_stamped__struct.h
[2.394s] -- Up-to-date symlink: /home/bur/ros2_ws/install/zed_interfaces/include/zed_interfaces/zed_interfaces/msg/detail/objects_stamped__type_support.h
[2.394s] -- Up-to-date symlink: /home/bur/ros2_ws/install/zed_interfaces/include/zed_interfaces/zed_interfaces/msg/detail/plane_stamped__functions.h
[2.394s] -- Up-to-date symlink: /home/bur/ros2_ws/install/zed_interfaces/include/zed_interfaces/zed_interfaces/msg/detail/plane_stamped__struct.h
[2.395s] -- Up-to-date symlink: /home/bur/ros2_ws/install/zed_interfaces/include/zed_interfaces/zed_interfaces/msg/detail/plane_stamped__type_support.h
[2.395s] -- Up-to-date symlink: /home/bur/ros2_ws/install/zed_interfaces/include/zed_interfaces/zed_interfaces/msg/detail/pos_track_status__functions.h
[2.395s] -- Up-to-date symlink: /home/bur/ros2_ws/install/zed_interfaces/include/zed_interfaces/zed_interfaces/msg/detail/pos_track_status__struct.h
[2.395s] -- Up-to-date symlink: /home/bur/ros2_ws/install/zed_interfaces/include/zed_interfaces/zed_interfaces/msg/detail/pos_track_status__type_support.h
[2.396s] -- Up-to-date symlink: /home/bur/ros2_ws/install/zed_interfaces/include/zed_interfaces/zed_interfaces/msg/detail/skeleton2_d__functions.h
[2.396s] -- Up-to-date symlink: /home/bur/ros2_ws/install/zed_interfaces/include/zed_interfaces/zed_interfaces/msg/detail/skeleton2_d__struct.h
[2.396s] -- Up-to-date symlink: /home/bur/ros2_ws/install/zed_interfaces/include/zed_interfaces/zed_interfaces/msg/detail/skeleton2_d__type_support.h
[2.396s] -- Up-to-date symlink: /home/bur/ros2_ws/install/zed_interfaces/include/zed_interfaces/zed_interfaces/msg/detail/skeleton3_d__functions.h
[2.396s] -- Up-to-date symlink: /home/bur/ros2_ws/install/zed_interfaces/include/zed_interfaces/zed_interfaces/msg/detail/skeleton3_d__struct.h
[2.397s] -- Up-to-date symlink: /home/bur/ros2_ws/install/zed_interfaces/include/zed_interfaces/zed_interfaces/msg/detail/skeleton3_d__type_support.h
[2.397s] -- Up-to-date symlink: /home/bur/ros2_ws/install/zed_interfaces/include/zed_interfaces/zed_interfaces/msg/heartbeat.h
[2.397s] -- Up-to-date symlink: /home/bur/ros2_ws/install/zed_interfaces/include/zed_interfaces/zed_interfaces/msg/keypoint2_df.h
[2.398s] -- Up-to-date symlink: /home/bur/ros2_ws/install/zed_interfaces/include/zed_interfaces/zed_interfaces/msg/keypoint2_di.h
[2.398s] -- Up-to-date symlink: /home/bur/ros2_ws/install/zed_interfaces/include/zed_interfaces/zed_interfaces/msg/keypoint3_d.h
[2.399s] -- Up-to-date symlink: /home/bur/ros2_ws/install/zed_interfaces/include/zed_interfaces/zed_interfaces/msg/object.h
[2.399s] -- Up-to-date symlink: /home/bur/ros2_ws/install/zed_interfaces/include/zed_interfaces/zed_interfaces/msg/objects_stamped.h
[2.400s] -- Up-to-date symlink: /home/bur/ros2_ws/install/zed_interfaces/include/zed_interfaces/zed_interfaces/msg/plane_stamped.h
[2.400s] -- Up-to-date symlink: /home/bur/ros2_ws/install/zed_interfaces/include/zed_interfaces/zed_interfaces/msg/pos_track_status.h
[2.400s] -- Up-to-date symlink: /home/bur/ros2_ws/install/zed_interfaces/include/zed_interfaces/zed_interfaces/msg/rosidl_generator_c__visibility_control.h
[2.401s] -- Up-to-date symlink: /home/bur/ros2_ws/install/zed_interfaces/include/zed_interfaces/zed_interfaces/msg/skeleton2_d.h
[2.401s] -- Up-to-date symlink: /home/bur/ros2_ws/install/zed_interfaces/include/zed_interfaces/zed_interfaces/msg/skeleton3_d.h
[2.403s] -- Up-to-date symlink: /home/bur/ros2_ws/install/zed_interfaces/include/zed_interfaces/zed_interfaces/srv/detail/set_pose__functions.h
[2.403s] -- Up-to-date symlink: /home/bur/ros2_ws/install/zed_interfaces/include/zed_interfaces/zed_interfaces/srv/detail/set_pose__struct.h
[2.403s] -- Up-to-date symlink: /home/bur/ros2_ws/install/zed_interfaces/include/zed_interfaces/zed_interfaces/srv/detail/set_pose__type_support.h
[2.404s] -- Up-to-date symlink: /home/bur/ros2_ws/install/zed_interfaces/include/zed_interfaces/zed_interfaces/srv/detail/set_roi__functions.h
[2.404s] -- Up-to-date symlink: /home/bur/ros2_ws/install/zed_interfaces/include/zed_interfaces/zed_interfaces/srv/detail/set_roi__struct.h
[2.405s] -- Up-to-date symlink: /home/bur/ros2_ws/install/zed_interfaces/include/zed_interfaces/zed_interfaces/srv/detail/set_roi__type_support.h
[2.406s] -- Up-to-date symlink: /home/bur/ros2_ws/install/zed_interfaces/include/zed_interfaces/zed_interfaces/srv/detail/start_svo_rec__functions.h
[2.406s] -- Up-to-date symlink: /home/bur/ros2_ws/install/zed_interfaces/include/zed_interfaces/zed_interfaces/srv/detail/start_svo_rec__struct.h
[2.406s] -- Up-to-date symlink: /home/bur/ros2_ws/install/zed_interfaces/include/zed_interfaces/zed_interfaces/srv/detail/start_svo_rec__type_support.h
[2.407s] -- Up-to-date symlink: /home/bur/ros2_ws/install/zed_interfaces/include/zed_interfaces/zed_interfaces/srv/set_pose.h
[2.408s] -- Up-to-date symlink: /home/bur/ros2_ws/install/zed_interfaces/include/zed_interfaces/zed_interfaces/srv/set_roi.h
[2.408s] -- Up-to-date symlink: /home/bur/ros2_ws/install/zed_interfaces/include/zed_interfaces/zed_interfaces/srv/start_svo_rec.h
[2.409s] -- Up-to-date symlink: /home/bur/ros2_ws/install/zed_interfaces/share/zed_interfaces/environment/library_path.sh
[2.409s] -- Up-to-date symlink: /home/bur/ros2_ws/install/zed_interfaces/share/zed_interfaces/environment/library_path.dsv
[2.412s] -- Up-to-date symlink: /home/bur/ros2_ws/install/zed_interfaces/include/zed_interfaces/zed_interfaces/msg/detail/bounding_box2_df__rosidl_typesupport_fastrtps_c.h
[2.413s] -- Up-to-date symlink: /home/bur/ros2_ws/install/zed_interfaces/include/zed_interfaces/zed_interfaces/msg/detail/bounding_box2_di__rosidl_typesupport_fastrtps_c.h
[2.414s] -- Up-to-date symlink: /home/bur/ros2_ws/install/zed_interfaces/include/zed_interfaces/zed_interfaces/msg/detail/bounding_box3_d__rosidl_typesupport_fastrtps_c.h
[2.415s] -- Up-to-date symlink: /home/bur/ros2_ws/install/zed_interfaces/include/zed_interfaces/zed_interfaces/msg/detail/depth_info_stamped__rosidl_typesupport_fastrtps_c.h
[2.416s] -- Up-to-date symlink: /home/bur/ros2_ws/install/zed_interfaces/include/zed_interfaces/zed_interfaces/msg/detail/heartbeat__rosidl_typesupport_fastrtps_c.h
[2.416s] -- Up-to-date symlink: /home/bur/ros2_ws/install/zed_interfaces/include/zed_interfaces/zed_interfaces/msg/detail/keypoint2_df__rosidl_typesupport_fastrtps_c.h
[2.417s] -- Up-to-date symlink: /home/bur/ros2_ws/install/zed_interfaces/include/zed_interfaces/zed_interfaces/msg/detail/keypoint2_di__rosidl_typesupport_fastrtps_c.h
[2.417s] -- Up-to-date symlink: /home/bur/ros2_ws/install/zed_interfaces/include/zed_interfaces/zed_interfaces/msg/detail/keypoint3_d__rosidl_typesupport_fastrtps_c.h
[2.418s] -- Up-to-date symlink: /home/bur/ros2_ws/install/zed_interfaces/include/zed_interfaces/zed_interfaces/msg/detail/object__rosidl_typesupport_fastrtps_c.h
[2.418s] -- Up-to-date symlink: /home/bur/ros2_ws/install/zed_interfaces/include/zed_interfaces/zed_interfaces/msg/detail/objects_stamped__rosidl_typesupport_fastrtps_c.h
[2.419s] -- Up-to-date symlink: /home/bur/ros2_ws/install/zed_interfaces/include/zed_interfaces/zed_interfaces/msg/detail/plane_stamped__rosidl_typesupport_fastrtps_c.h
[2.422s] -- Up-to-date symlink: /home/bur/ros2_ws/install/zed_interfaces/include/zed_interfaces/zed_interfaces/msg/detail/pos_track_status__rosidl_typesupport_fastrtps_c.h
[2.423s] -- Up-to-date symlink: /home/bur/ros2_ws/install/zed_interfaces/include/zed_interfaces/zed_interfaces/msg/detail/skeleton2_d__rosidl_typesupport_fastrtps_c.h
[2.423s] -- Up-to-date symlink: /home/bur/ros2_ws/install/zed_interfaces/include/zed_interfaces/zed_interfaces/msg/detail/skeleton3_d__rosidl_typesupport_fastrtps_c.h
[2.423s] -- Up-to-date symlink: /home/bur/ros2_ws/install/zed_interfaces/include/zed_interfaces/zed_interfaces/msg/rosidl_typesupport_fastrtps_c__visibility_control.h
[2.423s] -- Up-to-date symlink: /home/bur/ros2_ws/install/zed_interfaces/include/zed_interfaces/zed_interfaces/srv/detail/set_pose__rosidl_typesupport_fastrtps_c.h
[2.423s] -- Up-to-date symlink: /home/bur/ros2_ws/install/zed_interfaces/include/zed_interfaces/zed_interfaces/srv/detail/set_roi__rosidl_typesupport_fastrtps_c.h
[2.424s] -- Up-to-date symlink: /home/bur/ros2_ws/install/zed_interfaces/include/zed_interfaces/zed_interfaces/srv/detail/start_svo_rec__rosidl_typesupport_fastrtps_c.h
[2.424s] -- Up-to-date symlink: /home/bur/ros2_ws/install/zed_interfaces/include/zed_interfaces/zed_interfaces/msg/bounding_box2_df.hpp
[2.424s] -- Up-to-date symlink: /home/bur/ros2_ws/install/zed_interfaces/include/zed_interfaces/zed_interfaces/msg/bounding_box2_di.hpp
[2.425s] -- Up-to-date symlink: /home/bur/ros2_ws/install/zed_interfaces/include/zed_interfaces/zed_interfaces/msg/bounding_box3_d.hpp
[2.426s] -- Up-to-date symlink: /home/bur/ros2_ws/install/zed_interfaces/include/zed_interfaces/zed_interfaces/msg/depth_info_stamped.hpp
[2.426s] -- Up-to-date symlink: /home/bur/ros2_ws/install/zed_interfaces/include/zed_interfaces/zed_interfaces/msg/detail/bounding_box2_df__builder.hpp
[2.427s] -- Up-to-date symlink: /home/bur/ros2_ws/install/zed_interfaces/include/zed_interfaces/zed_interfaces/msg/detail/bounding_box2_df__struct.hpp
[2.427s] -- Up-to-date symlink: /home/bur/ros2_ws/install/zed_interfaces/include/zed_interfaces/zed_interfaces/msg/detail/bounding_box2_df__traits.hpp
[2.428s] -- Up-to-date symlink: /home/bur/ros2_ws/install/zed_interfaces/include/zed_interfaces/zed_interfaces/msg/detail/bounding_box2_di__builder.hpp
[2.428s] -- Up-to-date symlink: /home/bur/ros2_ws/install/zed_interfaces/include/zed_interfaces/zed_interfaces/msg/detail/bounding_box2_di__struct.hpp
[2.428s] -- Up-to-date symlink: /home/bur/ros2_ws/install/zed_interfaces/include/zed_interfaces/zed_interfaces/msg/detail/bounding_box2_di__traits.hpp
[2.429s] -- Up-to-date symlink: /home/bur/ros2_ws/install/zed_interfaces/include/zed_interfaces/zed_interfaces/msg/detail/bounding_box3_d__builder.hpp
[2.430s] -- Up-to-date symlink: /home/bur/ros2_ws/install/zed_interfaces/include/zed_interfaces/zed_interfaces/msg/detail/bounding_box3_d__struct.hpp
[2.430s] -- Up-to-date symlink: /home/bur/ros2_ws/install/zed_interfaces/include/zed_interfaces/zed_interfaces/msg/detail/bounding_box3_d__traits.hpp
[2.431s] -- Up-to-date symlink: /home/bur/ros2_ws/install/zed_interfaces/include/zed_interfaces/zed_interfaces/msg/detail/depth_info_stamped__builder.hpp
[2.431s] -- Up-to-date symlink: /home/bur/ros2_ws/install/zed_interfaces/include/zed_interfaces/zed_interfaces/msg/detail/depth_info_stamped__struct.hpp
[2.432s] -- Up-to-date symlink: /home/bur/ros2_ws/install/zed_interfaces/include/zed_interfaces/zed_interfaces/msg/detail/depth_info_stamped__traits.hpp
[2.432s] -- Up-to-date symlink: /home/bur/ros2_ws/install/zed_interfaces/include/zed_interfaces/zed_interfaces/msg/detail/heartbeat__builder.hpp
[2.433s] -- Up-to-date symlink: /home/bur/ros2_ws/install/zed_interfaces/include/zed_interfaces/zed_interfaces/msg/detail/heartbeat__struct.hpp
[2.433s] -- Up-to-date symlink: /home/bur/ros2_ws/install/zed_interfaces/include/zed_interfaces/zed_interfaces/msg/detail/heartbeat__traits.hpp
[2.434s] -- Up-to-date symlink: /home/bur/ros2_ws/install/zed_interfaces/include/zed_interfaces/zed_interfaces/msg/detail/keypoint2_df__builder.hpp
[2.434s] -- Up-to-date symlink: /home/bur/ros2_ws/install/zed_interfaces/include/zed_interfaces/zed_interfaces/msg/detail/keypoint2_df__struct.hpp
[2.435s] -- Up-to-date symlink: /home/bur/ros2_ws/install/zed_interfaces/include/zed_interfaces/zed_interfaces/msg/detail/keypoint2_df__traits.hpp
[2.436s] -- Up-to-date symlink: /home/bur/ros2_ws/install/zed_interfaces/include/zed_interfaces/zed_interfaces/msg/detail/keypoint2_di__builder.hpp
[2.436s] -- Up-to-date symlink: /home/bur/ros2_ws/install/zed_interfaces/include/zed_interfaces/zed_interfaces/msg/detail/keypoint2_di__struct.hpp
[2.436s] -- Up-to-date symlink: /home/bur/ros2_ws/install/zed_interfaces/include/zed_interfaces/zed_interfaces/msg/detail/keypoint2_di__traits.hpp
[2.437s] -- Up-to-date symlink: /home/bur/ros2_ws/install/zed_interfaces/include/zed_interfaces/zed_interfaces/msg/detail/keypoint3_d__builder.hpp
[2.437s] -- Up-to-date symlink: /home/bur/ros2_ws/install/zed_interfaces/include/zed_interfaces/zed_interfaces/msg/detail/keypoint3_d__struct.hpp
[2.437s] -- Up-to-date symlink: /home/bur/ros2_ws/install/zed_interfaces/include/zed_interfaces/zed_interfaces/msg/detail/keypoint3_d__traits.hpp
[2.438s] -- Up-to-date symlink: /home/bur/ros2_ws/install/zed_interfaces/include/zed_interfaces/zed_interfaces/msg/detail/object__builder.hpp
[2.445s] -- Up-to-date symlink: /home/bur/ros2_ws/install/zed_interfaces/include/zed_interfaces/zed_interfaces/msg/detail/object__struct.hpp
[2.446s] -- Up-to-date symlink: /home/bur/ros2_ws/install/zed_interfaces/include/zed_interfaces/zed_interfaces/msg/detail/object__traits.hpp
[2.446s] -- Up-to-date symlink: /home/bur/ros2_ws/install/zed_interfaces/include/zed_interfaces/zed_interfaces/msg/detail/objects_stamped__builder.hpp
[2.446s] -- Up-to-date symlink: /home/bur/ros2_ws/install/zed_interfaces/include/zed_interfaces/zed_interfaces/msg/detail/objects_stamped__struct.hpp
[2.447s] -- Up-to-date symlink: /home/bur/ros2_ws/install/zed_interfaces/include/zed_interfaces/zed_interfaces/msg/detail/objects_stamped__traits.hpp
[2.447s] -- Up-to-date symlink: /home/bur/ros2_ws/install/zed_interfaces/include/zed_interfaces/zed_interfaces/msg/detail/plane_stamped__builder.hpp
[2.447s] -- Up-to-date symlink: /home/bur/ros2_ws/install/zed_interfaces/include/zed_interfaces/zed_interfaces/msg/detail/plane_stamped__struct.hpp
[2.447s] -- Up-to-date symlink: /home/bur/ros2_ws/install/zed_interfaces/include/zed_interfaces/zed_interfaces/msg/detail/plane_stamped__traits.hpp
[2.447s] -- Up-to-date symlink: /home/bur/ros2_ws/install/zed_interfaces/include/zed_interfaces/zed_interfaces/msg/detail/pos_track_status__builder.hpp
[2.447s] -- Up-to-date symlink: /home/bur/ros2_ws/install/zed_interfaces/include/zed_interfaces/zed_interfaces/msg/detail/pos_track_status__struct.hpp
[2.448s] -- Up-to-date symlink: /home/bur/ros2_ws/install/zed_interfaces/include/zed_interfaces/zed_interfaces/msg/detail/pos_track_status__traits.hpp
[2.448s] -- Up-to-date symlink: /home/bur/ros2_ws/install/zed_interfaces/include/zed_interfaces/zed_interfaces/msg/detail/skeleton2_d__builder.hpp
[2.448s] -- Up-to-date symlink: /home/bur/ros2_ws/install/zed_interfaces/include/zed_interfaces/zed_interfaces/msg/detail/skeleton2_d__struct.hpp
[2.448s] -- Up-to-date symlink: /home/bur/ros2_ws/install/zed_interfaces/include/zed_interfaces/zed_interfaces/msg/detail/skeleton2_d__traits.hpp
[2.448s] -- Up-to-date symlink: /home/bur/ros2_ws/install/zed_interfaces/include/zed_interfaces/zed_interfaces/msg/detail/skeleton3_d__builder.hpp
[2.448s] -- Up-to-date symlink: /home/bur/ros2_ws/install/zed_interfaces/include/zed_interfaces/zed_interfaces/msg/detail/skeleton3_d__struct.hpp
[2.448s] -- Up-to-date symlink: /home/bur/ros2_ws/install/zed_interfaces/include/zed_interfaces/zed_interfaces/msg/detail/skeleton3_d__traits.hpp
[2.448s] -- Up-to-date symlink: /home/bur/ros2_ws/install/zed_interfaces/include/zed_interfaces/zed_interfaces/msg/heartbeat.hpp
[2.449s] -- Up-to-date symlink: /home/bur/ros2_ws/install/zed_interfaces/include/zed_interfaces/zed_interfaces/msg/keypoint2_df.hpp
[2.449s] -- Up-to-date symlink: /home/bur/ros2_ws/install/zed_interfaces/include/zed_interfaces/zed_interfaces/msg/keypoint2_di.hpp
[2.449s] -- Up-to-date symlink: /home/bur/ros2_ws/install/zed_interfaces/include/zed_interfaces/zed_interfaces/msg/keypoint3_d.hpp
[2.449s] -- Up-to-date symlink: /home/bur/ros2_ws/install/zed_interfaces/include/zed_interfaces/zed_interfaces/msg/object.hpp
[2.449s] -- Up-to-date symlink: /home/bur/ros2_ws/install/zed_interfaces/include/zed_interfaces/zed_interfaces/msg/objects_stamped.hpp
[2.449s] -- Up-to-date symlink: /home/bur/ros2_ws/install/zed_interfaces/include/zed_interfaces/zed_interfaces/msg/plane_stamped.hpp
[2.449s] -- Up-to-date symlink: /home/bur/ros2_ws/install/zed_interfaces/include/zed_interfaces/zed_interfaces/msg/pos_track_status.hpp
[2.449s] -- Up-to-date symlink: /home/bur/ros2_ws/install/zed_interfaces/include/zed_interfaces/zed_interfaces/msg/skeleton2_d.hpp
[2.450s] -- Up-to-date symlink: /home/bur/ros2_ws/install/zed_interfaces/include/zed_interfaces/zed_interfaces/msg/skeleton3_d.hpp
[2.452s] -- Up-to-date symlink: /home/bur/ros2_ws/install/zed_interfaces/include/zed_interfaces/zed_interfaces/srv/detail/set_pose__builder.hpp
[2.453s] -- Up-to-date symlink: /home/bur/ros2_ws/install/zed_interfaces/include/zed_interfaces/zed_interfaces/srv/detail/set_pose__struct.hpp
[2.453s] -- Up-to-date symlink: /home/bur/ros2_ws/install/zed_interfaces/include/zed_interfaces/zed_interfaces/srv/detail/set_pose__traits.hpp
[2.453s] -- Up-to-date symlink: /home/bur/ros2_ws/install/zed_interfaces/include/zed_interfaces/zed_interfaces/srv/detail/set_roi__builder.hpp
[2.453s] -- Up-to-date symlink: /home/bur/ros2_ws/install/zed_interfaces/include/zed_interfaces/zed_interfaces/srv/detail/set_roi__struct.hpp
[2.453s] -- Up-to-date symlink: /home/bur/ros2_ws/install/zed_interfaces/include/zed_interfaces/zed_interfaces/srv/detail/set_roi__traits.hpp
[2.453s] -- Up-to-date symlink: /home/bur/ros2_ws/install/zed_interfaces/include/zed_interfaces/zed_interfaces/srv/detail/start_svo_rec__builder.hpp
[2.454s] -- Up-to-date symlink: /home/bur/ros2_ws/install/zed_interfaces/include/zed_interfaces/zed_interfaces/srv/detail/start_svo_rec__struct.hpp
[2.456s] -- Up-to-date symlink: /home/bur/ros2_ws/install/zed_interfaces/include/zed_interfaces/zed_interfaces/srv/detail/start_svo_rec__traits.hpp
[2.456s] -- Up-to-date symlink: /home/bur/ros2_ws/install/zed_interfaces/include/zed_interfaces/zed_interfaces/srv/set_pose.hpp
[2.456s] -- Up-to-date symlink: /home/bur/ros2_ws/install/zed_interfaces/include/zed_interfaces/zed_interfaces/srv/set_roi.hpp
[2.457s] -- Up-to-date symlink: /home/bur/ros2_ws/install/zed_interfaces/include/zed_interfaces/zed_interfaces/srv/start_svo_rec.hpp
[2.459s] -- Up-to-date symlink: /home/bur/ros2_ws/install/zed_interfaces/include/zed_interfaces/zed_interfaces/msg/detail/bounding_box2_df__rosidl_typesupport_fastrtps_cpp.hpp
[2.459s] -- Up-to-date symlink: /home/bur/ros2_ws/install/zed_interfaces/include/zed_interfaces/zed_interfaces/msg/detail/bounding_box2_di__rosidl_typesupport_fastrtps_cpp.hpp
[2.460s] -- Up-to-date symlink: /home/bur/ros2_ws/install/zed_interfaces/include/zed_interfaces/zed_interfaces/msg/detail/bounding_box3_d__rosidl_typesupport_fastrtps_cpp.hpp
[2.461s] -- Up-to-date symlink: /home/bur/ros2_ws/install/zed_interfaces/include/zed_interfaces/zed_interfaces/msg/detail/depth_info_stamped__rosidl_typesupport_fastrtps_cpp.hpp
[2.461s] -- Up-to-date symlink: /home/bur/ros2_ws/install/zed_interfaces/include/zed_interfaces/zed_interfaces/msg/detail/heartbeat__rosidl_typesupport_fastrtps_cpp.hpp
[2.461s] -- Up-to-date symlink: /home/bur/ros2_ws/install/zed_interfaces/include/zed_interfaces/zed_interfaces/msg/detail/keypoint2_df__rosidl_typesupport_fastrtps_cpp.hpp
[2.462s] -- Up-to-date symlink: /home/bur/ros2_ws/install/zed_interfaces/include/zed_interfaces/zed_interfaces/msg/detail/keypoint2_di__rosidl_typesupport_fastrtps_cpp.hpp
[2.462s] -- Up-to-date symlink: /home/bur/ros2_ws/install/zed_interfaces/include/zed_interfaces/zed_interfaces/msg/detail/keypoint3_d__rosidl_typesupport_fastrtps_cpp.hpp
[2.463s] -- Up-to-date symlink: /home/bur/ros2_ws/install/zed_interfaces/include/zed_interfaces/zed_interfaces/msg/detail/object__rosidl_typesupport_fastrtps_cpp.hpp
[2.464s] -- Up-to-date symlink: /home/bur/ros2_ws/install/zed_interfaces/include/zed_interfaces/zed_interfaces/msg/detail/objects_stamped__rosidl_typesupport_fastrtps_cpp.hpp
[2.464s] -- Up-to-date symlink: /home/bur/ros2_ws/install/zed_interfaces/include/zed_interfaces/zed_interfaces/msg/detail/plane_stamped__rosidl_typesupport_fastrtps_cpp.hpp
[2.465s] -- Up-to-date symlink: /home/bur/ros2_ws/install/zed_interfaces/include/zed_interfaces/zed_interfaces/msg/detail/pos_track_status__rosidl_typesupport_fastrtps_cpp.hpp
[2.466s] -- Up-to-date symlink: /home/bur/ros2_ws/install/zed_interfaces/include/zed_interfaces/zed_interfaces/msg/detail/skeleton2_d__rosidl_typesupport_fastrtps_cpp.hpp
[2.466s] -- Up-to-date symlink: /home/bur/ros2_ws/install/zed_interfaces/include/zed_interfaces/zed_interfaces/msg/detail/skeleton3_d__rosidl_typesupport_fastrtps_cpp.hpp
[2.467s] -- Up-to-date symlink: /home/bur/ros2_ws/install/zed_interfaces/include/zed_interfaces/zed_interfaces/msg/rosidl_typesupport_fastrtps_cpp__visibility_control.h
[2.467s] -- Up-to-date symlink: /home/bur/ros2_ws/install/zed_interfaces/include/zed_interfaces/zed_interfaces/srv/detail/set_pose__rosidl_typesupport_fastrtps_cpp.hpp
[2.468s] -- Up-to-date symlink: /home/bur/ros2_ws/install/zed_interfaces/include/zed_interfaces/zed_interfaces/srv/detail/set_roi__rosidl_typesupport_fastrtps_cpp.hpp
[2.468s] -- Up-to-date symlink: /home/bur/ros2_ws/install/zed_interfaces/include/zed_interfaces/zed_interfaces/srv/detail/start_svo_rec__rosidl_typesupport_fastrtps_cpp.hpp
[2.470s] -- Up-to-date symlink: /home/bur/ros2_ws/install/zed_interfaces/include/zed_interfaces/zed_interfaces/msg/detail/bounding_box2_df__rosidl_typesupport_introspection_c.h
[2.471s] -- Up-to-date symlink: /home/bur/ros2_ws/install/zed_interfaces/include/zed_interfaces/zed_interfaces/msg/detail/bounding_box2_di__rosidl_typesupport_introspection_c.h
[2.471s] -- Up-to-date symlink: /home/bur/ros2_ws/install/zed_interfaces/include/zed_interfaces/zed_interfaces/msg/detail/bounding_box3_d__rosidl_typesupport_introspection_c.h
[2.472s] -- Up-to-date symlink: /home/bur/ros2_ws/install/zed_interfaces/include/zed_interfaces/zed_interfaces/msg/detail/depth_info_stamped__rosidl_typesupport_introspection_c.h
[2.473s] -- Up-to-date symlink: /home/bur/ros2_ws/install/zed_interfaces/include/zed_interfaces/zed_interfaces/msg/detail/heartbeat__rosidl_typesupport_introspection_c.h
[2.473s] -- Up-to-date symlink: /home/bur/ros2_ws/install/zed_interfaces/include/zed_interfaces/zed_interfaces/msg/detail/keypoint2_df__rosidl_typesupport_introspection_c.h
[2.478s] -- Up-to-date symlink: /home/bur/ros2_ws/install/zed_interfaces/include/zed_interfaces/zed_interfaces/msg/detail/keypoint2_di__rosidl_typesupport_introspection_c.h
[2.478s] -- Up-to-date symlink: /home/bur/ros2_ws/install/zed_interfaces/include/zed_interfaces/zed_interfaces/msg/detail/keypoint3_d__rosidl_typesupport_introspection_c.h
[2.478s] -- Up-to-date symlink: /home/bur/ros2_ws/install/zed_interfaces/include/zed_interfaces/zed_interfaces/msg/detail/object__rosidl_typesupport_introspection_c.h
[2.478s] -- Up-to-date symlink: /home/bur/ros2_ws/install/zed_interfaces/include/zed_interfaces/zed_interfaces/msg/detail/objects_stamped__rosidl_typesupport_introspection_c.h
[2.479s] -- Up-to-date symlink: /home/bur/ros2_ws/install/zed_interfaces/include/zed_interfaces/zed_interfaces/msg/detail/plane_stamped__rosidl_typesupport_introspection_c.h
[2.479s] -- Up-to-date symlink: /home/bur/ros2_ws/install/zed_interfaces/include/zed_interfaces/zed_interfaces/msg/detail/pos_track_status__rosidl_typesupport_introspection_c.h
[2.481s] -- Up-to-date symlink: /home/bur/ros2_ws/install/zed_interfaces/include/zed_interfaces/zed_interfaces/msg/detail/skeleton2_d__rosidl_typesupport_introspection_c.h
[2.481s] -- Up-to-date symlink: /home/bur/ros2_ws/install/zed_interfaces/include/zed_interfaces/zed_interfaces/msg/detail/skeleton3_d__rosidl_typesupport_introspection_c.h
[2.482s] -- Up-to-date symlink: /home/bur/ros2_ws/install/zed_interfaces/include/zed_interfaces/zed_interfaces/msg/rosidl_typesupport_introspection_c__visibility_control.h
[2.482s] -- Up-to-date symlink: /home/bur/ros2_ws/install/zed_interfaces/include/zed_interfaces/zed_interfaces/srv/detail/set_pose__rosidl_typesupport_introspection_c.h
[2.483s] -- Up-to-date symlink: /home/bur/ros2_ws/install/zed_interfaces/include/zed_interfaces/zed_interfaces/srv/detail/set_roi__rosidl_typesupport_introspection_c.h
[2.483s] -- Up-to-date symlink: /home/bur/ros2_ws/install/zed_interfaces/include/zed_interfaces/zed_interfaces/srv/detail/start_svo_rec__rosidl_typesupport_introspection_c.h
[2.484s] -- Up-to-date symlink: /home/bur/ros2_ws/install/zed_interfaces/include/zed_interfaces/zed_interfaces/msg/detail/bounding_box2_df__rosidl_typesupport_introspection_cpp.hpp
[2.484s] -- Up-to-date symlink: /home/bur/ros2_ws/install/zed_interfaces/include/zed_interfaces/zed_interfaces/msg/detail/bounding_box2_di__rosidl_typesupport_introspection_cpp.hpp
[2.486s] -- Up-to-date symlink: /home/bur/ros2_ws/install/zed_interfaces/include/zed_interfaces/zed_interfaces/msg/detail/bounding_box3_d__rosidl_typesupport_introspection_cpp.hpp
[2.486s] -- Up-to-date symlink: /home/bur/ros2_ws/install/zed_interfaces/include/zed_interfaces/zed_interfaces/msg/detail/depth_info_stamped__rosidl_typesupport_introspection_cpp.hpp
[2.486s] -- Up-to-date symlink: /home/bur/ros2_ws/install/zed_interfaces/include/zed_interfaces/zed_interfaces/msg/detail/heartbeat__rosidl_typesupport_introspection_cpp.hpp
[2.486s] -- Up-to-date symlink: /home/bur/ros2_ws/install/zed_interfaces/include/zed_interfaces/zed_interfaces/msg/detail/keypoint2_df__rosidl_typesupport_introspection_cpp.hpp
[2.486s] -- Up-to-date symlink: /home/bur/ros2_ws/install/zed_interfaces/include/zed_interfaces/zed_interfaces/msg/detail/keypoint2_di__rosidl_typesupport_introspection_cpp.hpp
[2.487s] -- Up-to-date symlink: /home/bur/ros2_ws/install/zed_interfaces/include/zed_interfaces/zed_interfaces/msg/detail/keypoint3_d__rosidl_typesupport_introspection_cpp.hpp
[2.487s] -- Up-to-date symlink: /home/bur/ros2_ws/install/zed_interfaces/include/zed_interfaces/zed_interfaces/msg/detail/object__rosidl_typesupport_introspection_cpp.hpp
[2.487s] -- Up-to-date symlink: /home/bur/ros2_ws/install/zed_interfaces/include/zed_interfaces/zed_interfaces/msg/detail/objects_stamped__rosidl_typesupport_introspection_cpp.hpp
[2.487s] -- Up-to-date symlink: /home/bur/ros2_ws/install/zed_interfaces/include/zed_interfaces/zed_interfaces/msg/detail/plane_stamped__rosidl_typesupport_introspection_cpp.hpp
[2.487s] -- Up-to-date symlink: /home/bur/ros2_ws/install/zed_interfaces/include/zed_interfaces/zed_interfaces/msg/detail/pos_track_status__rosidl_typesupport_introspection_cpp.hpp
[2.487s] -- Up-to-date symlink: /home/bur/ros2_ws/install/zed_interfaces/include/zed_interfaces/zed_interfaces/msg/detail/skeleton2_d__rosidl_typesupport_introspection_cpp.hpp
[2.487s] -- Up-to-date symlink: /home/bur/ros2_ws/install/zed_interfaces/include/zed_interfaces/zed_interfaces/msg/detail/skeleton3_d__rosidl_typesupport_introspection_cpp.hpp
[2.487s] -- Up-to-date symlink: /home/bur/ros2_ws/install/zed_interfaces/include/zed_interfaces/zed_interfaces/srv/detail/set_pose__rosidl_typesupport_introspection_cpp.hpp
[2.488s] -- Up-to-date symlink: /home/bur/ros2_ws/install/zed_interfaces/include/zed_interfaces/zed_interfaces/srv/detail/set_roi__rosidl_typesupport_introspection_cpp.hpp
[2.488s] -- Up-to-date symlink: /home/bur/ros2_ws/install/zed_interfaces/include/zed_interfaces/zed_interfaces/srv/detail/start_svo_rec__rosidl_typesupport_introspection_cpp.hpp
[2.488s] -- Up-to-date symlink: /home/bur/ros2_ws/install/zed_interfaces/share/zed_interfaces/environment/pythonpath.sh
[2.488s] -- Up-to-date symlink: /home/bur/ros2_ws/install/zed_interfaces/share/zed_interfaces/environment/pythonpath.dsv
[2.488s] -- Up-to-date symlink: /home/bur/ros2_ws/install/zed_interfaces/lib/python3.9/site-packages/zed_interfaces-4.0.0-py3.9.egg-info/PKG-INFO
[2.488s] -- Up-to-date symlink: /home/bur/ros2_ws/install/zed_interfaces/lib/python3.9/site-packages/zed_interfaces-4.0.0-py3.9.egg-info/SOURCES.txt
[2.488s] -- Up-to-date symlink: /home/bur/ros2_ws/install/zed_interfaces/lib/python3.9/site-packages/zed_interfaces-4.0.0-py3.9.egg-info/dependency_links.txt
[2.489s] -- Up-to-date symlink: /home/bur/ros2_ws/install/zed_interfaces/lib/python3.9/site-packages/zed_interfaces-4.0.0-py3.9.egg-info/top_level.txt
[2.492s] -- Up-to-date symlink: /home/bur/ros2_ws/install/zed_interfaces/lib/python3.9/site-packages/zed_interfaces/__init__.py
[2.493s] -- Up-to-date symlink: /home/bur/ros2_ws/install/zed_interfaces/lib/python3.9/site-packages/zed_interfaces/_zed_interfaces_s.ep.rosidl_typesupport_c.c
[2.493s] -- Up-to-date symlink: /home/bur/ros2_ws/install/zed_interfaces/lib/python3.9/site-packages/zed_interfaces/_zed_interfaces_s.ep.rosidl_typesupport_fastrtps_c.c
[2.494s] -- Up-to-date symlink: /home/bur/ros2_ws/install/zed_interfaces/lib/python3.9/site-packages/zed_interfaces/_zed_interfaces_s.ep.rosidl_typesupport_introspection_c.c
[2.494s] -- Up-to-date symlink: /home/bur/ros2_ws/install/zed_interfaces/lib/python3.9/site-packages/zed_interfaces/libzed_interfaces__rosidl_generator_py.so
[2.495s] -- Up-to-date symlink: /home/bur/ros2_ws/install/zed_interfaces/lib/python3.9/site-packages/zed_interfaces/msg/__init__.py
[2.495s] -- Up-to-date symlink: /home/bur/ros2_ws/install/zed_interfaces/lib/python3.9/site-packages/zed_interfaces/msg/_bounding_box2_df.py
[2.496s] -- Up-to-date symlink: /home/bur/ros2_ws/install/zed_interfaces/lib/python3.9/site-packages/zed_interfaces/msg/_bounding_box2_df_s.c
[2.497s] -- Up-to-date symlink: /home/bur/ros2_ws/install/zed_interfaces/lib/python3.9/site-packages/zed_interfaces/msg/_bounding_box2_di.py
[2.497s] -- Up-to-date symlink: /home/bur/ros2_ws/install/zed_interfaces/lib/python3.9/site-packages/zed_interfaces/msg/_bounding_box2_di_s.c
[2.498s] -- Up-to-date symlink: /home/bur/ros2_ws/install/zed_interfaces/lib/python3.9/site-packages/zed_interfaces/msg/_bounding_box3_d.py
[2.498s] -- Up-to-date symlink: /home/bur/ros2_ws/install/zed_interfaces/lib/python3.9/site-packages/zed_interfaces/msg/_bounding_box3_d_s.c
[2.499s] -- Up-to-date symlink: /home/bur/ros2_ws/install/zed_interfaces/lib/python3.9/site-packages/zed_interfaces/msg/_depth_info_stamped.py
[2.499s] -- Up-to-date symlink: /home/bur/ros2_ws/install/zed_interfaces/lib/python3.9/site-packages/zed_interfaces/msg/_depth_info_stamped_s.c
[2.500s] -- Up-to-date symlink: /home/bur/ros2_ws/install/zed_interfaces/lib/python3.9/site-packages/zed_interfaces/msg/_heartbeat.py
[2.501s] -- Up-to-date symlink: /home/bur/ros2_ws/install/zed_interfaces/lib/python3.9/site-packages/zed_interfaces/msg/_heartbeat_s.c
[2.501s] -- Up-to-date symlink: /home/bur/ros2_ws/install/zed_interfaces/lib/python3.9/site-packages/zed_interfaces/msg/_keypoint2_df.py
[2.502s] -- Up-to-date symlink: /home/bur/ros2_ws/install/zed_interfaces/lib/python3.9/site-packages/zed_interfaces/msg/_keypoint2_df_s.c
[2.502s] -- Up-to-date symlink: /home/bur/ros2_ws/install/zed_interfaces/lib/python3.9/site-packages/zed_interfaces/msg/_keypoint2_di.py
[2.503s] -- Up-to-date symlink: /home/bur/ros2_ws/install/zed_interfaces/lib/python3.9/site-packages/zed_interfaces/msg/_keypoint2_di_s.c
[2.503s] -- Up-to-date symlink: /home/bur/ros2_ws/install/zed_interfaces/lib/python3.9/site-packages/zed_interfaces/msg/_keypoint3_d.py
[2.504s] -- Up-to-date symlink: /home/bur/ros2_ws/install/zed_interfaces/lib/python3.9/site-packages/zed_interfaces/msg/_keypoint3_d_s.c
[2.504s] -- Up-to-date symlink: /home/bur/ros2_ws/install/zed_interfaces/lib/python3.9/site-packages/zed_interfaces/msg/_object.py
[2.509s] -- Up-to-date symlink: /home/bur/ros2_ws/install/zed_interfaces/lib/python3.9/site-packages/zed_interfaces/msg/_object_s.c
[2.510s] -- Up-to-date symlink: /home/bur/ros2_ws/install/zed_interfaces/lib/python3.9/site-packages/zed_interfaces/msg/_objects_stamped.py
[2.511s] -- Up-to-date symlink: /home/bur/ros2_ws/install/zed_interfaces/lib/python3.9/site-packages/zed_interfaces/msg/_objects_stamped_s.c
[2.511s] -- Up-to-date symlink: /home/bur/ros2_ws/install/zed_interfaces/lib/python3.9/site-packages/zed_interfaces/msg/_plane_stamped.py
[2.512s] -- Up-to-date symlink: /home/bur/ros2_ws/install/zed_interfaces/lib/python3.9/site-packages/zed_interfaces/msg/_plane_stamped_s.c
[2.512s] -- Up-to-date symlink: /home/bur/ros2_ws/install/zed_interfaces/lib/python3.9/site-packages/zed_interfaces/msg/_pos_track_status.py
[2.512s] -- Up-to-date symlink: /home/bur/ros2_ws/install/zed_interfaces/lib/python3.9/site-packages/zed_interfaces/msg/_pos_track_status_s.c
[2.512s] -- Up-to-date symlink: /home/bur/ros2_ws/install/zed_interfaces/lib/python3.9/site-packages/zed_interfaces/msg/_skeleton2_d.py
[2.512s] -- Up-to-date symlink: /home/bur/ros2_ws/install/zed_interfaces/lib/python3.9/site-packages/zed_interfaces/msg/_skeleton2_d_s.c
[2.513s] -- Up-to-date symlink: /home/bur/ros2_ws/install/zed_interfaces/lib/python3.9/site-packages/zed_interfaces/msg/_skeleton3_d.py
[2.513s] -- Up-to-date symlink: /home/bur/ros2_ws/install/zed_interfaces/lib/python3.9/site-packages/zed_interfaces/msg/_skeleton3_d_s.c
[2.513s] -- Up-to-date symlink: /home/bur/ros2_ws/install/zed_interfaces/lib/python3.9/site-packages/zed_interfaces/srv/__init__.py
[2.513s] -- Up-to-date symlink: /home/bur/ros2_ws/install/zed_interfaces/lib/python3.9/site-packages/zed_interfaces/srv/_set_pose.py
[2.513s] -- Up-to-date symlink: /home/bur/ros2_ws/install/zed_interfaces/lib/python3.9/site-packages/zed_interfaces/srv/_set_pose_s.c
[2.513s] -- Up-to-date symlink: /home/bur/ros2_ws/install/zed_interfaces/lib/python3.9/site-packages/zed_interfaces/srv/_set_roi.py
[2.513s] -- Up-to-date symlink: /home/bur/ros2_ws/install/zed_interfaces/lib/python3.9/site-packages/zed_interfaces/srv/_set_roi_s.c
[2.513s] -- Up-to-date symlink: /home/bur/ros2_ws/install/zed_interfaces/lib/python3.9/site-packages/zed_interfaces/srv/_start_svo_rec.py
[2.514s] -- Up-to-date symlink: /home/bur/ros2_ws/install/zed_interfaces/lib/python3.9/site-packages/zed_interfaces/srv/_start_svo_rec_s.c
[2.514s] -- Up-to-date symlink: /home/bur/ros2_ws/install/zed_interfaces/lib/python3.9/site-packages/zed_interfaces/zed_interfaces_s__rosidl_typesupport_c.cpython-38-aarch64-linux-gnu.so
[2.517s] -- Up-to-date symlink: /home/bur/ros2_ws/install/zed_interfaces/lib/python3.9/site-packages/zed_interfaces/zed_interfaces_s__rosidl_typesupport_fastrtps_c.cpython-38-aarch64-linux-gnu.so
[2.517s] -- Up-to-date symlink: /home/bur/ros2_ws/install/zed_interfaces/lib/python3.9/site-packages/zed_interfaces/zed_interfaces_s__rosidl_typesupport_introspection_c.cpython-38-aarch64-linux-gnu.so
[2.517s] -- Up-to-date symlink: /home/bur/ros2_ws/install/zed_interfaces/lib/python3.9/site-packages/zed_interfaces/zed_interfaces_s__rosidl_typesupport_fastrtps_c.cpython-38-aarch64-linux-gnu.so
[2.517s] -- Up-to-date symlink: /home/bur/ros2_ws/install/zed_interfaces/lib/python3.9/site-packages/zed_interfaces/zed_interfaces_s__rosidl_typesupport_introspection_c.cpython-38-aarch64-linux-gnu.so
[2.519s] -- Up-to-date symlink: /home/bur/ros2_ws/install/zed_interfaces/lib/python3.9/site-packages/zed_interfaces/zed_interfaces_s__rosidl_typesupport_c.cpython-38-aarch64-linux-gnu.so
[2.520s] -- Up-to-date symlink: /home/bur/ros2_ws/install/zed_interfaces/share/zed_interfaces/msg/Object.idl
[2.521s] -- Up-to-date symlink: /home/bur/ros2_ws/install/zed_interfaces/share/zed_interfaces/msg/ObjectsStamped.idl
[2.523s] -- Up-to-date symlink: /home/bur/ros2_ws/install/zed_interfaces/share/zed_interfaces/msg/Keypoint2Di.idl
[2.525s] -- Up-to-date symlink: /home/bur/ros2_ws/install/zed_interfaces/share/zed_interfaces/msg/Keypoint2Df.idl
[2.526s] -- Up-to-date symlink: /home/bur/ros2_ws/install/zed_interfaces/share/zed_interfaces/msg/Keypoint3D.idl
[2.526s] -- Up-to-date symlink: /home/bur/ros2_ws/install/zed_interfaces/share/zed_interfaces/msg/BoundingBox2Di.idl
[2.528s] -- Up-to-date symlink: /home/bur/ros2_ws/install/zed_interfaces/share/zed_interfaces/msg/BoundingBox2Df.idl
[2.529s] -- Up-to-date symlink: /home/bur/ros2_ws/install/zed_interfaces/share/zed_interfaces/msg/BoundingBox3D.idl
[2.529s] -- Up-to-date symlink: /home/bur/ros2_ws/install/zed_interfaces/share/zed_interfaces/msg/Skeleton2D.idl
[2.530s] -- Up-to-date symlink: /home/bur/ros2_ws/install/zed_interfaces/share/zed_interfaces/msg/Skeleton3D.idl
[2.531s] -- Up-to-date symlink: /home/bur/ros2_ws/install/zed_interfaces/share/zed_interfaces/msg/DepthInfoStamped.idl
[2.532s] -- Up-to-date symlink: /home/bur/ros2_ws/install/zed_interfaces/share/zed_interfaces/msg/PlaneStamped.idl
[2.533s] -- Up-to-date symlink: /home/bur/ros2_ws/install/zed_interfaces/share/zed_interfaces/msg/PosTrackStatus.idl
[2.534s] -- Up-to-date symlink: /home/bur/ros2_ws/install/zed_interfaces/share/zed_interfaces/msg/Heartbeat.idl
[2.535s] -- Up-to-date symlink: /home/bur/ros2_ws/install/zed_interfaces/share/zed_interfaces/srv/SetPose.idl
[2.536s] -- Up-to-date symlink: /home/bur/ros2_ws/install/zed_interfaces/share/zed_interfaces/srv/StartSvoRec.idl
[2.540s] -- Up-to-date symlink: /home/bur/ros2_ws/install/zed_interfaces/share/zed_interfaces/srv/SetROI.idl
[2.541s] -- Up-to-date symlink: /home/bur/ros2_ws/install/zed_interfaces/share/zed_interfaces/msg/Object.msg
[2.542s] -- Up-to-date symlink: /home/bur/ros2_ws/install/zed_interfaces/share/zed_interfaces/msg/ObjectsStamped.msg
[2.543s] -- Up-to-date symlink: /home/bur/ros2_ws/install/zed_interfaces/share/zed_interfaces/msg/Keypoint2Di.msg
[2.544s] -- Up-to-date symlink: /home/bur/ros2_ws/install/zed_interfaces/share/zed_interfaces/msg/Keypoint2Df.msg
[2.545s] -- Up-to-date symlink: /home/bur/ros2_ws/install/zed_interfaces/share/zed_interfaces/msg/Keypoint3D.msg
[2.546s] -- Up-to-date symlink: /home/bur/ros2_ws/install/zed_interfaces/share/zed_interfaces/msg/BoundingBox2Di.msg
[2.548s] -- Up-to-date symlink: /home/bur/ros2_ws/install/zed_interfaces/share/zed_interfaces/msg/BoundingBox2Df.msg
[2.550s] -- Up-to-date symlink: /home/bur/ros2_ws/install/zed_interfaces/share/zed_interfaces/msg/BoundingBox3D.msg
[2.551s] -- Up-to-date symlink: /home/bur/ros2_ws/install/zed_interfaces/share/zed_interfaces/msg/Skeleton2D.msg
[2.554s] -- Up-to-date symlink: /home/bur/ros2_ws/install/zed_interfaces/share/zed_interfaces/msg/Skeleton3D.msg
[2.554s] -- Up-to-date symlink: /home/bur/ros2_ws/install/zed_interfaces/share/zed_interfaces/msg/DepthInfoStamped.msg
[2.554s] -- Up-to-date symlink: /home/bur/ros2_ws/install/zed_interfaces/share/zed_interfaces/msg/PlaneStamped.msg
[2.554s] -- Up-to-date symlink: /home/bur/ros2_ws/install/zed_interfaces/share/zed_interfaces/msg/PosTrackStatus.msg
[2.555s] -- Up-to-date symlink: /home/bur/ros2_ws/install/zed_interfaces/share/zed_interfaces/msg/Heartbeat.msg
[2.556s] -- Up-to-date symlink: /home/bur/ros2_ws/install/zed_interfaces/share/zed_interfaces/srv/SetPose.srv
[2.556s] -- Up-to-date symlink: /home/bur/ros2_ws/install/zed_interfaces/share/zed_interfaces/srv/SetPose_Request.msg
[2.557s] -- Up-to-date symlink: /home/bur/ros2_ws/install/zed_interfaces/share/zed_interfaces/srv/SetPose_Response.msg
[2.558s] -- Up-to-date symlink: /home/bur/ros2_ws/install/zed_interfaces/share/zed_interfaces/srv/StartSvoRec.srv
[2.559s] -- Up-to-date symlink: /home/bur/ros2_ws/install/zed_interfaces/share/zed_interfaces/srv/StartSvoRec_Request.msg
[2.559s] -- Up-to-date symlink: /home/bur/ros2_ws/install/zed_interfaces/share/zed_interfaces/srv/StartSvoRec_Response.msg
[2.560s] -- Up-to-date symlink: /home/bur/ros2_ws/install/zed_interfaces/share/zed_interfaces/srv/SetROI.srv
[2.561s] -- Up-to-date symlink: /home/bur/ros2_ws/install/zed_interfaces/share/zed_interfaces/srv/SetROI_Request.msg
[2.561s] -- Up-to-date symlink: /home/bur/ros2_ws/install/zed_interfaces/share/zed_interfaces/srv/SetROI_Response.msg
[2.563s] -- Up-to-date symlink: /home/bur/ros2_ws/install/zed_interfaces/share/zed_interfaces/meshes/zed.stl
[2.563s] -- Up-to-date symlink: /home/bur/ros2_ws/install/zed_interfaces/share/zed_interfaces/meshes/zed2.stl
[2.563s] -- Up-to-date symlink: /home/bur/ros2_ws/install/zed_interfaces/share/zed_interfaces/meshes/zed2i.stl
[2.564s] -- Up-to-date symlink: /home/bur/ros2_ws/install/zed_interfaces/share/zed_interfaces/meshes/zedm.stl
[2.564s] -- Up-to-date symlink: /home/bur/ros2_ws/install/zed_interfaces/share/zed_interfaces/meshes/zedx.stl
[2.565s] -- Up-to-date symlink: /home/bur/ros2_ws/install/zed_interfaces/share/zed_interfaces/meshes/zedxm.stl
[2.565s] -- Up-to-date symlink: /home/bur/ros2_ws/install/zed_interfaces/share/ament_index/resource_index/package_run_dependencies/zed_interfaces
[2.566s] -- Up-to-date symlink: /home/bur/ros2_ws/install/zed_interfaces/share/ament_index/resource_index/parent_prefix_path/zed_interfaces
[2.567s] -- Up-to-date symlink: /home/bur/ros2_ws/install/zed_interfaces/share/zed_interfaces/environment/ament_prefix_path.sh
[2.568s] -- Up-to-date symlink: /home/bur/ros2_ws/install/zed_interfaces/share/zed_interfaces/environment/ament_prefix_path.dsv
[2.568s] -- Up-to-date symlink: /home/bur/ros2_ws/install/zed_interfaces/share/zed_interfaces/environment/path.sh
[2.571s] -- Up-to-date symlink: /home/bur/ros2_ws/install/zed_interfaces/share/zed_interfaces/environment/path.dsv
[2.572s] -- Up-to-date symlink: /home/bur/ros2_ws/install/zed_interfaces/share/zed_interfaces/local_setup.bash
[2.572s] -- Up-to-date symlink: /home/bur/ros2_ws/install/zed_interfaces/share/zed_interfaces/local_setup.sh
[2.572s] -- Up-to-date symlink: /home/bur/ros2_ws/install/zed_interfaces/share/zed_interfaces/local_setup.zsh
[2.572s] -- Up-to-date symlink: /home/bur/ros2_ws/install/zed_interfaces/share/zed_interfaces/local_setup.dsv
[2.572s] -- Symlinking: /home/bur/ros2_ws/install/zed_interfaces/share/zed_interfaces/package.dsv
[2.600s] -- Up-to-date symlink: /home/bur/ros2_ws/install/zed_interfaces/share/ament_index/resource_index/packages/zed_interfaces
[2.600s] -- Up-to-date symlink: /home/bur/ros2_ws/install/zed_interfaces/share/zed_interfaces/cmake/rosidl_cmake-extras.cmake
[2.601s] -- Up-to-date symlink: /home/bur/ros2_ws/install/zed_interfaces/share/zed_interfaces/cmake/ament_cmake_export_dependencies-extras.cmake
[2.602s] -- Up-to-date symlink: /home/bur/ros2_ws/install/zed_interfaces/share/zed_interfaces/cmake/ament_cmake_export_include_directories-extras.cmake
[2.603s] -- Up-to-date symlink: /home/bur/ros2_ws/install/zed_interfaces/share/zed_interfaces/cmake/ament_cmake_export_libraries-extras.cmake
[2.603s] -- Up-to-date symlink: /home/bur/ros2_ws/install/zed_interfaces/share/zed_interfaces/cmake/ament_cmake_export_targets-extras.cmake
[2.604s] -- Up-to-date symlink: /home/bur/ros2_ws/install/zed_interfaces/share/zed_interfaces/cmake/rosidl_cmake_export_typesupport_targets-extras.cmake
[2.604s] -- Up-to-date symlink: /home/bur/ros2_ws/install/zed_interfaces/share/zed_interfaces/cmake/rosidl_cmake_export_typesupport_libraries-extras.cmake
[2.605s] -- Up-to-date symlink: /home/bur/ros2_ws/install/zed_interfaces/share/zed_interfaces/cmake/zed_interfacesConfig.cmake
[2.605s] -- Up-to-date symlink: /home/bur/ros2_ws/install/zed_interfaces/share/zed_interfaces/cmake/zed_interfacesConfig-version.cmake
[2.606s] -- Up-to-date symlink: /home/bur/ros2_ws/install/zed_interfaces/share/zed_interfaces/package.xml
[2.607s] -- Up-to-date: /home/bur/ros2_ws/install/zed_interfaces/lib/libzed_interfaces__rosidl_generator_c.so
[2.609s] -- Up-to-date: /home/bur/ros2_ws/install/zed_interfaces/lib/libzed_interfaces__rosidl_typesupport_fastrtps_c.so
[2.610s] -- Up-to-date: /home/bur/ros2_ws/install/zed_interfaces/lib/libzed_interfaces__rosidl_typesupport_fastrtps_cpp.so
[2.612s] -- Up-to-date: /home/bur/ros2_ws/install/zed_interfaces/lib/libzed_interfaces__rosidl_typesupport_introspection_c.so
[2.615s] -- Up-to-date: /home/bur/ros2_ws/install/zed_interfaces/lib/libzed_interfaces__rosidl_typesupport_c.so
[2.616s] -- Up-to-date: /home/bur/ros2_ws/install/zed_interfaces/lib/libzed_interfaces__rosidl_typesupport_introspection_cpp.so
[2.618s] -- Up-to-date: /home/bur/ros2_ws/install/zed_interfaces/lib/libzed_interfaces__rosidl_typesupport_cpp.so
[2.700s] Listing '/home/bur/ros2_ws/install/zed_interfaces/lib/python3.9/site-packages/zed_interfaces'...
[2.700s] Listing '/home/bur/ros2_ws/install/zed_interfaces/lib/python3.9/site-packages/zed_interfaces/msg'...
[2.701s] Listing '/home/bur/ros2_ws/install/zed_interfaces/lib/python3.9/site-packages/zed_interfaces/srv'...
[2.716s] -- Up-to-date: /home/bur/ros2_ws/install/zed_interfaces/lib/libzed_interfaces__rosidl_generator_py.so
[2.717s] -- Up-to-date: /home/bur/ros2_ws/install/zed_interfaces/share/zed_interfaces/cmake/export_zed_interfaces__rosidl_generator_cExport.cmake
[2.717s] -- Up-to-date: /home/bur/ros2_ws/install/zed_interfaces/share/zed_interfaces/cmake/export_zed_interfaces__rosidl_generator_cExport-release.cmake
[2.718s] -- Up-to-date: /home/bur/ros2_ws/install/zed_interfaces/share/zed_interfaces/cmake/export_zed_interfaces__rosidl_typesupport_fastrtps_cExport.cmake
[2.718s] -- Up-to-date: /home/bur/ros2_ws/install/zed_interfaces/share/zed_interfaces/cmake/export_zed_interfaces__rosidl_typesupport_fastrtps_cExport-release.cmake
[2.719s] -- Up-to-date: /home/bur/ros2_ws/install/zed_interfaces/share/zed_interfaces/cmake/export_zed_interfaces__rosidl_generator_cppExport.cmake
[2.720s] -- Up-to-date: /home/bur/ros2_ws/install/zed_interfaces/share/zed_interfaces/cmake/export_zed_interfaces__rosidl_typesupport_fastrtps_cppExport.cmake
[2.720s] -- Up-to-date: /home/bur/ros2_ws/install/zed_interfaces/share/zed_interfaces/cmake/export_zed_interfaces__rosidl_typesupport_fastrtps_cppExport-release.cmake
[2.721s] -- Up-to-date: /home/bur/ros2_ws/install/zed_interfaces/share/zed_interfaces/cmake/zed_interfaces__rosidl_typesupport_introspection_cExport.cmake
[2.721s] -- Up-to-date: /home/bur/ros2_ws/install/zed_interfaces/share/zed_interfaces/cmake/zed_interfaces__rosidl_typesupport_introspection_cExport-release.cmake
[2.722s] -- Up-to-date: /home/bur/ros2_ws/install/zed_interfaces/share/zed_interfaces/cmake/zed_interfaces__rosidl_typesupport_cExport.cmake
[2.724s] -- Up-to-date: /home/bur/ros2_ws/install/zed_interfaces/share/zed_interfaces/cmake/zed_interfaces__rosidl_typesupport_cExport-release.cmake
[2.725s] -- Up-to-date: /home/bur/ros2_ws/install/zed_interfaces/share/zed_interfaces/cmake/zed_interfaces__rosidl_typesupport_introspection_cppExport.cmake
[2.726s] -- Up-to-date: /home/bur/ros2_ws/install/zed_interfaces/share/zed_interfaces/cmake/zed_interfaces__rosidl_typesupport_introspection_cppExport-release.cmake
[2.727s] -- Up-to-date: /home/bur/ros2_ws/install/zed_interfaces/share/zed_interfaces/cmake/zed_interfaces__rosidl_typesupport_cppExport.cmake
[2.727s] -- Up-to-date: /home/bur/ros2_ws/install/zed_interfaces/share/zed_interfaces/cmake/zed_interfaces__rosidl_typesupport_cppExport-release.cmake
[2.727s] -- Up-to-date: /home/bur/ros2_ws/install/zed_interfaces/share/zed_interfaces/cmake/export_zed_interfaces__rosidl_generator_pyExport.cmake
[2.728s] -- Up-to-date: /home/bur/ros2_ws/install/zed_interfaces/share/zed_interfaces/cmake/export_zed_interfaces__rosidl_generator_pyExport-release.cmake
[2.736s] Invoked command in '/home/bur/ros2_ws/build/zed_interfaces' returned '0': CMAKE_PREFIX_PATH=${CMAKE_PREFIX_PATH}:/opt/ros/humble /usr/bin/cmake --install /home/bur/ros2_ws/build/zed_interfaces
