[0.043s] Invoking command in '/home/bur/ros2_ws/build/rviz_plugin_zed_od': CMAKE_PREFIX_PATH=/home/bur/ros2_ws/install/zed_interfaces:/home/bur/ros2_ws/install/zed_robot_integration:/home/bur/ros2_ws/install/zed_multi_camera:/home/bur/ros2_ws/install/zed_display_rviz2:/home/bur/ros2_ws/install/zed_depth_to_laserscan:/home/bur/ros2_ws/install/zed_tutorial_video:/home/bur/ros2_ws/install/zed_tutorial_pos_tracking:/home/bur/ros2_ws/install/zed_tutorial_depth:/home/bur/ros2_ws/install/zed_topic_benchmark:/home/bur/ros2_ws/install/zed_topic_benchmark_component:/home/bur/ros2_ws/install/zed_topic_benchmark_interfaces:/home/bur/ros2_ws/install/zed_rgb_convert:/home/bur/ros2_ws/install/zed_aruco_localization:/home/bur/ros2_ws/install/rviz_plugin_zed_od:/home/bur/ros2_ws/install/zed_ros2:/home/bur/ros2_ws/install/zed_wrapper:/home/bur/ros2_ws/install/zed_components:/opt/ros/humble LD_LIBRARY_PATH=/home/bur/ros2_ws/install/zed_interfaces/lib:/home/bur/ros2_ws/install/zed_topic_benchmark_component/lib:/home/bur/ros2_ws/install/zed_topic_benchmark_interfaces/lib:/home/bur/ros2_ws/install/zed_rgb_convert/lib:/home/bur/ros2_ws/install/zed_aruco_localization/lib:/home/bur/ros2_ws/install/rviz_plugin_zed_od/lib:/usr/local/cuda-11.4/lib64:/opt/ros/humble/opt/rviz_ogre_vendor/lib:/opt/ros/humble/lib/aarch64-linux-gnu:/opt/ros/humble/lib:/home/bur/ros2_ws/install/zed_components/lib:/usr/local/cuda-11.4/lib64 /usr/bin/cmake --build /home/bur/ros2_ws/build/rviz_plugin_zed_od -- -j6 -l6
[0.170s] [ 20%] [34m[1mAutomatic MOC and UIC for target rviz_plugin_zed_od[0m
[0.212s] [ 20%] Built target rviz_plugin_zed_od_autogen
[0.321s] [100%] Built target rviz_plugin_zed_od
[0.351s] Invoked command in '/home/bur/ros2_ws/build/rviz_plugin_zed_od' returned '0': CMAKE_PREFIX_PATH=/home/bur/ros2_ws/install/zed_interfaces:/home/bur/ros2_ws/install/zed_robot_integration:/home/bur/ros2_ws/install/zed_multi_camera:/home/bur/ros2_ws/install/zed_display_rviz2:/home/bur/ros2_ws/install/zed_depth_to_laserscan:/home/bur/ros2_ws/install/zed_tutorial_video:/home/bur/ros2_ws/install/zed_tutorial_pos_tracking:/home/bur/ros2_ws/install/zed_tutorial_depth:/home/bur/ros2_ws/install/zed_topic_benchmark:/home/bur/ros2_ws/install/zed_topic_benchmark_component:/home/bur/ros2_ws/install/zed_topic_benchmark_interfaces:/home/bur/ros2_ws/install/zed_rgb_convert:/home/bur/ros2_ws/install/zed_aruco_localization:/home/bur/ros2_ws/install/rviz_plugin_zed_od:/home/bur/ros2_ws/install/zed_ros2:/home/bur/ros2_ws/install/zed_wrapper:/home/bur/ros2_ws/install/zed_components:/opt/ros/humble LD_LIBRARY_PATH=/home/bur/ros2_ws/install/zed_interfaces/lib:/home/bur/ros2_ws/install/zed_topic_benchmark_component/lib:/home/bur/ros2_ws/install/zed_topic_benchmark_interfaces/lib:/home/bur/ros2_ws/install/zed_rgb_convert/lib:/home/bur/ros2_ws/install/zed_aruco_localization/lib:/home/bur/ros2_ws/install/rviz_plugin_zed_od/lib:/usr/local/cuda-11.4/lib64:/opt/ros/humble/opt/rviz_ogre_vendor/lib:/opt/ros/humble/lib/aarch64-linux-gnu:/opt/ros/humble/lib:/home/bur/ros2_ws/install/zed_components/lib:/usr/local/cuda-11.4/lib64 /usr/bin/cmake --build /home/bur/ros2_ws/build/rviz_plugin_zed_od -- -j6 -l6
[0.430s] Invoking command in '/home/bur/ros2_ws/build/rviz_plugin_zed_od': CMAKE_PREFIX_PATH=/home/bur/ros2_ws/install/zed_interfaces:/home/bur/ros2_ws/install/zed_robot_integration:/home/bur/ros2_ws/install/zed_multi_camera:/home/bur/ros2_ws/install/zed_display_rviz2:/home/bur/ros2_ws/install/zed_depth_to_laserscan:/home/bur/ros2_ws/install/zed_tutorial_video:/home/bur/ros2_ws/install/zed_tutorial_pos_tracking:/home/bur/ros2_ws/install/zed_tutorial_depth:/home/bur/ros2_ws/install/zed_topic_benchmark:/home/bur/ros2_ws/install/zed_topic_benchmark_component:/home/bur/ros2_ws/install/zed_topic_benchmark_interfaces:/home/bur/ros2_ws/install/zed_rgb_convert:/home/bur/ros2_ws/install/zed_aruco_localization:/home/bur/ros2_ws/install/rviz_plugin_zed_od:/home/bur/ros2_ws/install/zed_ros2:/home/bur/ros2_ws/install/zed_wrapper:/home/bur/ros2_ws/install/zed_components:/opt/ros/humble LD_LIBRARY_PATH=/home/bur/ros2_ws/install/zed_interfaces/lib:/home/bur/ros2_ws/install/zed_topic_benchmark_component/lib:/home/bur/ros2_ws/install/zed_topic_benchmark_interfaces/lib:/home/bur/ros2_ws/install/zed_rgb_convert/lib:/home/bur/ros2_ws/install/zed_aruco_localization/lib:/home/bur/ros2_ws/install/rviz_plugin_zed_od/lib:/usr/local/cuda-11.4/lib64:/opt/ros/humble/opt/rviz_ogre_vendor/lib:/opt/ros/humble/lib/aarch64-linux-gnu:/opt/ros/humble/lib:/home/bur/ros2_ws/install/zed_components/lib:/usr/local/cuda-11.4/lib64 /usr/bin/cmake --install /home/bur/ros2_ws/build/rviz_plugin_zed_od
[0.457s] -- Install configuration: "Release"
[0.457s] -- Execute custom install script
[0.458s] -- Up-to-date symlink: /home/bur/ros2_ws/install/rviz_plugin_zed_od/share/rviz_plugin_zed_od//plugins_description.xml
[0.458s] -- Up-to-date symlink: /home/bur/ros2_ws/install/rviz_plugin_zed_od/share/rviz_plugin_zed_od/environment/library_path.sh
[0.458s] -- Up-to-date symlink: /home/bur/ros2_ws/install/rviz_plugin_zed_od/share/rviz_plugin_zed_od/environment/library_path.dsv
[0.459s] -- Up-to-date symlink: /home/bur/ros2_ws/install/rviz_plugin_zed_od/include/rviz_plugin_zed_od//visibility_control.hpp
[0.462s] -- Up-to-date symlink: /home/bur/ros2_ws/install/rviz_plugin_zed_od/include/rviz_plugin_zed_od//zed_body_parts.hpp
[0.463s] -- Up-to-date symlink: /home/bur/ros2_ws/install/rviz_plugin_zed_od/include/rviz_plugin_zed_od//zed_od_display.hpp
[0.463s] -- Up-to-date symlink: /home/bur/ros2_ws/install/rviz_plugin_zed_od/include/rviz_plugin_zed_od//zed_od_info.hpp
[0.463s] -- Up-to-date symlink: /home/bur/ros2_ws/install/rviz_plugin_zed_od/share/rviz_plugin_zed_od/icons/ZedObjDet.png
[0.464s] -- Up-to-date symlink: /home/bur/ros2_ws/install/rviz_plugin_zed_od/share/ament_index/resource_index/package_run_dependencies/rviz_plugin_zed_od
[0.464s] -- Up-to-date symlink: /home/bur/ros2_ws/install/rviz_plugin_zed_od/share/ament_index/resource_index/parent_prefix_path/rviz_plugin_zed_od
[0.465s] -- Up-to-date symlink: /home/bur/ros2_ws/install/rviz_plugin_zed_od/share/rviz_plugin_zed_od/environment/ament_prefix_path.sh
[0.465s] -- Up-to-date symlink: /home/bur/ros2_ws/install/rviz_plugin_zed_od/share/rviz_plugin_zed_od/environment/ament_prefix_path.dsv
[0.465s] -- Up-to-date symlink: /home/bur/ros2_ws/install/rviz_plugin_zed_od/share/rviz_plugin_zed_od/environment/path.sh
[0.466s] -- Up-to-date symlink: /home/bur/ros2_ws/install/rviz_plugin_zed_od/share/rviz_plugin_zed_od/environment/path.dsv
[0.466s] -- Up-to-date symlink: /home/bur/ros2_ws/install/rviz_plugin_zed_od/share/rviz_plugin_zed_od/local_setup.bash
[0.466s] -- Up-to-date symlink: /home/bur/ros2_ws/install/rviz_plugin_zed_od/share/rviz_plugin_zed_od/local_setup.sh
[0.467s] -- Up-to-date symlink: /home/bur/ros2_ws/install/rviz_plugin_zed_od/share/rviz_plugin_zed_od/local_setup.zsh
[0.467s] -- Up-to-date symlink: /home/bur/ros2_ws/install/rviz_plugin_zed_od/share/rviz_plugin_zed_od/local_setup.dsv
[0.467s] -- Symlinking: /home/bur/ros2_ws/install/rviz_plugin_zed_od/share/rviz_plugin_zed_od/package.dsv
[0.489s] -- Up-to-date symlink: /home/bur/ros2_ws/install/rviz_plugin_zed_od/share/ament_index/resource_index/packages/rviz_plugin_zed_od
[0.489s] -- Up-to-date symlink: /home/bur/ros2_ws/install/rviz_plugin_zed_od/share/ament_index/resource_index/rviz_common__pluginlib__plugin/rviz_plugin_zed_od
[0.490s] -- Up-to-date symlink: /home/bur/ros2_ws/install/rviz_plugin_zed_od/share/rviz_plugin_zed_od/cmake/ament_cmake_export_include_directories-extras.cmake
[0.490s] -- Up-to-date symlink: /home/bur/ros2_ws/install/rviz_plugin_zed_od/share/rviz_plugin_zed_od/cmake/ament_cmake_export_targets-extras.cmake
[0.490s] -- Up-to-date symlink: /home/bur/ros2_ws/install/rviz_plugin_zed_od/share/rviz_plugin_zed_od/cmake/ament_cmake_export_dependencies-extras.cmake
[0.491s] -- Up-to-date symlink: /home/bur/ros2_ws/install/rviz_plugin_zed_od/share/rviz_plugin_zed_od/cmake/rviz_plugin_zed_odConfig.cmake
[0.491s] -- Up-to-date symlink: /home/bur/ros2_ws/install/rviz_plugin_zed_od/share/rviz_plugin_zed_od/cmake/rviz_plugin_zed_odConfig-version.cmake
[0.492s] -- Up-to-date symlink: /home/bur/ros2_ws/install/rviz_plugin_zed_od/share/rviz_plugin_zed_od/package.xml
[0.492s] -- Up-to-date: /home/bur/ros2_ws/install/rviz_plugin_zed_od/lib/librviz_plugin_zed_od.so
[0.493s] -- Up-to-date: /home/bur/ros2_ws/install/rviz_plugin_zed_od/share/rviz_plugin_zed_od/cmake/rviz_plugin_zed_odExport.cmake
[0.493s] -- Up-to-date: /home/bur/ros2_ws/install/rviz_plugin_zed_od/share/rviz_plugin_zed_od/cmake/rviz_plugin_zed_odExport-release.cmake
[0.543s] Invoked command in '/home/bur/ros2_ws/build/rviz_plugin_zed_od' returned '0': CMAKE_PREFIX_PATH=/home/bur/ros2_ws/install/zed_interfaces:/home/bur/ros2_ws/install/zed_robot_integration:/home/bur/ros2_ws/install/zed_multi_camera:/home/bur/ros2_ws/install/zed_display_rviz2:/home/bur/ros2_ws/install/zed_depth_to_laserscan:/home/bur/ros2_ws/install/zed_tutorial_video:/home/bur/ros2_ws/install/zed_tutorial_pos_tracking:/home/bur/ros2_ws/install/zed_tutorial_depth:/home/bur/ros2_ws/install/zed_topic_benchmark:/home/bur/ros2_ws/install/zed_topic_benchmark_component:/home/bur/ros2_ws/install/zed_topic_benchmark_interfaces:/home/bur/ros2_ws/install/zed_rgb_convert:/home/bur/ros2_ws/install/zed_aruco_localization:/home/bur/ros2_ws/install/rviz_plugin_zed_od:/home/bur/ros2_ws/install/zed_ros2:/home/bur/ros2_ws/install/zed_wrapper:/home/bur/ros2_ws/install/zed_components:/opt/ros/humble LD_LIBRARY_PATH=/home/bur/ros2_ws/install/zed_interfaces/lib:/home/bur/ros2_ws/install/zed_topic_benchmark_component/lib:/home/bur/ros2_ws/install/zed_topic_benchmark_interfaces/lib:/home/bur/ros2_ws/install/zed_rgb_convert/lib:/home/bur/ros2_ws/install/zed_aruco_localization/lib:/home/bur/ros2_ws/install/rviz_plugin_zed_od/lib:/usr/local/cuda-11.4/lib64:/opt/ros/humble/opt/rviz_ogre_vendor/lib:/opt/ros/humble/lib/aarch64-linux-gnu:/opt/ros/humble/lib:/home/bur/ros2_ws/install/zed_components/lib:/usr/local/cuda-11.4/lib64 /usr/bin/cmake --install /home/bur/ros2_ws/build/rviz_plugin_zed_od
