[0.205s] Invoking command in '/home/nakul/Desktop/bur/ros2_ws/src/2023-2024/state-estimation/build/eskf': /usr/bin/cmake /home/nakul/Desktop/bur/ros2_ws/src/2023-2024/state-estimation -DCATKIN_INSTALL_INTO_PREFIX_ROOT=0 -DCMAKE_INSTALL_PREFIX=/home/nakul/Desktop/bur/ros2_ws/src/2023-2024/state-estimation/install/eskf
[0.223s] -- Found rclcpp: 2.4.3 (/opt/ros/foxy/share/rclcpp/cmake)
[0.256s] -- Found PythonInterp: /usr/bin/python3 (found suitable version "3.8.10", minimum required is "3") 
[0.256s] -- Using PYTHON_EXECUTABLE: /usr/bin/python3
[0.588s] -- Using all available rosidl_typesupport_c: rosidl_typesupport_fastrtps_c;rosidl_typesupport_introspection_c
[0.597s] -- Found rosidl_adapter: 1.3.1 (/opt/ros/foxy/share/rosidl_adapter/cmake)
[0.749s] -- Found OpenSSL: /usr/lib/x86_64-linux-gnu/libcrypto.so (found version "1.1.1f")  
[0.795s] -- Found FastRTPS: /opt/ros/foxy/include  
[0.911s] -- Using all available rosidl_typesupport_cpp: rosidl_typesupport_fastrtps_cpp;rosidl_typesupport_introspection_cpp
[0.994s] -- Found rmw_implementation_cmake: 1.0.4 (/opt/ros/foxy/share/rmw_implementation_cmake/cmake)
[0.997s] -- Using RMW implementation 'rmw_fastrtps_cpp' as default
[0.999s] -- Looking for pthread.h
[1.115s] -- Looking for pthread.h - found
[1.115s] -- Performing Test CMAKE_HAVE_LIBC_PTHREAD
[1.227s] -- Performing Test CMAKE_HAVE_LIBC_PTHREAD - Failed
[1.227s] -- Looking for pthread_create in pthreads
[1.323s] -- Looking for pthread_create in pthreads - not found
[1.324s] -- Looking for pthread_create in pthread
[1.437s] -- Looking for pthread_create in pthread - found
[1.439s] -- Found Threads: TRUE  
[1.667s] -- Found geometry_msgs: 2.0.5 (/opt/ros/foxy/share/geometry_msgs/cmake)
[1.717s] -- Found sensor_msgs: 2.0.5 (/opt/ros/foxy/share/sensor_msgs/cmake)
[1.822s] -- Found message_filters: 3.2.7 (/opt/ros/foxy/share/message_filters/cmake)
[1.839s] CMake Error at CMakeLists.txt:11 (find_package):
[1.840s]   By not providing "Findmessage_generation.cmake" in CMAKE_MODULE_PATH this
[1.840s]   project has asked CMake to find a package configuration file provided by
[1.840s]   "message_generation", but CMake did not find one.
[1.840s] 
[1.840s]   Could not find a package configuration file provided by
[1.840s]   "message_generation" with any of the following names:
[1.840s] 
[1.841s]     message_generationConfig.cmake
[1.841s]     message_generation-config.cmake
[1.841s] 
[1.841s]   Add the installation prefix of "message_generation" to CMAKE_PREFIX_PATH or
[1.841s]   set "message_generation_DIR" to a directory containing one of the above
[1.841s]   files.  If "message_generation" provides a separate development package or
[1.841s]   SDK, be sure it has been installed.
[1.842s] 
[1.842s] 
[1.842s] -- Configuring incomplete, errors occurred!
[1.842s] See also "/home/nakul/Desktop/bur/ros2_ws/src/2023-2024/state-estimation/build/eskf/CMakeFiles/CMakeOutput.log".
[1.842s] See also "/home/nakul/Desktop/bur/ros2_ws/src/2023-2024/state-estimation/build/eskf/CMakeFiles/CMakeError.log".
[1.849s] Invoked command in '/home/nakul/Desktop/bur/ros2_ws/src/2023-2024/state-estimation/build/eskf' returned '1': /usr/bin/cmake /home/nakul/Desktop/bur/ros2_ws/src/2023-2024/state-estimation -DCATKIN_INSTALL_INTO_PREFIX_ROOT=0 -DCMAKE_INSTALL_PREFIX=/home/nakul/Desktop/bur/ros2_ws/src/2023-2024/state-estimation/install/eskf
