[2.259s] DEBUG:colcon:Command line arguments: ['/usr/bin/colcon', 'build']
[2.260s] DEBUG:colcon:Parsed command line arguments: Namespace(allow_overriding=[], ament_cmake_args=None, base_paths=['.'], build_base='build', catkin_cmake_args=None, catkin_skip_building_tests=False, cmake_args=None, cmake_clean_cache=False, cmake_clean_first=False, cmake_force_configure=False, cmake_target=None, cmake_target_skip_unavailable=False, continue_on_error=False, event_handlers=None, executor='parallel', ignore_user_meta=False, install_base='install', log_base=None, log_level=None, main=<bound method BuildVerb.main of <colcon_core.verb.build.BuildVerb object at 0x7ff05a666fa0>>, merge_install=False, metas=['./colcon.meta'], packages_above=None, packages_above_and_dependencies=None, packages_above_depth=None, packages_end=None, packages_ignore=None, packages_ignore_regex=None, packages_select=None, packages_select_build_failed=False, packages_select_by_dep=None, packages_select_regex=None, packages_select_test_failures=False, packages_skip=None, packages_skip_build_finished=False, packages_skip_by_dep=None, packages_skip_regex=None, packages_skip_test_passed=False, packages_skip_up_to=None, packages_start=None, packages_up_to=None, packages_up_to_regex=None, parallel_workers=8, paths=None, symlink_install=False, test_result_base=None, verb_extension=<colcon_core.verb.build.BuildVerb object at 0x7ff05a666fa0>, verb_name='build', verb_parser=<colcon_defaults.argument_parser.defaults.DefaultArgumentsDecorator object at 0x7ff05a192d60>)
[2.353s] Level 1:colcon.colcon_core.package_discovery:discover_packages(colcon_meta) check parameters
[2.353s] Level 1:colcon.colcon_core.package_discovery:discover_packages(recursive) check parameters
[2.354s] Level 1:colcon.colcon_core.package_discovery:discover_packages(ignore) check parameters
[2.354s] Level 1:colcon.colcon_core.package_discovery:discover_packages(path) check parameters
[2.354s] Level 1:colcon.colcon_core.package_discovery:discover_packages(colcon_meta) discover
[2.354s] Level 1:colcon.colcon_core.package_discovery:discover_packages(recursive) discover
[2.354s] INFO:colcon.colcon_core.package_discovery:Crawling recursively for packages in '/home/nakul/Desktop/bur/ros2_ws/src/2023-2024/state-estimation'
[2.354s] Level 1:colcon.colcon_core.package_identification:_identify(.) by extensions ['ignore', 'ignore_ament_install']
[2.354s] Level 1:colcon.colcon_core.package_identification:_identify(.) by extension 'ignore'
[2.354s] Level 1:colcon.colcon_core.package_identification:_identify(.) by extension 'ignore_ament_install'
[2.354s] Level 1:colcon.colcon_core.package_identification:_identify(.) by extensions ['colcon_pkg']
[2.354s] Level 1:colcon.colcon_core.package_identification:_identify(.) by extension 'colcon_pkg'
[2.354s] Level 1:colcon.colcon_core.package_identification:_identify(.) by extensions ['colcon_meta']
[2.354s] Level 1:colcon.colcon_core.package_identification:_identify(.) by extension 'colcon_meta'
[2.354s] Level 1:colcon.colcon_core.package_identification:_identify(.) by extensions ['ros']
[2.354s] Level 1:colcon.colcon_core.package_identification:_identify(.) by extension 'ros'
[2.370s] DEBUG:colcon.colcon_core.package_identification:Package '.' with type 'ros.catkin' and name 'eskf'
[2.371s] Level 1:colcon.colcon_core.package_discovery:discover_packages(recursive) using defaults
[2.371s] Level 1:colcon.colcon_core.package_discovery:discover_packages(ignore) discover
[2.371s] Level 1:colcon.colcon_core.package_discovery:discover_packages(ignore) using defaults
[2.371s] Level 1:colcon.colcon_core.package_discovery:discover_packages(path) discover
[2.371s] Level 1:colcon.colcon_core.package_discovery:discover_packages(path) using defaults
[2.565s] Level 1:colcon.colcon_core.package_discovery:discover_packages(prefix_path) check parameters
[2.565s] Level 1:colcon.colcon_core.package_discovery:discover_packages(prefix_path) discover
[2.615s] Level 1:colcon.colcon_core.package_discovery:discover_packages(prefix_path) using defaults
[2.687s] Level 5:colcon.colcon_core.verb:set package 'eskf' build argument 'cmake_args' from command line to 'None'
[2.687s] Level 5:colcon.colcon_core.verb:set package 'eskf' build argument 'cmake_target' from command line to 'None'
[2.687s] Level 5:colcon.colcon_core.verb:set package 'eskf' build argument 'cmake_target_skip_unavailable' from command line to 'False'
[2.687s] Level 5:colcon.colcon_core.verb:set package 'eskf' build argument 'cmake_clean_cache' from command line to 'False'
[2.687s] Level 5:colcon.colcon_core.verb:set package 'eskf' build argument 'cmake_clean_first' from command line to 'False'
[2.687s] Level 5:colcon.colcon_core.verb:set package 'eskf' build argument 'cmake_force_configure' from command line to 'False'
[2.687s] Level 5:colcon.colcon_core.verb:set package 'eskf' build argument 'ament_cmake_args' from command line to 'None'
[2.687s] Level 5:colcon.colcon_core.verb:set package 'eskf' build argument 'catkin_cmake_args' from command line to 'None'
[2.687s] Level 5:colcon.colcon_core.verb:set package 'eskf' build argument 'catkin_skip_building_tests' from command line to 'False'
[2.687s] DEBUG:colcon.colcon_core.verb:Building package 'eskf' with the following arguments: {'ament_cmake_args': None, 'build_base': '/home/nakul/Desktop/bur/ros2_ws/src/2023-2024/state-estimation/build/eskf', 'catkin_cmake_args': None, 'catkin_skip_building_tests': False, 'cmake_args': None, 'cmake_clean_cache': False, 'cmake_clean_first': False, 'cmake_force_configure': False, 'cmake_target': None, 'cmake_target_skip_unavailable': False, 'install_base': '/home/nakul/Desktop/bur/ros2_ws/src/2023-2024/state-estimation/install/eskf', 'merge_install': False, 'path': '/home/nakul/Desktop/bur/ros2_ws/src/2023-2024/state-estimation', 'symlink_install': False, 'test_result_base': None}
[2.723s] INFO:colcon.colcon_core.executor:Executing jobs using 'parallel' executor
[2.760s] DEBUG:colcon.colcon_parallel_executor.executor.parallel:run_until_complete
[2.760s] INFO:colcon.colcon_ros.task.catkin.build:Building ROS package in '/home/nakul/Desktop/bur/ros2_ws/src/2023-2024/state-estimation' with build type 'catkin'
[2.760s] INFO:colcon.colcon_cmake.task.cmake.build:Building CMake package in '/home/nakul/Desktop/bur/ros2_ws/src/2023-2024/state-estimation'
[2.798s] INFO:colcon.colcon_core.plugin_system:Skipping extension 'colcon_core.shell.bat': Not used on non-Windows systems
[2.799s] INFO:colcon.colcon_core.shell:Skip shell extension 'powershell' for command environment: Not usable outside of PowerShell
[2.799s] DEBUG:colcon.colcon_core.shell:Skip shell extension 'dsv' for command environment
[2.846s] DEBUG:colcon.colcon_core.event_handler.log_command:Invoking command in '/home/nakul/Desktop/bur/ros2_ws/src/2023-2024/state-estimation/build/eskf': /usr/bin/cmake /home/nakul/Desktop/bur/ros2_ws/src/2023-2024/state-estimation -DCATKIN_INSTALL_INTO_PREFIX_ROOT=0 -DCMAKE_INSTALL_PREFIX=/home/nakul/Desktop/bur/ros2_ws/src/2023-2024/state-estimation/install/eskf
[2.883s] DEBUG:colcon.colcon_core.event_handler.log_command:Invoked command in '/home/nakul/Desktop/bur/ros2_ws/src/2023-2024/state-estimation/build/eskf' returned '1': /usr/bin/cmake /home/nakul/Desktop/bur/ros2_ws/src/2023-2024/state-estimation -DCATKIN_INSTALL_INTO_PREFIX_ROOT=0 -DCMAKE_INSTALL_PREFIX=/home/nakul/Desktop/bur/ros2_ws/src/2023-2024/state-estimation/install/eskf
[2.904s] Level 1:colcon.colcon_core.environment:create_environment_scripts_only(eskf)
[2.945s] Level 1:colcon.colcon_core.environment:checking '/home/nakul/Desktop/bur/ros2_ws/src/2023-2024/state-estimation/install/eskf' for CMake module files
[2.946s] Level 1:colcon.colcon_core.environment:checking '/home/nakul/Desktop/bur/ros2_ws/src/2023-2024/state-estimation/install/eskf' for CMake config files
[2.946s] Level 1:colcon.colcon_core.environment:checking '/home/nakul/Desktop/bur/ros2_ws/src/2023-2024/state-estimation/install/eskf/bin'
[2.946s] Level 1:colcon.colcon_core.environment:checking '/home/nakul/Desktop/bur/ros2_ws/src/2023-2024/state-estimation/install/eskf/lib/pkgconfig/eskf.pc'
[2.947s] Level 1:colcon.colcon_core.environment:checking '/home/nakul/Desktop/bur/ros2_ws/src/2023-2024/state-estimation/install/eskf/lib/python3.8/site-packages'
[2.948s] Level 1:colcon.colcon_core.environment:checking '/home/nakul/Desktop/bur/ros2_ws/src/2023-2024/state-estimation/install/eskf/bin'
[2.984s] INFO:colcon.colcon_core.shell:Creating package script '/home/nakul/Desktop/bur/ros2_ws/src/2023-2024/state-estimation/install/eskf/share/eskf/package.ps1'
[2.985s] INFO:colcon.colcon_core.shell:Creating package descriptor '/home/nakul/Desktop/bur/ros2_ws/src/2023-2024/state-estimation/install/eskf/share/eskf/package.dsv'
[2.986s] INFO:colcon.colcon_core.shell:Creating package script '/home/nakul/Desktop/bur/ros2_ws/src/2023-2024/state-estimation/install/eskf/share/eskf/package.sh'
[2.986s] INFO:colcon.colcon_core.shell:Creating package script '/home/nakul/Desktop/bur/ros2_ws/src/2023-2024/state-estimation/install/eskf/share/eskf/package.bash'
[2.987s] INFO:colcon.colcon_core.shell:Creating package script '/home/nakul/Desktop/bur/ros2_ws/src/2023-2024/state-estimation/install/eskf/share/eskf/package.zsh'
[2.988s] Level 1:colcon.colcon_core.environment:create_file_with_runtime_dependencies(/home/nakul/Desktop/bur/ros2_ws/src/2023-2024/state-estimation/install/eskf/share/colcon-core/packages/eskf)
[2.999s] DEBUG:colcon.colcon_parallel_executor.executor.parallel:closing loop
[2.999s] DEBUG:colcon.colcon_parallel_executor.executor.parallel:loop closed
[2.999s] DEBUG:colcon.colcon_parallel_executor.executor.parallel:run_until_complete finished with '1'
[2.999s] DEBUG:colcon.colcon_core.event_reactor:joining thread
[3.045s] INFO:colcon.colcon_core.plugin_system:Skipping extension 'colcon_notification.desktop_notification.terminal_notifier': Not used on non-Darwin systems
[3.045s] INFO:colcon.colcon_core.plugin_system:Skipping extension 'colcon_notification.desktop_notification.win32': Not used on non-Windows systems
[3.045s] INFO:colcon.colcon_notification.desktop_notification:Sending desktop notification using 'notify2'
[3.068s] DEBUG:colcon.colcon_core.event_reactor:joined thread
[3.109s] INFO:colcon.colcon_core.shell:Creating prefix script '/home/nakul/Desktop/bur/ros2_ws/src/2023-2024/state-estimation/install/local_setup.ps1'
[3.110s] INFO:colcon.colcon_core.shell:Creating prefix util module '/home/nakul/Desktop/bur/ros2_ws/src/2023-2024/state-estimation/install/_local_setup_util_ps1.py'
[3.112s] INFO:colcon.colcon_core.shell:Creating prefix chain script '/home/nakul/Desktop/bur/ros2_ws/src/2023-2024/state-estimation/install/setup.ps1'
[3.148s] INFO:colcon.colcon_core.shell:Creating prefix script '/home/nakul/Desktop/bur/ros2_ws/src/2023-2024/state-estimation/install/local_setup.sh'
[3.149s] INFO:colcon.colcon_core.shell:Creating prefix util module '/home/nakul/Desktop/bur/ros2_ws/src/2023-2024/state-estimation/install/_local_setup_util_sh.py'
[3.149s] INFO:colcon.colcon_core.shell:Creating prefix chain script '/home/nakul/Desktop/bur/ros2_ws/src/2023-2024/state-estimation/install/setup.sh'
[3.186s] INFO:colcon.colcon_core.shell:Creating prefix script '/home/nakul/Desktop/bur/ros2_ws/src/2023-2024/state-estimation/install/local_setup.bash'
[3.187s] INFO:colcon.colcon_core.shell:Creating prefix chain script '/home/nakul/Desktop/bur/ros2_ws/src/2023-2024/state-estimation/install/setup.bash'
[3.224s] INFO:colcon.colcon_core.shell:Creating prefix script '/home/nakul/Desktop/bur/ros2_ws/src/2023-2024/state-estimation/install/local_setup.zsh'
[3.225s] INFO:colcon.colcon_core.shell:Creating prefix chain script '/home/nakul/Desktop/bur/ros2_ws/src/2023-2024/state-estimation/install/setup.zsh'
