[0.026s] Invoking command in '/home/bur/ros2_ws/build/zed_components': CMAKE_PREFIX_PATH=${CMAKE_PREFIX_PATH}:/opt/ros/humble LD_LIBRARY_PATH=/home/bur/ros2_ws/install/zed_interfaces/lib:/opt/ros/humble/opt/rviz_ogre_vendor/lib:/opt/ros/humble/lib/aarch64-linux-gnu:/opt/ros/humble/lib:/usr/local/cuda-11.4/lib64 PYTHONPATH=/home/bur/ros2_ws/install/zed_interfaces/lib/python3.9/site-packages:${PYTHONPATH} /usr/bin/cmake /home/bur/ros2_ws/src/zed-ros2-wrapper/zed_components -DCMAKE_BUILD_TYPE=Release -DAMENT_CMAKE_SYMLINK_INSTALL=1 -DCMAKE_INSTALL_PREFIX=/home/bur/ros2_ws/install/zed_components
[0.113s] -- Found CUDA: /usr/local/cuda-11.4 (found suitable version "11.4", minimum required is "11.4") 
[0.153s] -- Found CUDA: /usr/local/cuda-11.4 (found version "11.4") 
[0.155s] -- Found ament_cmake_auto: 1.3.6 (/opt/ros/humble/share/ament_cmake_auto/cmake)
[0.565s] -- Override CMake install command with custom implementation using symlinks instead of copying resources
[0.835s] -- Found rosidl_generator_c: 3.1.5 (/opt/ros/humble/share/rosidl_generator_c/cmake)
[0.840s] -- Found rosidl_adapter: 3.1.5 (/opt/ros/humble/share/rosidl_adapter/cmake)
[0.853s] -- Found rosidl_generator_cpp: 3.1.5 (/opt/ros/humble/share/rosidl_generator_cpp/cmake)
[0.879s] -- Using all available rosidl_typesupport_c: rosidl_typesupport_fastrtps_c;rosidl_typesupport_introspection_c
[0.917s] -- Using all available rosidl_typesupport_cpp: rosidl_typesupport_fastrtps_cpp;rosidl_typesupport_introspection_cpp
[1.570s] -- Found rmw_implementation_cmake: 6.1.1 (/opt/ros/humble/share/rmw_implementation_cmake/cmake)
[1.573s] -- Found rmw_fastrtps_cpp: 6.2.5 (/opt/ros/humble/share/rmw_fastrtps_cpp/cmake)
[1.824s] -- Using RMW implementation 'rmw_fastrtps_cpp' as default
[3.598s] -- Found eigen3_cmake_module: 0.1.1 (/opt/ros/humble/share/eigen3_cmake_module/cmake)
[3.601s] -- Ensuring Eigen3 include directory is part of orocos-kdl CMake target
[4.129s] CMake Error at CMakeLists.txt:130 (find_package):
[4.129s]   By not providing "Findgeographic_msgs.cmake" in CMAKE_MODULE_PATH this
[4.129s]   project has asked CMake to find a package configuration file provided by
[4.130s]   "geographic_msgs", but CMake did not find one.
[4.130s] 
[4.130s]   Could not find a package configuration file provided by "geographic_msgs"
[4.130s]   with any of the following names:
[4.130s] 
[4.130s]     geographic_msgsConfig.cmake
[4.130s]     geographic_msgs-config.cmake
[4.130s] 
[4.131s]   Add the installation prefix of "geographic_msgs" to CMAKE_PREFIX_PATH or
[4.131s]   set "geographic_msgs_DIR" to a directory containing one of the above files.
[4.131s]   If "geographic_msgs" provides a separate development package or SDK, be
[4.131s]   sure it has been installed.
[4.131s] 
[4.131s] 
[4.136s] -- Configuring incomplete, errors occurred!
[4.136s] See also "/home/bur/ros2_ws/build/zed_components/CMakeFiles/CMakeOutput.log".
[4.137s] See also "/home/bur/ros2_ws/build/zed_components/CMakeFiles/CMakeError.log".
[4.162s] Invoked command in '/home/bur/ros2_ws/build/zed_components' returned '1': CMAKE_PREFIX_PATH=${CMAKE_PREFIX_PATH}:/opt/ros/humble LD_LIBRARY_PATH=/home/bur/ros2_ws/install/zed_interfaces/lib:/opt/ros/humble/opt/rviz_ogre_vendor/lib:/opt/ros/humble/lib/aarch64-linux-gnu:/opt/ros/humble/lib:/usr/local/cuda-11.4/lib64 PYTHONPATH=/home/bur/ros2_ws/install/zed_interfaces/lib/python3.9/site-packages:${PYTHONPATH} /usr/bin/cmake /home/bur/ros2_ws/src/zed-ros2-wrapper/zed_components -DCMAKE_BUILD_TYPE=Release -DAMENT_CMAKE_SYMLINK_INSTALL=1 -DCMAKE_INSTALL_PREFIX=/home/bur/ros2_ws/install/zed_components
