[0.079s] Invoking command in '/home/bur/ros2_ws/build/zed_tutorial_video': CMAKE_PREFIX_PATH=${CMAKE_PREFIX_PATH}:/opt/ros/humble /usr/bin/cmake /home/bur/ros2_ws/src/zed-ros2-examples/tutorials/zed_video_tutorial -DCMAKE_BUILD_TYPE=Release -DAMENT_CMAKE_SYMLINK_INSTALL=1 -DCMAKE_INSTALL_PREFIX=/home/bur/ros2_ws/install/zed_tutorial_video
[0.275s] -- The C compiler identification is GNU 9.4.0
[0.436s] -- The CXX compiler identification is GNU 9.4.0
[0.446s] -- Check for working C compiler: /usr/bin/cc
[0.644s] -- Check for working C compiler: /usr/bin/cc -- works
[0.645s] -- Detecting C compiler ABI info
[0.852s] -- Detecting C compiler ABI info - done
[0.875s] -- Detecting C compile features
[0.875s] -- Detecting C compile features - done
[0.881s] -- Check for working CXX compiler: /usr/bin/c++
[1.083s] -- Check for working CXX compiler: /usr/bin/c++ -- works
[1.086s] -- Detecting CXX compiler ABI info
[1.286s] -- Detecting CXX compiler ABI info - done
[1.311s] -- Detecting CXX compile features
[1.312s] -- Detecting CXX compile features - done
[1.317s] -- Found ament_cmake_auto: 1.3.6 (/opt/ros/humble/share/ament_cmake_auto/cmake)
[1.704s] -- Found Python3: /usr/bin/python3.9 (found version "3.9.5") found components: Interpreter 
[1.865s] -- Override CMake install command with custom implementation using symlinks instead of copying resources
[2.259s] -- Found rosidl_generator_c: 3.1.5 (/opt/ros/humble/share/rosidl_generator_c/cmake)
[2.270s] -- Found rosidl_adapter: 3.1.5 (/opt/ros/humble/share/rosidl_adapter/cmake)
[2.289s] -- Found rosidl_generator_cpp: 3.1.5 (/opt/ros/humble/share/rosidl_generator_cpp/cmake)
[2.323s] -- Using all available rosidl_typesupport_c: rosidl_typesupport_fastrtps_c;rosidl_typesupport_introspection_c
[2.375s] -- Using all available rosidl_typesupport_cpp: rosidl_typesupport_fastrtps_cpp;rosidl_typesupport_introspection_cpp
[2.543s] -- Found rmw_implementation_cmake: 6.1.1 (/opt/ros/humble/share/rmw_implementation_cmake/cmake)
[2.549s] -- Found rmw_fastrtps_cpp: 6.2.5 (/opt/ros/humble/share/rmw_fastrtps_cpp/cmake)
[2.885s] -- Found OpenSSL: /usr/lib/aarch64-linux-gnu/libcrypto.so (found version "1.1.1f")  
[2.953s] -- Found FastRTPS: /opt/ros/humble/include  
[3.067s] -- Using RMW implementation 'rmw_fastrtps_cpp' as default
[3.089s] -- Looking for pthread.h
[3.256s] -- Looking for pthread.h - found
[3.258s] -- Performing Test CMAKE_HAVE_LIBC_PTHREAD
[3.451s] -- Performing Test CMAKE_HAVE_LIBC_PTHREAD - Failed
[3.452s] -- Looking for pthread_create in pthreads
[3.599s] -- Looking for pthread_create in pthreads - not found
[3.599s] -- Looking for pthread_create in pthread
[3.802s] -- Looking for pthread_create in pthread - found
[3.805s] -- Found Threads: TRUE  
[4.517s] -- Found ament_lint_auto: 0.12.9 (/opt/ros/humble/share/ament_lint_auto/cmake)
[4.538s] -- Configuring done
[4.558s] -- Generating done
[4.561s] -- Build files have been written to: /home/bur/ros2_ws/build/zed_tutorial_video
[4.587s] Invoked command in '/home/bur/ros2_ws/build/zed_tutorial_video' returned '0': CMAKE_PREFIX_PATH=${CMAKE_PREFIX_PATH}:/opt/ros/humble /usr/bin/cmake /home/bur/ros2_ws/src/zed-ros2-examples/tutorials/zed_video_tutorial -DCMAKE_BUILD_TYPE=Release -DAMENT_CMAKE_SYMLINK_INSTALL=1 -DCMAKE_INSTALL_PREFIX=/home/bur/ros2_ws/install/zed_tutorial_video
[4.600s] Invoking command in '/home/bur/ros2_ws/build/zed_tutorial_video': CMAKE_PREFIX_PATH=${CMAKE_PREFIX_PATH}:/opt/ros/humble /usr/bin/cmake --build /home/bur/ros2_ws/build/zed_tutorial_video -- -j6 -l6
[4.747s] [35m[1mScanning dependencies of target zed_tutorial_video[0m
[4.863s] [ 50%] [32mBuilding CXX object CMakeFiles/zed_tutorial_video.dir/src/zed_video_sub_tutorial.cpp.o[0m
[56.299s] [100%] [32m[1mLinking CXX executable zed_tutorial_video[0m
[56.778s] [100%] Built target zed_tutorial_video
[56.831s] Invoked command in '/home/bur/ros2_ws/build/zed_tutorial_video' returned '0': CMAKE_PREFIX_PATH=${CMAKE_PREFIX_PATH}:/opt/ros/humble /usr/bin/cmake --build /home/bur/ros2_ws/build/zed_tutorial_video -- -j6 -l6
[57.103s] Invoking command in '/home/bur/ros2_ws/build/zed_tutorial_video': CMAKE_PREFIX_PATH=${CMAKE_PREFIX_PATH}:/opt/ros/humble /usr/bin/cmake --install /home/bur/ros2_ws/build/zed_tutorial_video
[57.194s] -- Install configuration: "Release"
[57.196s] -- Execute custom install script
[57.203s] -- Symlinking: /home/bur/ros2_ws/install/zed_tutorial_video/lib/zed_tutorial_video/zed_tutorial_video
[57.252s] -- Symlinking: /home/bur/ros2_ws/install/zed_tutorial_video/share/ament_index/resource_index/package_run_dependencies/zed_tutorial_video
[57.307s] -- Symlinking: /home/bur/ros2_ws/install/zed_tutorial_video/share/ament_index/resource_index/parent_prefix_path/zed_tutorial_video
[57.357s] -- Symlinking: /home/bur/ros2_ws/install/zed_tutorial_video/share/zed_tutorial_video/environment/ament_prefix_path.sh
[57.428s] -- Symlinking: /home/bur/ros2_ws/install/zed_tutorial_video/share/zed_tutorial_video/environment/ament_prefix_path.dsv
[57.486s] -- Symlinking: /home/bur/ros2_ws/install/zed_tutorial_video/share/zed_tutorial_video/environment/path.sh
[57.546s] -- Symlinking: /home/bur/ros2_ws/install/zed_tutorial_video/share/zed_tutorial_video/environment/path.dsv
[57.601s] -- Symlinking: /home/bur/ros2_ws/install/zed_tutorial_video/share/zed_tutorial_video/local_setup.bash
[57.720s] -- Symlinking: /home/bur/ros2_ws/install/zed_tutorial_video/share/zed_tutorial_video/local_setup.sh
[57.791s] -- Symlinking: /home/bur/ros2_ws/install/zed_tutorial_video/share/zed_tutorial_video/local_setup.zsh
[57.859s] -- Symlinking: /home/bur/ros2_ws/install/zed_tutorial_video/share/zed_tutorial_video/local_setup.dsv
[57.903s] -- Symlinking: /home/bur/ros2_ws/install/zed_tutorial_video/share/zed_tutorial_video/package.dsv
[57.974s] -- Symlinking: /home/bur/ros2_ws/install/zed_tutorial_video/share/ament_index/resource_index/packages/zed_tutorial_video
[58.038s] -- Symlinking: /home/bur/ros2_ws/install/zed_tutorial_video/share/zed_tutorial_video/cmake/zed_tutorial_videoConfig.cmake
[58.090s] -- Symlinking: /home/bur/ros2_ws/install/zed_tutorial_video/share/zed_tutorial_video/cmake/zed_tutorial_videoConfig-version.cmake
[58.135s] -- Symlinking: /home/bur/ros2_ws/install/zed_tutorial_video/share/zed_tutorial_video/package.xml
[58.196s] Invoked command in '/home/bur/ros2_ws/build/zed_tutorial_video' returned '0': CMAKE_PREFIX_PATH=${CMAKE_PREFIX_PATH}:/opt/ros/humble /usr/bin/cmake --install /home/bur/ros2_ws/build/zed_tutorial_video
