[0.096s] Invoking command in '/home/bur/ros2_ws/build/zed_wrapper': CMAKE_PREFIX_PATH=/home/bur/ros2_ws/install/zed_components:/home/bur/ros2_ws/install/zed_interfaces:/home/bur/ros2_ws/install/zed_robot_integration:/home/bur/ros2_ws/install/zed_multi_camera:/home/bur/ros2_ws/install/zed_display_rviz2:/home/bur/ros2_ws/install/zed_depth_to_laserscan:/home/bur/ros2_ws/install/zed_tutorial_video:/home/bur/ros2_ws/install/zed_tutorial_pos_tracking:/home/bur/ros2_ws/install/zed_tutorial_depth:/home/bur/ros2_ws/install/zed_topic_benchmark:/home/bur/ros2_ws/install/zed_topic_benchmark_component:/home/bur/ros2_ws/install/zed_topic_benchmark_interfaces:/home/bur/ros2_ws/install/zed_rgb_convert:/home/bur/ros2_ws/install/zed_aruco_localization:/home/bur/ros2_ws/install/rviz_plugin_zed_od:/home/bur/ros2_ws/install/zed_ros2:/home/bur/ros2_ws/install/zed_wrapper:/opt/ros/humble LD_LIBRARY_PATH=/home/bur/ros2_ws/install/zed_components/lib:/home/bur/ros2_ws/install/zed_interfaces/lib:/home/bur/ros2_ws/install/zed_topic_benchmark_component/lib:/home/bur/ros2_ws/install/zed_topic_benchmark_interfaces/lib:/home/bur/ros2_ws/install/zed_rgb_convert/lib:/home/bur/ros2_ws/install/zed_aruco_localization/lib:/home/bur/ros2_ws/install/rviz_plugin_zed_od/lib:/usr/local/cuda-11.4/lib64:/opt/ros/humble/opt/rviz_ogre_vendor/lib:/opt/ros/humble/lib/aarch64-linux-gnu:/opt/ros/humble/lib:/usr/local/cuda-11.4/lib64 /usr/bin/cmake --build /home/bur/ros2_ws/build/zed_wrapper -- -j6 -l6
[0.272s] [100%] Built target zed_wrapper
[0.312s] Invoked command in '/home/bur/ros2_ws/build/zed_wrapper' returned '0': CMAKE_PREFIX_PATH=/home/bur/ros2_ws/install/zed_components:/home/bur/ros2_ws/install/zed_interfaces:/home/bur/ros2_ws/install/zed_robot_integration:/home/bur/ros2_ws/install/zed_multi_camera:/home/bur/ros2_ws/install/zed_display_rviz2:/home/bur/ros2_ws/install/zed_depth_to_laserscan:/home/bur/ros2_ws/install/zed_tutorial_video:/home/bur/ros2_ws/install/zed_tutorial_pos_tracking:/home/bur/ros2_ws/install/zed_tutorial_depth:/home/bur/ros2_ws/install/zed_topic_benchmark:/home/bur/ros2_ws/install/zed_topic_benchmark_component:/home/bur/ros2_ws/install/zed_topic_benchmark_interfaces:/home/bur/ros2_ws/install/zed_rgb_convert:/home/bur/ros2_ws/install/zed_aruco_localization:/home/bur/ros2_ws/install/rviz_plugin_zed_od:/home/bur/ros2_ws/install/zed_ros2:/home/bur/ros2_ws/install/zed_wrapper:/opt/ros/humble LD_LIBRARY_PATH=/home/bur/ros2_ws/install/zed_components/lib:/home/bur/ros2_ws/install/zed_interfaces/lib:/home/bur/ros2_ws/install/zed_topic_benchmark_component/lib:/home/bur/ros2_ws/install/zed_topic_benchmark_interfaces/lib:/home/bur/ros2_ws/install/zed_rgb_convert/lib:/home/bur/ros2_ws/install/zed_aruco_localization/lib:/home/bur/ros2_ws/install/rviz_plugin_zed_od/lib:/usr/local/cuda-11.4/lib64:/opt/ros/humble/opt/rviz_ogre_vendor/lib:/opt/ros/humble/lib/aarch64-linux-gnu:/opt/ros/humble/lib:/usr/local/cuda-11.4/lib64 /usr/bin/cmake --build /home/bur/ros2_ws/build/zed_wrapper -- -j6 -l6
[0.386s] Invoking command in '/home/bur/ros2_ws/build/zed_wrapper': CMAKE_PREFIX_PATH=/home/bur/ros2_ws/install/zed_components:/home/bur/ros2_ws/install/zed_interfaces:/home/bur/ros2_ws/install/zed_robot_integration:/home/bur/ros2_ws/install/zed_multi_camera:/home/bur/ros2_ws/install/zed_display_rviz2:/home/bur/ros2_ws/install/zed_depth_to_laserscan:/home/bur/ros2_ws/install/zed_tutorial_video:/home/bur/ros2_ws/install/zed_tutorial_pos_tracking:/home/bur/ros2_ws/install/zed_tutorial_depth:/home/bur/ros2_ws/install/zed_topic_benchmark:/home/bur/ros2_ws/install/zed_topic_benchmark_component:/home/bur/ros2_ws/install/zed_topic_benchmark_interfaces:/home/bur/ros2_ws/install/zed_rgb_convert:/home/bur/ros2_ws/install/zed_aruco_localization:/home/bur/ros2_ws/install/rviz_plugin_zed_od:/home/bur/ros2_ws/install/zed_ros2:/home/bur/ros2_ws/install/zed_wrapper:/opt/ros/humble LD_LIBRARY_PATH=/home/bur/ros2_ws/install/zed_components/lib:/home/bur/ros2_ws/install/zed_interfaces/lib:/home/bur/ros2_ws/install/zed_topic_benchmark_component/lib:/home/bur/ros2_ws/install/zed_topic_benchmark_interfaces/lib:/home/bur/ros2_ws/install/zed_rgb_convert/lib:/home/bur/ros2_ws/install/zed_aruco_localization/lib:/home/bur/ros2_ws/install/rviz_plugin_zed_od/lib:/usr/local/cuda-11.4/lib64:/opt/ros/humble/opt/rviz_ogre_vendor/lib:/opt/ros/humble/lib/aarch64-linux-gnu:/opt/ros/humble/lib:/usr/local/cuda-11.4/lib64 /usr/bin/cmake --install /home/bur/ros2_ws/build/zed_wrapper
[0.407s] -- Install configuration: "Release"
[0.408s] -- Execute custom install script
[0.409s] -- Up-to-date symlink: /home/bur/ros2_ws/install/zed_wrapper/lib/zed_wrapper/zed_wrapper
[0.411s] -- Up-to-date symlink: /home/bur/ros2_ws/install/zed_wrapper/share/zed_wrapper/config/common.yaml
[0.411s] -- Up-to-date symlink: /home/bur/ros2_ws/install/zed_wrapper/share/zed_wrapper/config/zed.yaml
[0.413s] -- Up-to-date symlink: /home/bur/ros2_ws/install/zed_wrapper/share/zed_wrapper/config/zed2.yaml
[0.413s] -- Up-to-date symlink: /home/bur/ros2_ws/install/zed_wrapper/share/zed_wrapper/config/zed2i.yaml
[0.413s] -- Up-to-date symlink: /home/bur/ros2_ws/install/zed_wrapper/share/zed_wrapper/config/zedm.yaml
[0.413s] -- Up-to-date symlink: /home/bur/ros2_ws/install/zed_wrapper/share/zed_wrapper/config/zedx.yaml
[0.414s] -- Up-to-date symlink: /home/bur/ros2_ws/install/zed_wrapper/share/zed_wrapper/config/zedxm.yaml
[0.415s] -- Up-to-date symlink: /home/bur/ros2_ws/install/zed_wrapper/share/zed_wrapper/urdf/include/materials.urdf.xacro
[0.416s] -- Up-to-date symlink: /home/bur/ros2_ws/install/zed_wrapper/share/zed_wrapper/urdf/zed_descr.urdf.xacro
[0.416s] -- Up-to-date symlink: /home/bur/ros2_ws/install/zed_wrapper/share/zed_wrapper/urdf/zed_macro.urdf.xacro
[0.418s] -- Up-to-date symlink: /home/bur/ros2_ws/install/zed_wrapper/share/zed_wrapper/launch/obsolete/zed.launch.py
[0.418s] -- Up-to-date symlink: /home/bur/ros2_ws/install/zed_wrapper/share/zed_wrapper/launch/obsolete/zed2.launch.py
[0.419s] -- Up-to-date symlink: /home/bur/ros2_ws/install/zed_wrapper/share/zed_wrapper/launch/obsolete/zed2i.launch.py
[0.421s] -- Up-to-date symlink: /home/bur/ros2_ws/install/zed_wrapper/share/zed_wrapper/launch/obsolete/zedm.launch.py
[0.421s] -- Up-to-date symlink: /home/bur/ros2_ws/install/zed_wrapper/share/zed_wrapper/launch/obsolete/zedx.launch.py
[0.428s] -- Up-to-date symlink: /home/bur/ros2_ws/install/zed_wrapper/share/zed_wrapper/launch/obsolete/zedxm.launch.py
[0.429s] -- Up-to-date symlink: /home/bur/ros2_ws/install/zed_wrapper/share/zed_wrapper/launch/zed_camera.launch.py
[0.430s] -- Up-to-date symlink: /home/bur/ros2_ws/install/zed_wrapper/share/ament_index/resource_index/package_run_dependencies/zed_wrapper
[0.430s] -- Up-to-date symlink: /home/bur/ros2_ws/install/zed_wrapper/share/ament_index/resource_index/parent_prefix_path/zed_wrapper
[0.430s] -- Up-to-date symlink: /home/bur/ros2_ws/install/zed_wrapper/share/zed_wrapper/environment/ament_prefix_path.sh
[0.430s] -- Up-to-date symlink: /home/bur/ros2_ws/install/zed_wrapper/share/zed_wrapper/environment/ament_prefix_path.dsv
[0.430s] -- Up-to-date symlink: /home/bur/ros2_ws/install/zed_wrapper/share/zed_wrapper/environment/path.sh
[0.431s] -- Up-to-date symlink: /home/bur/ros2_ws/install/zed_wrapper/share/zed_wrapper/environment/path.dsv
[0.431s] -- Up-to-date symlink: /home/bur/ros2_ws/install/zed_wrapper/share/zed_wrapper/local_setup.bash
[0.433s] -- Up-to-date symlink: /home/bur/ros2_ws/install/zed_wrapper/share/zed_wrapper/local_setup.sh
[0.434s] -- Up-to-date symlink: /home/bur/ros2_ws/install/zed_wrapper/share/zed_wrapper/local_setup.zsh
[0.434s] -- Up-to-date symlink: /home/bur/ros2_ws/install/zed_wrapper/share/zed_wrapper/local_setup.dsv
[0.434s] -- Symlinking: /home/bur/ros2_ws/install/zed_wrapper/share/zed_wrapper/package.dsv
[0.451s] -- Up-to-date symlink: /home/bur/ros2_ws/install/zed_wrapper/share/ament_index/resource_index/packages/zed_wrapper
[0.452s] -- Up-to-date symlink: /home/bur/ros2_ws/install/zed_wrapper/share/zed_wrapper/cmake/zed_wrapperConfig.cmake
[0.452s] -- Up-to-date symlink: /home/bur/ros2_ws/install/zed_wrapper/share/zed_wrapper/cmake/zed_wrapperConfig-version.cmake
[0.452s] -- Up-to-date symlink: /home/bur/ros2_ws/install/zed_wrapper/share/zed_wrapper/package.xml
[0.474s] Invoked command in '/home/bur/ros2_ws/build/zed_wrapper' returned '0': CMAKE_PREFIX_PATH=/home/bur/ros2_ws/install/zed_components:/home/bur/ros2_ws/install/zed_interfaces:/home/bur/ros2_ws/install/zed_robot_integration:/home/bur/ros2_ws/install/zed_multi_camera:/home/bur/ros2_ws/install/zed_display_rviz2:/home/bur/ros2_ws/install/zed_depth_to_laserscan:/home/bur/ros2_ws/install/zed_tutorial_video:/home/bur/ros2_ws/install/zed_tutorial_pos_tracking:/home/bur/ros2_ws/install/zed_tutorial_depth:/home/bur/ros2_ws/install/zed_topic_benchmark:/home/bur/ros2_ws/install/zed_topic_benchmark_component:/home/bur/ros2_ws/install/zed_topic_benchmark_interfaces:/home/bur/ros2_ws/install/zed_rgb_convert:/home/bur/ros2_ws/install/zed_aruco_localization:/home/bur/ros2_ws/install/rviz_plugin_zed_od:/home/bur/ros2_ws/install/zed_ros2:/home/bur/ros2_ws/install/zed_wrapper:/opt/ros/humble LD_LIBRARY_PATH=/home/bur/ros2_ws/install/zed_components/lib:/home/bur/ros2_ws/install/zed_interfaces/lib:/home/bur/ros2_ws/install/zed_topic_benchmark_component/lib:/home/bur/ros2_ws/install/zed_topic_benchmark_interfaces/lib:/home/bur/ros2_ws/install/zed_rgb_convert/lib:/home/bur/ros2_ws/install/zed_aruco_localization/lib:/home/bur/ros2_ws/install/rviz_plugin_zed_od/lib:/usr/local/cuda-11.4/lib64:/opt/ros/humble/opt/rviz_ogre_vendor/lib:/opt/ros/humble/lib/aarch64-linux-gnu:/opt/ros/humble/lib:/usr/local/cuda-11.4/lib64 /usr/bin/cmake --install /home/bur/ros2_ws/build/zed_wrapper
