[0.133s] Invoking command in '/home/nakul/Desktop/bur/ros2_ws/src/2023-2024/state-estimation/build/state-estimation': /usr/bin/cmake --build /home/nakul/Desktop/bur/ros2_ws/src/2023-2024/state-estimation/build/state-estimation -- -j8 -l8
[0.197s] [ 40%] Built target ESKF
[0.218s] [35m[1mScanning dependencies of target state-estimation[0m
[0.267s] [ 60%] [32mBuilding CXX object CMakeFiles/state-estimation.dir/src/Node.cpp.o[0m
[1.991s] [01m[K/home/nakul/Desktop/bur/ros2_ws/src/2023-2024/state-estimation/src/Node.cpp:[m[K In constructor ‘[01m[Keskf::Node::Node()[m[K’:
[1.991s] [01m[K/home/nakul/Desktop/bur/ros2_ws/src/2023-2024/state-estimation/src/Node.cpp:47:80:[m[K [01;31m[Kerror: [m[Kno matching function for call to ‘[01m[Keskf::Node::create_wall_timer(rclcpp::Duration, std::_Bind_helper<false, void (eskf::Node::*)(), eskf::Node*>::type)[m[K’
[1.991s]    47 |       rclcpp::Duration(1.0f/publish_rate), std::bind(&Node::publishState, this)[01;31m[K)[m[K;
[1.992s]       |                                                                                [01;31m[K^[m[K
[1.992s] In file included from [01m[K/opt/ros/foxy/include/rclcpp/executors/single_threaded_executor.hpp:28[m[K,
[1.992s]                  from [01m[K/opt/ros/foxy/include/rclcpp/executors.hpp:22[m[K,
[1.992s]                  from [01m[K/opt/ros/foxy/include/rclcpp/rclcpp.hpp:146[m[K,
[1.992s]                  from [01m[K/home/nakul/Desktop/bur/ros2_ws/src/2023-2024/state-estimation/include/eskf/Node.hpp:5[m[K,
[1.992s]                  from [01m[K/home/nakul/Desktop/bur/ros2_ws/src/2023-2024/state-estimation/src/Node.cpp:1[m[K:
[1.992s] [01m[K/opt/ros/foxy/include/rclcpp/node.hpp:232:3:[m[K [01;36m[Knote: [m[Kcandidate: ‘[01m[Ktemplate<class DurationRepT, class DurationT, class CallbackT> typename rclcpp::WallTimer<CallbackT>::SharedPtr rclcpp::Node::create_wall_timer(std::chrono::duration<_Rep1, _Period1>, CallbackT, rclcpp::CallbackGroup::SharedPtr)[m[K’
[1.992s]   232 |   [01;36m[Kcreate_wall_timer[m[K(
[1.992s]       |   [01;36m[K^~~~~~~~~~~~~~~~~[m[K
[1.992s] [01m[K/opt/ros/foxy/include/rclcpp/node.hpp:232:3:[m[K [01;36m[Knote: [m[K  template argument deduction/substitution failed:
[1.993s] [01m[K/home/nakul/Desktop/bur/ros2_ws/src/2023-2024/state-estimation/src/Node.cpp:47:80:[m[K [01;36m[Knote: [m[K  ‘[01m[Krclcpp::Duration[m[K’ is not derived from ‘[01m[Kstd::chrono::duration<_Rep1, _Period1>[m[K’
[1.993s]    47 |       rclcpp::Duration(1.0f/publish_rate), std::bind(&Node::publishState, this)[01;36m[K)[m[K;
[1.993s]       |                                                                                [01;36m[K^[m[K
[1.995s] [01m[K/home/nakul/Desktop/bur/ros2_ws/src/2023-2024/state-estimation/src/Node.cpp:[m[K In member function ‘[01m[Kvoid eskf::Node::inputCallback(sensor_msgs::msg::Imu_<std::allocator<void> >::SharedPtr) const[m[K’:
[1.995s] [01m[K/home/nakul/Desktop/bur/ros2_ws/src/2023-2024/state-estimation/src/Node.cpp:55:21:[m[K [01;31m[Kerror: [m[K‘[01m[Kconst class rclcpp::Time[m[K’ has no member named ‘[01m[Ksec[m[K’
[1.995s]    55 |   if (prevStampImu_.[01;31m[Ksec[m[K != 0) {
[1.996s]       |                     [01;31m[K^~~[m[K
[1.996s] [01m[K/home/nakul/Desktop/bur/ros2_ws/src/2023-2024/state-estimation/src/Node.cpp:56:48:[m[K [01;31m[Kerror: [m[Kno match for ‘[01m[Koperator-[m[K’ (operand types are ‘[01m[Kstd_msgs::msg::Header_<std::allocator<void> >::_stamp_type[m[K’ {aka ‘[01m[Kbuiltin_interfaces::msg::Time_<std::allocator<void> >[m[K’} and ‘[01m[Kconst rclcpp::Time[m[K’)
[1.996s]    56 |     const double delta = ([32m[KimuMsg->header.stamp[m[K [01;31m[K-[m[K [34m[KprevStampImu_[m[K).toSec();
[1.996s]       |                           [32m[K~~~~~~~~~~~~~~~~~~~~[m[K [01;31m[K^[m[K [34m[K~~~~~~~~~~~~~[m[K
[1.996s]       |                                          [32m[K|[m[K       [34m[K|[m[K
[1.996s]       |                                          [32m[K|[m[K       [34m[Kconst rclcpp::Time[m[K
[1.997s]       |                                          [32m[Kstd_msgs::msg::Header_<std::allocator<void> >::_stamp_type {aka builtin_interfaces::msg::Time_<std::allocator<void> >}[m[K
[1.997s] In file included from [01m[K/usr/include/c++/9/bits/stl_algobase.h:67[m[K,
[1.997s]                  from [01m[K/usr/include/c++/9/memory:62[m[K,
[1.997s]                  from [01m[K/home/nakul/Desktop/bur/ros2_ws/src/2023-2024/state-estimation/include/eskf/Node.hpp:4[m[K,
[1.997s]                  from [01m[K/home/nakul/Desktop/bur/ros2_ws/src/2023-2024/state-estimation/src/Node.cpp:1[m[K:
[1.997s] [01m[K/usr/include/c++/9/bits/stl_iterator.h:415:5:[m[K [01;36m[Knote: [m[Kcandidate: ‘[01m[Ktemplate<class _IteratorL, class _IteratorR> decltype ((__y.base() - __x.base())) std::operator-(const std::reverse_iterator<_Iterator>&, const std::reverse_iterator<_IteratorR>&)[m[K’
[1.997s]   415 |     [01;36m[Koperator[m[K-(const reverse_iterator<_IteratorL>& __x,
[1.998s]       |     [01;36m[K^~~~~~~~[m[K
[1.998s] [01m[K/usr/include/c++/9/bits/stl_iterator.h:415:5:[m[K [01;36m[Knote: [m[K  template argument deduction/substitution failed:
[1.998s] [01m[K/home/nakul/Desktop/bur/ros2_ws/src/2023-2024/state-estimation/src/Node.cpp:56:50:[m[K [01;36m[Knote: [m[K  ‘[01m[Kstd_msgs::msg::Header_<std::allocator<void> >::_stamp_type[m[K’ {aka ‘[01m[Kbuiltin_interfaces::msg::Time_<std::allocator<void> >[m[K’} is not derived from ‘[01m[Kconst std::reverse_iterator<_Iterator>[m[K’
[1.998s]    56 |     const double delta = (imuMsg->header.stamp - [01;36m[KprevStampImu_[m[K).toSec();
[1.998s]       |                                                  [01;36m[K^~~~~~~~~~~~~[m[K
[1.998s] In file included from [01m[K/usr/include/c++/9/bits/stl_algobase.h:67[m[K,
[1.999s]                  from [01m[K/usr/include/c++/9/memory:62[m[K,
[2.000s]                  from [01m[K/home/nakul/Desktop/bur/ros2_ws/src/2023-2024/state-estimation/include/eskf/Node.hpp:4[m[K,
[2.000s]                  from [01m[K/home/nakul/Desktop/bur/ros2_ws/src/2023-2024/state-estimation/src/Node.cpp:1[m[K:
[2.000s] [01m[K/usr/include/c++/9/bits/stl_iterator.h:1209:5:[m[K [01;36m[Knote: [m[Kcandidate: ‘[01m[Ktemplate<class _IteratorL, class _IteratorR> decltype ((__x.base() - __y.base())) std::operator-(const std::move_iterator<_IteratorL>&, const std::move_iterator<_IteratorR>&)[m[K’
[2.000s]  1209 |     [01;36m[Koperator[m[K-(const move_iterator<_IteratorL>& __x,
[2.000s]       |     [01;36m[K^~~~~~~~[m[K
[2.000s] [01m[K/usr/include/c++/9/bits/stl_iterator.h:1209:5:[m[K [01;36m[Knote: [m[K  template argument deduction/substitution failed:
[2.000s] [01m[K/home/nakul/Desktop/bur/ros2_ws/src/2023-2024/state-estimation/src/Node.cpp:56:50:[m[K [01;36m[Knote: [m[K  ‘[01m[Kstd_msgs::msg::Header_<std::allocator<void> >::_stamp_type[m[K’ {aka ‘[01m[Kbuiltin_interfaces::msg::Time_<std::allocator<void> >[m[K’} is not derived from ‘[01m[Kconst std::move_iterator<_IteratorL>[m[K’
[2.000s]    56 |     const double delta = (imuMsg->header.stamp - [01;36m[KprevStampImu_[m[K).toSec();
[2.000s]       |                                                  [01;36m[K^~~~~~~~~~~~~[m[K
[2.001s] In file included from [01m[K/usr/include/c++/9/vector:68[m[K,
[2.001s]                  from [01m[K/opt/ros/foxy/include/rclcpp/executor.hpp:27[m[K,
[2.001s]                  from [01m[K/opt/ros/foxy/include/rclcpp/executors/multi_threaded_executor.hpp:26[m[K,
[2.001s]                  from [01m[K/opt/ros/foxy/include/rclcpp/executors.hpp:21[m[K,
[2.001s]                  from [01m[K/opt/ros/foxy/include/rclcpp/rclcpp.hpp:146[m[K,
[2.002s]                  from [01m[K/home/nakul/Desktop/bur/ros2_ws/src/2023-2024/state-estimation/include/eskf/Node.hpp:5[m[K,
[2.002s]                  from [01m[K/home/nakul/Desktop/bur/ros2_ws/src/2023-2024/state-estimation/src/Node.cpp:1[m[K:
[2.002s] [01m[K/usr/include/c++/9/bits/stl_bvector.h:214:3:[m[K [01;36m[Knote: [m[Kcandidate: ‘[01m[Kstd::ptrdiff_t std::operator-(const std::_Bit_iterator_base&, const std::_Bit_iterator_base&)[m[K’
[2.002s]   214 |   [01;36m[Koperator[m[K-(const _Bit_iterator_base& __x, const _Bit_iterator_base& __y)
[2.002s]       |   [01;36m[K^~~~~~~~[m[K
[2.002s] [01m[K/usr/include/c++/9/bits/stl_bvector.h:214:39:[m[K [01;36m[Knote: [m[K  no known conversion for argument 1 from ‘[01m[Kstd_msgs::msg::Header_<std::allocator<void> >::_stamp_type[m[K’ {aka ‘[01m[Kbuiltin_interfaces::msg::Time_<std::allocator<void> >[m[K’} to ‘[01m[Kconst std::_Bit_iterator_base&[m[K’
[2.002s]   214 |   operator-([01;36m[Kconst _Bit_iterator_base& __x[m[K, const _Bit_iterator_base& __y)
[2.003s]       |             [01;36m[K~~~~~~~~~~~~~~~~~~~~~~~~~~^~~[m[K
[2.003s] In file included from [01m[K/usr/include/eigen3/Eigen/Core:96[m[K,
[2.003s]                  from [01m[K/home/nakul/Desktop/bur/ros2_ws/src/2023-2024/state-estimation/include/eskf/common.h:4[m[K,
[2.003s]                  from [01m[K/home/nakul/Desktop/bur/ros2_ws/src/2023-2024/state-estimation/include/eskf/ESKF.hpp:4[m[K,
[2.003s]                  from [01m[K/home/nakul/Desktop/bur/ros2_ws/src/2023-2024/state-estimation/include/eskf/Node.hpp:15[m[K,
[2.003s]                  from [01m[K/home/nakul/Desktop/bur/ros2_ws/src/2023-2024/state-estimation/src/Node.cpp:1[m[K:
[2.003s] [01m[K/usr/include/c++/9/complex:361:5:[m[K [01;36m[Knote: [m[Kcandidate: ‘[01m[Ktemplate<class _Tp> std::complex<_Tp> std::operator-(const std::complex<_Tp>&, const std::complex<_Tp>&)[m[K’
[2.003s]   361 |     [01;36m[Koperator[m[K-(const complex<_Tp>& __x, const complex<_Tp>& __y)
[2.004s]       |     [01;36m[K^~~~~~~~[m[K
[2.004s] [01m[K/usr/include/c++/9/complex:361:5:[m[K [01;36m[Knote: [m[K  template argument deduction/substitution failed:
[2.004s] [01m[K/home/nakul/Desktop/bur/ros2_ws/src/2023-2024/state-estimation/src/Node.cpp:56:50:[m[K [01;36m[Knote: [m[K  ‘[01m[Kstd_msgs::msg::Header_<std::allocator<void> >::_stamp_type[m[K’ {aka ‘[01m[Kbuiltin_interfaces::msg::Time_<std::allocator<void> >[m[K’} is not derived from ‘[01m[Kconst std::complex<_Tp>[m[K’
[2.004s]    56 |     const double delta = (imuMsg->header.stamp - [01;36m[KprevStampImu_[m[K).toSec();
[2.005s]       |                                                  [01;36m[K^~~~~~~~~~~~~[m[K
[2.005s] In file included from [01m[K/usr/include/eigen3/Eigen/Core:96[m[K,
[2.005s]                  from [01m[K/home/nakul/Desktop/bur/ros2_ws/src/2023-2024/state-estimation/include/eskf/common.h:4[m[K,
[2.005s]                  from [01m[K/home/nakul/Desktop/bur/ros2_ws/src/2023-2024/state-estimation/include/eskf/ESKF.hpp:4[m[K,
[2.005s]                  from [01m[K/home/nakul/Desktop/bur/ros2_ws/src/2023-2024/state-estimation/include/eskf/Node.hpp:15[m[K,
[2.005s]                  from [01m[K/home/nakul/Desktop/bur/ros2_ws/src/2023-2024/state-estimation/src/Node.cpp:1[m[K:
[2.005s] [01m[K/usr/include/c++/9/complex:370:5:[m[K [01;36m[Knote: [m[Kcandidate: ‘[01m[Ktemplate<class _Tp> std::complex<_Tp> std::operator-(const std::complex<_Tp>&, const _Tp&)[m[K’
[2.005s]   370 |     [01;36m[Koperator[m[K-(const complex<_Tp>& __x, const _Tp& __y)
[2.005s]       |     [01;36m[K^~~~~~~~[m[K
[2.006s] [01m[K/usr/include/c++/9/complex:370:5:[m[K [01;36m[Knote: [m[K  template argument deduction/substitution failed:
[2.006s] [01m[K/home/nakul/Desktop/bur/ros2_ws/src/2023-2024/state-estimation/src/Node.cpp:56:50:[m[K [01;36m[Knote: [m[K  ‘[01m[Kstd_msgs::msg::Header_<std::allocator<void> >::_stamp_type[m[K’ {aka ‘[01m[Kbuiltin_interfaces::msg::Time_<std::allocator<void> >[m[K’} is not derived from ‘[01m[Kconst std::complex<_Tp>[m[K’
[2.006s]    56 |     const double delta = (imuMsg->header.stamp - [01;36m[KprevStampImu_[m[K).toSec();
[2.006s]       |                                                  [01;36m[K^~~~~~~~~~~~~[m[K
[2.006s] In file included from [01m[K/usr/include/eigen3/Eigen/Core:96[m[K,
[2.007s]                  from [01m[K/home/nakul/Desktop/bur/ros2_ws/src/2023-2024/state-estimation/include/eskf/common.h:4[m[K,
[2.007s]                  from [01m[K/home/nakul/Desktop/bur/ros2_ws/src/2023-2024/state-estimation/include/eskf/ESKF.hpp:4[m[K,
[2.007s]                  from [01m[K/home/nakul/Desktop/bur/ros2_ws/src/2023-2024/state-estimation/include/eskf/Node.hpp:15[m[K,
[2.007s]                  from [01m[K/home/nakul/Desktop/bur/ros2_ws/src/2023-2024/state-estimation/src/Node.cpp:1[m[K:
[2.008s] [01m[K/usr/include/c++/9/complex:379:5:[m[K [01;36m[Knote: [m[Kcandidate: ‘[01m[Ktemplate<class _Tp> std::complex<_Tp> std::operator-(const _Tp&, const std::complex<_Tp>&)[m[K’
[2.008s]   379 |     [01;36m[Koperator[m[K-(const _Tp& __x, const complex<_Tp>& __y)
[2.008s]       |     [01;36m[K^~~~~~~~[m[K
[2.008s] [01m[K/usr/include/c++/9/complex:379:5:[m[K [01;36m[Knote: [m[K  template argument deduction/substitution failed:
[2.008s] [01m[K/home/nakul/Desktop/bur/ros2_ws/src/2023-2024/state-estimation/src/Node.cpp:56:50:[m[K [01;36m[Knote: [m[K  ‘[01m[Kconst rclcpp::Time[m[K’ is not derived from ‘[01m[Kconst std::complex<_Tp>[m[K’
[2.008s]    56 |     const double delta = (imuMsg->header.stamp - [01;36m[KprevStampImu_[m[K).toSec();
[2.008s]       |                                                  [01;36m[K^~~~~~~~~~~~~[m[K
[2.008s] In file included from [01m[K/usr/include/eigen3/Eigen/Core:96[m[K,
[2.008s]                  from [01m[K/home/nakul/Desktop/bur/ros2_ws/src/2023-2024/state-estimation/include/eskf/common.h:4[m[K,
[2.008s]                  from [01m[K/home/nakul/Desktop/bur/ros2_ws/src/2023-2024/state-estimation/include/eskf/ESKF.hpp:4[m[K,
[2.009s]                  from [01m[K/home/nakul/Desktop/bur/ros2_ws/src/2023-2024/state-estimation/include/eskf/Node.hpp:15[m[K,
[2.009s]                  from [01m[K/home/nakul/Desktop/bur/ros2_ws/src/2023-2024/state-estimation/src/Node.cpp:1[m[K:
[2.009s] [01m[K/usr/include/c++/9/complex:456:5:[m[K [01;36m[Knote: [m[Kcandidate: ‘[01m[Ktemplate<class _Tp> std::complex<_Tp> std::operator-(const std::complex<_Tp>&)[m[K’
[2.009s]   456 |     [01;36m[Koperator[m[K-(const complex<_Tp>& __x)
[2.009s]       |     [01;36m[K^~~~~~~~[m[K
[2.009s] [01m[K/usr/include/c++/9/complex:456:5:[m[K [01;36m[Knote: [m[K  template argument deduction/substitution failed:
[2.009s] [01m[K/home/nakul/Desktop/bur/ros2_ws/src/2023-2024/state-estimation/src/Node.cpp:56:50:[m[K [01;36m[Knote: [m[K  ‘[01m[Kstd_msgs::msg::Header_<std::allocator<void> >::_stamp_type[m[K’ {aka ‘[01m[Kbuiltin_interfaces::msg::Time_<std::allocator<void> >[m[K’} is not derived from ‘[01m[Kconst std::complex<_Tp>[m[K’
[2.009s]    56 |     const double delta = (imuMsg->header.stamp - [01;36m[KprevStampImu_[m[K).toSec();
[2.010s]       |                                                  [01;36m[K^~~~~~~~~~~~~[m[K
[2.010s] [01m[K/home/nakul/Desktop/bur/ros2_ws/src/2023-2024/state-estimation/src/Node.cpp:59:13:[m[K [01;31m[Kerror: [m[Kassignment of member ‘[01m[Keskf::Node::init_[m[K’ in read-only object
[2.010s]    59 |       [01;31m[Kinit_ = true[m[K;
[2.010s]       |       [01;31m[K~~~~~~^~~~~~[m[K
[2.010s] [01m[K/home/nakul/Desktop/bur/ros2_ws/src/2023-2024/state-estimation/src/Node.cpp:64:66:[m[K [01;31m[Kerror: [m[K‘[01m[Kusing _stamp_type = struct builtin_interfaces::msg::Time_<std::allocator<void> >[m[K’ {aka ‘[01m[Kstruct builtin_interfaces::msg::Time_<std::allocator<void> >[m[K’} has no member named ‘[01m[KtoSec[m[K’
[2.010s]    64 |     eskf_.run(wm, am, static_cast<uint64_t>(imuMsg->header.stamp.[01;31m[KtoSec[m[K()*1e6f), delta);
[2.010s]       |                                                                  [01;31m[K^~~~~[m[K
[2.010s] [01m[K/home/nakul/Desktop/bur/ros2_ws/src/2023-2024/state-estimation/src/Node.cpp:66:34:[m[K [01;31m[Kerror: [m[Kpassing ‘[01m[Kconst rclcpp::Time[m[K’ as ‘[01m[Kthis[m[K’ argument discards qualifiers [[01;31m[K-fpermissive[m[K]
[2.011s]    66 |   prevStampImu_ = imuMsg->header.[01;31m[Kstamp[m[K;
[2.011s]       |                                  [01;31m[K^~~~~[m[K
[2.011s] In file included from [01m[K/opt/ros/foxy/include/rclcpp/clock.hpp:23[m[K,
[2.011s]                  from [01m[K/opt/ros/foxy/include/rclcpp/timer.hpp:27[m[K,
[2.011s]                  from [01m[K/opt/ros/foxy/include/rclcpp/callback_group.hpp:27[m[K,
[2.011s]                  from [01m[K/opt/ros/foxy/include/rclcpp/any_executable.hpp:20[m[K,
[2.012s]                  from [01m[K/opt/ros/foxy/include/rclcpp/memory_strategy.hpp:24[m[K,
[2.012s]                  from [01m[K/opt/ros/foxy/include/rclcpp/memory_strategies.hpp:18[m[K,
[2.012s]                  from [01m[K/opt/ros/foxy/include/rclcpp/executor_options.hpp:20[m[K,
[2.012s]                  from [01m[K/opt/ros/foxy/include/rclcpp/executor.hpp:33[m[K,
[2.012s]                  from [01m[K/opt/ros/foxy/include/rclcpp/executors/multi_threaded_executor.hpp:26[m[K,
[2.012s]                  from [01m[K/opt/ros/foxy/include/rclcpp/executors.hpp:21[m[K,
[2.013s]                  from [01m[K/opt/ros/foxy/include/rclcpp/rclcpp.hpp:146[m[K,
[2.013s]                  from [01m[K/home/nakul/Desktop/bur/ros2_ws/src/2023-2024/state-estimation/include/eskf/Node.hpp:5[m[K,
[2.013s]                  from [01m[K/home/nakul/Desktop/bur/ros2_ws/src/2023-2024/state-estimation/src/Node.cpp:1[m[K:
[2.013s] [01m[K/opt/ros/foxy/include/rclcpp/time.hpp:101:3:[m[K [01;36m[Knote: [m[K  in call to ‘[01m[Krclcpp::Time& rclcpp::Time::operator=(const Time&)[m[K’
[2.013s]   101 |   [01;36m[Koperator[m[K=(const builtin_interfaces::msg::Time & time_msg);
[2.013s]       |   [01;36m[K^~~~~~~~[m[K
[2.013s] [01m[K/home/nakul/Desktop/bur/ros2_ws/src/2023-2024/state-estimation/src/Node.cpp:[m[K In member function ‘[01m[Kvoid eskf::Node::visionCallback(geometry_msgs::msg::PoseWithCovarianceStamped_<std::allocator<void> >::SharedPtr) const[m[K’:
[2.014s] [01m[K/home/nakul/Desktop/bur/ros2_ws/src/2023-2024/state-estimation/src/Node.cpp:70:27:[m[K [01;31m[Kerror: [m[K‘[01m[Kconst class rclcpp::Time[m[K’ has no member named ‘[01m[Ksec[m[K’
[2.014s]    70 |   if(prevStampVisionPose_.[01;31m[Ksec[m[K != 0) {
[2.014s]       |                           [01;31m[K^~~[m[K
[2.014s] [01m[K/home/nakul/Desktop/bur/ros2_ws/src/2023-2024/state-estimation/src/Node.cpp:71:49:[m[K [01;31m[Kerror: [m[Kno match for ‘[01m[Koperator-[m[K’ (operand types are ‘[01m[Kstd_msgs::msg::Header_<std::allocator<void> >::_stamp_type[m[K’ {aka ‘[01m[Kbuiltin_interfaces::msg::Time_<std::allocator<void> >[m[K’} and ‘[01m[Kconst rclcpp::Time[m[K’)
[2.014s]    71 |     const double delta = ([32m[KposeMsg->header.stamp[m[K [01;31m[K-[m[K [34m[KprevStampVisionPose_[m[K).toSec();
[2.014s]       |                           [32m[K~~~~~~~~~~~~~~~~~~~~~[m[K [01;31m[K^[m[K [34m[K~~~~~~~~~~~~~~~~~~~~[m[K
[2.014s]       |                                           [32m[K|[m[K       [34m[K|[m[K
[2.015s]       |                                           [32m[K|[m[K       [34m[Kconst rclcpp::Time[m[K
[2.015s]       |                                           [32m[Kstd_msgs::msg::Header_<std::allocator<void> >::_stamp_type {aka builtin_interfaces::msg::Time_<std::allocator<void> >}[m[K
[2.015s] In file included from [01m[K/usr/include/c++/9/bits/stl_algobase.h:67[m[K,
[2.015s]                  from [01m[K/usr/include/c++/9/memory:62[m[K,
[2.015s]                  from [01m[K/home/nakul/Desktop/bur/ros2_ws/src/2023-2024/state-estimation/include/eskf/Node.hpp:4[m[K,
[2.015s]                  from [01m[K/home/nakul/Desktop/bur/ros2_ws/src/2023-2024/state-estimation/src/Node.cpp:1[m[K:
[2.015s] [01m[K/usr/include/c++/9/bits/stl_iterator.h:415:5:[m[K [01;36m[Knote: [m[Kcandidate: ‘[01m[Ktemplate<class _IteratorL, class _IteratorR> decltype ((__y.base() - __x.base())) std::operator-(const std::reverse_iterator<_Iterator>&, const std::reverse_iterator<_IteratorR>&)[m[K’
[2.016s]   415 |     [01;36m[Koperator[m[K-(const reverse_iterator<_IteratorL>& __x,
[2.016s]       |     [01;36m[K^~~~~~~~[m[K
[2.016s] [01m[K/usr/include/c++/9/bits/stl_iterator.h:415:5:[m[K [01;36m[Knote: [m[K  template argument deduction/substitution failed:
[2.016s] [01m[K/home/nakul/Desktop/bur/ros2_ws/src/2023-2024/state-estimation/src/Node.cpp:71:51:[m[K [01;36m[Knote: [m[K  ‘[01m[Kstd_msgs::msg::Header_<std::allocator<void> >::_stamp_type[m[K’ {aka ‘[01m[Kbuiltin_interfaces::msg::Time_<std::allocator<void> >[m[K’} is not derived from ‘[01m[Kconst std::reverse_iterator<_Iterator>[m[K’
[2.016s]    71 |     const double delta = (poseMsg->header.stamp - [01;36m[KprevStampVisionPose_[m[K).toSec();
[2.016s]       |                                                   [01;36m[K^~~~~~~~~~~~~~~~~~~~[m[K
[2.016s] In file included from [01m[K/usr/include/c++/9/bits/stl_algobase.h:67[m[K,
[2.016s]                  from [01m[K/usr/include/c++/9/memory:62[m[K,
[2.017s]                  from [01m[K/home/nakul/Desktop/bur/ros2_ws/src/2023-2024/state-estimation/include/eskf/Node.hpp:4[m[K,
[2.017s]                  from [01m[K/home/nakul/Desktop/bur/ros2_ws/src/2023-2024/state-estimation/src/Node.cpp:1[m[K:
[2.017s] [01m[K/usr/include/c++/9/bits/stl_iterator.h:1209:5:[m[K [01;36m[Knote: [m[Kcandidate: ‘[01m[Ktemplate<class _IteratorL, class _IteratorR> decltype ((__x.base() - __y.base())) std::operator-(const std::move_iterator<_IteratorL>&, const std::move_iterator<_IteratorR>&)[m[K’
[2.017s]  1209 |     [01;36m[Koperator[m[K-(const move_iterator<_IteratorL>& __x,
[2.017s]       |     [01;36m[K^~~~~~~~[m[K
[2.017s] [01m[K/usr/include/c++/9/bits/stl_iterator.h:1209:5:[m[K [01;36m[Knote: [m[K  template argument deduction/substitution failed:
[2.017s] [01m[K/home/nakul/Desktop/bur/ros2_ws/src/2023-2024/state-estimation/src/Node.cpp:71:51:[m[K [01;36m[Knote: [m[K  ‘[01m[Kstd_msgs::msg::Header_<std::allocator<void> >::_stamp_type[m[K’ {aka ‘[01m[Kbuiltin_interfaces::msg::Time_<std::allocator<void> >[m[K’} is not derived from ‘[01m[Kconst std::move_iterator<_IteratorL>[m[K’
[2.017s]    71 |     const double delta = (poseMsg->header.stamp - [01;36m[KprevStampVisionPose_[m[K).toSec();
[2.018s]       |                                                   [01;36m[K^~~~~~~~~~~~~~~~~~~~[m[K
[2.018s] In file included from [01m[K/usr/include/c++/9/vector:68[m[K,
[2.018s]                  from [01m[K/opt/ros/foxy/include/rclcpp/executor.hpp:27[m[K,
[2.018s]                  from [01m[K/opt/ros/foxy/include/rclcpp/executors/multi_threaded_executor.hpp:26[m[K,
[2.018s]                  from [01m[K/opt/ros/foxy/include/rclcpp/executors.hpp:21[m[K,
[2.018s]                  from [01m[K/opt/ros/foxy/include/rclcpp/rclcpp.hpp:146[m[K,
[2.018s]                  from [01m[K/home/nakul/Desktop/bur/ros2_ws/src/2023-2024/state-estimation/include/eskf/Node.hpp:5[m[K,
[2.018s]                  from [01m[K/home/nakul/Desktop/bur/ros2_ws/src/2023-2024/state-estimation/src/Node.cpp:1[m[K:
[2.019s] [01m[K/usr/include/c++/9/bits/stl_bvector.h:214:3:[m[K [01;36m[Knote: [m[Kcandidate: ‘[01m[Kstd::ptrdiff_t std::operator-(const std::_Bit_iterator_base&, const std::_Bit_iterator_base&)[m[K’
[2.019s]   214 |   [01;36m[Koperator[m[K-(const _Bit_iterator_base& __x, const _Bit_iterator_base& __y)
[2.019s]       |   [01;36m[K^~~~~~~~[m[K
[2.019s] [01m[K/usr/include/c++/9/bits/stl_bvector.h:214:39:[m[K [01;36m[Knote: [m[K  no known conversion for argument 1 from ‘[01m[Kstd_msgs::msg::Header_<std::allocator<void> >::_stamp_type[m[K’ {aka ‘[01m[Kbuiltin_interfaces::msg::Time_<std::allocator<void> >[m[K’} to ‘[01m[Kconst std::_Bit_iterator_base&[m[K’
[2.019s]   214 |   operator-([01;36m[Kconst _Bit_iterator_base& __x[m[K, const _Bit_iterator_base& __y)
[2.019s]       |             [01;36m[K~~~~~~~~~~~~~~~~~~~~~~~~~~^~~[m[K
[2.019s] In file included from [01m[K/usr/include/eigen3/Eigen/Core:96[m[K,
[2.019s]                  from [01m[K/home/nakul/Desktop/bur/ros2_ws/src/2023-2024/state-estimation/include/eskf/common.h:4[m[K,
[2.019s]                  from [01m[K/home/nakul/Desktop/bur/ros2_ws/src/2023-2024/state-estimation/include/eskf/ESKF.hpp:4[m[K,
[2.020s]                  from [01m[K/home/nakul/Desktop/bur/ros2_ws/src/2023-2024/state-estimation/include/eskf/Node.hpp:15[m[K,
[2.020s]                  from [01m[K/home/nakul/Desktop/bur/ros2_ws/src/2023-2024/state-estimation/src/Node.cpp:1[m[K:
[2.020s] [01m[K/usr/include/c++/9/complex:361:5:[m[K [01;36m[Knote: [m[Kcandidate: ‘[01m[Ktemplate<class _Tp> std::complex<_Tp> std::operator-(const std::complex<_Tp>&, const std::complex<_Tp>&)[m[K’
[2.020s]   361 |     [01;36m[Koperator[m[K-(const complex<_Tp>& __x, const complex<_Tp>& __y)
[2.020s]       |     [01;36m[K^~~~~~~~[m[K
[2.020s] [01m[K/usr/include/c++/9/complex:361:5:[m[K [01;36m[Knote: [m[K  template argument deduction/substitution failed:
[2.020s] [01m[K/home/nakul/Desktop/bur/ros2_ws/src/2023-2024/state-estimation/src/Node.cpp:71:51:[m[K [01;36m[Knote: [m[K  ‘[01m[Kstd_msgs::msg::Header_<std::allocator<void> >::_stamp_type[m[K’ {aka ‘[01m[Kbuiltin_interfaces::msg::Time_<std::allocator<void> >[m[K’} is not derived from ‘[01m[Kconst std::complex<_Tp>[m[K’
[2.020s]    71 |     const double delta = (poseMsg->header.stamp - [01;36m[KprevStampVisionPose_[m[K).toSec();
[2.021s]       |                                                   [01;36m[K^~~~~~~~~~~~~~~~~~~~[m[K
[2.021s] In file included from [01m[K/usr/include/eigen3/Eigen/Core:96[m[K,
[2.021s]                  from [01m[K/home/nakul/Desktop/bur/ros2_ws/src/2023-2024/state-estimation/include/eskf/common.h:4[m[K,
[2.021s]                  from [01m[K/home/nakul/Desktop/bur/ros2_ws/src/2023-2024/state-estimation/include/eskf/ESKF.hpp:4[m[K,
[2.021s]                  from [01m[K/home/nakul/Desktop/bur/ros2_ws/src/2023-2024/state-estimation/include/eskf/Node.hpp:15[m[K,
[2.021s]                  from [01m[K/home/nakul/Desktop/bur/ros2_ws/src/2023-2024/state-estimation/src/Node.cpp:1[m[K:
[2.021s] [01m[K/usr/include/c++/9/complex:370:5:[m[K [01;36m[Knote: [m[Kcandidate: ‘[01m[Ktemplate<class _Tp> std::complex<_Tp> std::operator-(const std::complex<_Tp>&, const _Tp&)[m[K’
[2.021s]   370 |     [01;36m[Koperator[m[K-(const complex<_Tp>& __x, const _Tp& __y)
[2.022s]       |     [01;36m[K^~~~~~~~[m[K
[2.022s] [01m[K/usr/include/c++/9/complex:370:5:[m[K [01;36m[Knote: [m[K  template argument deduction/substitution failed:
[2.022s] [01m[K/home/nakul/Desktop/bur/ros2_ws/src/2023-2024/state-estimation/src/Node.cpp:71:51:[m[K [01;36m[Knote: [m[K  ‘[01m[Kstd_msgs::msg::Header_<std::allocator<void> >::_stamp_type[m[K’ {aka ‘[01m[Kbuiltin_interfaces::msg::Time_<std::allocator<void> >[m[K’} is not derived from ‘[01m[Kconst std::complex<_Tp>[m[K’
[2.022s]    71 |     const double delta = (poseMsg->header.stamp - [01;36m[KprevStampVisionPose_[m[K).toSec();
[2.022s]       |                                                   [01;36m[K^~~~~~~~~~~~~~~~~~~~[m[K
[2.022s] In file included from [01m[K/usr/include/eigen3/Eigen/Core:96[m[K,
[2.022s]                  from [01m[K/home/nakul/Desktop/bur/ros2_ws/src/2023-2024/state-estimation/include/eskf/common.h:4[m[K,
[2.022s]                  from [01m[K/home/nakul/Desktop/bur/ros2_ws/src/2023-2024/state-estimation/include/eskf/ESKF.hpp:4[m[K,
[2.022s]                  from [01m[K/home/nakul/Desktop/bur/ros2_ws/src/2023-2024/state-estimation/include/eskf/Node.hpp:15[m[K,
[2.023s]                  from [01m[K/home/nakul/Desktop/bur/ros2_ws/src/2023-2024/state-estimation/src/Node.cpp:1[m[K:
[2.023s] [01m[K/usr/include/c++/9/complex:379:5:[m[K [01;36m[Knote: [m[Kcandidate: ‘[01m[Ktemplate<class _Tp> std::complex<_Tp> std::operator-(const _Tp&, const std::complex<_Tp>&)[m[K’
[2.023s]   379 |     [01;36m[Koperator[m[K-(const _Tp& __x, const complex<_Tp>& __y)
[2.023s]       |     [01;36m[K^~~~~~~~[m[K
[2.023s] [01m[K/usr/include/c++/9/complex:379:5:[m[K [01;36m[Knote: [m[K  template argument deduction/substitution failed:
[2.023s] [01m[K/home/nakul/Desktop/bur/ros2_ws/src/2023-2024/state-estimation/src/Node.cpp:71:51:[m[K [01;36m[Knote: [m[K  ‘[01m[Kconst rclcpp::Time[m[K’ is not derived from ‘[01m[Kconst std::complex<_Tp>[m[K’
[2.023s]    71 |     const double delta = (poseMsg->header.stamp - [01;36m[KprevStampVisionPose_[m[K).toSec();
[2.023s]       |                                                   [01;36m[K^~~~~~~~~~~~~~~~~~~~[m[K
[2.024s] In file included from [01m[K/usr/include/eigen3/Eigen/Core:96[m[K,
[2.024s]                  from [01m[K/home/nakul/Desktop/bur/ros2_ws/src/2023-2024/state-estimation/include/eskf/common.h:4[m[K,
[2.024s]                  from [01m[K/home/nakul/Desktop/bur/ros2_ws/src/2023-2024/state-estimation/include/eskf/ESKF.hpp:4[m[K,
[2.024s]                  from [01m[K/home/nakul/Desktop/bur/ros2_ws/src/2023-2024/state-estimation/include/eskf/Node.hpp:15[m[K,
[2.024s]                  from [01m[K/home/nakul/Desktop/bur/ros2_ws/src/2023-2024/state-estimation/src/Node.cpp:1[m[K:
[2.024s] [01m[K/usr/include/c++/9/complex:456:5:[m[K [01;36m[Knote: [m[Kcandidate: ‘[01m[Ktemplate<class _Tp> std::complex<_Tp> std::operator-(const std::complex<_Tp>&)[m[K’
[2.024s]   456 |     [01;36m[Koperator[m[K-(const complex<_Tp>& __x)
[2.024s]       |     [01;36m[K^~~~~~~~[m[K
[2.025s] [01m[K/usr/include/c++/9/complex:456:5:[m[K [01;36m[Knote: [m[K  template argument deduction/substitution failed:
[2.025s] [01m[K/home/nakul/Desktop/bur/ros2_ws/src/2023-2024/state-estimation/src/Node.cpp:71:51:[m[K [01;36m[Knote: [m[K  ‘[01m[Kstd_msgs::msg::Header_<std::allocator<void> >::_stamp_type[m[K’ {aka ‘[01m[Kbuiltin_interfaces::msg::Time_<std::allocator<void> >[m[K’} is not derived from ‘[01m[Kconst std::complex<_Tp>[m[K’
[2.025s]    71 |     const double delta = (poseMsg->header.stamp - [01;36m[KprevStampVisionPose_[m[K).toSec();
[2.025s]       |                                                   [01;36m[K^~~~~~~~~~~~~~~~~~~~[m[K
[2.025s] [01m[K/home/nakul/Desktop/bur/ros2_ws/src/2023-2024/state-estimation/src/Node.cpp:76:78:[m[K [01;31m[Kerror: [m[K‘[01m[Kusing _stamp_type = struct builtin_interfaces::msg::Time_<std::allocator<void> >[m[K’ {aka ‘[01m[Kstruct builtin_interfaces::msg::Time_<std::allocator<void> >[m[K’} has no member named ‘[01m[KtoSec[m[K’
[2.025s]    76 |     eskf_.updateVision(z_q, z_p, static_cast<uint64_t>(poseMsg->header.stamp.[01;31m[KtoSec[m[K()*1e6f), delta);
[2.025s]       |                                                                              [01;31m[K^~~~~[m[K
[2.025s] [01m[K/home/nakul/Desktop/bur/ros2_ws/src/2023-2024/state-estimation/src/Node.cpp:78:42:[m[K [01;31m[Kerror: [m[Kpassing ‘[01m[Kconst rclcpp::Time[m[K’ as ‘[01m[Kthis[m[K’ argument discards qualifiers [[01;31m[K-fpermissive[m[K]
[2.026s]    78 |   prevStampVisionPose_ = poseMsg->header.[01;31m[Kstamp[m[K;
[2.026s]       |                                          [01;31m[K^~~~~[m[K
[2.026s] In file included from [01m[K/opt/ros/foxy/include/rclcpp/clock.hpp:23[m[K,
[2.026s]                  from [01m[K/opt/ros/foxy/include/rclcpp/timer.hpp:27[m[K,
[2.026s]                  from [01m[K/opt/ros/foxy/include/rclcpp/callback_group.hpp:27[m[K,
[2.026s]                  from [01m[K/opt/ros/foxy/include/rclcpp/any_executable.hpp:20[m[K,
[2.026s]                  from [01m[K/opt/ros/foxy/include/rclcpp/memory_strategy.hpp:24[m[K,
[2.026s]                  from [01m[K/opt/ros/foxy/include/rclcpp/memory_strategies.hpp:18[m[K,
[2.027s]                  from [01m[K/opt/ros/foxy/include/rclcpp/executor_options.hpp:20[m[K,
[2.027s]                  from [01m[K/opt/ros/foxy/include/rclcpp/executor.hpp:33[m[K,
[2.027s]                  from [01m[K/opt/ros/foxy/include/rclcpp/executors/multi_threaded_executor.hpp:26[m[K,
[2.027s]                  from [01m[K/opt/ros/foxy/include/rclcpp/executors.hpp:21[m[K,
[2.027s]                  from [01m[K/opt/ros/foxy/include/rclcpp/rclcpp.hpp:146[m[K,
[2.027s]                  from [01m[K/home/nakul/Desktop/bur/ros2_ws/src/2023-2024/state-estimation/include/eskf/Node.hpp:5[m[K,
[2.027s]                  from [01m[K/home/nakul/Desktop/bur/ros2_ws/src/2023-2024/state-estimation/src/Node.cpp:1[m[K:
[2.027s] [01m[K/opt/ros/foxy/include/rclcpp/time.hpp:101:3:[m[K [01;36m[Knote: [m[K  in call to ‘[01m[Krclcpp::Time& rclcpp::Time::operator=(const Time&)[m[K’
[2.027s]   101 |   [01;36m[Koperator[m[K=(const builtin_interfaces::msg::Time & time_msg);
[2.027s]       |   [01;36m[K^~~~~~~~[m[K
[2.027s] [01m[K/home/nakul/Desktop/bur/ros2_ws/src/2023-2024/state-estimation/src/Node.cpp:[m[K In member function ‘[01m[Kvoid eskf::Node::gpsCallback(nav_msgs::msg::Odometry_<std::allocator<void> >::SharedPtr) const[m[K’:
[2.027s] [01m[K/home/nakul/Desktop/bur/ros2_ws/src/2023-2024/state-estimation/src/Node.cpp:82:25:[m[K [01;31m[Kerror: [m[K‘[01m[Kconst class rclcpp::Time[m[K’ has no member named ‘[01m[Ksec[m[K’
[2.027s]    82 |   if (prevStampGpsPose_.[01;31m[Ksec[m[K != 0) {
[2.027s]       |                         [01;31m[K^~~[m[K
[2.027s] [01m[K/home/nakul/Desktop/bur/ros2_ws/src/2023-2024/state-estimation/src/Node.cpp:83:49:[m[K [01;31m[Kerror: [m[Kno match for ‘[01m[Koperator-[m[K’ (operand types are ‘[01m[Kstd_msgs::msg::Header_<std::allocator<void> >::_stamp_type[m[K’ {aka ‘[01m[Kbuiltin_interfaces::msg::Time_<std::allocator<void> >[m[K’} and ‘[01m[Kconst rclcpp::Time[m[K’)
[2.027s]    83 |     const double delta = ([32m[KodomMsg->header.stamp[m[K [01;31m[K-[m[K [34m[KprevStampGpsPose_[m[K).toSec();
[2.028s]       |                           [32m[K~~~~~~~~~~~~~~~~~~~~~[m[K [01;31m[K^[m[K [34m[K~~~~~~~~~~~~~~~~~[m[K
[2.028s]       |                                           [32m[K|[m[K       [34m[K|[m[K
[2.028s]       |                                           [32m[K|[m[K       [34m[Kconst rclcpp::Time[m[K
[2.028s]       |                                           [32m[Kstd_msgs::msg::Header_<std::allocator<void> >::_stamp_type {aka builtin_interfaces::msg::Time_<std::allocator<void> >}[m[K
[2.028s] In file included from [01m[K/usr/include/c++/9/bits/stl_algobase.h:67[m[K,
[2.028s]                  from [01m[K/usr/include/c++/9/memory:62[m[K,
[2.028s]                  from [01m[K/home/nakul/Desktop/bur/ros2_ws/src/2023-2024/state-estimation/include/eskf/Node.hpp:4[m[K,
[2.028s]                  from [01m[K/home/nakul/Desktop/bur/ros2_ws/src/2023-2024/state-estimation/src/Node.cpp:1[m[K:
[2.028s] [01m[K/usr/include/c++/9/bits/stl_iterator.h:415:5:[m[K [01;36m[Knote: [m[Kcandidate: ‘[01m[Ktemplate<class _IteratorL, class _IteratorR> decltype ((__y.base() - __x.base())) std::operator-(const std::reverse_iterator<_Iterator>&, const std::reverse_iterator<_IteratorR>&)[m[K’
[2.028s]   415 |     [01;36m[Koperator[m[K-(const reverse_iterator<_IteratorL>& __x,
[2.028s]       |     [01;36m[K^~~~~~~~[m[K
[2.028s] [01m[K/usr/include/c++/9/bits/stl_iterator.h:415:5:[m[K [01;36m[Knote: [m[K  template argument deduction/substitution failed:
[2.028s] [01m[K/home/nakul/Desktop/bur/ros2_ws/src/2023-2024/state-estimation/src/Node.cpp:83:51:[m[K [01;36m[Knote: [m[K  ‘[01m[Kstd_msgs::msg::Header_<std::allocator<void> >::_stamp_type[m[K’ {aka ‘[01m[Kbuiltin_interfaces::msg::Time_<std::allocator<void> >[m[K’} is not derived from ‘[01m[Kconst std::reverse_iterator<_Iterator>[m[K’
[2.028s]    83 |     const double delta = (odomMsg->header.stamp - [01;36m[KprevStampGpsPose_[m[K).toSec();
[2.028s]       |                                                   [01;36m[K^~~~~~~~~~~~~~~~~[m[K
[2.028s] In file included from [01m[K/usr/include/c++/9/bits/stl_algobase.h:67[m[K,
[2.028s]                  from [01m[K/usr/include/c++/9/memory:62[m[K,
[2.028s]                  from [01m[K/home/nakul/Desktop/bur/ros2_ws/src/2023-2024/state-estimation/include/eskf/Node.hpp:4[m[K,
[2.028s]                  from [01m[K/home/nakul/Desktop/bur/ros2_ws/src/2023-2024/state-estimation/src/Node.cpp:1[m[K:
[2.029s] [01m[K/usr/include/c++/9/bits/stl_iterator.h:1209:5:[m[K [01;36m[Knote: [m[Kcandidate: ‘[01m[Ktemplate<class _IteratorL, class _IteratorR> decltype ((__x.base() - __y.base())) std::operator-(const std::move_iterator<_IteratorL>&, const std::move_iterator<_IteratorR>&)[m[K’
[2.029s]  1209 |     [01;36m[Koperator[m[K-(const move_iterator<_IteratorL>& __x,
[2.029s]       |     [01;36m[K^~~~~~~~[m[K
[2.029s] [01m[K/usr/include/c++/9/bits/stl_iterator.h:1209:5:[m[K [01;36m[Knote: [m[K  template argument deduction/substitution failed:
[2.029s] [01m[K/home/nakul/Desktop/bur/ros2_ws/src/2023-2024/state-estimation/src/Node.cpp:83:51:[m[K [01;36m[Knote: [m[K  ‘[01m[Kstd_msgs::msg::Header_<std::allocator<void> >::_stamp_type[m[K’ {aka ‘[01m[Kbuiltin_interfaces::msg::Time_<std::allocator<void> >[m[K’} is not derived from ‘[01m[Kconst std::move_iterator<_IteratorL>[m[K’
[2.029s]    83 |     const double delta = (odomMsg->header.stamp - [01;36m[KprevStampGpsPose_[m[K).toSec();
[2.029s]       |                                                   [01;36m[K^~~~~~~~~~~~~~~~~[m[K
[2.029s] In file included from [01m[K/usr/include/c++/9/vector:68[m[K,
[2.029s]                  from [01m[K/opt/ros/foxy/include/rclcpp/executor.hpp:27[m[K,
[2.029s]                  from [01m[K/opt/ros/foxy/include/rclcpp/executors/multi_threaded_executor.hpp:26[m[K,
[2.029s]                  from [01m[K/opt/ros/foxy/include/rclcpp/executors.hpp:21[m[K,
[2.029s]                  from [01m[K/opt/ros/foxy/include/rclcpp/rclcpp.hpp:146[m[K,
[2.029s]                  from [01m[K/home/nakul/Desktop/bur/ros2_ws/src/2023-2024/state-estimation/include/eskf/Node.hpp:5[m[K,
[2.029s]                  from [01m[K/home/nakul/Desktop/bur/ros2_ws/src/2023-2024/state-estimation/src/Node.cpp:1[m[K:
[2.029s] [01m[K/usr/include/c++/9/bits/stl_bvector.h:214:3:[m[K [01;36m[Knote: [m[Kcandidate: ‘[01m[Kstd::ptrdiff_t std::operator-(const std::_Bit_iterator_base&, const std::_Bit_iterator_base&)[m[K’
[2.029s]   214 |   [01;36m[Koperator[m[K-(const _Bit_iterator_base& __x, const _Bit_iterator_base& __y)
[2.029s]       |   [01;36m[K^~~~~~~~[m[K
[2.029s] [01m[K/usr/include/c++/9/bits/stl_bvector.h:214:39:[m[K [01;36m[Knote: [m[K  no known conversion for argument 1 from ‘[01m[Kstd_msgs::msg::Header_<std::allocator<void> >::_stamp_type[m[K’ {aka ‘[01m[Kbuiltin_interfaces::msg::Time_<std::allocator<void> >[m[K’} to ‘[01m[Kconst std::_Bit_iterator_base&[m[K’
[2.030s]   214 |   operator-([01;36m[Kconst _Bit_iterator_base& __x[m[K, const _Bit_iterator_base& __y)
[2.030s]       |             [01;36m[K~~~~~~~~~~~~~~~~~~~~~~~~~~^~~[m[K
[2.030s] In file included from [01m[K/usr/include/eigen3/Eigen/Core:96[m[K,
[2.030s]                  from [01m[K/home/nakul/Desktop/bur/ros2_ws/src/2023-2024/state-estimation/include/eskf/common.h:4[m[K,
[2.030s]                  from [01m[K/home/nakul/Desktop/bur/ros2_ws/src/2023-2024/state-estimation/include/eskf/ESKF.hpp:4[m[K,
[2.030s]                  from [01m[K/home/nakul/Desktop/bur/ros2_ws/src/2023-2024/state-estimation/include/eskf/Node.hpp:15[m[K,
[2.030s]                  from [01m[K/home/nakul/Desktop/bur/ros2_ws/src/2023-2024/state-estimation/src/Node.cpp:1[m[K:
[2.030s] [01m[K/usr/include/c++/9/complex:361:5:[m[K [01;36m[Knote: [m[Kcandidate: ‘[01m[Ktemplate<class _Tp> std::complex<_Tp> std::operator-(const std::complex<_Tp>&, const std::complex<_Tp>&)[m[K’
[2.030s]   361 |     [01;36m[Koperator[m[K-(const complex<_Tp>& __x, const complex<_Tp>& __y)
[2.030s]       |     [01;36m[K^~~~~~~~[m[K
[2.030s] [01m[K/usr/include/c++/9/complex:361:5:[m[K [01;36m[Knote: [m[K  template argument deduction/substitution failed:
[2.030s] [01m[K/home/nakul/Desktop/bur/ros2_ws/src/2023-2024/state-estimation/src/Node.cpp:83:51:[m[K [01;36m[Knote: [m[K  ‘[01m[Kstd_msgs::msg::Header_<std::allocator<void> >::_stamp_type[m[K’ {aka ‘[01m[Kbuiltin_interfaces::msg::Time_<std::allocator<void> >[m[K’} is not derived from ‘[01m[Kconst std::complex<_Tp>[m[K’
[2.030s]    83 |     const double delta = (odomMsg->header.stamp - [01;36m[KprevStampGpsPose_[m[K).toSec();
[2.030s]       |                                                   [01;36m[K^~~~~~~~~~~~~~~~~[m[K
[2.030s] In file included from [01m[K/usr/include/eigen3/Eigen/Core:96[m[K,
[2.030s]                  from [01m[K/home/nakul/Desktop/bur/ros2_ws/src/2023-2024/state-estimation/include/eskf/common.h:4[m[K,
[2.030s]                  from [01m[K/home/nakul/Desktop/bur/ros2_ws/src/2023-2024/state-estimation/include/eskf/ESKF.hpp:4[m[K,
[2.030s]                  from [01m[K/home/nakul/Desktop/bur/ros2_ws/src/2023-2024/state-estimation/include/eskf/Node.hpp:15[m[K,
[2.031s]                  from [01m[K/home/nakul/Desktop/bur/ros2_ws/src/2023-2024/state-estimation/src/Node.cpp:1[m[K:
[2.031s] [01m[K/usr/include/c++/9/complex:370:5:[m[K [01;36m[Knote: [m[Kcandidate: ‘[01m[Ktemplate<class _Tp> std::complex<_Tp> std::operator-(const std::complex<_Tp>&, const _Tp&)[m[K’
[2.031s]   370 |     [01;36m[Koperator[m[K-(const complex<_Tp>& __x, const _Tp& __y)
[2.031s]       |     [01;36m[K^~~~~~~~[m[K
[2.031s] [01m[K/usr/include/c++/9/complex:370:5:[m[K [01;36m[Knote: [m[K  template argument deduction/substitution failed:
[2.031s] [01m[K/home/nakul/Desktop/bur/ros2_ws/src/2023-2024/state-estimation/src/Node.cpp:83:51:[m[K [01;36m[Knote: [m[K  ‘[01m[Kstd_msgs::msg::Header_<std::allocator<void> >::_stamp_type[m[K’ {aka ‘[01m[Kbuiltin_interfaces::msg::Time_<std::allocator<void> >[m[K’} is not derived from ‘[01m[Kconst std::complex<_Tp>[m[K’
[2.031s]    83 |     const double delta = (odomMsg->header.stamp - [01;36m[KprevStampGpsPose_[m[K).toSec();
[2.031s]       |                                                   [01;36m[K^~~~~~~~~~~~~~~~~[m[K
[2.031s] In file included from [01m[K/usr/include/eigen3/Eigen/Core:96[m[K,
[2.031s]                  from [01m[K/home/nakul/Desktop/bur/ros2_ws/src/2023-2024/state-estimation/include/eskf/common.h:4[m[K,
[2.031s]                  from [01m[K/home/nakul/Desktop/bur/ros2_ws/src/2023-2024/state-estimation/include/eskf/ESKF.hpp:4[m[K,
[2.031s]                  from [01m[K/home/nakul/Desktop/bur/ros2_ws/src/2023-2024/state-estimation/include/eskf/Node.hpp:15[m[K,
[2.031s]                  from [01m[K/home/nakul/Desktop/bur/ros2_ws/src/2023-2024/state-estimation/src/Node.cpp:1[m[K:
[2.031s] [01m[K/usr/include/c++/9/complex:379:5:[m[K [01;36m[Knote: [m[Kcandidate: ‘[01m[Ktemplate<class _Tp> std::complex<_Tp> std::operator-(const _Tp&, const std::complex<_Tp>&)[m[K’
[2.031s]   379 |     [01;36m[Koperator[m[K-(const _Tp& __x, const complex<_Tp>& __y)
[2.031s]       |     [01;36m[K^~~~~~~~[m[K
[2.031s] [01m[K/usr/include/c++/9/complex:379:5:[m[K [01;36m[Knote: [m[K  template argument deduction/substitution failed:
[2.031s] [01m[K/home/nakul/Desktop/bur/ros2_ws/src/2023-2024/state-estimation/src/Node.cpp:83:51:[m[K [01;36m[Knote: [m[K  ‘[01m[Kconst rclcpp::Time[m[K’ is not derived from ‘[01m[Kconst std::complex<_Tp>[m[K’
[2.031s]    83 |     const double delta = (odomMsg->header.stamp - [01;36m[KprevStampGpsPose_[m[K).toSec();
[2.032s]       |                                                   [01;36m[K^~~~~~~~~~~~~~~~~[m[K
[2.032s] In file included from [01m[K/usr/include/eigen3/Eigen/Core:96[m[K,
[2.032s]                  from [01m[K/home/nakul/Desktop/bur/ros2_ws/src/2023-2024/state-estimation/include/eskf/common.h:4[m[K,
[2.032s]                  from [01m[K/home/nakul/Desktop/bur/ros2_ws/src/2023-2024/state-estimation/include/eskf/ESKF.hpp:4[m[K,
[2.032s]                  from [01m[K/home/nakul/Desktop/bur/ros2_ws/src/2023-2024/state-estimation/include/eskf/Node.hpp:15[m[K,
[2.032s]                  from [01m[K/home/nakul/Desktop/bur/ros2_ws/src/2023-2024/state-estimation/src/Node.cpp:1[m[K:
[2.032s] [01m[K/usr/include/c++/9/complex:456:5:[m[K [01;36m[Knote: [m[Kcandidate: ‘[01m[Ktemplate<class _Tp> std::complex<_Tp> std::operator-(const std::complex<_Tp>&)[m[K’
[2.032s]   456 |     [01;36m[Koperator[m[K-(const complex<_Tp>& __x)
[2.032s]       |     [01;36m[K^~~~~~~~[m[K
[2.032s] [01m[K/usr/include/c++/9/complex:456:5:[m[K [01;36m[Knote: [m[K  template argument deduction/substitution failed:
[2.032s] [01m[K/home/nakul/Desktop/bur/ros2_ws/src/2023-2024/state-estimation/src/Node.cpp:83:51:[m[K [01;36m[Knote: [m[K  ‘[01m[Kstd_msgs::msg::Header_<std::allocator<void> >::_stamp_type[m[K’ {aka ‘[01m[Kbuiltin_interfaces::msg::Time_<std::allocator<void> >[m[K’} is not derived from ‘[01m[Kconst std::complex<_Tp>[m[K’
[2.032s]    83 |     const double delta = (odomMsg->header.stamp - [01;36m[KprevStampGpsPose_[m[K).toSec();
[2.032s]       |                                                   [01;36m[K^~~~~~~~~~~~~~~~~[m[K
[2.032s] [01m[K/home/nakul/Desktop/bur/ros2_ws/src/2023-2024/state-estimation/src/Node.cpp:88:75:[m[K [01;31m[Kerror: [m[K‘[01m[Kusing _stamp_type = struct builtin_interfaces::msg::Time_<std::allocator<void> >[m[K’ {aka ‘[01m[Kstruct builtin_interfaces::msg::Time_<std::allocator<void> >[m[K’} has no member named ‘[01m[KtoSec[m[K’
[2.032s]    88 |     eskf_.updateGps(z_v, z_p, static_cast<uint64_t>(odomMsg->header.stamp.[01;31m[KtoSec[m[K() * 1e6f), delta);
[2.032s]       |                                                                           [01;31m[K^~~~~[m[K
[2.032s] [01m[K/home/nakul/Desktop/bur/ros2_ws/src/2023-2024/state-estimation/src/Node.cpp:90:39:[m[K [01;31m[Kerror: [m[Kpassing ‘[01m[Kconst rclcpp::Time[m[K’ as ‘[01m[Kthis[m[K’ argument discards qualifiers [[01;31m[K-fpermissive[m[K]
[2.032s]    90 |   prevStampGpsPose_ = odomMsg->header.[01;31m[Kstamp[m[K;
[2.032s]       |                                       [01;31m[K^~~~~[m[K
[2.033s] In file included from [01m[K/opt/ros/foxy/include/rclcpp/clock.hpp:23[m[K,
[2.033s]                  from [01m[K/opt/ros/foxy/include/rclcpp/timer.hpp:27[m[K,
[2.033s]                  from [01m[K/opt/ros/foxy/include/rclcpp/callback_group.hpp:27[m[K,
[2.033s]                  from [01m[K/opt/ros/foxy/include/rclcpp/any_executable.hpp:20[m[K,
[2.033s]                  from [01m[K/opt/ros/foxy/include/rclcpp/memory_strategy.hpp:24[m[K,
[2.033s]                  from [01m[K/opt/ros/foxy/include/rclcpp/memory_strategies.hpp:18[m[K,
[2.033s]                  from [01m[K/opt/ros/foxy/include/rclcpp/executor_options.hpp:20[m[K,
[2.033s]                  from [01m[K/opt/ros/foxy/include/rclcpp/executor.hpp:33[m[K,
[2.033s]                  from [01m[K/opt/ros/foxy/include/rclcpp/executors/multi_threaded_executor.hpp:26[m[K,
[2.033s]                  from [01m[K/opt/ros/foxy/include/rclcpp/executors.hpp:21[m[K,
[2.033s]                  from [01m[K/opt/ros/foxy/include/rclcpp/rclcpp.hpp:146[m[K,
[2.033s]                  from [01m[K/home/nakul/Desktop/bur/ros2_ws/src/2023-2024/state-estimation/include/eskf/Node.hpp:5[m[K,
[2.033s]                  from [01m[K/home/nakul/Desktop/bur/ros2_ws/src/2023-2024/state-estimation/src/Node.cpp:1[m[K:
[2.033s] [01m[K/opt/ros/foxy/include/rclcpp/time.hpp:101:3:[m[K [01;36m[Knote: [m[K  in call to ‘[01m[Krclcpp::Time& rclcpp::Time::operator=(const Time&)[m[K’
[2.033s]   101 |   [01;36m[Koperator[m[K=(const builtin_interfaces::msg::Time & time_msg);
[2.033s]       |   [01;36m[K^~~~~~~~[m[K
[2.033s] [01m[K/home/nakul/Desktop/bur/ros2_ws/src/2023-2024/state-estimation/src/Node.cpp:[m[K In member function ‘[01m[Kvoid eskf::Node::magCallback(sensor_msgs::msg::MagneticField_<std::allocator<void> >::SharedPtr) const[m[K’:
[2.033s] [01m[K/home/nakul/Desktop/bur/ros2_ws/src/2023-2024/state-estimation/src/Node.cpp:95:25:[m[K [01;31m[Kerror: [m[K‘[01m[Kconst class rclcpp::Time[m[K’ has no member named ‘[01m[Ksec[m[K’
[2.034s]    95 |   if (prevStampMagPose_.[01;31m[Ksec[m[K != 0) {
[2.034s]       |                         [01;31m[K^~~[m[K
[2.034s] [01m[K/home/nakul/Desktop/bur/ros2_ws/src/2023-2024/state-estimation/src/Node.cpp:96:48:[m[K [01;31m[Kerror: [m[Kno match for ‘[01m[Koperator-[m[K’ (operand types are ‘[01m[Kstd_msgs::msg::Header_<std::allocator<void> >::_stamp_type[m[K’ {aka ‘[01m[Kbuiltin_interfaces::msg::Time_<std::allocator<void> >[m[K’} and ‘[01m[Kconst rclcpp::Time[m[K’)
[2.034s]    96 |     const double delta = ([32m[KmagMsg->header.stamp[m[K [01;31m[K-[m[K [34m[KprevStampMagPose_[m[K).toSec();
[2.034s]       |                           [32m[K~~~~~~~~~~~~~~~~~~~~[m[K [01;31m[K^[m[K [34m[K~~~~~~~~~~~~~~~~~[m[K
[2.034s]       |                                          [32m[K|[m[K       [34m[K|[m[K
[2.034s]       |                                          [32m[K|[m[K       [34m[Kconst rclcpp::Time[m[K
[2.034s]       |                                          [32m[Kstd_msgs::msg::Header_<std::allocator<void> >::_stamp_type {aka builtin_interfaces::msg::Time_<std::allocator<void> >}[m[K
[2.034s] In file included from [01m[K/usr/include/c++/9/bits/stl_algobase.h:67[m[K,
[2.034s]                  from [01m[K/usr/include/c++/9/memory:62[m[K,
[2.034s]                  from [01m[K/home/nakul/Desktop/bur/ros2_ws/src/2023-2024/state-estimation/include/eskf/Node.hpp:4[m[K,
[2.034s]                  from [01m[K/home/nakul/Desktop/bur/ros2_ws/src/2023-2024/state-estimation/src/Node.cpp:1[m[K:
[2.034s] [01m[K/usr/include/c++/9/bits/stl_iterator.h:415:5:[m[K [01;36m[Knote: [m[Kcandidate: ‘[01m[Ktemplate<class _IteratorL, class _IteratorR> decltype ((__y.base() - __x.base())) std::operator-(const std::reverse_iterator<_Iterator>&, const std::reverse_iterator<_IteratorR>&)[m[K’
[2.034s]   415 |     [01;36m[Koperator[m[K-(const reverse_iterator<_IteratorL>& __x,
[2.034s]       |     [01;36m[K^~~~~~~~[m[K
[2.034s] [01m[K/usr/include/c++/9/bits/stl_iterator.h:415:5:[m[K [01;36m[Knote: [m[K  template argument deduction/substitution failed:
[2.034s] [01m[K/home/nakul/Desktop/bur/ros2_ws/src/2023-2024/state-estimation/src/Node.cpp:96:50:[m[K [01;36m[Knote: [m[K  ‘[01m[Kstd_msgs::msg::Header_<std::allocator<void> >::_stamp_type[m[K’ {aka ‘[01m[Kbuiltin_interfaces::msg::Time_<std::allocator<void> >[m[K’} is not derived from ‘[01m[Kconst std::reverse_iterator<_Iterator>[m[K’
[2.034s]    96 |     const double delta = (magMsg->header.stamp - [01;36m[KprevStampMagPose_[m[K).toSec();
[2.034s]       |                                                  [01;36m[K^~~~~~~~~~~~~~~~~[m[K
[2.035s] In file included from [01m[K/usr/include/c++/9/bits/stl_algobase.h:67[m[K,
[2.035s]                  from [01m[K/usr/include/c++/9/memory:62[m[K,
[2.035s]                  from [01m[K/home/nakul/Desktop/bur/ros2_ws/src/2023-2024/state-estimation/include/eskf/Node.hpp:4[m[K,
[2.035s]                  from [01m[K/home/nakul/Desktop/bur/ros2_ws/src/2023-2024/state-estimation/src/Node.cpp:1[m[K:
[2.035s] [01m[K/usr/include/c++/9/bits/stl_iterator.h:1209:5:[m[K [01;36m[Knote: [m[Kcandidate: ‘[01m[Ktemplate<class _IteratorL, class _IteratorR> decltype ((__x.base() - __y.base())) std::operator-(const std::move_iterator<_IteratorL>&, const std::move_iterator<_IteratorR>&)[m[K’
[2.035s]  1209 |     [01;36m[Koperator[m[K-(const move_iterator<_IteratorL>& __x,
[2.035s]       |     [01;36m[K^~~~~~~~[m[K
[2.035s] [01m[K/usr/include/c++/9/bits/stl_iterator.h:1209:5:[m[K [01;36m[Knote: [m[K  template argument deduction/substitution failed:
[2.035s] [01m[K/home/nakul/Desktop/bur/ros2_ws/src/2023-2024/state-estimation/src/Node.cpp:96:50:[m[K [01;36m[Knote: [m[K  ‘[01m[Kstd_msgs::msg::Header_<std::allocator<void> >::_stamp_type[m[K’ {aka ‘[01m[Kbuiltin_interfaces::msg::Time_<std::allocator<void> >[m[K’} is not derived from ‘[01m[Kconst std::move_iterator<_IteratorL>[m[K’
[2.035s]    96 |     const double delta = (magMsg->header.stamp - [01;36m[KprevStampMagPose_[m[K).toSec();
[2.035s]       |                                                  [01;36m[K^~~~~~~~~~~~~~~~~[m[K
[2.035s] In file included from [01m[K/usr/include/c++/9/vector:68[m[K,
[2.035s]                  from [01m[K/opt/ros/foxy/include/rclcpp/executor.hpp:27[m[K,
[2.035s]                  from [01m[K/opt/ros/foxy/include/rclcpp/executors/multi_threaded_executor.hpp:26[m[K,
[2.035s]                  from [01m[K/opt/ros/foxy/include/rclcpp/executors.hpp:21[m[K,
[2.035s]                  from [01m[K/opt/ros/foxy/include/rclcpp/rclcpp.hpp:146[m[K,
[2.035s]                  from [01m[K/home/nakul/Desktop/bur/ros2_ws/src/2023-2024/state-estimation/include/eskf/Node.hpp:5[m[K,
[2.035s]                  from [01m[K/home/nakul/Desktop/bur/ros2_ws/src/2023-2024/state-estimation/src/Node.cpp:1[m[K:
[2.035s] [01m[K/usr/include/c++/9/bits/stl_bvector.h:214:3:[m[K [01;36m[Knote: [m[Kcandidate: ‘[01m[Kstd::ptrdiff_t std::operator-(const std::_Bit_iterator_base&, const std::_Bit_iterator_base&)[m[K’
[2.036s]   214 |   [01;36m[Koperator[m[K-(const _Bit_iterator_base& __x, const _Bit_iterator_base& __y)
[2.036s]       |   [01;36m[K^~~~~~~~[m[K
[2.036s] [01m[K/usr/include/c++/9/bits/stl_bvector.h:214:39:[m[K [01;36m[Knote: [m[K  no known conversion for argument 1 from ‘[01m[Kstd_msgs::msg::Header_<std::allocator<void> >::_stamp_type[m[K’ {aka ‘[01m[Kbuiltin_interfaces::msg::Time_<std::allocator<void> >[m[K’} to ‘[01m[Kconst std::_Bit_iterator_base&[m[K’
[2.036s]   214 |   operator-([01;36m[Kconst _Bit_iterator_base& __x[m[K, const _Bit_iterator_base& __y)
[2.036s]       |             [01;36m[K~~~~~~~~~~~~~~~~~~~~~~~~~~^~~[m[K
[2.036s] In file included from [01m[K/usr/include/eigen3/Eigen/Core:96[m[K,
[2.036s]                  from [01m[K/home/nakul/Desktop/bur/ros2_ws/src/2023-2024/state-estimation/include/eskf/common.h:4[m[K,
[2.036s]                  from [01m[K/home/nakul/Desktop/bur/ros2_ws/src/2023-2024/state-estimation/include/eskf/ESKF.hpp:4[m[K,
[2.036s]                  from [01m[K/home/nakul/Desktop/bur/ros2_ws/src/2023-2024/state-estimation/include/eskf/Node.hpp:15[m[K,
[2.036s]                  from [01m[K/home/nakul/Desktop/bur/ros2_ws/src/2023-2024/state-estimation/src/Node.cpp:1[m[K:
[2.036s] [01m[K/usr/include/c++/9/complex:361:5:[m[K [01;36m[Knote: [m[Kcandidate: ‘[01m[Ktemplate<class _Tp> std::complex<_Tp> std::operator-(const std::complex<_Tp>&, const std::complex<_Tp>&)[m[K’
[2.036s]   361 |     [01;36m[Koperator[m[K-(const complex<_Tp>& __x, const complex<_Tp>& __y)
[2.036s]       |     [01;36m[K^~~~~~~~[m[K
[2.036s] [01m[K/usr/include/c++/9/complex:361:5:[m[K [01;36m[Knote: [m[K  template argument deduction/substitution failed:
[2.036s] [01m[K/home/nakul/Desktop/bur/ros2_ws/src/2023-2024/state-estimation/src/Node.cpp:96:50:[m[K [01;36m[Knote: [m[K  ‘[01m[Kstd_msgs::msg::Header_<std::allocator<void> >::_stamp_type[m[K’ {aka ‘[01m[Kbuiltin_interfaces::msg::Time_<std::allocator<void> >[m[K’} is not derived from ‘[01m[Kconst std::complex<_Tp>[m[K’
[2.036s]    96 |     const double delta = (magMsg->header.stamp - [01;36m[KprevStampMagPose_[m[K).toSec();
[2.036s]       |                                                  [01;36m[K^~~~~~~~~~~~~~~~~[m[K
[2.036s] In file included from [01m[K/usr/include/eigen3/Eigen/Core:96[m[K,
[2.037s]                  from [01m[K/home/nakul/Desktop/bur/ros2_ws/src/2023-2024/state-estimation/include/eskf/common.h:4[m[K,
[2.037s]                  from [01m[K/home/nakul/Desktop/bur/ros2_ws/src/2023-2024/state-estimation/include/eskf/ESKF.hpp:4[m[K,
[2.037s]                  from [01m[K/home/nakul/Desktop/bur/ros2_ws/src/2023-2024/state-estimation/include/eskf/Node.hpp:15[m[K,
[2.037s]                  from [01m[K/home/nakul/Desktop/bur/ros2_ws/src/2023-2024/state-estimation/src/Node.cpp:1[m[K:
[2.037s] [01m[K/usr/include/c++/9/complex:370:5:[m[K [01;36m[Knote: [m[Kcandidate: ‘[01m[Ktemplate<class _Tp> std::complex<_Tp> std::operator-(const std::complex<_Tp>&, const _Tp&)[m[K’
[2.037s]   370 |     [01;36m[Koperator[m[K-(const complex<_Tp>& __x, const _Tp& __y)
[2.037s]       |     [01;36m[K^~~~~~~~[m[K
[2.037s] [01m[K/usr/include/c++/9/complex:370:5:[m[K [01;36m[Knote: [m[K  template argument deduction/substitution failed:
[2.037s] [01m[K/home/nakul/Desktop/bur/ros2_ws/src/2023-2024/state-estimation/src/Node.cpp:96:50:[m[K [01;36m[Knote: [m[K  ‘[01m[Kstd_msgs::msg::Header_<std::allocator<void> >::_stamp_type[m[K’ {aka ‘[01m[Kbuiltin_interfaces::msg::Time_<std::allocator<void> >[m[K’} is not derived from ‘[01m[Kconst std::complex<_Tp>[m[K’
[2.037s]    96 |     const double delta = (magMsg->header.stamp - [01;36m[KprevStampMagPose_[m[K).toSec();
[2.037s]       |                                                  [01;36m[K^~~~~~~~~~~~~~~~~[m[K
[2.037s] In file included from [01m[K/usr/include/eigen3/Eigen/Core:96[m[K,
[2.037s]                  from [01m[K/home/nakul/Desktop/bur/ros2_ws/src/2023-2024/state-estimation/include/eskf/common.h:4[m[K,
[2.037s]                  from [01m[K/home/nakul/Desktop/bur/ros2_ws/src/2023-2024/state-estimation/include/eskf/ESKF.hpp:4[m[K,
[2.037s]                  from [01m[K/home/nakul/Desktop/bur/ros2_ws/src/2023-2024/state-estimation/include/eskf/Node.hpp:15[m[K,
[2.037s]                  from [01m[K/home/nakul/Desktop/bur/ros2_ws/src/2023-2024/state-estimation/src/Node.cpp:1[m[K:
[2.037s] [01m[K/usr/include/c++/9/complex:379:5:[m[K [01;36m[Knote: [m[Kcandidate: ‘[01m[Ktemplate<class _Tp> std::complex<_Tp> std::operator-(const _Tp&, const std::complex<_Tp>&)[m[K’
[2.037s]   379 |     [01;36m[Koperator[m[K-(const _Tp& __x, const complex<_Tp>& __y)
[2.037s]       |     [01;36m[K^~~~~~~~[m[K
[2.038s] [01m[K/usr/include/c++/9/complex:379:5:[m[K [01;36m[Knote: [m[K  template argument deduction/substitution failed:
[2.038s] [01m[K/home/nakul/Desktop/bur/ros2_ws/src/2023-2024/state-estimation/src/Node.cpp:96:50:[m[K [01;36m[Knote: [m[K  ‘[01m[Kconst rclcpp::Time[m[K’ is not derived from ‘[01m[Kconst std::complex<_Tp>[m[K’
[2.038s]    96 |     const double delta = (magMsg->header.stamp - [01;36m[KprevStampMagPose_[m[K).toSec();
[2.038s]       |                                                  [01;36m[K^~~~~~~~~~~~~~~~~[m[K
[2.038s] In file included from [01m[K/usr/include/eigen3/Eigen/Core:96[m[K,
[2.038s]                  from [01m[K/home/nakul/Desktop/bur/ros2_ws/src/2023-2024/state-estimation/include/eskf/common.h:4[m[K,
[2.038s]                  from [01m[K/home/nakul/Desktop/bur/ros2_ws/src/2023-2024/state-estimation/include/eskf/ESKF.hpp:4[m[K,
[2.038s]                  from [01m[K/home/nakul/Desktop/bur/ros2_ws/src/2023-2024/state-estimation/include/eskf/Node.hpp:15[m[K,
[2.038s]                  from [01m[K/home/nakul/Desktop/bur/ros2_ws/src/2023-2024/state-estimation/src/Node.cpp:1[m[K:
[2.038s] [01m[K/usr/include/c++/9/complex:456:5:[m[K [01;36m[Knote: [m[Kcandidate: ‘[01m[Ktemplate<class _Tp> std::complex<_Tp> std::operator-(const std::complex<_Tp>&)[m[K’
[2.038s]   456 |     [01;36m[Koperator[m[K-(const complex<_Tp>& __x)
[2.038s]       |     [01;36m[K^~~~~~~~[m[K
[2.038s] [01m[K/usr/include/c++/9/complex:456:5:[m[K [01;36m[Knote: [m[K  template argument deduction/substitution failed:
[2.038s] [01m[K/home/nakul/Desktop/bur/ros2_ws/src/2023-2024/state-estimation/src/Node.cpp:96:50:[m[K [01;36m[Knote: [m[K  ‘[01m[Kstd_msgs::msg::Header_<std::allocator<void> >::_stamp_type[m[K’ {aka ‘[01m[Kbuiltin_interfaces::msg::Time_<std::allocator<void> >[m[K’} is not derived from ‘[01m[Kconst std::complex<_Tp>[m[K’
[2.038s]    96 |     const double delta = (magMsg->header.stamp - [01;36m[KprevStampMagPose_[m[K).toSec();
[2.038s]       |                                                  [01;36m[K^~~~~~~~~~~~~~~~~[m[K
[2.038s] [01m[K/home/nakul/Desktop/bur/ros2_ws/src/2023-2024/state-estimation/src/Node.cpp:99:76:[m[K [01;31m[Kerror: [m[K‘[01m[Kusing _stamp_type = struct builtin_interfaces::msg::Time_<std::allocator<void> >[m[K’ {aka ‘[01m[Kstruct builtin_interfaces::msg::Time_<std::allocator<void> >[m[K’} has no member named ‘[01m[KtoSec[m[K’
[2.038s]    99 |     eskf_.updateMagnetometer(m, static_cast<uint64_t>(magMsg->header.stamp.[01;31m[KtoSec[m[K() * 1e6f), delta);
[2.039s]       |                                                                            [01;31m[K^~~~~[m[K
[2.039s] [01m[K/home/nakul/Desktop/bur/ros2_ws/src/2023-2024/state-estimation/src/Node.cpp:101:38:[m[K [01;31m[Kerror: [m[Kpassing ‘[01m[Kconst rclcpp::Time[m[K’ as ‘[01m[Kthis[m[K’ argument discards qualifiers [[01;31m[K-fpermissive[m[K]
[2.039s]   101 |   prevStampMagPose_ = magMsg->header.[01;31m[Kstamp[m[K;
[2.039s]       |                                      [01;31m[K^~~~~[m[K
[2.039s] In file included from [01m[K/opt/ros/foxy/include/rclcpp/clock.hpp:23[m[K,
[2.039s]                  from [01m[K/opt/ros/foxy/include/rclcpp/timer.hpp:27[m[K,
[2.039s]                  from [01m[K/opt/ros/foxy/include/rclcpp/callback_group.hpp:27[m[K,
[2.039s]                  from [01m[K/opt/ros/foxy/include/rclcpp/any_executable.hpp:20[m[K,
[2.039s]                  from [01m[K/opt/ros/foxy/include/rclcpp/memory_strategy.hpp:24[m[K,
[2.039s]                  from [01m[K/opt/ros/foxy/include/rclcpp/memory_strategies.hpp:18[m[K,
[2.039s]                  from [01m[K/opt/ros/foxy/include/rclcpp/executor_options.hpp:20[m[K,
[2.039s]                  from [01m[K/opt/ros/foxy/include/rclcpp/executor.hpp:33[m[K,
[2.039s]                  from [01m[K/opt/ros/foxy/include/rclcpp/executors/multi_threaded_executor.hpp:26[m[K,
[2.039s]                  from [01m[K/opt/ros/foxy/include/rclcpp/executors.hpp:21[m[K,
[2.039s]                  from [01m[K/opt/ros/foxy/include/rclcpp/rclcpp.hpp:146[m[K,
[2.039s]                  from [01m[K/home/nakul/Desktop/bur/ros2_ws/src/2023-2024/state-estimation/include/eskf/Node.hpp:5[m[K,
[2.039s]                  from [01m[K/home/nakul/Desktop/bur/ros2_ws/src/2023-2024/state-estimation/src/Node.cpp:1[m[K:
[2.039s] [01m[K/opt/ros/foxy/include/rclcpp/time.hpp:101:3:[m[K [01;36m[Knote: [m[K  in call to ‘[01m[Krclcpp::Time& rclcpp::Time::operator=(const Time&)[m[K’
[2.040s]   101 |   [01;36m[Koperator[m[K=(const builtin_interfaces::msg::Time & time_msg);
[2.040s]       |   [01;36m[K^~~~~~~~[m[K
[2.040s] [01m[K/home/nakul/Desktop/bur/ros2_ws/src/2023-2024/state-estimation/src/Node.cpp:[m[K In member function ‘[01m[Kvoid eskf::Node::rangeFinderCallback(sensor_msgs::msg::Range_<std::allocator<void> >::SharedPtr) const[m[K’:
[2.040s] [01m[K/home/nakul/Desktop/bur/ros2_ws/src/2023-2024/state-estimation/src/Node.cpp:105:33:[m[K [01;31m[Kerror: [m[K‘[01m[Kconst class rclcpp::Time[m[K’ has no member named ‘[01m[Ksec[m[K’
[2.040s]   105 |   if (prevStampRangeFinderPose_.[01;31m[Ksec[m[K != 0) {
[2.040s]       |                                 [01;31m[K^~~[m[K
[2.040s] [01m[K/home/nakul/Desktop/bur/ros2_ws/src/2023-2024/state-estimation/src/Node.cpp:106:50:[m[K [01;31m[Kerror: [m[Kno match for ‘[01m[Koperator-[m[K’ (operand types are ‘[01m[Kstd_msgs::msg::Header_<std::allocator<void> >::_stamp_type[m[K’ {aka ‘[01m[Kbuiltin_interfaces::msg::Time_<std::allocator<void> >[m[K’} and ‘[01m[Kconst rclcpp::Time[m[K’)
[2.040s]   106 |     const double delta = ([32m[KrangeMsg->header.stamp[m[K [01;31m[K-[m[K [34m[KprevStampRangeFinderPose_[m[K).toSec();
[2.040s]       |                           [32m[K~~~~~~~~~~~~~~~~~~~~~~[m[K [01;31m[K^[m[K [34m[K~~~~~~~~~~~~~~~~~~~~~~~~~[m[K
[2.040s]       |                                            [32m[K|[m[K       [34m[K|[m[K
[2.040s]       |                                            [32m[K|[m[K       [34m[Kconst rclcpp::Time[m[K
[2.040s]       |                                            [32m[Kstd_msgs::msg::Header_<std::allocator<void> >::_stamp_type {aka builtin_interfaces::msg::Time_<std::allocator<void> >}[m[K
[2.040s] In file included from [01m[K/usr/include/c++/9/bits/stl_algobase.h:67[m[K,
[2.040s]                  from [01m[K/usr/include/c++/9/memory:62[m[K,
[2.040s]                  from [01m[K/home/nakul/Desktop/bur/ros2_ws/src/2023-2024/state-estimation/include/eskf/Node.hpp:4[m[K,
[2.040s]                  from [01m[K/home/nakul/Desktop/bur/ros2_ws/src/2023-2024/state-estimation/src/Node.cpp:1[m[K:
[2.040s] [01m[K/usr/include/c++/9/bits/stl_iterator.h:415:5:[m[K [01;36m[Knote: [m[Kcandidate: ‘[01m[Ktemplate<class _IteratorL, class _IteratorR> decltype ((__y.base() - __x.base())) std::operator-(const std::reverse_iterator<_Iterator>&, const std::reverse_iterator<_IteratorR>&)[m[K’
[2.040s]   415 |     [01;36m[Koperator[m[K-(const reverse_iterator<_IteratorL>& __x,
[2.041s]       |     [01;36m[K^~~~~~~~[m[K
[2.041s] [01m[K/usr/include/c++/9/bits/stl_iterator.h:415:5:[m[K [01;36m[Knote: [m[K  template argument deduction/substitution failed:
[2.041s] [01m[K/home/nakul/Desktop/bur/ros2_ws/src/2023-2024/state-estimation/src/Node.cpp:106:52:[m[K [01;36m[Knote: [m[K  ‘[01m[Kstd_msgs::msg::Header_<std::allocator<void> >::_stamp_type[m[K’ {aka ‘[01m[Kbuiltin_interfaces::msg::Time_<std::allocator<void> >[m[K’} is not derived from ‘[01m[Kconst std::reverse_iterator<_Iterator>[m[K’
[2.041s]   106 |     const double delta = (rangeMsg->header.stamp - [01;36m[KprevStampRangeFinderPose_[m[K).toSec();
[2.041s]       |                                                    [01;36m[K^~~~~~~~~~~~~~~~~~~~~~~~~[m[K
[2.041s] In file included from [01m[K/usr/include/c++/9/bits/stl_algobase.h:67[m[K,
[2.041s]                  from [01m[K/usr/include/c++/9/memory:62[m[K,
[2.041s]                  from [01m[K/home/nakul/Desktop/bur/ros2_ws/src/2023-2024/state-estimation/include/eskf/Node.hpp:4[m[K,
[2.041s]                  from [01m[K/home/nakul/Desktop/bur/ros2_ws/src/2023-2024/state-estimation/src/Node.cpp:1[m[K:
[2.041s] [01m[K/usr/include/c++/9/bits/stl_iterator.h:1209:5:[m[K [01;36m[Knote: [m[Kcandidate: ‘[01m[Ktemplate<class _IteratorL, class _IteratorR> decltype ((__x.base() - __y.base())) std::operator-(const std::move_iterator<_IteratorL>&, const std::move_iterator<_IteratorR>&)[m[K’
[2.041s]  1209 |     [01;36m[Koperator[m[K-(const move_iterator<_IteratorL>& __x,
[2.041s]       |     [01;36m[K^~~~~~~~[m[K
[2.041s] [01m[K/usr/include/c++/9/bits/stl_iterator.h:1209:5:[m[K [01;36m[Knote: [m[K  template argument deduction/substitution failed:
[2.041s] [01m[K/home/nakul/Desktop/bur/ros2_ws/src/2023-2024/state-estimation/src/Node.cpp:106:52:[m[K [01;36m[Knote: [m[K  ‘[01m[Kstd_msgs::msg::Header_<std::allocator<void> >::_stamp_type[m[K’ {aka ‘[01m[Kbuiltin_interfaces::msg::Time_<std::allocator<void> >[m[K’} is not derived from ‘[01m[Kconst std::move_iterator<_IteratorL>[m[K’
[2.041s]   106 |     const double delta = (rangeMsg->header.stamp - [01;36m[KprevStampRangeFinderPose_[m[K).toSec();
[2.041s]       |                                                    [01;36m[K^~~~~~~~~~~~~~~~~~~~~~~~~[m[K
[2.041s] In file included from [01m[K/usr/include/c++/9/vector:68[m[K,
[2.041s]                  from [01m[K/opt/ros/foxy/include/rclcpp/executor.hpp:27[m[K,
[2.041s]                  from [01m[K/opt/ros/foxy/include/rclcpp/executors/multi_threaded_executor.hpp:26[m[K,
[2.042s]                  from [01m[K/opt/ros/foxy/include/rclcpp/executors.hpp:21[m[K,
[2.042s]                  from [01m[K/opt/ros/foxy/include/rclcpp/rclcpp.hpp:146[m[K,
[2.042s]                  from [01m[K/home/nakul/Desktop/bur/ros2_ws/src/2023-2024/state-estimation/include/eskf/Node.hpp:5[m[K,
[2.042s]                  from [01m[K/home/nakul/Desktop/bur/ros2_ws/src/2023-2024/state-estimation/src/Node.cpp:1[m[K:
[2.042s] [01m[K/usr/include/c++/9/bits/stl_bvector.h:214:3:[m[K [01;36m[Knote: [m[Kcandidate: ‘[01m[Kstd::ptrdiff_t std::operator-(const std::_Bit_iterator_base&, const std::_Bit_iterator_base&)[m[K’
[2.042s]   214 |   [01;36m[Koperator[m[K-(const _Bit_iterator_base& __x, const _Bit_iterator_base& __y)
[2.042s]       |   [01;36m[K^~~~~~~~[m[K
[2.042s] [01m[K/usr/include/c++/9/bits/stl_bvector.h:214:39:[m[K [01;36m[Knote: [m[K  no known conversion for argument 1 from ‘[01m[Kstd_msgs::msg::Header_<std::allocator<void> >::_stamp_type[m[K’ {aka ‘[01m[Kbuiltin_interfaces::msg::Time_<std::allocator<void> >[m[K’} to ‘[01m[Kconst std::_Bit_iterator_base&[m[K’
[2.042s]   214 |   operator-([01;36m[Kconst _Bit_iterator_base& __x[m[K, const _Bit_iterator_base& __y)
[2.042s]       |             [01;36m[K~~~~~~~~~~~~~~~~~~~~~~~~~~^~~[m[K
[2.042s] In file included from [01m[K/usr/include/eigen3/Eigen/Core:96[m[K,
[2.042s]                  from [01m[K/home/nakul/Desktop/bur/ros2_ws/src/2023-2024/state-estimation/include/eskf/common.h:4[m[K,
[2.042s]                  from [01m[K/home/nakul/Desktop/bur/ros2_ws/src/2023-2024/state-estimation/include/eskf/ESKF.hpp:4[m[K,
[2.042s]                  from [01m[K/home/nakul/Desktop/bur/ros2_ws/src/2023-2024/state-estimation/include/eskf/Node.hpp:15[m[K,
[2.042s]                  from [01m[K/home/nakul/Desktop/bur/ros2_ws/src/2023-2024/state-estimation/src/Node.cpp:1[m[K:
[2.042s] [01m[K/usr/include/c++/9/complex:361:5:[m[K [01;36m[Knote: [m[Kcandidate: ‘[01m[Ktemplate<class _Tp> std::complex<_Tp> std::operator-(const std::complex<_Tp>&, const std::complex<_Tp>&)[m[K’
[2.042s]   361 |     [01;36m[Koperator[m[K-(const complex<_Tp>& __x, const complex<_Tp>& __y)
[2.043s]       |     [01;36m[K^~~~~~~~[m[K
[2.043s] [01m[K/usr/include/c++/9/complex:361:5:[m[K [01;36m[Knote: [m[K  template argument deduction/substitution failed:
[2.043s] [01m[K/home/nakul/Desktop/bur/ros2_ws/src/2023-2024/state-estimation/src/Node.cpp:106:52:[m[K [01;36m[Knote: [m[K  ‘[01m[Kstd_msgs::msg::Header_<std::allocator<void> >::_stamp_type[m[K’ {aka ‘[01m[Kbuiltin_interfaces::msg::Time_<std::allocator<void> >[m[K’} is not derived from ‘[01m[Kconst std::complex<_Tp>[m[K’
[2.043s]   106 |     const double delta = (rangeMsg->header.stamp - [01;36m[KprevStampRangeFinderPose_[m[K).toSec();
[2.043s]       |                                                    [01;36m[K^~~~~~~~~~~~~~~~~~~~~~~~~[m[K
[2.043s] In file included from [01m[K/usr/include/eigen3/Eigen/Core:96[m[K,
[2.043s]                  from [01m[K/home/nakul/Desktop/bur/ros2_ws/src/2023-2024/state-estimation/include/eskf/common.h:4[m[K,
[2.043s]                  from [01m[K/home/nakul/Desktop/bur/ros2_ws/src/2023-2024/state-estimation/include/eskf/ESKF.hpp:4[m[K,
[2.043s]                  from [01m[K/home/nakul/Desktop/bur/ros2_ws/src/2023-2024/state-estimation/include/eskf/Node.hpp:15[m[K,
[2.043s]                  from [01m[K/home/nakul/Desktop/bur/ros2_ws/src/2023-2024/state-estimation/src/Node.cpp:1[m[K:
[2.043s] [01m[K/usr/include/c++/9/complex:370:5:[m[K [01;36m[Knote: [m[Kcandidate: ‘[01m[Ktemplate<class _Tp> std::complex<_Tp> std::operator-(const std::complex<_Tp>&, const _Tp&)[m[K’
[2.043s]   370 |     [01;36m[Koperator[m[K-(const complex<_Tp>& __x, const _Tp& __y)
[2.043s]       |     [01;36m[K^~~~~~~~[m[K
[2.043s] [01m[K/usr/include/c++/9/complex:370:5:[m[K [01;36m[Knote: [m[K  template argument deduction/substitution failed:
[2.043s] [01m[K/home/nakul/Desktop/bur/ros2_ws/src/2023-2024/state-estimation/src/Node.cpp:106:52:[m[K [01;36m[Knote: [m[K  ‘[01m[Kstd_msgs::msg::Header_<std::allocator<void> >::_stamp_type[m[K’ {aka ‘[01m[Kbuiltin_interfaces::msg::Time_<std::allocator<void> >[m[K’} is not derived from ‘[01m[Kconst std::complex<_Tp>[m[K’
[2.043s]   106 |     const double delta = (rangeMsg->header.stamp - [01;36m[KprevStampRangeFinderPose_[m[K).toSec();
[2.043s]       |                                                    [01;36m[K^~~~~~~~~~~~~~~~~~~~~~~~~[m[K
[2.043s] In file included from [01m[K/usr/include/eigen3/Eigen/Core:96[m[K,
[2.043s]                  from [01m[K/home/nakul/Desktop/bur/ros2_ws/src/2023-2024/state-estimation/include/eskf/common.h:4[m[K,
[2.044s]                  from [01m[K/home/nakul/Desktop/bur/ros2_ws/src/2023-2024/state-estimation/include/eskf/ESKF.hpp:4[m[K,
[2.044s]                  from [01m[K/home/nakul/Desktop/bur/ros2_ws/src/2023-2024/state-estimation/include/eskf/Node.hpp:15[m[K,
[2.044s]                  from [01m[K/home/nakul/Desktop/bur/ros2_ws/src/2023-2024/state-estimation/src/Node.cpp:1[m[K:
[2.044s] [01m[K/usr/include/c++/9/complex:379:5:[m[K [01;36m[Knote: [m[Kcandidate: ‘[01m[Ktemplate<class _Tp> std::complex<_Tp> std::operator-(const _Tp&, const std::complex<_Tp>&)[m[K’
[2.044s]   379 |     [01;36m[Koperator[m[K-(const _Tp& __x, const complex<_Tp>& __y)
[2.044s]       |     [01;36m[K^~~~~~~~[m[K
[2.044s] [01m[K/usr/include/c++/9/complex:379:5:[m[K [01;36m[Knote: [m[K  template argument deduction/substitution failed:
[2.044s] [01m[K/home/nakul/Desktop/bur/ros2_ws/src/2023-2024/state-estimation/src/Node.cpp:106:52:[m[K [01;36m[Knote: [m[K  ‘[01m[Kconst rclcpp::Time[m[K’ is not derived from ‘[01m[Kconst std::complex<_Tp>[m[K’
[2.044s]   106 |     const double delta = (rangeMsg->header.stamp - [01;36m[KprevStampRangeFinderPose_[m[K).toSec();
[2.044s]       |                                                    [01;36m[K^~~~~~~~~~~~~~~~~~~~~~~~~[m[K
[2.044s] In file included from [01m[K/usr/include/eigen3/Eigen/Core:96[m[K,
[2.044s]                  from [01m[K/home/nakul/Desktop/bur/ros2_ws/src/2023-2024/state-estimation/include/eskf/common.h:4[m[K,
[2.044s]                  from [01m[K/home/nakul/Desktop/bur/ros2_ws/src/2023-2024/state-estimation/include/eskf/ESKF.hpp:4[m[K,
[2.044s]                  from [01m[K/home/nakul/Desktop/bur/ros2_ws/src/2023-2024/state-estimation/include/eskf/Node.hpp:15[m[K,
[2.044s]                  from [01m[K/home/nakul/Desktop/bur/ros2_ws/src/2023-2024/state-estimation/src/Node.cpp:1[m[K:
[2.044s] [01m[K/usr/include/c++/9/complex:456:5:[m[K [01;36m[Knote: [m[Kcandidate: ‘[01m[Ktemplate<class _Tp> std::complex<_Tp> std::operator-(const std::complex<_Tp>&)[m[K’
[2.044s]   456 |     [01;36m[Koperator[m[K-(const complex<_Tp>& __x)
[2.044s]       |     [01;36m[K^~~~~~~~[m[K
[2.045s] [01m[K/usr/include/c++/9/complex:456:5:[m[K [01;36m[Knote: [m[K  template argument deduction/substitution failed:
[2.045s] [01m[K/home/nakul/Desktop/bur/ros2_ws/src/2023-2024/state-estimation/src/Node.cpp:106:52:[m[K [01;36m[Knote: [m[K  ‘[01m[Kstd_msgs::msg::Header_<std::allocator<void> >::_stamp_type[m[K’ {aka ‘[01m[Kbuiltin_interfaces::msg::Time_<std::allocator<void> >[m[K’} is not derived from ‘[01m[Kconst std::complex<_Tp>[m[K’
[2.045s]   106 |     const double delta = (rangeMsg->header.stamp - [01;36m[KprevStampRangeFinderPose_[m[K).toSec();
[2.045s]       |                                                    [01;36m[K^~~~~~~~~~~~~~~~~~~~~~~~~[m[K
[2.045s] [01m[K/home/nakul/Desktop/bur/ros2_ws/src/2023-2024/state-estimation/src/Node.cpp:108:91:[m[K [01;31m[Kerror: [m[K‘[01m[Kusing _stamp_type = struct builtin_interfaces::msg::Time_<std::allocator<void> >[m[K’ {aka ‘[01m[Kstruct builtin_interfaces::msg::Time_<std::allocator<void> >[m[K’} has no member named ‘[01m[KtoSec[m[K’
[2.045s]   108 |     eskf_.updateRangeFinder(rangeMsg->range, static_cast<uint64_t>(rangeMsg->header.stamp.[01;31m[KtoSec[m[K() * 1e6f), delta);
[2.045s]       |                                                                                           [01;31m[K^~~~~[m[K
[2.045s] [01m[K/home/nakul/Desktop/bur/ros2_ws/src/2023-2024/state-estimation/src/Node.cpp:110:48:[m[K [01;31m[Kerror: [m[Kpassing ‘[01m[Kconst rclcpp::Time[m[K’ as ‘[01m[Kthis[m[K’ argument discards qualifiers [[01;31m[K-fpermissive[m[K]
[2.045s]   110 |   prevStampRangeFinderPose_ = rangeMsg->header.[01;31m[Kstamp[m[K;
[2.045s]       |                                                [01;31m[K^~~~~[m[K
[2.045s] In file included from [01m[K/opt/ros/foxy/include/rclcpp/clock.hpp:23[m[K,
[2.045s]                  from [01m[K/opt/ros/foxy/include/rclcpp/timer.hpp:27[m[K,
[2.045s]                  from [01m[K/opt/ros/foxy/include/rclcpp/callback_group.hpp:27[m[K,
[2.045s]                  from [01m[K/opt/ros/foxy/include/rclcpp/any_executable.hpp:20[m[K,
[2.045s]                  from [01m[K/opt/ros/foxy/include/rclcpp/memory_strategy.hpp:24[m[K,
[2.045s]                  from [01m[K/opt/ros/foxy/include/rclcpp/memory_strategies.hpp:18[m[K,
[2.045s]                  from [01m[K/opt/ros/foxy/include/rclcpp/executor_options.hpp:20[m[K,
[2.045s]                  from [01m[K/opt/ros/foxy/include/rclcpp/executor.hpp:33[m[K,
[2.046s]                  from [01m[K/opt/ros/foxy/include/rclcpp/executors/multi_threaded_executor.hpp:26[m[K,
[2.046s]                  from [01m[K/opt/ros/foxy/include/rclcpp/executors.hpp:21[m[K,
[2.046s]                  from [01m[K/opt/ros/foxy/include/rclcpp/rclcpp.hpp:146[m[K,
[2.046s]                  from [01m[K/home/nakul/Desktop/bur/ros2_ws/src/2023-2024/state-estimation/include/eskf/Node.hpp:5[m[K,
[2.046s]                  from [01m[K/home/nakul/Desktop/bur/ros2_ws/src/2023-2024/state-estimation/src/Node.cpp:1[m[K:
[2.046s] [01m[K/opt/ros/foxy/include/rclcpp/time.hpp:101:3:[m[K [01;36m[Knote: [m[K  in call to ‘[01m[Krclcpp::Time& rclcpp::Time::operator=(const Time&)[m[K’
[2.046s]   101 |   [01;36m[Koperator[m[K=(const builtin_interfaces::msg::Time & time_msg);
[2.046s]       |   [01;36m[K^~~~~~~~[m[K
[2.046s] [01m[K/home/nakul/Desktop/bur/ros2_ws/src/2023-2024/state-estimation/src/Node.cpp:[m[K In member function ‘[01m[Kvoid eskf::Node::extendedStateCallback(mavros_msgs::msg::ExtendedState_<std::allocator<void> >::SharedPtr) const[m[K’:
[2.046s] [01m[K/home/nakul/Desktop/bur/ros2_ws/src/2023-2024/state-estimation/src/Node.cpp:114:112:[m[K [01;31m[Kerror: [m[Kpassing ‘[01m[Kconst eskf::ESKF[m[K’ as ‘[01m[Kthis[m[K’ argument discards qualifiers [[01;31m[K-fpermissive[m[K]
[2.046s]   114 |   eskf_.updateLandedState(extendedStateMsg->landed_state & mavros_msgs::msg::ExtendedState::LANDED_STATE_IN_AIR[01;31m[K)[m[K;
[2.046s]       |                                                                                                                [01;31m[K^[m[K
[2.046s] In file included from [01m[K/home/nakul/Desktop/bur/ros2_ws/src/2023-2024/state-estimation/include/eskf/Node.hpp:15[m[K,
[2.046s]                  from [01m[K/home/nakul/Desktop/bur/ros2_ws/src/2023-2024/state-estimation/src/Node.cpp:1[m[K:
[2.046s] [01m[K/home/nakul/Desktop/bur/ros2_ws/src/2023-2024/state-estimation/include/eskf/ESKF.hpp:24:10:[m[K [01;36m[Knote: [m[K  in call to ‘[01m[Kvoid eskf::ESKF::updateLandedState(uint8_t)[m[K’
[2.046s]    24 |     void [01;36m[KupdateLandedState[m[K(uint8_t landed_state);
[2.046s]       |          [01;36m[K^~~~~~~~~~~~~~~~~[m[K
[2.046s] [01m[K/home/nakul/Desktop/bur/ros2_ws/src/2023-2024/state-estimation/src/Node.cpp:[m[K In member function ‘[01m[Kvoid eskf::Node::publishState()[m[K’:
[2.046s] [01m[K/home/nakul/Desktop/bur/ros2_ws/src/2023-2024/state-estimation/src/Node.cpp:127:10:[m[K [01;31m[Kerror: [m[K‘[01m[Kusing Header = struct std_msgs::msg::Header_<std::allocator<void> >[m[K’ {aka ‘[01m[Kstruct std_msgs::msg::Header_<std::allocator<void> >[m[K’} has no member named ‘[01m[Kseq[m[K’
[2.047s]   127 |   header.[01;31m[Kseq[m[K = trace_id_++;
[2.047s]       |          [01;31m[K^~~[m[K
[5.197s] make[2]: *** [CMakeFiles/state-estimation.dir/build.make:76: CMakeFiles/state-estimation.dir/src/Node.cpp.o] Error 1
[5.197s] make[1]: *** [CMakeFiles/Makefile2:80: CMakeFiles/state-estimation.dir/all] Error 2
[5.197s] make: *** [Makefile:141: all] Error 2
[5.200s] Invoked command in '/home/nakul/Desktop/bur/ros2_ws/src/2023-2024/state-estimation/build/state-estimation' returned '2': /usr/bin/cmake --build /home/nakul/Desktop/bur/ros2_ws/src/2023-2024/state-estimation/build/state-estimation -- -j8 -l8
