-- Found ament_cmake: 0.9.12 (/opt/ros/foxy/share/ament_cmake/cmake)
-- Using PYTHON_EXECUTABLE: /usr/bin/python3
-- Found rclcpp: 2.4.3 (/opt/ros/foxy/share/rclcpp/cmake)
-- Using all available rosidl_typesupport_c: rosidl_typesupport_fastrtps_c;rosidl_typesupport_introspection_c
-- Found rosidl_adapter: 1.3.1 (/opt/ros/foxy/share/rosidl_adapter/cmake)
-- Using all available rosidl_typesupport_cpp: rosidl_typesupport_fastrtps_cpp;rosidl_typesupport_introspection_cpp
-- Found rmw_implementation_cmake: 1.0.4 (/opt/ros/foxy/share/rmw_implementation_cmake/cmake)
-- Using RMW implementation 'rmw_fastrtps_cpp' as default
-- Found geometry_msgs: 2.0.5 (/opt/ros/foxy/share/geometry_msgs/cmake)
-- Found sensor_msgs: 2.0.5 (/opt/ros/foxy/share/sensor_msgs/cmake)
-- Found message_filters: 3.2.7 (/opt/ros/foxy/share/message_filters/cmake)
CMake Error at CMakeLists.txt:11 (find_package):
  By not providing "Findmessage_generation.cmake" in CMAKE_MODULE_PATH this
  project has asked CMake to find a package configuration file provided by
  "message_generation", but CMake did not find one.

  Could not find a package configuration file provided by
  "message_generation" with any of the following names:

    message_generationConfig.cmake
    message_generation-config.cmake

  Add the installation prefix of "message_generation" to CMAKE_PREFIX_PATH or
  set "message_generation_DIR" to a directory containing one of the above
  files.  If "message_generation" provides a separate development package or
  SDK, be sure it has been installed.


-- Configuring incomplete, errors occurred!
See also "/home/nakul/Desktop/bur/ros2_ws/src/2023-2024/state-estimation/build/eskf/CMakeFiles/CMakeOutput.log".
See also "/home/nakul/Desktop/bur/ros2_ws/src/2023-2024/state-estimation/build/eskf/CMakeFiles/CMakeError.log".
